
AVRASM ver. 2.1.30  D:\2018_MAPU\201_03_059\Debug\List\201_03_059.asm Thu Nov 01 13:32:18 2018

D:\2018_MAPU\201_03_059\Debug\List\201_03_059.asm(1097): warning: Register r4 already defined by the .DEF directive
D:\2018_MAPU\201_03_059\Debug\List\201_03_059.asm(1098): warning: Register r5 already defined by the .DEF directive
D:\2018_MAPU\201_03_059\Debug\List\201_03_059.asm(1099): warning: Register r6 already defined by the .DEF directive
D:\2018_MAPU\201_03_059\Debug\List\201_03_059.asm(1100): warning: Register r7 already defined by the .DEF directive
D:\2018_MAPU\201_03_059\Debug\List\201_03_059.asm(1101): warning: Register r8 already defined by the .DEF directive
D:\2018_MAPU\201_03_059\Debug\List\201_03_059.asm(1102): warning: Register r9 already defined by the .DEF directive
D:\2018_MAPU\201_03_059\Debug\List\201_03_059.asm(1103): warning: Register r11 already defined by the .DEF directive
D:\2018_MAPU\201_03_059\Debug\List\201_03_059.asm(1104): warning: Register r10 already defined by the .DEF directive
D:\2018_MAPU\201_03_059\Debug\List\201_03_059.asm(1105): warning: Register r13 already defined by the .DEF directive
                 
                 
                 ;CodeVisionAVR C Compiler V3.32a Evaluation
                 ;(C) Copyright 1998-2017 Pavel Haiduc, HP InfoTech s.r.l.
                 ;http://www.hpinfotech.com
                 
                 ;Build configuration    : Debug
                 ;Chip type              : ATmega128A
                 ;Program type           : Application
                 ;Clock frequency        : 8.000000 MHz
                 ;Memory model           : Small
                 ;Optimize for           : Size
                 ;(s)printf features     : int, width
                 ;(s)scanf features      : int, width
                 ;External RAM size      : 0
                 ;Data Stack size        : 1024 byte(s)
                 ;Heap size              : 0 byte(s)
                 ;Promote 'char' to 'int': Yes
                 ;'char' is unsigned     : Yes
                 ;8 bit enums            : Yes
                 ;Global 'const' stored in FLASH: No
                 ;Enhanced function parameter passing: Mode 2
                 ;Enhanced core instructions: On
                 ;Automatic register allocation for global variables: On
                 ;Smart register allocation: On
                 
                 	#define _MODEL_SMALL_
                 
                 	#pragma AVRPART ADMIN PART_NAME ATmega128A
                 	#pragma AVRPART MEMORY PROG_FLASH 131072
                 	#pragma AVRPART MEMORY EEPROM 4096
                 	#pragma AVRPART MEMORY INT_SRAM SIZE 4096
                 	#pragma AVRPART MEMORY INT_SRAM START_ADDR 0x100
                 
                 	#define CALL_SUPPORTED 1
                 
                 	.LISTMAC
                 	.EQU UDRE=0x5
                 	.EQU RXC=0x7
                 	.EQU USR=0xB
                 	.EQU UDR=0xC
                 	.EQU SPSR=0xE
                 	.EQU SPDR=0xF
                 	.EQU EERE=0x0
                 	.EQU EEWE=0x1
                 	.EQU EEMWE=0x2
                 	.EQU EECR=0x1C
                 	.EQU EEDR=0x1D
                 	.EQU EEARL=0x1E
                 	.EQU EEARH=0x1F
                 	.EQU WDTCR=0x21
                 	.EQU MCUCR=0x35
                 	.EQU RAMPZ=0x3B
                 	.EQU SPL=0x3D
                 	.EQU SPH=0x3E
                 	.EQU SREG=0x3F
                 	.EQU XMCRA=0x6D
                 	.EQU XMCRB=0x6C
                 
                 	.DEF R0X0=R0
                 	.DEF R0X1=R1
                 	.DEF R0X2=R2
                 	.DEF R0X3=R3
                 	.DEF R0X4=R4
                 	.DEF R0X5=R5
                 	.DEF R0X6=R6
                 	.DEF R0X7=R7
                 	.DEF R0X8=R8
                 	.DEF R0X9=R9
                 	.DEF R0XA=R10
                 	.DEF R0XB=R11
                 	.DEF R0XC=R12
                 	.DEF R0XD=R13
                 	.DEF R0XE=R14
                 	.DEF R0XF=R15
                 	.DEF R0X10=R16
                 	.DEF R0X11=R17
                 	.DEF R0X12=R18
                 	.DEF R0X13=R19
                 	.DEF R0X14=R20
                 	.DEF R0X15=R21
                 	.DEF R0X16=R22
                 	.DEF R0X17=R23
                 	.DEF R0X18=R24
                 	.DEF R0X19=R25
                 	.DEF R0X1A=R26
                 	.DEF R0X1B=R27
                 	.DEF R0X1C=R28
                 	.DEF R0X1D=R29
                 	.DEF R0X1E=R30
                 	.DEF R0X1F=R31
                 
                 	.EQU __SRAM_START=0x0100
                 	.EQU __SRAM_END=0x10FF
                 	.EQU __DSTACK_SIZE=0x0400
                 	.EQU __HEAP_SIZE=0x0000
                 	.EQU __CLEAR_SRAM_SIZE=__SRAM_END-__SRAM_START+1
                 
                 	.MACRO __CPD1N
                 	CPI  R30,LOW(@0)
                 	LDI  R26,HIGH(@0)
                 	CPC  R31,R26
                 	LDI  R26,BYTE3(@0)
                 	CPC  R22,R26
                 	LDI  R26,BYTE4(@0)
                 	CPC  R23,R26
                 	.ENDM
                 
                 	.MACRO __CPD2N
                 	CPI  R26,LOW(@0)
                 	LDI  R30,HIGH(@0)
                 	CPC  R27,R30
                 	LDI  R30,BYTE3(@0)
                 	CPC  R24,R30
                 	LDI  R30,BYTE4(@0)
                 	CPC  R25,R30
                 	.ENDM
                 
                 	.MACRO __CPWRR
                 	CP   R@0,R@2
                 	CPC  R@1,R@3
                 	.ENDM
                 
                 	.MACRO __CPWRN
                 	CPI  R@0,LOW(@2)
                 	LDI  R30,HIGH(@2)
                 	CPC  R@1,R30
                 	.ENDM
                 
                 	.MACRO __ADDB1MN
                 	SUBI R30,LOW(-@0-(@1))
                 	.ENDM
                 
                 	.MACRO __ADDB2MN
                 	SUBI R26,LOW(-@0-(@1))
                 	.ENDM
                 
                 	.MACRO __ADDW1MN
                 	SUBI R30,LOW(-@0-(@1))
                 	SBCI R31,HIGH(-@0-(@1))
                 	.ENDM
                 
                 	.MACRO __ADDW2MN
                 	SUBI R26,LOW(-@0-(@1))
                 	SBCI R27,HIGH(-@0-(@1))
                 	.ENDM
                 
                 	.MACRO __ADDW1FN
                 	SUBI R30,LOW(-2*@0-(@1))
                 	SBCI R31,HIGH(-2*@0-(@1))
                 	.ENDM
                 
                 	.MACRO __ADDD1FN
                 	SUBI R30,LOW(-2*@0-(@1))
                 	SBCI R31,HIGH(-2*@0-(@1))
                 	SBCI R22,BYTE3(-2*@0-(@1))
                 	.ENDM
                 
                 	.MACRO __ADDD1N
                 	SUBI R30,LOW(-@0)
                 	SBCI R31,HIGH(-@0)
                 	SBCI R22,BYTE3(-@0)
                 	SBCI R23,BYTE4(-@0)
                 	.ENDM
                 
                 	.MACRO __ADDD2N
                 	SUBI R26,LOW(-@0)
                 	SBCI R27,HIGH(-@0)
                 	SBCI R24,BYTE3(-@0)
                 	SBCI R25,BYTE4(-@0)
                 	.ENDM
                 
                 	.MACRO __SUBD1N
                 	SUBI R30,LOW(@0)
                 	SBCI R31,HIGH(@0)
                 	SBCI R22,BYTE3(@0)
                 	SBCI R23,BYTE4(@0)
                 	.ENDM
                 
                 	.MACRO __SUBD2N
                 	SUBI R26,LOW(@0)
                 	SBCI R27,HIGH(@0)
                 	SBCI R24,BYTE3(@0)
                 	SBCI R25,BYTE4(@0)
                 	.ENDM
                 
                 	.MACRO __ANDBMNN
                 	LDS  R30,@0+(@1)
                 	ANDI R30,LOW(@2)
                 	STS  @0+(@1),R30
                 	.ENDM
                 
                 	.MACRO __ANDWMNN
                 	LDS  R30,@0+(@1)
                 	ANDI R30,LOW(@2)
                 	STS  @0+(@1),R30
                 	LDS  R30,@0+(@1)+1
                 	ANDI R30,HIGH(@2)
                 	STS  @0+(@1)+1,R30
                 	.ENDM
                 
                 	.MACRO __ANDD1N
                 	ANDI R30,LOW(@0)
                 	ANDI R31,HIGH(@0)
                 	ANDI R22,BYTE3(@0)
                 	ANDI R23,BYTE4(@0)
                 	.ENDM
                 
                 	.MACRO __ANDD2N
                 	ANDI R26,LOW(@0)
                 	ANDI R27,HIGH(@0)
                 	ANDI R24,BYTE3(@0)
                 	ANDI R25,BYTE4(@0)
                 	.ENDM
                 
                 	.MACRO __ORBMNN
                 	LDS  R30,@0+(@1)
                 	ORI  R30,LOW(@2)
                 	STS  @0+(@1),R30
                 	.ENDM
                 
                 	.MACRO __ORWMNN
                 	LDS  R30,@0+(@1)
                 	ORI  R30,LOW(@2)
                 	STS  @0+(@1),R30
                 	LDS  R30,@0+(@1)+1
                 	ORI  R30,HIGH(@2)
                 	STS  @0+(@1)+1,R30
                 	.ENDM
                 
                 	.MACRO __ORD1N
                 	ORI  R30,LOW(@0)
                 	ORI  R31,HIGH(@0)
                 	ORI  R22,BYTE3(@0)
                 	ORI  R23,BYTE4(@0)
                 	.ENDM
                 
                 	.MACRO __ORD2N
                 	ORI  R26,LOW(@0)
                 	ORI  R27,HIGH(@0)
                 	ORI  R24,BYTE3(@0)
                 	ORI  R25,BYTE4(@0)
                 	.ENDM
                 
                 	.MACRO __DELAY_USB
                 	LDI  R24,LOW(@0)
                 __DELAY_USB_LOOP:
                 	DEC  R24
                 	BRNE __DELAY_USB_LOOP
                 	.ENDM
                 
                 	.MACRO __DELAY_USW
                 	LDI  R24,LOW(@0)
                 	LDI  R25,HIGH(@0)
                 __DELAY_USW_LOOP:
                 	SBIW R24,1
                 	BRNE __DELAY_USW_LOOP
                 	.ENDM
                 
                 	.MACRO __GETD1S
                 	LDD  R30,Y+@0
                 	LDD  R31,Y+@0+1
                 	LDD  R22,Y+@0+2
                 	LDD  R23,Y+@0+3
                 	.ENDM
                 
                 	.MACRO __GETD2S
                 	LDD  R26,Y+@0
                 	LDD  R27,Y+@0+1
                 	LDD  R24,Y+@0+2
                 	LDD  R25,Y+@0+3
                 	.ENDM
                 
                 	.MACRO __PUTD1S
                 	STD  Y+@0,R30
                 	STD  Y+@0+1,R31
                 	STD  Y+@0+2,R22
                 	STD  Y+@0+3,R23
                 	.ENDM
                 
                 	.MACRO __PUTD2S
                 	STD  Y+@0,R26
                 	STD  Y+@0+1,R27
                 	STD  Y+@0+2,R24
                 	STD  Y+@0+3,R25
                 	.ENDM
                 
                 	.MACRO __PUTDZ2
                 	STD  Z+@0,R26
                 	STD  Z+@0+1,R27
                 	STD  Z+@0+2,R24
                 	STD  Z+@0+3,R25
                 	.ENDM
                 
                 	.MACRO __CLRD1S
                 	STD  Y+@0,R30
                 	STD  Y+@0+1,R30
                 	STD  Y+@0+2,R30
                 	STD  Y+@0+3,R30
                 	.ENDM
                 
                 	.MACRO __POINTB1MN
                 	LDI  R30,LOW(@0+(@1))
                 	.ENDM
                 
                 	.MACRO __POINTW1MN
                 	LDI  R30,LOW(@0+(@1))
                 	LDI  R31,HIGH(@0+(@1))
                 	.ENDM
                 
                 	.MACRO __POINTD1M
                 	LDI  R30,LOW(@0)
                 	LDI  R31,HIGH(@0)
                 	LDI  R22,BYTE3(@0)
                 	LDI  R23,BYTE4(@0)
                 	.ENDM
                 
                 	.MACRO __POINTW1FN
                 	LDI  R30,LOW(2*@0+(@1))
                 	LDI  R31,HIGH(2*@0+(@1))
                 	.ENDM
                 
                 	.MACRO __POINTD1FN
                 	LDI  R30,LOW(2*@0+(@1))
                 	LDI  R31,HIGH(2*@0+(@1))
                 	LDI  R22,BYTE3(2*@0+(@1))
                 	LDI  R23,BYTE4(2*@0+(@1))
                 	.ENDM
                 
                 	.MACRO __POINTB2MN
                 	LDI  R26,LOW(@0+(@1))
                 	.ENDM
                 
                 	.MACRO __POINTW2MN
                 	LDI  R26,LOW(@0+(@1))
                 	LDI  R27,HIGH(@0+(@1))
                 	.ENDM
                 
                 	.MACRO __POINTD2M
                 	LDI  R26,LOW(@0)
                 	LDI  R27,HIGH(@0)
                 	LDI  R24,BYTE3(@0)
                 	LDI  R25,BYTE4(@0)
                 	.ENDM
                 
                 	.MACRO __POINTW2FN
                 	LDI  R26,LOW(2*@0+(@1))
                 	LDI  R27,HIGH(2*@0+(@1))
                 	.ENDM
                 
                 	.MACRO __POINTD2FN
                 	LDI  R26,LOW(2*@0+(@1))
                 	LDI  R27,HIGH(2*@0+(@1))
                 	LDI  R24,BYTE3(2*@0+(@1))
                 	LDI  R25,BYTE4(2*@0+(@1))
                 	.ENDM
                 
                 	.MACRO __POINTBRM
                 	LDI  R@0,LOW(@1)
                 	.ENDM
                 
                 	.MACRO __POINTWRM
                 	LDI  R@0,LOW(@2)
                 	LDI  R@1,HIGH(@2)
                 	.ENDM
                 
                 	.MACRO __POINTBRMN
                 	LDI  R@0,LOW(@1+(@2))
                 	.ENDM
                 
                 	.MACRO __POINTWRMN
                 	LDI  R@0,LOW(@2+(@3))
                 	LDI  R@1,HIGH(@2+(@3))
                 	.ENDM
                 
                 	.MACRO __POINTWRFN
                 	LDI  R@0,LOW(@2*2+(@3))
                 	LDI  R@1,HIGH(@2*2+(@3))
                 	.ENDM
                 
                 	.MACRO __GETD1N
                 	LDI  R30,LOW(@0)
                 	LDI  R31,HIGH(@0)
                 	LDI  R22,BYTE3(@0)
                 	LDI  R23,BYTE4(@0)
                 	.ENDM
                 
                 	.MACRO __GETD2N
                 	LDI  R26,LOW(@0)
                 	LDI  R27,HIGH(@0)
                 	LDI  R24,BYTE3(@0)
                 	LDI  R25,BYTE4(@0)
                 	.ENDM
                 
                 	.MACRO __GETB1MN
                 	LDS  R30,@0+(@1)
                 	.ENDM
                 
                 	.MACRO __GETB1HMN
                 	LDS  R31,@0+(@1)
                 	.ENDM
                 
                 	.MACRO __GETW1MN
                 	LDS  R30,@0+(@1)
                 	LDS  R31,@0+(@1)+1
                 	.ENDM
                 
                 	.MACRO __GETD1MN
                 	LDS  R30,@0+(@1)
                 	LDS  R31,@0+(@1)+1
                 	LDS  R22,@0+(@1)+2
                 	LDS  R23,@0+(@1)+3
                 	.ENDM
                 
                 	.MACRO __GETBRMN
                 	LDS  R@0,@1+(@2)
                 	.ENDM
                 
                 	.MACRO __GETWRMN
                 	LDS  R@0,@2+(@3)
                 	LDS  R@1,@2+(@3)+1
                 	.ENDM
                 
                 	.MACRO __GETWRZ
                 	LDD  R@0,Z+@2
                 	LDD  R@1,Z+@2+1
                 	.ENDM
                 
                 	.MACRO __GETD2Z
                 	LDD  R26,Z+@0
                 	LDD  R27,Z+@0+1
                 	LDD  R24,Z+@0+2
                 	LDD  R25,Z+@0+3
                 	.ENDM
                 
                 	.MACRO __GETB2MN
                 	LDS  R26,@0+(@1)
                 	.ENDM
                 
                 	.MACRO __GETW2MN
                 	LDS  R26,@0+(@1)
                 	LDS  R27,@0+(@1)+1
                 	.ENDM
                 
                 	.MACRO __GETD2MN
                 	LDS  R26,@0+(@1)
                 	LDS  R27,@0+(@1)+1
                 	LDS  R24,@0+(@1)+2
                 	LDS  R25,@0+(@1)+3
                 	.ENDM
                 
                 	.MACRO __PUTB1MN
                 	STS  @0+(@1),R30
                 	.ENDM
                 
                 	.MACRO __PUTW1MN
                 	STS  @0+(@1),R30
                 	STS  @0+(@1)+1,R31
                 	.ENDM
                 
                 	.MACRO __PUTD1MN
                 	STS  @0+(@1),R30
                 	STS  @0+(@1)+1,R31
                 	STS  @0+(@1)+2,R22
                 	STS  @0+(@1)+3,R23
                 	.ENDM
                 
                 	.MACRO __PUTB1EN
                 	LDI  R26,LOW(@0+(@1))
                 	LDI  R27,HIGH(@0+(@1))
                 	CALL __EEPROMWRB
                 	.ENDM
                 
                 	.MACRO __PUTW1EN
                 	LDI  R26,LOW(@0+(@1))
                 	LDI  R27,HIGH(@0+(@1))
                 	CALL __EEPROMWRW
                 	.ENDM
                 
                 	.MACRO __PUTD1EN
                 	LDI  R26,LOW(@0+(@1))
                 	LDI  R27,HIGH(@0+(@1))
                 	CALL __EEPROMWRD
                 	.ENDM
                 
                 	.MACRO __PUTBR0MN
                 	STS  @0+(@1),R0
                 	.ENDM
                 
                 	.MACRO __PUTBMRN
                 	STS  @0+(@1),R@2
                 	.ENDM
                 
                 	.MACRO __PUTWMRN
                 	STS  @0+(@1),R@2
                 	STS  @0+(@1)+1,R@3
                 	.ENDM
                 
                 	.MACRO __PUTBZR
                 	STD  Z+@1,R@0
                 	.ENDM
                 
                 	.MACRO __PUTWZR
                 	STD  Z+@2,R@0
                 	STD  Z+@2+1,R@1
                 	.ENDM
                 
                 	.MACRO __GETW1R
                 	MOV  R30,R@0
                 	MOV  R31,R@1
                 	.ENDM
                 
                 	.MACRO __GETW2R
                 	MOV  R26,R@0
                 	MOV  R27,R@1
                 	.ENDM
                 
                 	.MACRO __GETWRN
                 	LDI  R@0,LOW(@2)
                 	LDI  R@1,HIGH(@2)
                 	.ENDM
                 
                 	.MACRO __PUTW1R
                 	MOV  R@0,R30
                 	MOV  R@1,R31
                 	.ENDM
                 
                 	.MACRO __PUTW2R
                 	MOV  R@0,R26
                 	MOV  R@1,R27
                 	.ENDM
                 
                 	.MACRO __ADDWRN
                 	SUBI R@0,LOW(-@2)
                 	SBCI R@1,HIGH(-@2)
                 	.ENDM
                 
                 	.MACRO __ADDWRR
                 	ADD  R@0,R@2
                 	ADC  R@1,R@3
                 	.ENDM
                 
                 	.MACRO __SUBWRN
                 	SUBI R@0,LOW(@2)
                 	SBCI R@1,HIGH(@2)
                 	.ENDM
                 
                 	.MACRO __SUBWRR
                 	SUB  R@0,R@2
                 	SBC  R@1,R@3
                 	.ENDM
                 
                 	.MACRO __ANDWRN
                 	ANDI R@0,LOW(@2)
                 	ANDI R@1,HIGH(@2)
                 	.ENDM
                 
                 	.MACRO __ANDWRR
                 	AND  R@0,R@2
                 	AND  R@1,R@3
                 	.ENDM
                 
                 	.MACRO __ORWRN
                 	ORI  R@0,LOW(@2)
                 	ORI  R@1,HIGH(@2)
                 	.ENDM
                 
                 	.MACRO __ORWRR
                 	OR   R@0,R@2
                 	OR   R@1,R@3
                 	.ENDM
                 
                 	.MACRO __EORWRR
                 	EOR  R@0,R@2
                 	EOR  R@1,R@3
                 	.ENDM
                 
                 	.MACRO __GETWRS
                 	LDD  R@0,Y+@2
                 	LDD  R@1,Y+@2+1
                 	.ENDM
                 
                 	.MACRO __PUTBSR
                 	STD  Y+@1,R@0
                 	.ENDM
                 
                 	.MACRO __PUTWSR
                 	STD  Y+@2,R@0
                 	STD  Y+@2+1,R@1
                 	.ENDM
                 
                 	.MACRO __MOVEWRR
                 	MOV  R@0,R@2
                 	MOV  R@1,R@3
                 	.ENDM
                 
                 	.MACRO __INWR
                 	IN   R@0,@2
                 	IN   R@1,@2+1
                 	.ENDM
                 
                 	.MACRO __OUTWR
                 	OUT  @2+1,R@1
                 	OUT  @2,R@0
                 	.ENDM
                 
                 	.MACRO __CALL1MN
                 	LDS  R30,@0+(@1)
                 	LDS  R31,@0+(@1)+1
                 	ICALL
                 	.ENDM
                 
                 	.MACRO __CALL1FN
                 	LDI  R30,LOW(2*@0+(@1))
                 	LDI  R31,HIGH(2*@0+(@1))
                 	CALL __GETW1PF
                 	ICALL
                 	.ENDM
                 
                 	.MACRO __CALL2EN
                 	PUSH R26
                 	PUSH R27
                 	LDI  R26,LOW(@0+(@1))
                 	LDI  R27,HIGH(@0+(@1))
                 	CALL __EEPROMRDW
                 	POP  R27
                 	POP  R26
                 	ICALL
                 	.ENDM
                 
                 	.MACRO __CALL2EX
                 	SUBI R26,LOW(-@0)
                 	SBCI R27,HIGH(-@0)
                 	CALL __EEPROMRDD
                 	ICALL
                 	.ENDM
                 
                 	.MACRO __GETW1STACK
                 	IN   R30,SPL
                 	IN   R31,SPH
                 	ADIW R30,@0+1
                 	LD   R0,Z+
                 	LD   R31,Z
                 	MOV  R30,R0
                 	.ENDM
                 
                 	.MACRO __GETD1STACK
                 	IN   R30,SPL
                 	IN   R31,SPH
                 	ADIW R30,@0+1
                 	LD   R0,Z+
                 	LD   R1,Z+
                 	LD   R22,Z
                 	MOVW R30,R0
                 	.ENDM
                 
                 	.MACRO __NBST
                 	BST  R@0,@1
                 	IN   R30,SREG
                 	LDI  R31,0x40
                 	EOR  R30,R31
                 	OUT  SREG,R30
                 	.ENDM
                 
                 
                 	.MACRO __PUTB1SN
                 	LDD  R26,Y+@0
                 	LDD  R27,Y+@0+1
                 	SUBI R26,LOW(-@1)
                 	SBCI R27,HIGH(-@1)
                 	ST   X,R30
                 	.ENDM
                 
                 	.MACRO __PUTW1SN
                 	LDD  R26,Y+@0
                 	LDD  R27,Y+@0+1
                 	SUBI R26,LOW(-@1)
                 	SBCI R27,HIGH(-@1)
                 	ST   X+,R30
                 	ST   X,R31
                 	.ENDM
                 
                 	.MACRO __PUTD1SN
                 	LDD  R26,Y+@0
                 	LDD  R27,Y+@0+1
                 	SUBI R26,LOW(-@1)
                 	SBCI R27,HIGH(-@1)
                 	CALL __PUTDP1
                 	.ENDM
                 
                 	.MACRO __PUTB1SNS
                 	LDD  R26,Y+@0
                 	LDD  R27,Y+@0+1
                 	ADIW R26,@1
                 	ST   X,R30
                 	.ENDM
                 
                 	.MACRO __PUTW1SNS
                 	LDD  R26,Y+@0
                 	LDD  R27,Y+@0+1
                 	ADIW R26,@1
                 	ST   X+,R30
                 	ST   X,R31
                 	.ENDM
                 
                 	.MACRO __PUTD1SNS
                 	LDD  R26,Y+@0
                 	LDD  R27,Y+@0+1
                 	ADIW R26,@1
                 	CALL __PUTDP1
                 	.ENDM
                 
                 	.MACRO __PUTB1PMN
                 	LDS  R26,@0
                 	LDS  R27,@0+1
                 	SUBI R26,LOW(-@1)
                 	SBCI R27,HIGH(-@1)
                 	ST   X,R30
                 	.ENDM
                 
                 	.MACRO __PUTW1PMN
                 	LDS  R26,@0
                 	LDS  R27,@0+1
                 	SUBI R26,LOW(-@1)
                 	SBCI R27,HIGH(-@1)
                 	ST   X+,R30
                 	ST   X,R31
                 	.ENDM
                 
                 	.MACRO __PUTD1PMN
                 	LDS  R26,@0
                 	LDS  R27,@0+1
                 	SUBI R26,LOW(-@1)
                 	SBCI R27,HIGH(-@1)
                 	CALL __PUTDP1
                 	.ENDM
                 
                 	.MACRO __PUTB1PMNS
                 	LDS  R26,@0
                 	LDS  R27,@0+1
                 	ADIW R26,@1
                 	ST   X,R30
                 	.ENDM
                 
                 	.MACRO __PUTW1PMNS
                 	LDS  R26,@0
                 	LDS  R27,@0+1
                 	ADIW R26,@1
                 	ST   X+,R30
                 	ST   X,R31
                 	.ENDM
                 
                 	.MACRO __PUTD1PMNS
                 	LDS  R26,@0
                 	LDS  R27,@0+1
                 	ADIW R26,@1
                 	CALL __PUTDP1
                 	.ENDM
                 
                 	.MACRO __PUTB1RN
                 	MOVW R26,R@0
                 	SUBI R26,LOW(-@1)
                 	SBCI R27,HIGH(-@1)
                 	ST   X,R30
                 	.ENDM
                 
                 	.MACRO __PUTW1RN
                 	MOVW R26,R@0
                 	SUBI R26,LOW(-@1)
                 	SBCI R27,HIGH(-@1)
                 	ST   X+,R30
                 	ST   X,R31
                 	.ENDM
                 
                 	.MACRO __PUTD1RN
                 	MOVW R26,R@0
                 	SUBI R26,LOW(-@1)
                 	SBCI R27,HIGH(-@1)
                 	CALL __PUTDP1
                 	.ENDM
                 
                 	.MACRO __PUTB1RNS
                 	MOVW R26,R@0
                 	ADIW R26,@1
                 	ST   X,R30
                 	.ENDM
                 
                 	.MACRO __PUTW1RNS
                 	MOVW R26,R@0
                 	ADIW R26,@1
                 	ST   X+,R30
                 	ST   X,R31
                 	.ENDM
                 
                 	.MACRO __PUTD1RNS
                 	MOVW R26,R@0
                 	ADIW R26,@1
                 	CALL __PUTDP1
                 	.ENDM
                 
                 	.MACRO __PUTB1RON
                 	MOV  R26,R@0
                 	MOV  R27,R@1
                 	SUBI R26,LOW(-@2)
                 	SBCI R27,HIGH(-@2)
                 	ST   X,R30
                 	.ENDM
                 
                 	.MACRO __PUTW1RON
                 	MOV  R26,R@0
                 	MOV  R27,R@1
                 	SUBI R26,LOW(-@2)
                 	SBCI R27,HIGH(-@2)
                 	ST   X+,R30
                 	ST   X,R31
                 	.ENDM
                 
                 	.MACRO __PUTD1RON
                 	MOV  R26,R@0
                 	MOV  R27,R@1
                 	SUBI R26,LOW(-@2)
                 	SBCI R27,HIGH(-@2)
                 	CALL __PUTDP1
                 	.ENDM
                 
                 	.MACRO __PUTB1RONS
                 	MOV  R26,R@0
                 	MOV  R27,R@1
                 	ADIW R26,@2
                 	ST   X,R30
                 	.ENDM
                 
                 	.MACRO __PUTW1RONS
                 	MOV  R26,R@0
                 	MOV  R27,R@1
                 	ADIW R26,@2
                 	ST   X+,R30
                 	ST   X,R31
                 	.ENDM
                 
                 	.MACRO __PUTD1RONS
                 	MOV  R26,R@0
                 	MOV  R27,R@1
                 	ADIW R26,@2
                 	CALL __PUTDP1
                 	.ENDM
                 
                 
                 	.MACRO __GETB1SX
                 	MOVW R30,R28
                 	SUBI R30,LOW(-@0)
                 	SBCI R31,HIGH(-@0)
                 	LD   R30,Z
                 	.ENDM
                 
                 	.MACRO __GETB1HSX
                 	MOVW R30,R28
                 	SUBI R30,LOW(-@0)
                 	SBCI R31,HIGH(-@0)
                 	LD   R31,Z
                 	.ENDM
                 
                 	.MACRO __GETW1SX
                 	MOVW R30,R28
                 	SUBI R30,LOW(-@0)
                 	SBCI R31,HIGH(-@0)
                 	LD   R0,Z+
                 	LD   R31,Z
                 	MOV  R30,R0
                 	.ENDM
                 
                 	.MACRO __GETD1SX
                 	MOVW R30,R28
                 	SUBI R30,LOW(-@0)
                 	SBCI R31,HIGH(-@0)
                 	LD   R0,Z+
                 	LD   R1,Z+
                 	LD   R22,Z+
                 	LD   R23,Z
                 	MOVW R30,R0
                 	.ENDM
                 
                 	.MACRO __GETB2SX
                 	MOVW R26,R28
                 	SUBI R26,LOW(-@0)
                 	SBCI R27,HIGH(-@0)
                 	LD   R26,X
                 	.ENDM
                 
                 	.MACRO __GETW2SX
                 	MOVW R26,R28
                 	SUBI R26,LOW(-@0)
                 	SBCI R27,HIGH(-@0)
                 	LD   R0,X+
                 	LD   R27,X
                 	MOV  R26,R0
                 	.ENDM
                 
                 	.MACRO __GETD2SX
                 	MOVW R26,R28
                 	SUBI R26,LOW(-@0)
                 	SBCI R27,HIGH(-@0)
                 	LD   R0,X+
                 	LD   R1,X+
                 	LD   R24,X+
                 	LD   R25,X
                 	MOVW R26,R0
                 	.ENDM
                 
                 	.MACRO __GETBRSX
                 	MOVW R30,R28
                 	SUBI R30,LOW(-@1)
                 	SBCI R31,HIGH(-@1)
                 	LD   R@0,Z
                 	.ENDM
                 
                 	.MACRO __GETWRSX
                 	MOVW R30,R28
                 	SUBI R30,LOW(-@2)
                 	SBCI R31,HIGH(-@2)
                 	LD   R@0,Z+
                 	LD   R@1,Z
                 	.ENDM
                 
                 	.MACRO __GETBRSX2
                 	MOVW R26,R28
                 	SUBI R26,LOW(-@1)
                 	SBCI R27,HIGH(-@1)
                 	LD   R@0,X
                 	.ENDM
                 
                 	.MACRO __GETWRSX2
                 	MOVW R26,R28
                 	SUBI R26,LOW(-@2)
                 	SBCI R27,HIGH(-@2)
                 	LD   R@0,X+
                 	LD   R@1,X
                 	.ENDM
                 
                 	.MACRO __LSLW8SX
                 	MOVW R30,R28
                 	SUBI R30,LOW(-@0)
                 	SBCI R31,HIGH(-@0)
                 	LD   R31,Z
                 	CLR  R30
                 	.ENDM
                 
                 	.MACRO __PUTB1SX
                 	MOVW R26,R28
                 	SUBI R26,LOW(-@0)
                 	SBCI R27,HIGH(-@0)
                 	ST   X,R30
                 	.ENDM
                 
                 	.MACRO __PUTW1SX
                 	MOVW R26,R28
                 	SUBI R26,LOW(-@0)
                 	SBCI R27,HIGH(-@0)
                 	ST   X+,R30
                 	ST   X,R31
                 	.ENDM
                 
                 	.MACRO __PUTD1SX
                 	MOVW R26,R28
                 	SUBI R26,LOW(-@0)
                 	SBCI R27,HIGH(-@0)
                 	ST   X+,R30
                 	ST   X+,R31
                 	ST   X+,R22
                 	ST   X,R23
                 	.ENDM
                 
                 	.MACRO __CLRW1SX
                 	MOVW R26,R28
                 	SUBI R26,LOW(-@0)
                 	SBCI R27,HIGH(-@0)
                 	ST   X+,R30
                 	ST   X,R30
                 	.ENDM
                 
                 	.MACRO __CLRD1SX
                 	MOVW R26,R28
                 	SUBI R26,LOW(-@0)
                 	SBCI R27,HIGH(-@0)
                 	ST   X+,R30
                 	ST   X+,R30
                 	ST   X+,R30
                 	ST   X,R30
                 	.ENDM
                 
                 	.MACRO __PUTB2SX
                 	MOVW R30,R28
                 	SUBI R30,LOW(-@0)
                 	SBCI R31,HIGH(-@0)
                 	ST   Z,R26
                 	.ENDM
                 
                 	.MACRO __PUTW2SX
                 	MOVW R30,R28
                 	SUBI R30,LOW(-@0)
                 	SBCI R31,HIGH(-@0)
                 	ST   Z+,R26
                 	ST   Z,R27
                 	.ENDM
                 
                 	.MACRO __PUTD2SX
                 	MOVW R30,R28
                 	SUBI R30,LOW(-@0)
                 	SBCI R31,HIGH(-@0)
                 	ST   Z+,R26
                 	ST   Z+,R27
                 	ST   Z+,R24
                 	ST   Z,R25
                 	.ENDM
                 
                 	.MACRO __PUTBSRX
                 	MOVW R30,R28
                 	SUBI R30,LOW(-@1)
                 	SBCI R31,HIGH(-@1)
                 	ST   Z,R@0
                 	.ENDM
                 
                 	.MACRO __PUTWSRX
                 	MOVW R30,R28
                 	SUBI R30,LOW(-@2)
                 	SBCI R31,HIGH(-@2)
                 	ST   Z+,R@0
                 	ST   Z,R@1
                 	.ENDM
                 
                 	.MACRO __PUTB1SNX
                 	MOVW R26,R28
                 	SUBI R26,LOW(-@0)
                 	SBCI R27,HIGH(-@0)
                 	LD   R0,X+
                 	LD   R27,X
                 	MOV  R26,R0
                 	SUBI R26,LOW(-@1)
                 	SBCI R27,HIGH(-@1)
                 	ST   X,R30
                 	.ENDM
                 
                 	.MACRO __PUTW1SNX
                 	MOVW R26,R28
                 	SUBI R26,LOW(-@0)
                 	SBCI R27,HIGH(-@0)
                 	LD   R0,X+
                 	LD   R27,X
                 	MOV  R26,R0
                 	SUBI R26,LOW(-@1)
                 	SBCI R27,HIGH(-@1)
                 	ST   X+,R30
                 	ST   X,R31
                 	.ENDM
                 
                 	.MACRO __PUTD1SNX
                 	MOVW R26,R28
                 	SUBI R26,LOW(-@0)
                 	SBCI R27,HIGH(-@0)
                 	LD   R0,X+
                 	LD   R27,X
                 	MOV  R26,R0
                 	SUBI R26,LOW(-@1)
                 	SBCI R27,HIGH(-@1)
                 	ST   X+,R30
                 	ST   X+,R31
                 	ST   X+,R22
                 	ST   X,R23
                 	.ENDM
                 
                 	.MACRO __MULBRR
                 	MULS R@0,R@1
                 	MOVW R30,R0
                 	.ENDM
                 
                 	.MACRO __MULBRRU
                 	MUL  R@0,R@1
                 	MOVW R30,R0
                 	.ENDM
                 
                 	.MACRO __MULBRR0
                 	MULS R@0,R@1
                 	.ENDM
                 
                 	.MACRO __MULBRRU0
                 	MUL  R@0,R@1
                 	.ENDM
                 
                 	.MACRO __MULBNWRU
                 	LDI  R26,@2
                 	MUL  R26,R@0
                 	MOVW R30,R0
                 	MUL  R26,R@1
                 	ADD  R31,R0
                 	.ENDM
                 
                 ;NAME DEFINITIONS FOR GLOBAL VARIABLES ALLOCATED TO REGISTERS
                 	.DEF _data=R4
                 	.DEF _data_msb=R5
                 	.DEF _j=R6
                 	.DEF _j_msb=R7
                 	.DEF _k=R8
                 	.DEF _k_msb=R9
                 	.DEF __lcd_x=R11
                 	.DEF __lcd_y=R10
                 	.DEF __lcd_maxx=R13
                 
                 	.CSEG
                 	.ORG 0x00
                 
                 ;START OF CODE MARKER
                 __START_OF_CODE:
                 
                 ;INTERRUPT VECTORS
000000 940c 0077 	JMP  __RESET
000002 940c 0000 	JMP  0x00
000004 940c 0000 	JMP  0x00
000006 940c 0000 	JMP  0x00
000008 940c 0000 	JMP  0x00
00000a 940c 00de 	JMP  _ext4
00000c 940c 00ec 	JMP  _ext5
00000e 940c 00fa 	JMP  _ext6
000010 940c 0108 	JMP  _ext7
000012 940c 0000 	JMP  0x00
000014 940c 0000 	JMP  0x00
000016 940c 0000 	JMP  0x00
000018 940c 0000 	JMP  0x00
00001a 940c 0000 	JMP  0x00
00001c 940c 0000 	JMP  0x00
00001e 940c 0000 	JMP  0x00
000020 940c 0000 	JMP  0x00
000022 940c 0000 	JMP  0x00
000024 940c 0000 	JMP  0x00
000026 940c 0000 	JMP  0x00
000028 940c 0000 	JMP  0x00
00002a 940c 0000 	JMP  0x00
00002c 940c 0000 	JMP  0x00
00002e 940c 0000 	JMP  0x00
000030 940c 0000 	JMP  0x00
000032 940c 0000 	JMP  0x00
000034 940c 0000 	JMP  0x00
000036 940c 0000 	JMP  0x00
000038 940c 0000 	JMP  0x00
00003a 940c 0000 	JMP  0x00
00003c 940c 0000 	JMP  0x00
00003e 940c 0000 	JMP  0x00
000040 940c 0000 	JMP  0x00
000042 940c 0000 	JMP  0x00
000044 940c 0000 	JMP  0x00
                 
                 _tbl10_G101:
000046 2710
000047 03e8
000048 0064
000049 000a      	.DB  0x10,0x27,0xE8,0x3,0x64,0x0,0xA,0x0
00004a 0001      	.DB  0x1,0x0
                 _tbl16_G101:
00004b 1000
00004c 0100
00004d 0010
00004e 0001      	.DB  0x0,0x10,0x0,0x1,0x10,0x0,0x1,0x0
                 
                 ;GLOBAL REGISTER VARIABLES INITIALIZATION
                 __REG_VARS:
00004f 0000      	.DB  0x0,0x0
                 
                 _0x3:
000050 6631
000051 6f6c
000052 726f      	.DB  0x31,0x66,0x6C,0x6F,0x6F,0x72
                 _0x4:
000053 6632
000054 6f6c
000055 726f      	.DB  0x32,0x66,0x6C,0x6F,0x6F,0x72
                 _0x5:
000056 6633
000057 6f6c
000058 726f      	.DB  0x33,0x66,0x6C,0x6F,0x6F,0x72
                 _0x6:
000059 6634
00005a 6f6c
00005b 726f      	.DB  0x34,0x66,0x6C,0x6F,0x6F,0x72
                 _0x7:
00005c 2a2e
00005d 202e
00005e 6548
00005f 6c6c      	.DB  0x2E,0x2A,0x2E,0x20,0x48,0x65,0x6C,0x6C
000060 216f
000061 2e20
000062 2e2a      	.DB  0x6F,0x21,0x20,0x2E,0x2A,0x2E
                 _0x2000003:
000063 c080      	.DB  0x80,0xC0
                 
                 __GLOBAL_INI_TBL:
000064 0002      	.DW  0x02
000065 0004      	.DW  0x04
000066 009e      	.DW  __REG_VARS*2
                 
000067 0006      	.DW  0x06
000068 0500      	.DW  _floor1
000069 00a0      	.DW  _0x3*2
                 
00006a 0006      	.DW  0x06
00006b 0507      	.DW  _floor2
00006c 00a6      	.DW  _0x4*2
                 
00006d 0006      	.DW  0x06
00006e 050e      	.DW  _floor3
00006f 00ac      	.DW  _0x5*2
                 
000070 0006      	.DW  0x06
000071 0515      	.DW  _floor4
000072 00b2      	.DW  _0x6*2
                 
000073 0002      	.DW  0x02
000074 051c      	.DW  __base_y_G100
000075 00c6      	.DW  _0x2000003*2
                 
                 _0xFFFFFFFF:
000076 0000      	.DW  0
                 
                 #define __GLOBAL_INI_TBL_PRESENT 1
                 
                 __RESET:
000077 94f8      	CLI
000078 27ee      	CLR  R30
000079 bbec      	OUT  EECR,R30
                 
                 ;INTERRUPT VECTORS ARE PLACED
                 ;AT THE START OF FLASH
00007a e0f1      	LDI  R31,1
00007b bff5      	OUT  MCUCR,R31
00007c bfe5      	OUT  MCUCR,R30
00007d 93e0 006c 	STS  XMCRB,R30
                 
                 ;CLEAR R2-R14
00007f e08d      	LDI  R24,(14-2)+1
000080 e0a2      	LDI  R26,2
000081 27bb      	CLR  R27
                 __CLEAR_REG:
000082 93ed      	ST   X+,R30
000083 958a      	DEC  R24
000084 f7e9      	BRNE __CLEAR_REG
                 
                 ;CLEAR SRAM
000085 e080      	LDI  R24,LOW(__CLEAR_SRAM_SIZE)
000086 e190      	LDI  R25,HIGH(__CLEAR_SRAM_SIZE)
000087 e0a0      	LDI  R26,LOW(__SRAM_START)
000088 e0b1      	LDI  R27,HIGH(__SRAM_START)
                 __CLEAR_SRAM:
000089 93ed      	ST   X+,R30
00008a 9701      	SBIW R24,1
00008b f7e9      	BRNE __CLEAR_SRAM
                 
                 ;GLOBAL VARIABLES INITIALIZATION
00008c ece8      	LDI  R30,LOW(__GLOBAL_INI_TBL*2)
00008d e0f0      	LDI  R31,HIGH(__GLOBAL_INI_TBL*2)
                 __GLOBAL_INI_NEXT:
00008e 9185      	LPM  R24,Z+
00008f 9195      	LPM  R25,Z+
000090 9700      	SBIW R24,0
000091 f061      	BREQ __GLOBAL_INI_END
000092 91a5      	LPM  R26,Z+
000093 91b5      	LPM  R27,Z+
000094 9005      	LPM  R0,Z+
000095 9015      	LPM  R1,Z+
000096 01bf      	MOVW R22,R30
000097 01f0      	MOVW R30,R0
                 __GLOBAL_INI_LOOP:
000098 9005      	LPM  R0,Z+
000099 920d      	ST   X+,R0
00009a 9701      	SBIW R24,1
00009b f7e1      	BRNE __GLOBAL_INI_LOOP
00009c 01fb      	MOVW R30,R22
00009d cff0      	RJMP __GLOBAL_INI_NEXT
                 __GLOBAL_INI_END:
                 
00009e bf8b      	OUT  RAMPZ,R24
                 
                 ;HARDWARE STACK POINTER INITIALIZATION
00009f efef      	LDI  R30,LOW(__SRAM_END-__HEAP_SIZE)
0000a0 bfed      	OUT  SPL,R30
0000a1 e1e0      	LDI  R30,HIGH(__SRAM_END-__HEAP_SIZE)
0000a2 bfee      	OUT  SPH,R30
                 
                 ;DATA STACK POINTER INITIALIZATION
0000a3 e0c0      	LDI  R28,LOW(__SRAM_START+__DSTACK_SIZE)
0000a4 e0d5      	LDI  R29,HIGH(__SRAM_START+__DSTACK_SIZE)
                 
0000a5 940c 00a7 	JMP  _main
                 
                 	.ESEG
                 	.ORG 0x00
                 
                 	.DSEG
                 	.ORG 0x500
                 
                 	.CSEG
                 ;/*
                 ; * 201_03_059.c
                 ; *
                 ; * Created: 2018-11-01 ¿ÀÈÄ 12:27:02
                 ; * Author: Administrator
                 ; */
                 ;
                 ;#include <mega128a.h>
                 	#ifndef __SLEEP_DEFINED__
                 	#define __SLEEP_DEFINED__
                 	.EQU __se_bit=0x20
                 	.EQU __sm_mask=0x1C
                 	.EQU __sm_powerdown=0x10
                 	.EQU __sm_powersave=0x18
                 	.EQU __sm_standby=0x14
                 	.EQU __sm_ext_standby=0x1C
                 	.EQU __sm_adc_noise_red=0x08
                 	.SET power_ctrl_reg=mcucr
                 	#endif
                 ;#include <delay.h>
                 ;
                 ;#asm
                 .equ __lcd_port = 0x1B
                 ; 0000 000D #endasm
                 ;
                 ;#include <lcd.h>
                 ;#include <stdio.h>
                 ;
                 ;char floor1[] = "1floor";char floor2[] = "2floor";
                 
                 	.DSEG
                 ;char floor3[] = "3floor";char floor4[] = "4floor";
                 ;char *data=0; char floor5[] = ".*. Hello! .*.";
                 ;
                 ;int j,k;
                 ;
                 ;
                 ;void main(void)
                 ; 0000 001A {
                 
                 	.CSEG
                 _main:
                 ; .FSTART _main
                 ; 0000 001B     data = floor1;
0000a7 e0e0      	LDI  R30,LOW(_floor1)
0000a8 e0f5      	LDI  R31,HIGH(_floor1)
0000a9 012f      	MOVW R4,R30
                 ; 0000 001C     EICRB = 0xaa;
0000aa eaea      	LDI  R30,LOW(170)
0000ab bfea      	OUT  0x3A,R30
                 ; 0000 001D     EIMSK = 0xf0;
0000ac efe0      	LDI  R30,LOW(240)
0000ad bfe9      	OUT  0x39,R30
                 ; 0000 001E     SREG |= 0x80;
0000ae 9478      	BSET 7
                 ; 0000 001F 
                 ; 0000 0020     lcd_init(25);
0000af e1a9      	LDI  R26,LOW(25)
0000b0 d104      	RCALL _lcd_init
                 ; 0000 0021     lcd_clear();
0000b1 d0bc      	RCALL _lcd_clear
                 ; 0000 0022 
                 ; 0000 0023 while (1)
                 _0x8:
                 ; 0000 0024     {
                 ; 0000 0025     lcd_clear();
0000b2 d134      	RCALL SUBOPT_0x0
                 ; 0000 0026     delay_ms(100);
                 ; 0000 0027     lcd_gotoxy(0,0);
0000b3 e0e0      	LDI  R30,LOW(0)
0000b4 93ea      	ST   -Y,R30
0000b5 e0a0      	LDI  R26,LOW(0)
0000b6 d0a9      	RCALL _lcd_gotoxy
                 ; 0000 0028     lcd_puts(data);
0000b7 01d2      	MOVW R26,R4
0000b8 d0db      	RCALL _lcd_puts
                 ; 0000 0029 
                 ; 0000 002A     for(j=0;j<10;j++){
0000b9 2466      	CLR  R6
0000ba 2477      	CLR  R7
                 _0xC:
0000bb e0ea      	LDI  R30,LOW(10)
0000bc e0f0      	LDI  R31,HIGH(10)
0000bd 166e      	CP   R6,R30
0000be 067f      	CPC  R7,R31
0000bf f43c      	BRGE _0xD
                 ; 0000 002B         delay_ms(350);
0000c0 d12a      	RCALL SUBOPT_0x1
                 ; 0000 002C         _lcd_ready();
                 ; 0000 002D         _lcd_write_data(0x1c);
0000c1 e1ac      	LDI  R26,LOW(28)
0000c2 d07f      	RCALL __lcd_write_data
                 ; 0000 002E     }
0000c3 01f3      	MOVW R30,R6
0000c4 9631      	ADIW R30,1
0000c5 013f      	MOVW R6,R30
0000c6 cff4      	RJMP _0xC
                 _0xD:
                 ; 0000 002F     lcd_clear();
0000c7 d11f      	RCALL SUBOPT_0x0
                 ; 0000 0030     delay_ms(100);
                 ; 0000 0031     lcd_gotoxy(10,1);
0000c8 e0ea      	LDI  R30,LOW(10)
0000c9 93ea      	ST   -Y,R30
0000ca e0a1      	LDI  R26,LOW(1)
0000cb d094      	RCALL _lcd_gotoxy
                 ; 0000 0032 
                 ; 0000 0033     lcd_puts(data);
0000cc 01d2      	MOVW R26,R4
0000cd d0c6      	RCALL _lcd_puts
                 ; 0000 0034     for(k=10;k>=0;k--){
0000ce e0ea      	LDI  R30,LOW(10)
0000cf e0f0      	LDI  R31,HIGH(10)
0000d0 014f      	MOVW R8,R30
                 _0xF:
0000d1 2400      	CLR  R0
0000d2 1480      	CP   R8,R0
0000d3 0490      	CPC  R9,R0
0000d4 f03c      	BRLT _0x10
                 ; 0000 0035         delay_ms(350);
0000d5 d115      	RCALL SUBOPT_0x1
                 ; 0000 0036         _lcd_ready();
                 ; 0000 0037         _lcd_write_data(0x18);
0000d6 e1a8      	LDI  R26,LOW(24)
0000d7 d06a      	RCALL __lcd_write_data
                 ; 0000 0038     }
0000d8 01f4      	MOVW R30,R8
0000d9 9731      	SBIW R30,1
0000da 014f      	MOVW R8,R30
0000db cff5      	RJMP _0xF
                 _0x10:
                 ; 0000 0039     }
0000dc cfd5      	RJMP _0x8
                 ; 0000 003A }
                 _0x11:
0000dd cfff      	RJMP _0x11
                 ; .FEND
                 ;interrupt [EXT_INT4] void ext4 (void)
                 ; 0000 003C {
                 _ext4:
                 ; .FSTART _ext4
0000de d110      	RCALL SUBOPT_0x2
                 ; 0000 003D     data = floor1;
0000df e0e0      	LDI  R30,LOW(_floor1)
0000e0 e0f5      	LDI  R31,HIGH(_floor1)
0000e1 012f      	MOVW R4,R30
                 ; 0000 003E     lcd_clear();
0000e2 d104      	RCALL SUBOPT_0x0
                 ; 0000 003F     delay_ms(100);
                 ; 0000 0040     if(j==8){
0000e3 d119      	RCALL SUBOPT_0x3
0000e4 f419      	BRNE _0x12
                 ; 0000 0041         lcd_gotoxy(k,1);
0000e5 928a      	ST   -Y,R8
0000e6 e0a1      	LDI  R26,LOW(1)
0000e7 c002      	RJMP _0x1A
                 ; 0000 0042     }   else{
                 _0x12:
                 ; 0000 0043             lcd_gotoxy(j,0);
0000e8 926a      	ST   -Y,R6
0000e9 e0a0      	LDI  R26,LOW(0)
                 _0x1A:
0000ea d075      	RCALL _lcd_gotoxy
                 ; 0000 0044     }
                 ; 0000 0045     lcd_puts(data);
0000eb c029      	RJMP _0x1E
                 ; 0000 0046 }
                 ; .FEND
                 ;interrupt [EXT_INT5] void ext5 (void)
                 ; 0000 0048 {
                 _ext5:
                 ; .FSTART _ext5
0000ec d102      	RCALL SUBOPT_0x2
                 ; 0000 0049     data = floor2;
0000ed e0e7      	LDI  R30,LOW(_floor2)
0000ee e0f5      	LDI  R31,HIGH(_floor2)
0000ef 012f      	MOVW R4,R30
                 ; 0000 004A     lcd_clear();
0000f0 d0f6      	RCALL SUBOPT_0x0
                 ; 0000 004B     delay_ms(100);
                 ; 0000 004C     if(j==8){
0000f1 d10b      	RCALL SUBOPT_0x3
0000f2 f419      	BRNE _0x14
                 ; 0000 004D         lcd_gotoxy(k,1);
0000f3 928a      	ST   -Y,R8
0000f4 e0a1      	LDI  R26,LOW(1)
0000f5 c002      	RJMP _0x1B
                 ; 0000 004E     }   else{
                 _0x14:
                 ; 0000 004F             lcd_gotoxy(j,0);
0000f6 926a      	ST   -Y,R6
0000f7 e0a0      	LDI  R26,LOW(0)
                 _0x1B:
0000f8 d067      	RCALL _lcd_gotoxy
                 ; 0000 0050     }
                 ; 0000 0051     lcd_puts(data);
0000f9 c01b      	RJMP _0x1E
                 ; 0000 0052 }
                 ; .FEND
                 ;interrupt [EXT_INT6] void ext6 (void)
                 ; 0000 0054 {
                 _ext6:
                 ; .FSTART _ext6
0000fa d0f4      	RCALL SUBOPT_0x2
                 ; 0000 0055     data = floor3;
0000fb e0ee      	LDI  R30,LOW(_floor3)
0000fc e0f5      	LDI  R31,HIGH(_floor3)
0000fd 012f      	MOVW R4,R30
                 ; 0000 0056     lcd_clear();
0000fe d0e8      	RCALL SUBOPT_0x0
                 ; 0000 0057     delay_ms(100);
                 ; 0000 0058     if(j==8){
0000ff d0fd      	RCALL SUBOPT_0x3
000100 f419      	BRNE _0x16
                 ; 0000 0059         lcd_gotoxy(k,1);
000101 928a      	ST   -Y,R8
000102 e0a1      	LDI  R26,LOW(1)
000103 c002      	RJMP _0x1C
                 ; 0000 005A     }   else{
                 _0x16:
                 ; 0000 005B             lcd_gotoxy(j,0);
000104 926a      	ST   -Y,R6
000105 e0a0      	LDI  R26,LOW(0)
                 _0x1C:
000106 d059      	RCALL _lcd_gotoxy
                 ; 0000 005C     }
                 ; 0000 005D     lcd_puts(data);
000107 c00d      	RJMP _0x1E
                 ; 0000 005E }
                 ; .FEND
                 ;interrupt [EXT_INT7] void ext7 (void)
                 ; 0000 0060 {
                 _ext7:
                 ; .FSTART _ext7
000108 d0e6      	RCALL SUBOPT_0x2
                 ; 0000 0061     data = floor4;
000109 e1e5      	LDI  R30,LOW(_floor4)
00010a e0f5      	LDI  R31,HIGH(_floor4)
00010b 012f      	MOVW R4,R30
                 ; 0000 0062     lcd_clear();
00010c d0da      	RCALL SUBOPT_0x0
                 ; 0000 0063     delay_ms(100);
                 ; 0000 0064     if(j==8){
00010d d0ef      	RCALL SUBOPT_0x3
00010e f419      	BRNE _0x18
                 ; 0000 0065         lcd_gotoxy(k,1);
00010f 928a      	ST   -Y,R8
000110 e0a1      	LDI  R26,LOW(1)
000111 c002      	RJMP _0x1D
                 ; 0000 0066     }   else{
                 _0x18:
                 ; 0000 0067             lcd_gotoxy(j,0);
000112 926a      	ST   -Y,R6
000113 e0a0      	LDI  R26,LOW(0)
                 _0x1D:
000114 d04b      	RCALL _lcd_gotoxy
                 ; 0000 0068     }
                 ; 0000 0069     lcd_puts(data);
                 _0x1E:
000115 01d2      	MOVW R26,R4
000116 d07d      	RCALL _lcd_puts
                 ; 0000 006A }
000117 91e9      	LD   R30,Y+
000118 bfef      	OUT  SREG,R30
000119 91f9      	LD   R31,Y+
00011a 91e9      	LD   R30,Y+
00011b 91b9      	LD   R27,Y+
00011c 91a9      	LD   R26,Y+
00011d 9199      	LD   R25,Y+
00011e 9189      	LD   R24,Y+
00011f 9179      	LD   R23,Y+
000120 9169      	LD   R22,Y+
000121 90f9      	LD   R15,Y+
000122 9019      	LD   R1,Y+
000123 9009      	LD   R0,Y+
000124 9518      	RETI
                 ; .FEND
                 ;
                 ;
                 ;
                 	#ifndef __SLEEP_DEFINED__
                 	#endif
                     .equ __lcd_direction=__lcd_port-1
                     .equ __lcd_pin=__lcd_port-2
                     .equ __lcd_rs=0
                     .equ __lcd_rd=1
                     .equ __lcd_enable=2
                     .equ __lcd_busy_flag=7
                 
                 	.DSEG
                 
                 	.CSEG
                 __lcd_delay_G100:
                 ; .FSTART __lcd_delay_G100
000125 e0ff          ldi   r31,15
                 __lcd_delay0:
000126 95fa          dec   r31
000127 f7f1          brne  __lcd_delay0
000128 9508      	RET
                 ; .FEND
                 __lcd_ready:
                 ; .FSTART __lcd_ready
000129 b3aa          in    r26,__lcd_direction
00012a 70af          andi  r26,0xf                 ;set as input
00012b bbaa          out   __lcd_direction,r26
00012c 9ad9          sbi   __lcd_port,__lcd_rd     ;RD=1
00012d 98d8          cbi   __lcd_port,__lcd_rs     ;RS=0
                 __lcd_busy:
00012e dff6      	RCALL __lcd_delay_G100
00012f 9ada          sbi   __lcd_port,__lcd_enable ;EN=1
000130 dff4      	RCALL __lcd_delay_G100
000131 b3a9          in    r26,__lcd_pin
000132 98da          cbi   __lcd_port,__lcd_enable ;EN=0
000133 dff1      	RCALL __lcd_delay_G100
000134 9ada          sbi   __lcd_port,__lcd_enable ;EN=1
000135 dfef      	RCALL __lcd_delay_G100
000136 98da          cbi   __lcd_port,__lcd_enable ;EN=0
000137 fda7          sbrc  r26,__lcd_busy_flag
000138 cff5          rjmp  __lcd_busy
000139 9508      	RET
                 ; .FEND
                 __lcd_write_nibble_G100:
                 ; .FSTART __lcd_write_nibble_G100
00013a 7fa0          andi  r26,0xf0
00013b 2bab          or    r26,r27
00013c bbab          out   __lcd_port,r26          ;write
00013d 9ada          sbi   __lcd_port,__lcd_enable ;EN=1
00013e dfe6      	RCALL __lcd_delay_G100
00013f 98da          cbi   __lcd_port,__lcd_enable ;EN=0
000140 dfe4      	RCALL __lcd_delay_G100
000141 9508      	RET
                 ; .FEND
                 __lcd_write_data:
                 ; .FSTART __lcd_write_data
000142 93aa      	ST   -Y,R26
000143 98d9          cbi  __lcd_port,__lcd_rd 	  ;RD=0
000144 b3aa          in    r26,__lcd_direction
000145 6fa7          ori   r26,0xf0 | (1<<__lcd_rs) | (1<<__lcd_rd) | (1<<__lcd_enable) ;set as output
000146 bbaa          out   __lcd_direction,r26
000147 b3bb          in    r27,__lcd_port
000148 70bf          andi  r27,0xf
000149 81a8          ld    r26,y
00014a dfef      	RCALL __lcd_write_nibble_G100
00014b 81a8          ld    r26,y
00014c 95a2          swap  r26
00014d dfec      	RCALL __lcd_write_nibble_G100
00014e 9ad9          sbi   __lcd_port,__lcd_rd     ;RD=1
00014f 940c 01e5 	JMP  _0x2080001
                 ; .FEND
                 __lcd_read_nibble_G100:
                 ; .FSTART __lcd_read_nibble_G100
000151 9ada          sbi   __lcd_port,__lcd_enable ;EN=1
000152 dfd2      	RCALL __lcd_delay_G100
000153 b3e9          in    r30,__lcd_pin           ;read
000154 98da          cbi   __lcd_port,__lcd_enable ;EN=0
000155 dfcf      	RCALL __lcd_delay_G100
000156 7fe0          andi  r30,0xf0
000157 9508      	RET
                 ; .FEND
                 _lcd_read_byte0_G100:
                 ; .FSTART _lcd_read_byte0_G100
000158 dfcc      	RCALL __lcd_delay_G100
000159 dff7      	RCALL __lcd_read_nibble_G100
00015a 2fae          mov   r26,r30
00015b dff5      	RCALL __lcd_read_nibble_G100
00015c 98d9          cbi   __lcd_port,__lcd_rd     ;RD=0
00015d 95e2          swap  r30
00015e 2bea          or    r30,r26
00015f 9508      	RET
                 ; .FEND
                 _lcd_gotoxy:
                 ; .FSTART _lcd_gotoxy
000160 93aa      	ST   -Y,R26
000161 dfc7      	RCALL __lcd_ready
000162 81e8      	LD   R30,Y
000163 e0f0      	LDI  R31,0
000164 5ee4      	SUBI R30,LOW(-__base_y_G100)
000165 4ffa      	SBCI R31,HIGH(-__base_y_G100)
000166 81e0      	LD   R30,Z
000167 81a9      	LDD  R26,Y+1
000168 0fae      	ADD  R26,R30
000169 dfd8      	RCALL __lcd_write_data
00016a 80b9      	LDD  R11,Y+1
00016b 80a8      	LDD  R10,Y+0
00016c 9622      	ADIW R28,2
00016d 9508      	RET
                 ; .FEND
                 _lcd_clear:
                 ; .FSTART _lcd_clear
00016e dfba      	RCALL __lcd_ready
00016f e0a2      	LDI  R26,LOW(2)
000170 dfd1      	RCALL __lcd_write_data
000171 dfb7      	RCALL __lcd_ready
000172 e0ac      	LDI  R26,LOW(12)
000173 dfce      	RCALL __lcd_write_data
000174 dfb4      	RCALL __lcd_ready
000175 e0a1      	LDI  R26,LOW(1)
000176 dfcb      	RCALL __lcd_write_data
000177 e0e0      	LDI  R30,LOW(0)
000178 2eae      	MOV  R10,R30
000179 2ebe      	MOV  R11,R30
00017a 9508      	RET
                 ; .FEND
                 _lcd_putchar:
                 ; .FSTART _lcd_putchar
00017b 93aa      	ST   -Y,R26
00017c 93ef          push r30
00017d 93ff          push r31
00017e 81a8          ld   r26,y
00017f 9468          set
000180 30aa          cpi  r26,10
000181 f019          breq __lcd_putchar1
000182 94e8          clt
000183 14bd      	CP   R11,R13
000184 f030      	BRLO _0x2000004
                 	__lcd_putchar1:
000185 94a3      	INC  R10
000186 e0e0      	LDI  R30,LOW(0)
000187 93ea      	ST   -Y,R30
000188 2daa      	MOV  R26,R10
000189 dfd6      	RCALL _lcd_gotoxy
00018a f02e      	brts __lcd_putchar0
                 _0x2000004:
00018b 94b3      	INC  R11
00018c df9c          rcall __lcd_ready
00018d 9ad8          sbi  __lcd_port,__lcd_rs ;RS=1
00018e 81a8      	LD   R26,Y
00018f dfb2      	RCALL __lcd_write_data
                 __lcd_putchar0:
000190 91ff          pop  r31
000191 91ef          pop  r30
000192 940c 01e5 	JMP  _0x2080001
                 ; .FEND
                 _lcd_puts:
                 ; .FSTART _lcd_puts
000194 93ba      	ST   -Y,R27
000195 93aa      	ST   -Y,R26
000196 931a      	ST   -Y,R17
                 _0x2000005:
000197 81a9      	LDD  R26,Y+1
000198 81ba      	LDD  R27,Y+1+1
000199 91ed      	LD   R30,X+
00019a 83a9      	STD  Y+1,R26
00019b 83ba      	STD  Y+1+1,R27
00019c 2f1e      	MOV  R17,R30
00019d 30e0      	CPI  R30,0
00019e f019      	BREQ _0x2000007
00019f 2fa1      	MOV  R26,R17
0001a0 dfda      	RCALL _lcd_putchar
0001a1 cff5      	RJMP _0x2000005
                 _0x2000007:
0001a2 8118      	LDD  R17,Y+0
0001a3 9623      	ADIW R28,3
0001a4 9508      	RET
                 ; .FEND
                 __long_delay_G100:
                 ; .FSTART __long_delay_G100
0001a5 27aa          clr   r26
0001a6 27bb          clr   r27
                 __long_delay0:
0001a7 9711          sbiw  r26,1         ;2 cycles
0001a8 f7f1          brne  __long_delay0 ;2 cycles
0001a9 9508      	RET
                 ; .FEND
                 __lcd_init_write_G100:
                 ; .FSTART __lcd_init_write_G100
0001aa 93aa      	ST   -Y,R26
0001ab 98d9          cbi  __lcd_port,__lcd_rd 	  ;RD=0
0001ac b3aa          in    r26,__lcd_direction
0001ad 6fa7          ori   r26,0xf7                ;set as output
0001ae bbaa          out   __lcd_direction,r26
0001af b3bb          in    r27,__lcd_port
0001b0 70bf          andi  r27,0xf
0001b1 81a8          ld    r26,y
0001b2 df87      	RCALL __lcd_write_nibble_G100
0001b3 9ad9          sbi   __lcd_port,__lcd_rd     ;RD=1
0001b4 c030      	RJMP _0x2080001
                 ; .FEND
                 _lcd_init:
                 ; .FSTART _lcd_init
0001b5 93aa      	ST   -Y,R26
0001b6 98da          cbi   __lcd_port,__lcd_enable ;EN=0
0001b7 98d8          cbi   __lcd_port,__lcd_rs     ;RS=0
0001b8 80d8      	LDD  R13,Y+0
0001b9 81e8      	LD   R30,Y
0001ba 58e0      	SUBI R30,-LOW(128)
                +
0001bb 93e0 051e+STS __base_y_G100 + ( 2 ) , R30
                 	__PUTB1MN __base_y_G100,2
0001bd 81e8      	LD   R30,Y
0001be 54e0      	SUBI R30,-LOW(192)
                +
0001bf 93e0 051f+STS __base_y_G100 + ( 3 ) , R30
                 	__PUTB1MN __base_y_G100,3
0001c1 dfe3      	RCALL __long_delay_G100
0001c2 e3a0      	LDI  R26,LOW(48)
0001c3 dfe6      	RCALL __lcd_init_write_G100
0001c4 dfe0      	RCALL __long_delay_G100
0001c5 e3a0      	LDI  R26,LOW(48)
0001c6 dfe3      	RCALL __lcd_init_write_G100
0001c7 dfdd      	RCALL __long_delay_G100
0001c8 e3a0      	LDI  R26,LOW(48)
0001c9 dfe0      	RCALL __lcd_init_write_G100
0001ca dfda      	RCALL __long_delay_G100
0001cb e2a0      	LDI  R26,LOW(32)
0001cc dfdd      	RCALL __lcd_init_write_G100
0001cd dfd7      	RCALL __long_delay_G100
0001ce e2a8      	LDI  R26,LOW(40)
0001cf df72      	RCALL __lcd_write_data
0001d0 dfd4      	RCALL __long_delay_G100
0001d1 e0a4      	LDI  R26,LOW(4)
0001d2 df6f      	RCALL __lcd_write_data
0001d3 dfd1      	RCALL __long_delay_G100
0001d4 e8a5      	LDI  R26,LOW(133)
0001d5 df6c      	RCALL __lcd_write_data
0001d6 dfce      	RCALL __long_delay_G100
0001d7 b3aa          in    r26,__lcd_direction
0001d8 70af          andi  r26,0xf                 ;set as input
0001d9 bbaa          out   __lcd_direction,r26
0001da 9ad9          sbi   __lcd_port,__lcd_rd     ;RD=1
0001db df7c      	RCALL _lcd_read_byte0_G100
0001dc 30e5      	CPI  R30,LOW(0x5)
0001dd f011      	BREQ _0x200000B
0001de e0e0      	LDI  R30,LOW(0)
0001df c005      	RJMP _0x2080001
                 _0x200000B:
0001e0 df48      	RCALL __lcd_ready
0001e1 e0a6      	LDI  R26,LOW(6)
0001e2 df5f      	RCALL __lcd_write_data
0001e3 df8a      	RCALL _lcd_clear
0001e4 e0e1      	LDI  R30,LOW(1)
                 _0x2080001:
0001e5 9621      	ADIW R28,1
0001e6 9508      	RET
                 ; .FEND
                 	#ifndef __SLEEP_DEFINED__
                 	#endif
                 
                 	.CSEG
                 
                 	.CSEG
                 
                 	.CSEG
                 
                 	.DSEG
                 _floor1:
000500           	.BYTE 0x7
                 _floor2:
000507           	.BYTE 0x7
                 _floor3:
00050e           	.BYTE 0x7
                 _floor4:
000515           	.BYTE 0x7
                 __base_y_G100:
00051c           	.BYTE 0x4
                 
                 	.CSEG
                 ;OPTIMIZER ADDED SUBROUTINE, CALLED 6 TIMES, CODE SIZE REDUCTION:13 WORDS
                 SUBOPT_0x0:
0001e7 df86      	RCALL _lcd_clear
0001e8 e6a4      	LDI  R26,LOW(100)
0001e9 e0b0      	LDI  R27,0
0001ea c017      	RJMP _delay_ms
                 
                 ;OPTIMIZER ADDED SUBROUTINE, CALLED 2 TIMES, CODE SIZE REDUCTION:1 WORDS
                 SUBOPT_0x1:
0001eb e5ae      	LDI  R26,LOW(350)
0001ec e0b1      	LDI  R27,HIGH(350)
0001ed d014      	RCALL _delay_ms
0001ee cf3a      	RJMP __lcd_ready
                 
                 ;OPTIMIZER ADDED SUBROUTINE, CALLED 4 TIMES, CODE SIZE REDUCTION:34 WORDS
                 SUBOPT_0x2:
0001ef 920a      	ST   -Y,R0
0001f0 921a      	ST   -Y,R1
0001f1 92fa      	ST   -Y,R15
0001f2 936a      	ST   -Y,R22
0001f3 937a      	ST   -Y,R23
0001f4 938a      	ST   -Y,R24
0001f5 939a      	ST   -Y,R25
0001f6 93aa      	ST   -Y,R26
0001f7 93ba      	ST   -Y,R27
0001f8 93ea      	ST   -Y,R30
0001f9 93fa      	ST   -Y,R31
0001fa b7ef      	IN   R30,SREG
0001fb 93ea      	ST   -Y,R30
0001fc 9508      	RET
                 
                 ;OPTIMIZER ADDED SUBROUTINE, CALLED 4 TIMES, CODE SIZE REDUCTION:7 WORDS
                 SUBOPT_0x3:
0001fd e0e8      	LDI  R30,LOW(8)
0001fe e0f0      	LDI  R31,HIGH(8)
0001ff 15e6      	CP   R30,R6
000200 05f7      	CPC  R31,R7
000201 9508      	RET
                 
                 ;RUNTIME LIBRARY
                 
                 	.CSEG
                 _delay_ms:
000202 9610      	adiw r26,0
000203 f039      	breq __delay_ms1
                 __delay_ms0:
000204 95a8      	wdr
                +
000205 ed80     +LDI R24 , LOW ( 0x7D0 )
000206 e097     +LDI R25 , HIGH ( 0x7D0 )
                +__DELAY_USW_LOOP :
000207 9701     +SBIW R24 , 1
000208 f7f1     +BRNE __DELAY_USW_LOOP
                 	__DELAY_USW 0x7D0
000209 9711      	sbiw r26,1
00020a f7c9      	brne __delay_ms0
                 __delay_ms1:
00020b 9508      	ret
                 
                 ;END OF CODE MARKER
                 __END_OF_CODE:


RESOURCE USE INFORMATION
------------------------

Notice:
The register and instruction counts are symbol table hit counts,
and hence implicitly used resources are not counted, eg, the
'lpm' instruction without operands implicitly uses r0 and z,
none of which are counted.

x,y,z are separate entities in the symbol table and are
counted separately from r26..r31 here.

.dseg memory usage only counts static data declared with .byte

ATmega128A register use summary:
r0 :   9 r1 :   3 r2 :   0 r3 :   0 r4 :   8 r5 :   0 r6 :   9 r7 :   3 
r8 :   8 r9 :   1 r10:   4 r11:   4 r12:   0 r13:   2 r14:   0 r15:   2 
r16:   0 r17:   4 r18:   0 r19:   0 r20:   0 r21:   0 r22:   4 r23:   2 
r24:  12 r25:   5 r26:  76 r27:  16 r28:   4 r29:   1 r30:  78 r31:  21 
x  :   4 y  :  60 z  :   8 
Registers used: 25 out of 35 (71.4%)

ATmega128A instruction use summary:
.lds  :   0 .lds.l:   0 .sts  :   0 .sts.l:   0 adc   :   0 add   :   1 
adiw  :   5 and   :   0 andi  :   6 asr   :   0 bclr  :   0 bld   :   0 
brbc  :   0 brbs  :   0 brcc  :   0 brcs  :   0 break :   0 breq  :   5 
brge  :   1 brhc  :   0 brhs  :   0 brid  :   0 brie  :   0 brlo  :   1 
brlt  :   1 brmi  :   0 brne  :  11 brpl  :   0 brsh  :   0 brtc  :   0 
brts  :   1 brvc  :   0 brvs  :   0 bset  :   1 bst   :   0 call  :   0 
cbi   :  10 cbr   :   0 clc   :   0 clh   :   0 cli   :   1 cln   :   0 
clr   :   7 cls   :   0 clt   :   1 clv   :   0 clz   :   0 com   :   0 
cp    :   4 cpc   :   3 cpi   :   3 cpse  :   0 dec   :   2 des   :   0 
elpm  :   0 eor   :   0 fmul  :   0 fmuls :   0 fmulsu:   0 icall :   0 
ijmp  :   0 in    :   9 inc   :   2 jmp   :  38 ld    :  22 ldd   :   7 
ldi   :  69 lds   :   0 lpm   :   7 lsl   :   0 lsr   :   0 mov   :   6 
movw  :  16 mul   :   0 muls  :   0 mulsu :   0 neg   :   0 nop   :   0 
or    :   2 ori   :   2 out   :  14 pop   :   2 push  :   2 rcall :  76 
ret   :  13 reti  :   1 rjmp  :  18 rol   :   0 ror   :   0 sbc   :   0 
sbci  :   1 sbi   :   9 sbic  :   0 sbis  :   0 sbiw  :   7 sbr   :   0 
sbrc  :   1 sbrs  :   0 sec   :   0 seh   :   0 sei   :   0 sen   :   0 
ser   :   0 ses   :   0 set   :   1 sev   :   0 sez   :   0 sleep :   0 
spm   :   0 st    :  34 std   :   2 sts   :   3 sub   :   0 subi  :   3 
swap  :   2 tst   :   0 wdr   :   1 
Instructions used: 47 out of 117 (40.2%)

ATmega128A memory use summary [bytes]:
Segment   Begin    End      Code   Data   Used    Size   Use%
---------------------------------------------------------------
[.cseg] 0x000000 0x000418    950     98   1048  131072   0.8%
[.dseg] 0x000100 0x000520      0     32     32    4096   0.8%
[.eseg] 0x000000 0x000000      0      0      0    4096   0.0%

Assembly complete, 0 errors, 9 warnings
