
AVRASM ver. 2.1.30  D:\2019_MAPU\LCD_30203\Debug\List\LCD1_30203.asm Fri Jun 28 10:42:46 2019

D:\2019_MAPU\LCD_30203\Debug\List\LCD1_30203.asm(1097): warning: Register r4 already defined by the .DEF directive
D:\2019_MAPU\LCD_30203\Debug\List\LCD1_30203.asm(1098): warning: Register r5 already defined by the .DEF directive
D:\2019_MAPU\LCD_30203\Debug\List\LCD1_30203.asm(1099): warning: Register r7 already defined by the .DEF directive
D:\2019_MAPU\LCD_30203\Debug\List\LCD1_30203.asm(1100): warning: Register r6 already defined by the .DEF directive
D:\2019_MAPU\LCD_30203\Debug\List\LCD1_30203.asm(1101): warning: Register r9 already defined by the .DEF directive
                 
                 
                 ;CodeVisionAVR C Compiler V3.32a Evaluation
                 ;(C) Copyright 1998-2017 Pavel Haiduc, HP InfoTech s.r.l.
                 ;http://www.hpinfotech.com
                 
                 ;Build configuration    : Debug
                 ;Chip type              : ATmega128A
                 ;Program type           : Application
                 ;Clock frequency        : 16.000000 MHz
                 ;Memory model           : Small
                 ;Optimize for           : Size
                 ;(s)printf features     : int, width
                 ;(s)scanf features      : int, width
                 ;External RAM size      : 0
                 ;Data Stack size        : 1024 byte(s)
                 ;Heap size              : 0 byte(s)
                 ;Promote 'char' to 'int': Yes
                 ;'char' is unsigned     : Yes
                 ;8 bit enums            : Yes
                 ;Global 'const' stored in FLASH: No
                 ;Enhanced function parameter passing: Mode 2
                 ;Enhanced core instructions: On
                 ;Automatic register allocation for global variables: On
                 ;Smart register allocation: On
                 
                 	#define _MODEL_SMALL_
                 
                 	#pragma AVRPART ADMIN PART_NAME ATmega128A
                 	#pragma AVRPART MEMORY PROG_FLASH 131072
                 	#pragma AVRPART MEMORY EEPROM 4096
                 	#pragma AVRPART MEMORY INT_SRAM SIZE 4096
                 	#pragma AVRPART MEMORY INT_SRAM START_ADDR 0x100
                 
                 	#define CALL_SUPPORTED 1
                 
                 	.LISTMAC
                 	.EQU UDRE=0x5
                 	.EQU RXC=0x7
                 	.EQU USR=0xB
                 	.EQU UDR=0xC
                 	.EQU SPSR=0xE
                 	.EQU SPDR=0xF
                 	.EQU EERE=0x0
                 	.EQU EEWE=0x1
                 	.EQU EEMWE=0x2
                 	.EQU EECR=0x1C
                 	.EQU EEDR=0x1D
                 	.EQU EEARL=0x1E
                 	.EQU EEARH=0x1F
                 	.EQU WDTCR=0x21
                 	.EQU MCUCR=0x35
                 	.EQU RAMPZ=0x3B
                 	.EQU SPL=0x3D
                 	.EQU SPH=0x3E
                 	.EQU SREG=0x3F
                 	.EQU XMCRA=0x6D
                 	.EQU XMCRB=0x6C
                 
                 	.DEF R0X0=R0
                 	.DEF R0X1=R1
                 	.DEF R0X2=R2
                 	.DEF R0X3=R3
                 	.DEF R0X4=R4
                 	.DEF R0X5=R5
                 	.DEF R0X6=R6
                 	.DEF R0X7=R7
                 	.DEF R0X8=R8
                 	.DEF R0X9=R9
                 	.DEF R0XA=R10
                 	.DEF R0XB=R11
                 	.DEF R0XC=R12
                 	.DEF R0XD=R13
                 	.DEF R0XE=R14
                 	.DEF R0XF=R15
                 	.DEF R0X10=R16
                 	.DEF R0X11=R17
                 	.DEF R0X12=R18
                 	.DEF R0X13=R19
                 	.DEF R0X14=R20
                 	.DEF R0X15=R21
                 	.DEF R0X16=R22
                 	.DEF R0X17=R23
                 	.DEF R0X18=R24
                 	.DEF R0X19=R25
                 	.DEF R0X1A=R26
                 	.DEF R0X1B=R27
                 	.DEF R0X1C=R28
                 	.DEF R0X1D=R29
                 	.DEF R0X1E=R30
                 	.DEF R0X1F=R31
                 
                 	.EQU __SRAM_START=0x0100
                 	.EQU __SRAM_END=0x10FF
                 	.EQU __DSTACK_SIZE=0x0400
                 	.EQU __HEAP_SIZE=0x0000
                 	.EQU __CLEAR_SRAM_SIZE=__SRAM_END-__SRAM_START+1
                 
                 	.MACRO __CPD1N
                 	CPI  R30,LOW(@0)
                 	LDI  R26,HIGH(@0)
                 	CPC  R31,R26
                 	LDI  R26,BYTE3(@0)
                 	CPC  R22,R26
                 	LDI  R26,BYTE4(@0)
                 	CPC  R23,R26
                 	.ENDM
                 
                 	.MACRO __CPD2N
                 	CPI  R26,LOW(@0)
                 	LDI  R30,HIGH(@0)
                 	CPC  R27,R30
                 	LDI  R30,BYTE3(@0)
                 	CPC  R24,R30
                 	LDI  R30,BYTE4(@0)
                 	CPC  R25,R30
                 	.ENDM
                 
                 	.MACRO __CPWRR
                 	CP   R@0,R@2
                 	CPC  R@1,R@3
                 	.ENDM
                 
                 	.MACRO __CPWRN
                 	CPI  R@0,LOW(@2)
                 	LDI  R30,HIGH(@2)
                 	CPC  R@1,R30
                 	.ENDM
                 
                 	.MACRO __ADDB1MN
                 	SUBI R30,LOW(-@0-(@1))
                 	.ENDM
                 
                 	.MACRO __ADDB2MN
                 	SUBI R26,LOW(-@0-(@1))
                 	.ENDM
                 
                 	.MACRO __ADDW1MN
                 	SUBI R30,LOW(-@0-(@1))
                 	SBCI R31,HIGH(-@0-(@1))
                 	.ENDM
                 
                 	.MACRO __ADDW2MN
                 	SUBI R26,LOW(-@0-(@1))
                 	SBCI R27,HIGH(-@0-(@1))
                 	.ENDM
                 
                 	.MACRO __ADDW1FN
                 	SUBI R30,LOW(-2*@0-(@1))
                 	SBCI R31,HIGH(-2*@0-(@1))
                 	.ENDM
                 
                 	.MACRO __ADDD1FN
                 	SUBI R30,LOW(-2*@0-(@1))
                 	SBCI R31,HIGH(-2*@0-(@1))
                 	SBCI R22,BYTE3(-2*@0-(@1))
                 	.ENDM
                 
                 	.MACRO __ADDD1N
                 	SUBI R30,LOW(-@0)
                 	SBCI R31,HIGH(-@0)
                 	SBCI R22,BYTE3(-@0)
                 	SBCI R23,BYTE4(-@0)
                 	.ENDM
                 
                 	.MACRO __ADDD2N
                 	SUBI R26,LOW(-@0)
                 	SBCI R27,HIGH(-@0)
                 	SBCI R24,BYTE3(-@0)
                 	SBCI R25,BYTE4(-@0)
                 	.ENDM
                 
                 	.MACRO __SUBD1N
                 	SUBI R30,LOW(@0)
                 	SBCI R31,HIGH(@0)
                 	SBCI R22,BYTE3(@0)
                 	SBCI R23,BYTE4(@0)
                 	.ENDM
                 
                 	.MACRO __SUBD2N
                 	SUBI R26,LOW(@0)
                 	SBCI R27,HIGH(@0)
                 	SBCI R24,BYTE3(@0)
                 	SBCI R25,BYTE4(@0)
                 	.ENDM
                 
                 	.MACRO __ANDBMNN
                 	LDS  R30,@0+(@1)
                 	ANDI R30,LOW(@2)
                 	STS  @0+(@1),R30
                 	.ENDM
                 
                 	.MACRO __ANDWMNN
                 	LDS  R30,@0+(@1)
                 	ANDI R30,LOW(@2)
                 	STS  @0+(@1),R30
                 	LDS  R30,@0+(@1)+1
                 	ANDI R30,HIGH(@2)
                 	STS  @0+(@1)+1,R30
                 	.ENDM
                 
                 	.MACRO __ANDD1N
                 	ANDI R30,LOW(@0)
                 	ANDI R31,HIGH(@0)
                 	ANDI R22,BYTE3(@0)
                 	ANDI R23,BYTE4(@0)
                 	.ENDM
                 
                 	.MACRO __ANDD2N
                 	ANDI R26,LOW(@0)
                 	ANDI R27,HIGH(@0)
                 	ANDI R24,BYTE3(@0)
                 	ANDI R25,BYTE4(@0)
                 	.ENDM
                 
                 	.MACRO __ORBMNN
                 	LDS  R30,@0+(@1)
                 	ORI  R30,LOW(@2)
                 	STS  @0+(@1),R30
                 	.ENDM
                 
                 	.MACRO __ORWMNN
                 	LDS  R30,@0+(@1)
                 	ORI  R30,LOW(@2)
                 	STS  @0+(@1),R30
                 	LDS  R30,@0+(@1)+1
                 	ORI  R30,HIGH(@2)
                 	STS  @0+(@1)+1,R30
                 	.ENDM
                 
                 	.MACRO __ORD1N
                 	ORI  R30,LOW(@0)
                 	ORI  R31,HIGH(@0)
                 	ORI  R22,BYTE3(@0)
                 	ORI  R23,BYTE4(@0)
                 	.ENDM
                 
                 	.MACRO __ORD2N
                 	ORI  R26,LOW(@0)
                 	ORI  R27,HIGH(@0)
                 	ORI  R24,BYTE3(@0)
                 	ORI  R25,BYTE4(@0)
                 	.ENDM
                 
                 	.MACRO __DELAY_USB
                 	LDI  R24,LOW(@0)
                 __DELAY_USB_LOOP:
                 	DEC  R24
                 	BRNE __DELAY_USB_LOOP
                 	.ENDM
                 
                 	.MACRO __DELAY_USW
                 	LDI  R24,LOW(@0)
                 	LDI  R25,HIGH(@0)
                 __DELAY_USW_LOOP:
                 	SBIW R24,1
                 	BRNE __DELAY_USW_LOOP
                 	.ENDM
                 
                 	.MACRO __GETD1S
                 	LDD  R30,Y+@0
                 	LDD  R31,Y+@0+1
                 	LDD  R22,Y+@0+2
                 	LDD  R23,Y+@0+3
                 	.ENDM
                 
                 	.MACRO __GETD2S
                 	LDD  R26,Y+@0
                 	LDD  R27,Y+@0+1
                 	LDD  R24,Y+@0+2
                 	LDD  R25,Y+@0+3
                 	.ENDM
                 
                 	.MACRO __PUTD1S
                 	STD  Y+@0,R30
                 	STD  Y+@0+1,R31
                 	STD  Y+@0+2,R22
                 	STD  Y+@0+3,R23
                 	.ENDM
                 
                 	.MACRO __PUTD2S
                 	STD  Y+@0,R26
                 	STD  Y+@0+1,R27
                 	STD  Y+@0+2,R24
                 	STD  Y+@0+3,R25
                 	.ENDM
                 
                 	.MACRO __PUTDZ2
                 	STD  Z+@0,R26
                 	STD  Z+@0+1,R27
                 	STD  Z+@0+2,R24
                 	STD  Z+@0+3,R25
                 	.ENDM
                 
                 	.MACRO __CLRD1S
                 	STD  Y+@0,R30
                 	STD  Y+@0+1,R30
                 	STD  Y+@0+2,R30
                 	STD  Y+@0+3,R30
                 	.ENDM
                 
                 	.MACRO __POINTB1MN
                 	LDI  R30,LOW(@0+(@1))
                 	.ENDM
                 
                 	.MACRO __POINTW1MN
                 	LDI  R30,LOW(@0+(@1))
                 	LDI  R31,HIGH(@0+(@1))
                 	.ENDM
                 
                 	.MACRO __POINTD1M
                 	LDI  R30,LOW(@0)
                 	LDI  R31,HIGH(@0)
                 	LDI  R22,BYTE3(@0)
                 	LDI  R23,BYTE4(@0)
                 	.ENDM
                 
                 	.MACRO __POINTW1FN
                 	LDI  R30,LOW(2*@0+(@1))
                 	LDI  R31,HIGH(2*@0+(@1))
                 	.ENDM
                 
                 	.MACRO __POINTD1FN
                 	LDI  R30,LOW(2*@0+(@1))
                 	LDI  R31,HIGH(2*@0+(@1))
                 	LDI  R22,BYTE3(2*@0+(@1))
                 	LDI  R23,BYTE4(2*@0+(@1))
                 	.ENDM
                 
                 	.MACRO __POINTB2MN
                 	LDI  R26,LOW(@0+(@1))
                 	.ENDM
                 
                 	.MACRO __POINTW2MN
                 	LDI  R26,LOW(@0+(@1))
                 	LDI  R27,HIGH(@0+(@1))
                 	.ENDM
                 
                 	.MACRO __POINTD2M
                 	LDI  R26,LOW(@0)
                 	LDI  R27,HIGH(@0)
                 	LDI  R24,BYTE3(@0)
                 	LDI  R25,BYTE4(@0)
                 	.ENDM
                 
                 	.MACRO __POINTW2FN
                 	LDI  R26,LOW(2*@0+(@1))
                 	LDI  R27,HIGH(2*@0+(@1))
                 	.ENDM
                 
                 	.MACRO __POINTD2FN
                 	LDI  R26,LOW(2*@0+(@1))
                 	LDI  R27,HIGH(2*@0+(@1))
                 	LDI  R24,BYTE3(2*@0+(@1))
                 	LDI  R25,BYTE4(2*@0+(@1))
                 	.ENDM
                 
                 	.MACRO __POINTBRM
                 	LDI  R@0,LOW(@1)
                 	.ENDM
                 
                 	.MACRO __POINTWRM
                 	LDI  R@0,LOW(@2)
                 	LDI  R@1,HIGH(@2)
                 	.ENDM
                 
                 	.MACRO __POINTBRMN
                 	LDI  R@0,LOW(@1+(@2))
                 	.ENDM
                 
                 	.MACRO __POINTWRMN
                 	LDI  R@0,LOW(@2+(@3))
                 	LDI  R@1,HIGH(@2+(@3))
                 	.ENDM
                 
                 	.MACRO __POINTWRFN
                 	LDI  R@0,LOW(@2*2+(@3))
                 	LDI  R@1,HIGH(@2*2+(@3))
                 	.ENDM
                 
                 	.MACRO __GETD1N
                 	LDI  R30,LOW(@0)
                 	LDI  R31,HIGH(@0)
                 	LDI  R22,BYTE3(@0)
                 	LDI  R23,BYTE4(@0)
                 	.ENDM
                 
                 	.MACRO __GETD2N
                 	LDI  R26,LOW(@0)
                 	LDI  R27,HIGH(@0)
                 	LDI  R24,BYTE3(@0)
                 	LDI  R25,BYTE4(@0)
                 	.ENDM
                 
                 	.MACRO __GETB1MN
                 	LDS  R30,@0+(@1)
                 	.ENDM
                 
                 	.MACRO __GETB1HMN
                 	LDS  R31,@0+(@1)
                 	.ENDM
                 
                 	.MACRO __GETW1MN
                 	LDS  R30,@0+(@1)
                 	LDS  R31,@0+(@1)+1
                 	.ENDM
                 
                 	.MACRO __GETD1MN
                 	LDS  R30,@0+(@1)
                 	LDS  R31,@0+(@1)+1
                 	LDS  R22,@0+(@1)+2
                 	LDS  R23,@0+(@1)+3
                 	.ENDM
                 
                 	.MACRO __GETBRMN
                 	LDS  R@0,@1+(@2)
                 	.ENDM
                 
                 	.MACRO __GETWRMN
                 	LDS  R@0,@2+(@3)
                 	LDS  R@1,@2+(@3)+1
                 	.ENDM
                 
                 	.MACRO __GETWRZ
                 	LDD  R@0,Z+@2
                 	LDD  R@1,Z+@2+1
                 	.ENDM
                 
                 	.MACRO __GETD2Z
                 	LDD  R26,Z+@0
                 	LDD  R27,Z+@0+1
                 	LDD  R24,Z+@0+2
                 	LDD  R25,Z+@0+3
                 	.ENDM
                 
                 	.MACRO __GETB2MN
                 	LDS  R26,@0+(@1)
                 	.ENDM
                 
                 	.MACRO __GETW2MN
                 	LDS  R26,@0+(@1)
                 	LDS  R27,@0+(@1)+1
                 	.ENDM
                 
                 	.MACRO __GETD2MN
                 	LDS  R26,@0+(@1)
                 	LDS  R27,@0+(@1)+1
                 	LDS  R24,@0+(@1)+2
                 	LDS  R25,@0+(@1)+3
                 	.ENDM
                 
                 	.MACRO __PUTB1MN
                 	STS  @0+(@1),R30
                 	.ENDM
                 
                 	.MACRO __PUTW1MN
                 	STS  @0+(@1),R30
                 	STS  @0+(@1)+1,R31
                 	.ENDM
                 
                 	.MACRO __PUTD1MN
                 	STS  @0+(@1),R30
                 	STS  @0+(@1)+1,R31
                 	STS  @0+(@1)+2,R22
                 	STS  @0+(@1)+3,R23
                 	.ENDM
                 
                 	.MACRO __PUTB1EN
                 	LDI  R26,LOW(@0+(@1))
                 	LDI  R27,HIGH(@0+(@1))
                 	CALL __EEPROMWRB
                 	.ENDM
                 
                 	.MACRO __PUTW1EN
                 	LDI  R26,LOW(@0+(@1))
                 	LDI  R27,HIGH(@0+(@1))
                 	CALL __EEPROMWRW
                 	.ENDM
                 
                 	.MACRO __PUTD1EN
                 	LDI  R26,LOW(@0+(@1))
                 	LDI  R27,HIGH(@0+(@1))
                 	CALL __EEPROMWRD
                 	.ENDM
                 
                 	.MACRO __PUTBR0MN
                 	STS  @0+(@1),R0
                 	.ENDM
                 
                 	.MACRO __PUTBMRN
                 	STS  @0+(@1),R@2
                 	.ENDM
                 
                 	.MACRO __PUTWMRN
                 	STS  @0+(@1),R@2
                 	STS  @0+(@1)+1,R@3
                 	.ENDM
                 
                 	.MACRO __PUTBZR
                 	STD  Z+@1,R@0
                 	.ENDM
                 
                 	.MACRO __PUTWZR
                 	STD  Z+@2,R@0
                 	STD  Z+@2+1,R@1
                 	.ENDM
                 
                 	.MACRO __GETW1R
                 	MOV  R30,R@0
                 	MOV  R31,R@1
                 	.ENDM
                 
                 	.MACRO __GETW2R
                 	MOV  R26,R@0
                 	MOV  R27,R@1
                 	.ENDM
                 
                 	.MACRO __GETWRN
                 	LDI  R@0,LOW(@2)
                 	LDI  R@1,HIGH(@2)
                 	.ENDM
                 
                 	.MACRO __PUTW1R
                 	MOV  R@0,R30
                 	MOV  R@1,R31
                 	.ENDM
                 
                 	.MACRO __PUTW2R
                 	MOV  R@0,R26
                 	MOV  R@1,R27
                 	.ENDM
                 
                 	.MACRO __ADDWRN
                 	SUBI R@0,LOW(-@2)
                 	SBCI R@1,HIGH(-@2)
                 	.ENDM
                 
                 	.MACRO __ADDWRR
                 	ADD  R@0,R@2
                 	ADC  R@1,R@3
                 	.ENDM
                 
                 	.MACRO __SUBWRN
                 	SUBI R@0,LOW(@2)
                 	SBCI R@1,HIGH(@2)
                 	.ENDM
                 
                 	.MACRO __SUBWRR
                 	SUB  R@0,R@2
                 	SBC  R@1,R@3
                 	.ENDM
                 
                 	.MACRO __ANDWRN
                 	ANDI R@0,LOW(@2)
                 	ANDI R@1,HIGH(@2)
                 	.ENDM
                 
                 	.MACRO __ANDWRR
                 	AND  R@0,R@2
                 	AND  R@1,R@3
                 	.ENDM
                 
                 	.MACRO __ORWRN
                 	ORI  R@0,LOW(@2)
                 	ORI  R@1,HIGH(@2)
                 	.ENDM
                 
                 	.MACRO __ORWRR
                 	OR   R@0,R@2
                 	OR   R@1,R@3
                 	.ENDM
                 
                 	.MACRO __EORWRR
                 	EOR  R@0,R@2
                 	EOR  R@1,R@3
                 	.ENDM
                 
                 	.MACRO __GETWRS
                 	LDD  R@0,Y+@2
                 	LDD  R@1,Y+@2+1
                 	.ENDM
                 
                 	.MACRO __PUTBSR
                 	STD  Y+@1,R@0
                 	.ENDM
                 
                 	.MACRO __PUTWSR
                 	STD  Y+@2,R@0
                 	STD  Y+@2+1,R@1
                 	.ENDM
                 
                 	.MACRO __MOVEWRR
                 	MOV  R@0,R@2
                 	MOV  R@1,R@3
                 	.ENDM
                 
                 	.MACRO __INWR
                 	IN   R@0,@2
                 	IN   R@1,@2+1
                 	.ENDM
                 
                 	.MACRO __OUTWR
                 	OUT  @2+1,R@1
                 	OUT  @2,R@0
                 	.ENDM
                 
                 	.MACRO __CALL1MN
                 	LDS  R30,@0+(@1)
                 	LDS  R31,@0+(@1)+1
                 	ICALL
                 	.ENDM
                 
                 	.MACRO __CALL1FN
                 	LDI  R30,LOW(2*@0+(@1))
                 	LDI  R31,HIGH(2*@0+(@1))
                 	CALL __GETW1PF
                 	ICALL
                 	.ENDM
                 
                 	.MACRO __CALL2EN
                 	PUSH R26
                 	PUSH R27
                 	LDI  R26,LOW(@0+(@1))
                 	LDI  R27,HIGH(@0+(@1))
                 	CALL __EEPROMRDW
                 	POP  R27
                 	POP  R26
                 	ICALL
                 	.ENDM
                 
                 	.MACRO __CALL2EX
                 	SUBI R26,LOW(-@0)
                 	SBCI R27,HIGH(-@0)
                 	CALL __EEPROMRDD
                 	ICALL
                 	.ENDM
                 
                 	.MACRO __GETW1STACK
                 	IN   R30,SPL
                 	IN   R31,SPH
                 	ADIW R30,@0+1
                 	LD   R0,Z+
                 	LD   R31,Z
                 	MOV  R30,R0
                 	.ENDM
                 
                 	.MACRO __GETD1STACK
                 	IN   R30,SPL
                 	IN   R31,SPH
                 	ADIW R30,@0+1
                 	LD   R0,Z+
                 	LD   R1,Z+
                 	LD   R22,Z
                 	MOVW R30,R0
                 	.ENDM
                 
                 	.MACRO __NBST
                 	BST  R@0,@1
                 	IN   R30,SREG
                 	LDI  R31,0x40
                 	EOR  R30,R31
                 	OUT  SREG,R30
                 	.ENDM
                 
                 
                 	.MACRO __PUTB1SN
                 	LDD  R26,Y+@0
                 	LDD  R27,Y+@0+1
                 	SUBI R26,LOW(-@1)
                 	SBCI R27,HIGH(-@1)
                 	ST   X,R30
                 	.ENDM
                 
                 	.MACRO __PUTW1SN
                 	LDD  R26,Y+@0
                 	LDD  R27,Y+@0+1
                 	SUBI R26,LOW(-@1)
                 	SBCI R27,HIGH(-@1)
                 	ST   X+,R30
                 	ST   X,R31
                 	.ENDM
                 
                 	.MACRO __PUTD1SN
                 	LDD  R26,Y+@0
                 	LDD  R27,Y+@0+1
                 	SUBI R26,LOW(-@1)
                 	SBCI R27,HIGH(-@1)
                 	CALL __PUTDP1
                 	.ENDM
                 
                 	.MACRO __PUTB1SNS
                 	LDD  R26,Y+@0
                 	LDD  R27,Y+@0+1
                 	ADIW R26,@1
                 	ST   X,R30
                 	.ENDM
                 
                 	.MACRO __PUTW1SNS
                 	LDD  R26,Y+@0
                 	LDD  R27,Y+@0+1
                 	ADIW R26,@1
                 	ST   X+,R30
                 	ST   X,R31
                 	.ENDM
                 
                 	.MACRO __PUTD1SNS
                 	LDD  R26,Y+@0
                 	LDD  R27,Y+@0+1
                 	ADIW R26,@1
                 	CALL __PUTDP1
                 	.ENDM
                 
                 	.MACRO __PUTB1PMN
                 	LDS  R26,@0
                 	LDS  R27,@0+1
                 	SUBI R26,LOW(-@1)
                 	SBCI R27,HIGH(-@1)
                 	ST   X,R30
                 	.ENDM
                 
                 	.MACRO __PUTW1PMN
                 	LDS  R26,@0
                 	LDS  R27,@0+1
                 	SUBI R26,LOW(-@1)
                 	SBCI R27,HIGH(-@1)
                 	ST   X+,R30
                 	ST   X,R31
                 	.ENDM
                 
                 	.MACRO __PUTD1PMN
                 	LDS  R26,@0
                 	LDS  R27,@0+1
                 	SUBI R26,LOW(-@1)
                 	SBCI R27,HIGH(-@1)
                 	CALL __PUTDP1
                 	.ENDM
                 
                 	.MACRO __PUTB1PMNS
                 	LDS  R26,@0
                 	LDS  R27,@0+1
                 	ADIW R26,@1
                 	ST   X,R30
                 	.ENDM
                 
                 	.MACRO __PUTW1PMNS
                 	LDS  R26,@0
                 	LDS  R27,@0+1
                 	ADIW R26,@1
                 	ST   X+,R30
                 	ST   X,R31
                 	.ENDM
                 
                 	.MACRO __PUTD1PMNS
                 	LDS  R26,@0
                 	LDS  R27,@0+1
                 	ADIW R26,@1
                 	CALL __PUTDP1
                 	.ENDM
                 
                 	.MACRO __PUTB1RN
                 	MOVW R26,R@0
                 	SUBI R26,LOW(-@1)
                 	SBCI R27,HIGH(-@1)
                 	ST   X,R30
                 	.ENDM
                 
                 	.MACRO __PUTW1RN
                 	MOVW R26,R@0
                 	SUBI R26,LOW(-@1)
                 	SBCI R27,HIGH(-@1)
                 	ST   X+,R30
                 	ST   X,R31
                 	.ENDM
                 
                 	.MACRO __PUTD1RN
                 	MOVW R26,R@0
                 	SUBI R26,LOW(-@1)
                 	SBCI R27,HIGH(-@1)
                 	CALL __PUTDP1
                 	.ENDM
                 
                 	.MACRO __PUTB1RNS
                 	MOVW R26,R@0
                 	ADIW R26,@1
                 	ST   X,R30
                 	.ENDM
                 
                 	.MACRO __PUTW1RNS
                 	MOVW R26,R@0
                 	ADIW R26,@1
                 	ST   X+,R30
                 	ST   X,R31
                 	.ENDM
                 
                 	.MACRO __PUTD1RNS
                 	MOVW R26,R@0
                 	ADIW R26,@1
                 	CALL __PUTDP1
                 	.ENDM
                 
                 	.MACRO __PUTB1RON
                 	MOV  R26,R@0
                 	MOV  R27,R@1
                 	SUBI R26,LOW(-@2)
                 	SBCI R27,HIGH(-@2)
                 	ST   X,R30
                 	.ENDM
                 
                 	.MACRO __PUTW1RON
                 	MOV  R26,R@0
                 	MOV  R27,R@1
                 	SUBI R26,LOW(-@2)
                 	SBCI R27,HIGH(-@2)
                 	ST   X+,R30
                 	ST   X,R31
                 	.ENDM
                 
                 	.MACRO __PUTD1RON
                 	MOV  R26,R@0
                 	MOV  R27,R@1
                 	SUBI R26,LOW(-@2)
                 	SBCI R27,HIGH(-@2)
                 	CALL __PUTDP1
                 	.ENDM
                 
                 	.MACRO __PUTB1RONS
                 	MOV  R26,R@0
                 	MOV  R27,R@1
                 	ADIW R26,@2
                 	ST   X,R30
                 	.ENDM
                 
                 	.MACRO __PUTW1RONS
                 	MOV  R26,R@0
                 	MOV  R27,R@1
                 	ADIW R26,@2
                 	ST   X+,R30
                 	ST   X,R31
                 	.ENDM
                 
                 	.MACRO __PUTD1RONS
                 	MOV  R26,R@0
                 	MOV  R27,R@1
                 	ADIW R26,@2
                 	CALL __PUTDP1
                 	.ENDM
                 
                 
                 	.MACRO __GETB1SX
                 	MOVW R30,R28
                 	SUBI R30,LOW(-@0)
                 	SBCI R31,HIGH(-@0)
                 	LD   R30,Z
                 	.ENDM
                 
                 	.MACRO __GETB1HSX
                 	MOVW R30,R28
                 	SUBI R30,LOW(-@0)
                 	SBCI R31,HIGH(-@0)
                 	LD   R31,Z
                 	.ENDM
                 
                 	.MACRO __GETW1SX
                 	MOVW R30,R28
                 	SUBI R30,LOW(-@0)
                 	SBCI R31,HIGH(-@0)
                 	LD   R0,Z+
                 	LD   R31,Z
                 	MOV  R30,R0
                 	.ENDM
                 
                 	.MACRO __GETD1SX
                 	MOVW R30,R28
                 	SUBI R30,LOW(-@0)
                 	SBCI R31,HIGH(-@0)
                 	LD   R0,Z+
                 	LD   R1,Z+
                 	LD   R22,Z+
                 	LD   R23,Z
                 	MOVW R30,R0
                 	.ENDM
                 
                 	.MACRO __GETB2SX
                 	MOVW R26,R28
                 	SUBI R26,LOW(-@0)
                 	SBCI R27,HIGH(-@0)
                 	LD   R26,X
                 	.ENDM
                 
                 	.MACRO __GETW2SX
                 	MOVW R26,R28
                 	SUBI R26,LOW(-@0)
                 	SBCI R27,HIGH(-@0)
                 	LD   R0,X+
                 	LD   R27,X
                 	MOV  R26,R0
                 	.ENDM
                 
                 	.MACRO __GETD2SX
                 	MOVW R26,R28
                 	SUBI R26,LOW(-@0)
                 	SBCI R27,HIGH(-@0)
                 	LD   R0,X+
                 	LD   R1,X+
                 	LD   R24,X+
                 	LD   R25,X
                 	MOVW R26,R0
                 	.ENDM
                 
                 	.MACRO __GETBRSX
                 	MOVW R30,R28
                 	SUBI R30,LOW(-@1)
                 	SBCI R31,HIGH(-@1)
                 	LD   R@0,Z
                 	.ENDM
                 
                 	.MACRO __GETWRSX
                 	MOVW R30,R28
                 	SUBI R30,LOW(-@2)
                 	SBCI R31,HIGH(-@2)
                 	LD   R@0,Z+
                 	LD   R@1,Z
                 	.ENDM
                 
                 	.MACRO __GETBRSX2
                 	MOVW R26,R28
                 	SUBI R26,LOW(-@1)
                 	SBCI R27,HIGH(-@1)
                 	LD   R@0,X
                 	.ENDM
                 
                 	.MACRO __GETWRSX2
                 	MOVW R26,R28
                 	SUBI R26,LOW(-@2)
                 	SBCI R27,HIGH(-@2)
                 	LD   R@0,X+
                 	LD   R@1,X
                 	.ENDM
                 
                 	.MACRO __LSLW8SX
                 	MOVW R30,R28
                 	SUBI R30,LOW(-@0)
                 	SBCI R31,HIGH(-@0)
                 	LD   R31,Z
                 	CLR  R30
                 	.ENDM
                 
                 	.MACRO __PUTB1SX
                 	MOVW R26,R28
                 	SUBI R26,LOW(-@0)
                 	SBCI R27,HIGH(-@0)
                 	ST   X,R30
                 	.ENDM
                 
                 	.MACRO __PUTW1SX
                 	MOVW R26,R28
                 	SUBI R26,LOW(-@0)
                 	SBCI R27,HIGH(-@0)
                 	ST   X+,R30
                 	ST   X,R31
                 	.ENDM
                 
                 	.MACRO __PUTD1SX
                 	MOVW R26,R28
                 	SUBI R26,LOW(-@0)
                 	SBCI R27,HIGH(-@0)
                 	ST   X+,R30
                 	ST   X+,R31
                 	ST   X+,R22
                 	ST   X,R23
                 	.ENDM
                 
                 	.MACRO __CLRW1SX
                 	MOVW R26,R28
                 	SUBI R26,LOW(-@0)
                 	SBCI R27,HIGH(-@0)
                 	ST   X+,R30
                 	ST   X,R30
                 	.ENDM
                 
                 	.MACRO __CLRD1SX
                 	MOVW R26,R28
                 	SUBI R26,LOW(-@0)
                 	SBCI R27,HIGH(-@0)
                 	ST   X+,R30
                 	ST   X+,R30
                 	ST   X+,R30
                 	ST   X,R30
                 	.ENDM
                 
                 	.MACRO __PUTB2SX
                 	MOVW R30,R28
                 	SUBI R30,LOW(-@0)
                 	SBCI R31,HIGH(-@0)
                 	ST   Z,R26
                 	.ENDM
                 
                 	.MACRO __PUTW2SX
                 	MOVW R30,R28
                 	SUBI R30,LOW(-@0)
                 	SBCI R31,HIGH(-@0)
                 	ST   Z+,R26
                 	ST   Z,R27
                 	.ENDM
                 
                 	.MACRO __PUTD2SX
                 	MOVW R30,R28
                 	SUBI R30,LOW(-@0)
                 	SBCI R31,HIGH(-@0)
                 	ST   Z+,R26
                 	ST   Z+,R27
                 	ST   Z+,R24
                 	ST   Z,R25
                 	.ENDM
                 
                 	.MACRO __PUTBSRX
                 	MOVW R30,R28
                 	SUBI R30,LOW(-@1)
                 	SBCI R31,HIGH(-@1)
                 	ST   Z,R@0
                 	.ENDM
                 
                 	.MACRO __PUTWSRX
                 	MOVW R30,R28
                 	SUBI R30,LOW(-@2)
                 	SBCI R31,HIGH(-@2)
                 	ST   Z+,R@0
                 	ST   Z,R@1
                 	.ENDM
                 
                 	.MACRO __PUTB1SNX
                 	MOVW R26,R28
                 	SUBI R26,LOW(-@0)
                 	SBCI R27,HIGH(-@0)
                 	LD   R0,X+
                 	LD   R27,X
                 	MOV  R26,R0
                 	SUBI R26,LOW(-@1)
                 	SBCI R27,HIGH(-@1)
                 	ST   X,R30
                 	.ENDM
                 
                 	.MACRO __PUTW1SNX
                 	MOVW R26,R28
                 	SUBI R26,LOW(-@0)
                 	SBCI R27,HIGH(-@0)
                 	LD   R0,X+
                 	LD   R27,X
                 	MOV  R26,R0
                 	SUBI R26,LOW(-@1)
                 	SBCI R27,HIGH(-@1)
                 	ST   X+,R30
                 	ST   X,R31
                 	.ENDM
                 
                 	.MACRO __PUTD1SNX
                 	MOVW R26,R28
                 	SUBI R26,LOW(-@0)
                 	SBCI R27,HIGH(-@0)
                 	LD   R0,X+
                 	LD   R27,X
                 	MOV  R26,R0
                 	SUBI R26,LOW(-@1)
                 	SBCI R27,HIGH(-@1)
                 	ST   X+,R30
                 	ST   X+,R31
                 	ST   X+,R22
                 	ST   X,R23
                 	.ENDM
                 
                 	.MACRO __MULBRR
                 	MULS R@0,R@1
                 	MOVW R30,R0
                 	.ENDM
                 
                 	.MACRO __MULBRRU
                 	MUL  R@0,R@1
                 	MOVW R30,R0
                 	.ENDM
                 
                 	.MACRO __MULBRR0
                 	MULS R@0,R@1
                 	.ENDM
                 
                 	.MACRO __MULBRRU0
                 	MUL  R@0,R@1
                 	.ENDM
                 
                 	.MACRO __MULBNWRU
                 	LDI  R26,@2
                 	MUL  R26,R@0
                 	MOVW R30,R0
                 	MUL  R26,R@1
                 	ADD  R31,R0
                 	.ENDM
                 
                 ;NAME DEFINITIONS FOR GLOBAL VARIABLES ALLOCATED TO REGISTERS
                 	.DEF _i=R4
                 	.DEF _i_msb=R5
                 	.DEF __lcd_x=R7
                 	.DEF __lcd_y=R6
                 	.DEF __lcd_maxx=R9
                 
                 	.CSEG
                 	.ORG 0x00
                 
                 ;START OF CODE MARKER
                 __START_OF_CODE:
                 
                 ;INTERRUPT VECTORS
000000 940c 0060 	JMP  __RESET
000002 940c 0000 	JMP  0x00
000004 940c 0000 	JMP  0x00
000006 940c 0000 	JMP  0x00
000008 940c 0000 	JMP  0x00
00000a 940c 0000 	JMP  0x00
00000c 940c 0000 	JMP  0x00
00000e 940c 0000 	JMP  0x00
000010 940c 0000 	JMP  0x00
000012 940c 0000 	JMP  0x00
000014 940c 0000 	JMP  0x00
000016 940c 0000 	JMP  0x00
000018 940c 0000 	JMP  0x00
00001a 940c 0000 	JMP  0x00
00001c 940c 0000 	JMP  0x00
00001e 940c 0000 	JMP  0x00
000020 940c 0000 	JMP  0x00
000022 940c 0000 	JMP  0x00
000024 940c 0000 	JMP  0x00
000026 940c 0000 	JMP  0x00
000028 940c 0000 	JMP  0x00
00002a 940c 0000 	JMP  0x00
00002c 940c 0000 	JMP  0x00
00002e 940c 0000 	JMP  0x00
000030 940c 0000 	JMP  0x00
000032 940c 0000 	JMP  0x00
000034 940c 0000 	JMP  0x00
000036 940c 0000 	JMP  0x00
000038 940c 0000 	JMP  0x00
00003a 940c 0000 	JMP  0x00
00003c 940c 0000 	JMP  0x00
00003e 940c 0000 	JMP  0x00
000040 940c 0000 	JMP  0x00
000042 940c 0000 	JMP  0x00
000044 940c 0000 	JMP  0x00
                 
                 _tbl10_G101:
000046 2710
000047 03e8
000048 0064
000049 000a      	.DB  0x10,0x27,0xE8,0x3,0x64,0x0,0xA,0x0
00004a 0001      	.DB  0x1,0x0
                 _tbl16_G101:
00004b 1000
00004c 0100
00004d 0010
00004e 0001      	.DB  0x0,0x10,0x0,0x1,0x10,0x0,0x1,0x0
                 
                 _0x0:
00004f 7543
000050 7272
000051 6e65
000052 2074      	.DB  0x43,0x75,0x72,0x72,0x65,0x6E,0x74,0x20
000053 6156
000054 756c
000055 0065
000056 4144      	.DB  0x56,0x61,0x6C,0x75,0x65,0x0,0x44,0x41
000057 4154
000058 253d
000059 6434
D:\2019_MAPU\LCD_30203\Debug\List\LCD1_30203.asm(1155): warning: .cseg .db misalignment - padding zero byte
00005a 0000      	.DB  0x54,0x41,0x3D,0x25,0x34,0x64,0x0
                 _0x2000003:
00005b c080      	.DB  0x80,0xC0
                 
                 __GLOBAL_INI_TBL:
00005c 0002      	.DW  0x02
00005d 0510      	.DW  __base_y_G100
00005e 00b6      	.DW  _0x2000003*2
                 
                 _0xFFFFFFFF:
00005f 0000      	.DW  0
                 
                 #define __GLOBAL_INI_TBL_PRESENT 1
                 
                 __RESET:
000060 94f8      	CLI
000061 27ee      	CLR  R30
000062 bbec      	OUT  EECR,R30
                 
                 ;INTERRUPT VECTORS ARE PLACED
                 ;AT THE START OF FLASH
000063 e0f1      	LDI  R31,1
000064 bff5      	OUT  MCUCR,R31
000065 bfe5      	OUT  MCUCR,R30
000066 93e0 006c 	STS  XMCRB,R30
                 
                 ;CLEAR R2-R14
000068 e08d      	LDI  R24,(14-2)+1
000069 e0a2      	LDI  R26,2
00006a 27bb      	CLR  R27
                 __CLEAR_REG:
00006b 93ed      	ST   X+,R30
00006c 958a      	DEC  R24
00006d f7e9      	BRNE __CLEAR_REG
                 
                 ;CLEAR SRAM
00006e e080      	LDI  R24,LOW(__CLEAR_SRAM_SIZE)
00006f e190      	LDI  R25,HIGH(__CLEAR_SRAM_SIZE)
000070 e0a0      	LDI  R26,LOW(__SRAM_START)
000071 e0b1      	LDI  R27,HIGH(__SRAM_START)
                 __CLEAR_SRAM:
000072 93ed      	ST   X+,R30
000073 9701      	SBIW R24,1
000074 f7e9      	BRNE __CLEAR_SRAM
                 
                 ;GLOBAL VARIABLES INITIALIZATION
000075 ebe8      	LDI  R30,LOW(__GLOBAL_INI_TBL*2)
000076 e0f0      	LDI  R31,HIGH(__GLOBAL_INI_TBL*2)
                 __GLOBAL_INI_NEXT:
000077 9185      	LPM  R24,Z+
000078 9195      	LPM  R25,Z+
000079 9700      	SBIW R24,0
00007a f061      	BREQ __GLOBAL_INI_END
00007b 91a5      	LPM  R26,Z+
00007c 91b5      	LPM  R27,Z+
00007d 9005      	LPM  R0,Z+
00007e 9015      	LPM  R1,Z+
00007f 01bf      	MOVW R22,R30
000080 01f0      	MOVW R30,R0
                 __GLOBAL_INI_LOOP:
000081 9005      	LPM  R0,Z+
000082 920d      	ST   X+,R0
000083 9701      	SBIW R24,1
000084 f7e1      	BRNE __GLOBAL_INI_LOOP
000085 01fb      	MOVW R30,R22
000086 cff0      	RJMP __GLOBAL_INI_NEXT
                 __GLOBAL_INI_END:
                 
000087 bf8b      	OUT  RAMPZ,R24
                 
                 ;HARDWARE STACK POINTER INITIALIZATION
000088 efef      	LDI  R30,LOW(__SRAM_END-__HEAP_SIZE)
000089 bfed      	OUT  SPL,R30
00008a e1e0      	LDI  R30,HIGH(__SRAM_END-__HEAP_SIZE)
00008b bfee      	OUT  SPH,R30
                 
                 ;DATA STACK POINTER INITIALIZATION
00008c e0c0      	LDI  R28,LOW(__SRAM_START+__DSTACK_SIZE)
00008d e0d5      	LDI  R29,HIGH(__SRAM_START+__DSTACK_SIZE)
                 
00008e 940c 0090 	JMP  _main
                 
                 	.ESEG
                 	.ORG 0x00
                 
                 	.DSEG
                 	.ORG 0x500
                 
                 	.CSEG
                 ;#include <mega128a.h>   //atmega128을 사용하기 위함
                 	#ifndef __SLEEP_DEFINED__
                 	#define __SLEEP_DEFINED__
                 	.EQU __se_bit=0x20
                 	.EQU __sm_mask=0x1C
                 	.EQU __sm_powerdown=0x10
                 	.EQU __sm_powersave=0x18
                 	.EQU __sm_standby=0x14
                 	.EQU __sm_ext_standby=0x1C
                 	.EQU __sm_adc_noise_red=0x08
                 	.SET power_ctrl_reg=mcucr
                 	#endif
                 ;
                 ;#asm
                     .equ __lcd_port=0x1b    //lcd 를 포트A로 사용
                 ; 0000 0005 #endasm
                 ;
                 ;#include <lcd.h>    //lcd 함수
                 ;#include <delay.h>  //delay 함수
                 ;#include <stdio.h>  //stdio 함수
                 ;
                 ;int i;  //숫자
                 ;char sbuf[16];  //문자
                 ;
                 ;void main(void)
                 ; 0000 000F {
                 
                 	.CSEG
                 _main:
                 ; .FSTART _main
                 ; 0000 0010 
                 ; 0000 0011     while (1)
                 _0x3:
                 ; 0000 0012     {
                 ; 0000 0013         lcd_gotoxy(0,0);    //글자가 표시될 위치
000090 e0e0      	LDI  R30,LOW(0)
000091 93ea      	ST   -Y,R30
000092 e0a0      	LDI  R26,LOW(0)
000093 d053      	RCALL _lcd_gotoxy
                 ; 0000 0014         lcd_putsf("Current Value");    //Current Value 출력
                +
000094 e9ae     +LDI R26 , LOW ( 2 * _0x0 + ( 0 ) )
000095 e0b0     +LDI R27 , HIGH ( 2 * _0x0 + ( 0 ) )
                 	__POINTW2FN _0x0,0
000096 d086      	RCALL _lcd_putsf
                 ; 0000 0015         for(i=0;i<=100;i++){    //0~100까지
000097 2444      	CLR  R4
000098 2455      	CLR  R5
                 _0x7:
000099 e6e4      	LDI  R30,LOW(100)
00009a e0f0      	LDI  R31,HIGH(100)
00009b 15e4      	CP   R30,R4
00009c 05f5      	CPC  R31,R5
00009d f0e4      	BRLT _0x8
                 ; 0000 0016             sprintf(sbuf, "DATA=%4d",i);    //sbuf 에 데이터 저장
00009e e0e0      	LDI  R30,LOW(_sbuf)
00009f e0f5      	LDI  R31,HIGH(_sbuf)
0000a0 93fa      	ST   -Y,R31
0000a1 93ea      	ST   -Y,R30
                +
0000a2 eaec     +LDI R30 , LOW ( 2 * _0x0 + ( 14 ) )
0000a3 e0f0     +LDI R31 , HIGH ( 2 * _0x0 + ( 14 ) )
                 	__POINTW1FN _0x0,14
0000a4 93fa      	ST   -Y,R31
0000a5 93ea      	ST   -Y,R30
0000a6 01f2      	MOVW R30,R4
0000a7 d260      	RCALL __CWD1
0000a8 d26c      	RCALL __PUTPARD1
0000a9 e084      	LDI  R24,4
0000aa d1d6      	RCALL _sprintf
0000ab 9628      	ADIW R28,8
                 ; 0000 0017             lcd_gotoxy(0,1);    //글자가 표시될 위치
0000ac e0e0      	LDI  R30,LOW(0)
0000ad 93ea      	ST   -Y,R30
0000ae e0a1      	LDI  R26,LOW(1)
0000af d037      	RCALL _lcd_gotoxy
                 ; 0000 0018             lcd_puts(sbuf);    //sbuf 출력
0000b0 e0a0      	LDI  R26,LOW(_sbuf)
0000b1 e0b5      	LDI  R27,HIGH(_sbuf)
0000b2 d05b      	RCALL _lcd_puts
                 ; 0000 0019             delay_ms(500);    //0.5초 딜레이
0000b3 efa4      	LDI  R26,LOW(500)
0000b4 e0b1      	LDI  R27,HIGH(500)
0000b5 d264      	RCALL _delay_ms
                 ; 0000 001A         }
0000b6 01f2      	MOVW R30,R4
0000b7 9631      	ADIW R30,1
0000b8 012f      	MOVW R4,R30
0000b9 cfdf      	RJMP _0x7
                 _0x8:
                 ; 0000 001B     }
0000ba cfd5      	RJMP _0x3
                 ; 0000 001C }
                 _0x9:
0000bb cfff      	RJMP _0x9
                 ; .FEND
                 	#ifndef __SLEEP_DEFINED__
                 	#endif
                     .equ __lcd_direction=__lcd_port-1
                     .equ __lcd_pin=__lcd_port-2
                     .equ __lcd_rs=0
                     .equ __lcd_rd=1
                     .equ __lcd_enable=2
                     .equ __lcd_busy_flag=7
                 
                 	.DSEG
                 
                 	.CSEG
                 __lcd_delay_G100:
                 ; .FSTART __lcd_delay_G100
0000bc e0ff          ldi   r31,15
                 __lcd_delay0:
0000bd 95fa          dec   r31
0000be f7f1          brne  __lcd_delay0
0000bf 9508      	RET
                 ; .FEND
                 __lcd_ready:
                 ; .FSTART __lcd_ready
0000c0 b3aa          in    r26,__lcd_direction
0000c1 70af          andi  r26,0xf                 ;set as input
0000c2 bbaa          out   __lcd_direction,r26
0000c3 9ad9          sbi   __lcd_port,__lcd_rd     ;RD=1
0000c4 98d8          cbi   __lcd_port,__lcd_rs     ;RS=0
                 __lcd_busy:
0000c5 dff6      	RCALL __lcd_delay_G100
0000c6 9ada          sbi   __lcd_port,__lcd_enable ;EN=1
0000c7 dff4      	RCALL __lcd_delay_G100
0000c8 b3a9          in    r26,__lcd_pin
0000c9 98da          cbi   __lcd_port,__lcd_enable ;EN=0
0000ca dff1      	RCALL __lcd_delay_G100
0000cb 9ada          sbi   __lcd_port,__lcd_enable ;EN=1
0000cc dfef      	RCALL __lcd_delay_G100
0000cd 98da          cbi   __lcd_port,__lcd_enable ;EN=0
0000ce fda7          sbrc  r26,__lcd_busy_flag
0000cf cff5          rjmp  __lcd_busy
0000d0 9508      	RET
                 ; .FEND
                 __lcd_write_nibble_G100:
                 ; .FSTART __lcd_write_nibble_G100
0000d1 7fa0          andi  r26,0xf0
0000d2 2bab          or    r26,r27
0000d3 bbab          out   __lcd_port,r26          ;write
0000d4 9ada          sbi   __lcd_port,__lcd_enable ;EN=1
0000d5 dfe6      	RCALL __lcd_delay_G100
0000d6 98da          cbi   __lcd_port,__lcd_enable ;EN=0
0000d7 dfe4      	RCALL __lcd_delay_G100
0000d8 9508      	RET
                 ; .FEND
                 __lcd_write_data:
                 ; .FSTART __lcd_write_data
0000d9 93aa      	ST   -Y,R26
0000da 98d9          cbi  __lcd_port,__lcd_rd 	  ;RD=0
0000db b3aa          in    r26,__lcd_direction
0000dc 6fa7          ori   r26,0xf0 | (1<<__lcd_rs) | (1<<__lcd_rd) | (1<<__lcd_enable) ;set as output
0000dd bbaa          out   __lcd_direction,r26
0000de b3bb          in    r27,__lcd_port
0000df 70bf          andi  r27,0xf
0000e0 81a8          ld    r26,y
0000e1 dfef      	RCALL __lcd_write_nibble_G100
0000e2 81a8          ld    r26,y
0000e3 95a2          swap  r26
0000e4 dfec      	RCALL __lcd_write_nibble_G100
0000e5 9ad9          sbi   __lcd_port,__lcd_rd     ;RD=1
0000e6 c025      	RJMP _0x2080003
                 ; .FEND
                 _lcd_gotoxy:
                 ; .FSTART _lcd_gotoxy
0000e7 93aa      	ST   -Y,R26
0000e8 dfd7      	RCALL __lcd_ready
0000e9 81e8      	LD   R30,Y
0000ea e0f0      	LDI  R31,0
0000eb 5fe0      	SUBI R30,LOW(-__base_y_G100)
0000ec 4ffa      	SBCI R31,HIGH(-__base_y_G100)
0000ed 81e0      	LD   R30,Z
0000ee 81a9      	LDD  R26,Y+1
0000ef 0fae      	ADD  R26,R30
0000f0 dfe8      	RCALL __lcd_write_data
0000f1 8079      	LDD  R7,Y+1
0000f2 8068      	LDD  R6,Y+0
0000f3 9622      	ADIW R28,2
0000f4 9508      	RET
                 ; .FEND
                 _lcd_putchar:
                 ; .FSTART _lcd_putchar
0000f5 93aa      	ST   -Y,R26
0000f6 93ef          push r30
0000f7 93ff          push r31
0000f8 81a8          ld   r26,y
0000f9 9468          set
0000fa 30aa          cpi  r26,10
0000fb f019          breq __lcd_putchar1
0000fc 94e8          clt
0000fd 1479      	CP   R7,R9
0000fe f030      	BRLO _0x2000004
                 	__lcd_putchar1:
0000ff 9463      	INC  R6
000100 e0e0      	LDI  R30,LOW(0)
000101 93ea      	ST   -Y,R30
000102 2da6      	MOV  R26,R6
000103 dfe3      	RCALL _lcd_gotoxy
000104 f02e      	brts __lcd_putchar0
                 _0x2000004:
000105 9473      	INC  R7
000106 dfb9          rcall __lcd_ready
000107 9ad8          sbi  __lcd_port,__lcd_rs ;RS=1
000108 81a8      	LD   R26,Y
000109 dfcf      	RCALL __lcd_write_data
                 __lcd_putchar0:
00010a 91ff          pop  r31
00010b 91ef          pop  r30
                 _0x2080003:
00010c 9621      	ADIW R28,1
00010d 9508      	RET
                 ; .FEND
                 _lcd_puts:
                 ; .FSTART _lcd_puts
00010e 93ba      	ST   -Y,R27
00010f 93aa      	ST   -Y,R26
000110 931a      	ST   -Y,R17
                 _0x2000005:
000111 81a9      	LDD  R26,Y+1
000112 81ba      	LDD  R27,Y+1+1
000113 91ed      	LD   R30,X+
000114 83a9      	STD  Y+1,R26
000115 83ba      	STD  Y+1+1,R27
000116 2f1e      	MOV  R17,R30
000117 30e0      	CPI  R30,0
000118 f019      	BREQ _0x2000007
000119 2fa1      	MOV  R26,R17
00011a dfda      	RCALL _lcd_putchar
00011b cff5      	RJMP _0x2000005
                 _0x2000007:
00011c c010      	RJMP _0x2080002
                 ; .FEND
                 _lcd_putsf:
                 ; .FSTART _lcd_putsf
00011d 93ba      	ST   -Y,R27
00011e 93aa      	ST   -Y,R26
00011f 931a      	ST   -Y,R17
                 _0x2000008:
000120 81e9      	LDD  R30,Y+1
000121 81fa      	LDD  R31,Y+1+1
000122 9631      	ADIW R30,1
000123 83e9      	STD  Y+1,R30
000124 83fa      	STD  Y+1+1,R31
000125 9731      	SBIW R30,1
000126 91e4      	LPM  R30,Z
000127 2f1e      	MOV  R17,R30
000128 30e0      	CPI  R30,0
000129 f019      	BREQ _0x200000A
00012a 2fa1      	MOV  R26,R17
00012b dfc9      	RCALL _lcd_putchar
00012c cff3      	RJMP _0x2000008
                 _0x200000A:
                 _0x2080002:
00012d 8118      	LDD  R17,Y+0
00012e 9623      	ADIW R28,3
00012f 9508      	RET
                 ; .FEND
                 	#ifndef __SLEEP_DEFINED__
                 	#endif
                 
                 	.CSEG
                 _put_buff_G101:
                 ; .FSTART _put_buff_G101
000130 d1bd      	RCALL __SAVELOCR6
000131 019d      	MOVW R18,R26
000132 815e      	LDD  R21,Y+6
000133 9612      	ADIW R26,2
000134 d1d8      	RCALL __GETW1P
000135 9730      	SBIW R30,0
000136 f0e1      	BREQ _0x2020010
000137 01d9      	MOVW R26,R18
000138 9614      	ADIW R26,4
000139 d1d3      	RCALL __GETW1P
00013a 018f      	MOVW R16,R30
00013b 9730      	SBIW R30,0
00013c f059      	BREQ _0x2020012
                +
00013d 3002     +CPI R16 , LOW ( 2 )
00013e e0e0     +LDI R30 , HIGH ( 2 )
00013f 071e     +CPC R17 , R30
                 	__CPWRN 16,17,2
000140 f060      	BRLO _0x2020013
000141 01f8      	MOVW R30,R16
000142 9731      	SBIW R30,1
000143 018f      	MOVW R16,R30
                +
000144 01d9     +MOVW R26 , R18
000145 9614     +ADIW R26 , 4
000146 93ed     +ST X + , R30
000147 93fc     +ST X , R31
                 	__PUTW1RNS 18,4
                 _0x2020012:
000148 01d9      	MOVW R26,R18
000149 9612      	ADIW R26,2
00014a d180      	RCALL SUBOPT_0x0
00014b 9731      	SBIW R30,1
00014c 8350      	ST   Z,R21
                 _0x2020013:
00014d 01d9      	MOVW R26,R18
00014e d1be      	RCALL __GETW1P
00014f 23ff      	TST  R31
000150 f00a      	BRMI _0x2020014
000151 d179      	RCALL SUBOPT_0x0
                 _0x2020014:
000152 c005      	RJMP _0x2020015
                 _0x2020010:
000153 01d9      	MOVW R26,R18
000154 efef      	LDI  R30,LOW(65535)
000155 efff      	LDI  R31,HIGH(65535)
000156 93ed      	ST   X+,R30
000157 93fc      	ST   X,R31
                 _0x2020015:
000158 d19c      	RCALL __LOADLOCR6
000159 9627      	ADIW R28,7
00015a 9508      	RET
                 ; .FEND
                 __print_G101:
                 ; .FSTART __print_G101
00015b 93ba      	ST   -Y,R27
00015c 93aa      	ST   -Y,R26
00015d 9726      	SBIW R28,6
00015e d18f      	RCALL __SAVELOCR6
00015f e010      	LDI  R17,0
000160 85ac      	LDD  R26,Y+12
000161 85bd      	LDD  R27,Y+12+1
000162 e0e0      	LDI  R30,LOW(0)
000163 e0f0      	LDI  R31,HIGH(0)
000164 93ed      	ST   X+,R30
000165 93fc      	ST   X,R31
                 _0x2020016:
000166 89ea      	LDD  R30,Y+18
000167 89fb      	LDD  R31,Y+18+1
000168 9631      	ADIW R30,1
000169 8bea      	STD  Y+18,R30
00016a 8bfb      	STD  Y+18+1,R31
00016b 9731      	SBIW R30,1
00016c 91e4      	LPM  R30,Z
00016d 2f2e      	MOV  R18,R30
00016e 30e0      	CPI  R30,0
00016f f409      	BRNE PC+2
000170 c109      	RJMP _0x2020018
000171 2fe1      	MOV  R30,R17
000172 30e0      	CPI  R30,0
000173 f431      	BRNE _0x202001C
000174 3225      	CPI  R18,37
000175 f411      	BRNE _0x202001D
000176 e011      	LDI  R17,LOW(1)
000177 c001      	RJMP _0x202001E
                 _0x202001D:
000178 d158      	RCALL SUBOPT_0x1
                 _0x202001E:
000179 c0ff      	RJMP _0x202001B
                 _0x202001C:
00017a 30e1      	CPI  R30,LOW(0x1)
00017b f4a1      	BRNE _0x202001F
00017c 3225      	CPI  R18,37
00017d f411      	BRNE _0x2020020
00017e d152      	RCALL SUBOPT_0x1
00017f c0f8      	RJMP _0x20200CC
                 _0x2020020:
000180 e012      	LDI  R17,LOW(2)
000181 e040      	LDI  R20,LOW(0)
000182 e000      	LDI  R16,LOW(0)
000183 322d      	CPI  R18,45
000184 f411      	BRNE _0x2020021
000185 e001      	LDI  R16,LOW(1)
000186 c0f2      	RJMP _0x202001B
                 _0x2020021:
000187 322b      	CPI  R18,43
000188 f411      	BRNE _0x2020022
000189 e24b      	LDI  R20,LOW(43)
00018a c0ee      	RJMP _0x202001B
                 _0x2020022:
00018b 3220      	CPI  R18,32
00018c f411      	BRNE _0x2020023
00018d e240      	LDI  R20,LOW(32)
00018e c0ea      	RJMP _0x202001B
                 _0x2020023:
00018f c002      	RJMP _0x2020024
                 _0x202001F:
000190 30e2      	CPI  R30,LOW(0x2)
000191 f439      	BRNE _0x2020025
                 _0x2020024:
000192 e050      	LDI  R21,LOW(0)
000193 e013      	LDI  R17,LOW(3)
000194 3320      	CPI  R18,48
000195 f411      	BRNE _0x2020026
000196 6800      	ORI  R16,LOW(128)
000197 c0e1      	RJMP _0x202001B
                 _0x2020026:
000198 c003      	RJMP _0x2020027
                 _0x2020025:
000199 30e3      	CPI  R30,LOW(0x3)
00019a f009      	BREQ PC+2
00019b c0dd      	RJMP _0x202001B
                 _0x2020027:
00019c 3320      	CPI  R18,48
00019d f010      	BRLO _0x202002A
00019e 332a      	CPI  R18,58
00019f f008      	BRLO _0x202002B
                 _0x202002A:
0001a0 c007      	RJMP _0x2020029
                 _0x202002B:
0001a1 e0aa      	LDI  R26,LOW(10)
0001a2 9f5a      	MUL  R21,R26
0001a3 2d50      	MOV  R21,R0
0001a4 2fe2      	MOV  R30,R18
0001a5 53e0      	SUBI R30,LOW(48)
0001a6 0f5e      	ADD  R21,R30
0001a7 c0d1      	RJMP _0x202001B
                 _0x2020029:
0001a8 2fe2      	MOV  R30,R18
0001a9 36e3      	CPI  R30,LOW(0x63)
0001aa f439      	BRNE _0x202002F
0001ab d12c      	RCALL SUBOPT_0x2
0001ac 89e8      	LDD  R30,Y+16
0001ad 89f9      	LDD  R31,Y+16+1
0001ae 81a4      	LDD  R26,Z+4
0001af 93aa      	ST   -Y,R26
0001b0 d12d      	RCALL SUBOPT_0x3
0001b1 c0c6      	RJMP _0x2020030
                 _0x202002F:
0001b2 37e3      	CPI  R30,LOW(0x73)
0001b3 f429      	BRNE _0x2020032
0001b4 d123      	RCALL SUBOPT_0x2
0001b5 d12e      	RCALL SUBOPT_0x4
0001b6 d0fb      	RCALL _strlen
0001b7 2f1e      	MOV  R17,R30
0001b8 c007      	RJMP _0x2020033
                 _0x2020032:
0001b9 37e0      	CPI  R30,LOW(0x70)
0001ba f449      	BRNE _0x2020035
0001bb d11c      	RCALL SUBOPT_0x2
0001bc d127      	RCALL SUBOPT_0x4
0001bd d100      	RCALL _strlenf
0001be 2f1e      	MOV  R17,R30
0001bf 6008      	ORI  R16,LOW(8)
                 _0x2020033:
0001c0 6002      	ORI  R16,LOW(2)
0001c1 770f      	ANDI R16,LOW(127)
0001c2 e030      	LDI  R19,LOW(0)
0001c3 c038      	RJMP _0x2020036
                 _0x2020035:
0001c4 36e4      	CPI  R30,LOW(0x64)
0001c5 f011      	BREQ _0x2020039
0001c6 36e9      	CPI  R30,LOW(0x69)
0001c7 f411      	BRNE _0x202003A
                 _0x2020039:
0001c8 6004      	ORI  R16,LOW(4)
0001c9 c002      	RJMP _0x202003B
                 _0x202003A:
0001ca 37e5      	CPI  R30,LOW(0x75)
0001cb f431      	BRNE _0x202003C
                 _0x202003B:
0001cc e8ec      	LDI  R30,LOW(_tbl10_G101*2)
0001cd e0f0      	LDI  R31,HIGH(_tbl10_G101*2)
0001ce 83ee      	STD  Y+6,R30
0001cf 83ff      	STD  Y+6+1,R31
0001d0 e015      	LDI  R17,LOW(5)
0001d1 c00c      	RJMP _0x202003D
                 _0x202003C:
0001d2 35e8      	CPI  R30,LOW(0x58)
0001d3 f411      	BRNE _0x202003F
0001d4 6008      	ORI  R16,LOW(8)
0001d5 c003      	RJMP _0x2020040
                 _0x202003F:
0001d6 37e8      	CPI  R30,LOW(0x78)
0001d7 f009      	BREQ PC+2
0001d8 c09f      	RJMP _0x2020071
                 _0x2020040:
0001d9 e9e6      	LDI  R30,LOW(_tbl16_G101*2)
0001da e0f0      	LDI  R31,HIGH(_tbl16_G101*2)
0001db 83ee      	STD  Y+6,R30
0001dc 83ff      	STD  Y+6+1,R31
0001dd e014      	LDI  R17,LOW(4)
                 _0x202003D:
0001de ff02      	SBRS R16,2
0001df c015      	RJMP _0x2020042
0001e0 d0f7      	RCALL SUBOPT_0x2
0001e1 89a8      	LDD  R26,Y+16
0001e2 89b9      	LDD  R27,Y+16+1
0001e3 9614      	ADIW R26,4
0001e4 91ed      	LD   R30,X+
0001e5 91fd      	LD   R31,X+
0001e6 87ea      	STD  Y+10,R30
0001e7 87fb      	STD  Y+10+1,R31
0001e8 85ab      	LDD  R26,Y+11
0001e9 23aa      	TST  R26
0001ea f422      	BRPL _0x2020043
0001eb d118      	RCALL __ANEGW1
0001ec 87ea      	STD  Y+10,R30
0001ed 87fb      	STD  Y+10+1,R31
0001ee e24d      	LDI  R20,LOW(45)
                 _0x2020043:
0001ef 3040      	CPI  R20,0
0001f0 f011      	BREQ _0x2020044
0001f1 5f1f      	SUBI R17,-LOW(1)
0001f2 c001      	RJMP _0x2020045
                 _0x2020044:
0001f3 7f0b      	ANDI R16,LOW(251)
                 _0x2020045:
0001f4 c007      	RJMP _0x2020046
                 _0x2020042:
0001f5 d0e2      	RCALL SUBOPT_0x2
0001f6 89a8      	LDD  R26,Y+16
0001f7 89b9      	LDD  R27,Y+16+1
0001f8 9614      	ADIW R26,4
0001f9 d113      	RCALL __GETW1P
0001fa 87ea      	STD  Y+10,R30
0001fb 87fb      	STD  Y+10+1,R31
                 _0x2020046:
                 _0x2020036:
0001fc fd00      	SBRC R16,0
0001fd c010      	RJMP _0x2020047
                 _0x2020048:
0001fe 1715      	CP   R17,R21
0001ff f470      	BRSH _0x202004A
000200 ff07      	SBRS R16,7
000201 c008      	RJMP _0x202004B
000202 ff02      	SBRS R16,2
000203 c004      	RJMP _0x202004C
000204 7f0b      	ANDI R16,LOW(251)
000205 2f24      	MOV  R18,R20
000206 5011      	SUBI R17,LOW(1)
000207 c001      	RJMP _0x202004D
                 _0x202004C:
000208 e320      	LDI  R18,LOW(48)
                 _0x202004D:
000209 c001      	RJMP _0x202004E
                 _0x202004B:
00020a e220      	LDI  R18,LOW(32)
                 _0x202004E:
00020b d0c5      	RCALL SUBOPT_0x1
00020c 5051      	SUBI R21,LOW(1)
00020d cff0      	RJMP _0x2020048
                 _0x202004A:
                 _0x2020047:
00020e 2f31      	MOV  R19,R17
00020f ff01      	SBRS R16,1
000210 c016      	RJMP _0x202004F
                 _0x2020050:
000211 3030      	CPI  R19,0
000212 f099      	BREQ _0x2020052
000213 ff03      	SBRS R16,3
000214 c006      	RJMP _0x2020053
000215 81ee      	LDD  R30,Y+6
000216 81ff      	LDD  R31,Y+6+1
000217 9125      	LPM  R18,Z+
000218 83ee      	STD  Y+6,R30
000219 83ff      	STD  Y+6+1,R31
00021a c005      	RJMP _0x2020054
                 _0x2020053:
00021b 81ae      	LDD  R26,Y+6
00021c 81bf      	LDD  R27,Y+6+1
00021d 912d      	LD   R18,X+
00021e 83ae      	STD  Y+6,R26
00021f 83bf      	STD  Y+6+1,R27
                 _0x2020054:
000220 d0b0      	RCALL SUBOPT_0x1
000221 3050      	CPI  R21,0
000222 f009      	BREQ _0x2020055
000223 5051      	SUBI R21,LOW(1)
                 _0x2020055:
000224 5031      	SUBI R19,LOW(1)
000225 cfeb      	RJMP _0x2020050
                 _0x2020052:
000226 c048      	RJMP _0x2020056
                 _0x202004F:
                 _0x2020058:
000227 e320      	LDI  R18,LOW(48)
000228 81ee      	LDD  R30,Y+6
000229 81ff      	LDD  R31,Y+6+1
00022a d0e6      	RCALL __GETW1PF
00022b 87e8      	STD  Y+8,R30
00022c 87f9      	STD  Y+8+1,R31
00022d 81ee      	LDD  R30,Y+6
00022e 81ff      	LDD  R31,Y+6+1
00022f 9632      	ADIW R30,2
000230 83ee      	STD  Y+6,R30
000231 83ff      	STD  Y+6+1,R31
                 _0x202005A:
000232 85e8      	LDD  R30,Y+8
000233 85f9      	LDD  R31,Y+8+1
000234 85aa      	LDD  R26,Y+10
000235 85bb      	LDD  R27,Y+10+1
000236 17ae      	CP   R26,R30
000237 07bf      	CPC  R27,R31
000238 f050      	BRLO _0x202005C
000239 5f2f      	SUBI R18,-LOW(1)
00023a 85a8      	LDD  R26,Y+8
00023b 85b9      	LDD  R27,Y+8+1
00023c 85ea      	LDD  R30,Y+10
00023d 85fb      	LDD  R31,Y+10+1
00023e 1bea      	SUB  R30,R26
00023f 0bfb      	SBC  R31,R27
000240 87ea      	STD  Y+10,R30
000241 87fb      	STD  Y+10+1,R31
000242 cfef      	RJMP _0x202005A
                 _0x202005C:
000243 332a      	CPI  R18,58
000244 f028      	BRLO _0x202005D
000245 ff03      	SBRS R16,3
000246 c002      	RJMP _0x202005E
000247 5f29      	SUBI R18,-LOW(7)
000248 c001      	RJMP _0x202005F
                 _0x202005E:
000249 5d29      	SUBI R18,-LOW(39)
                 _0x202005F:
                 _0x202005D:
00024a fd04      	SBRC R16,4
00024b c019      	RJMP _0x2020061
00024c 3321      	CPI  R18,49
00024d f420      	BRSH _0x2020063
00024e 85a8      	LDD  R26,Y+8
00024f 85b9      	LDD  R27,Y+8+1
000250 9711      	SBIW R26,1
000251 f409      	BRNE _0x2020062
                 _0x2020063:
000252 c009      	RJMP _0x20200CD
                 _0x2020062:
000253 1753      	CP   R21,R19
000254 f010      	BRLO _0x2020067
000255 ff00      	SBRS R16,0
000256 c001      	RJMP _0x2020068
                 _0x2020067:
000257 c011      	RJMP _0x2020066
                 _0x2020068:
000258 e220      	LDI  R18,LOW(32)
000259 ff07      	SBRS R16,7
00025a c00a      	RJMP _0x2020069
00025b e320      	LDI  R18,LOW(48)
                 _0x20200CD:
00025c 6100      	ORI  R16,LOW(16)
00025d ff02      	SBRS R16,2
00025e c006      	RJMP _0x202006A
00025f 7f0b      	ANDI R16,LOW(251)
000260 934a      	ST   -Y,R20
000261 d07c      	RCALL SUBOPT_0x3
000262 3050      	CPI  R21,0
000263 f009      	BREQ _0x202006B
000264 5051      	SUBI R21,LOW(1)
                 _0x202006B:
                 _0x202006A:
                 _0x2020069:
                 _0x2020061:
000265 d06b      	RCALL SUBOPT_0x1
000266 3050      	CPI  R21,0
000267 f009      	BREQ _0x202006C
000268 5051      	SUBI R21,LOW(1)
                 _0x202006C:
                 _0x2020066:
000269 5031      	SUBI R19,LOW(1)
00026a 85a8      	LDD  R26,Y+8
00026b 85b9      	LDD  R27,Y+8+1
00026c 9712      	SBIW R26,2
00026d f008      	BRLO _0x2020059
00026e cfb8      	RJMP _0x2020058
                 _0x2020059:
                 _0x2020056:
00026f ff00      	SBRS R16,0
000270 c007      	RJMP _0x202006D
                 _0x202006E:
000271 3050      	CPI  R21,0
000272 f029      	BREQ _0x2020070
000273 5051      	SUBI R21,LOW(1)
000274 e2e0      	LDI  R30,LOW(32)
000275 93ea      	ST   -Y,R30
000276 d067      	RCALL SUBOPT_0x3
000277 cff9      	RJMP _0x202006E
                 _0x2020070:
                 _0x202006D:
                 _0x2020071:
                 _0x2020030:
                 _0x20200CC:
000278 e010      	LDI  R17,LOW(0)
                 _0x202001B:
000279 ceec      	RJMP _0x2020016
                 _0x2020018:
00027a 85ac      	LDD  R26,Y+12
00027b 85bd      	LDD  R27,Y+12+1
00027c 91ed      	LD   R30,X+
00027d 91fd      	LD   R31,X+
00027e d076      	RCALL __LOADLOCR6
00027f 9664      	ADIW R28,20
000280 9508      	RET
                 ; .FEND
                 _sprintf:
                 ; .FSTART _sprintf
000281 92ff      	PUSH R15
000282 2ef8      	MOV  R15,R24
000283 9726      	SBIW R28,6
000284 d069      	RCALL __SAVELOCR6
000285 01fe      	MOVW R30,R28
000286 d075      	RCALL __ADDW1R15
                +
000287 8546     +LDD R20 , Z + 14
000288 8557     +LDD R21 , Z + 14 + 1
                 	__GETWRZ 20,21,14
000289 2e04      	MOV  R0,R20
00028a 2a05      	OR   R0,R21
00028b f419      	BRNE _0x2020072
00028c efef      	LDI  R30,LOW(65535)
00028d efff      	LDI  R31,HIGH(65535)
00028e c01f      	RJMP _0x2080001
                 _0x2020072:
00028f 01de      	MOVW R26,R28
000290 9618      	ADIW R26,8
000291 d06e      	RCALL __ADDW2R15
000292 018d      	MOVW R16,R26
                +
000293 8748     +STD Y + 8 , R20
000294 8759     +STD Y + 8 + 1 , R21
                 	__PUTWSR 20,21,8
000295 e0e0      	LDI  R30,LOW(0)
000296 87ea      	STD  Y+10,R30
000297 87eb      	STD  Y+10+1,R30
000298 01de      	MOVW R26,R28
000299 961c      	ADIW R26,12
00029a d065      	RCALL __ADDW2R15
00029b 91ed      	LD   R30,X+
00029c 91fd      	LD   R31,X+
00029d 93fa      	ST   -Y,R31
00029e 93ea      	ST   -Y,R30
00029f 931a      	ST   -Y,R17
0002a0 930a      	ST   -Y,R16
0002a1 e3e0      	LDI  R30,LOW(_put_buff_G101)
0002a2 e0f1      	LDI  R31,HIGH(_put_buff_G101)
0002a3 93fa      	ST   -Y,R31
0002a4 93ea      	ST   -Y,R30
0002a5 01de      	MOVW R26,R28
0002a6 961c      	ADIW R26,12
0002a7 deb3      	RCALL __print_G101
0002a8 019f      	MOVW R18,R30
0002a9 85a8      	LDD  R26,Y+8
0002aa 85b9      	LDD  R27,Y+8+1
0002ab e0e0      	LDI  R30,LOW(0)
0002ac 93ec      	ST   X,R30
0002ad 01f9      	MOVW R30,R18
                 _0x2080001:
0002ae d046      	RCALL __LOADLOCR6
0002af 962c      	ADIW R28,12
0002b0 90ff      	POP  R15
0002b1 9508      	RET
                 ; .FEND
                 
                 	.CSEG
                 
                 	.CSEG
                 _strlen:
                 ; .FSTART _strlen
0002b2 93ba      	ST   -Y,R27
0002b3 93aa      	ST   -Y,R26
0002b4 91a9          ld   r26,y+
0002b5 91b9          ld   r27,y+
0002b6 27ee          clr  r30
0002b7 27ff          clr  r31
                 strlen0:
0002b8 916d          ld   r22,x+
0002b9 2366          tst  r22
0002ba f011          breq strlen1
0002bb 9631          adiw r30,1
0002bc cffb          rjmp strlen0
                 strlen1:
0002bd 9508          ret
                 ; .FEND
                 _strlenf:
                 ; .FSTART _strlenf
0002be 93ba      	ST   -Y,R27
0002bf 93aa      	ST   -Y,R26
0002c0 27aa          clr  r26
0002c1 27bb          clr  r27
0002c2 91e9          ld   r30,y+
0002c3 91f9          ld   r31,y+
                 strlenf0:
0002c4 9005      	lpm  r0,z+
0002c5 2000          tst  r0
0002c6 f011          breq strlenf1
0002c7 9611          adiw r26,1
0002c8 cffb          rjmp strlenf0
                 strlenf1:
0002c9 01fd          movw r30,r26
0002ca 9508          ret
                 ; .FEND
                 
                 	.DSEG
                 _sbuf:
000500           	.BYTE 0x10
                 __base_y_G100:
000510           	.BYTE 0x4
                 
                 	.CSEG
                 ;OPTIMIZER ADDED SUBROUTINE, CALLED 2 TIMES, CODE SIZE REDUCTION:2 WORDS
                 SUBOPT_0x0:
0002cb 91ed      	LD   R30,X+
0002cc 91fd      	LD   R31,X+
0002cd 9631      	ADIW R30,1
0002ce 93fe      	ST   -X,R31
0002cf 93ee      	ST   -X,R30
0002d0 9508      	RET
                 
                 ;OPTIMIZER ADDED SUBROUTINE, CALLED 5 TIMES, CODE SIZE REDUCTION:18 WORDS
                 SUBOPT_0x1:
0002d1 932a      	ST   -Y,R18
0002d2 85ad      	LDD  R26,Y+13
0002d3 85be      	LDD  R27,Y+13+1
0002d4 85ef      	LDD  R30,Y+15
0002d5 89f8      	LDD  R31,Y+15+1
0002d6 9509      	ICALL
0002d7 9508      	RET
                 
                 ;OPTIMIZER ADDED SUBROUTINE, CALLED 5 TIMES, CODE SIZE REDUCTION:14 WORDS
                 SUBOPT_0x2:
0002d8 89e8      	LDD  R30,Y+16
0002d9 89f9      	LDD  R31,Y+16+1
0002da 9734      	SBIW R30,4
0002db 8be8      	STD  Y+16,R30
0002dc 8bf9      	STD  Y+16+1,R31
0002dd 9508      	RET
                 
                 ;OPTIMIZER ADDED SUBROUTINE, CALLED 3 TIMES, CODE SIZE REDUCTION:6 WORDS
                 SUBOPT_0x3:
0002de 85ad      	LDD  R26,Y+13
0002df 85be      	LDD  R27,Y+13+1
0002e0 85ef      	LDD  R30,Y+15
0002e1 89f8      	LDD  R31,Y+15+1
0002e2 9509      	ICALL
0002e3 9508      	RET
                 
                 ;OPTIMIZER ADDED SUBROUTINE, CALLED 2 TIMES, CODE SIZE REDUCTION:6 WORDS
                 SUBOPT_0x4:
0002e4 89a8      	LDD  R26,Y+16
0002e5 89b9      	LDD  R27,Y+16+1
0002e6 9614      	ADIW R26,4
0002e7 91ed      	LD   R30,X+
0002e8 91fd      	LD   R31,X+
0002e9 83ee      	STD  Y+6,R30
0002ea 83ff      	STD  Y+6+1,R31
0002eb 81ae      	LDD  R26,Y+6
0002ec 81bf      	LDD  R27,Y+6+1
0002ed 9508      	RET
                 
                 ;RUNTIME LIBRARY
                 
                 	.CSEG
                 __SAVELOCR6:
0002ee 935a      	ST   -Y,R21
                 __SAVELOCR5:
0002ef 934a      	ST   -Y,R20
                 __SAVELOCR4:
0002f0 933a      	ST   -Y,R19
                 __SAVELOCR3:
0002f1 932a      	ST   -Y,R18
                 __SAVELOCR2:
0002f2 931a      	ST   -Y,R17
0002f3 930a      	ST   -Y,R16
0002f4 9508      	RET
                 
                 __LOADLOCR6:
0002f5 815d      	LDD  R21,Y+5
                 __LOADLOCR5:
0002f6 814c      	LDD  R20,Y+4
                 __LOADLOCR4:
0002f7 813b      	LDD  R19,Y+3
                 __LOADLOCR3:
0002f8 812a      	LDD  R18,Y+2
                 __LOADLOCR2:
0002f9 8119      	LDD  R17,Y+1
0002fa 8108      	LD   R16,Y
0002fb 9508      	RET
                 
                 __ADDW1R15:
0002fc 2400      	CLR  R0
0002fd 0def      	ADD  R30,R15
0002fe 1df0      	ADC  R31,R0
0002ff 9508      	RET
                 
                 __ADDW2R15:
000300 2400      	CLR  R0
000301 0daf      	ADD  R26,R15
000302 1db0      	ADC  R27,R0
000303 9508      	RET
                 
                 __ANEGW1:
000304 95f1      	NEG  R31
000305 95e1      	NEG  R30
000306 40f0      	SBCI R31,0
000307 9508      	RET
                 
                 __CWD1:
000308 2f6f      	MOV  R22,R31
000309 0f66      	ADD  R22,R22
00030a 0b66      	SBC  R22,R22
00030b 2f76      	MOV  R23,R22
00030c 9508      	RET
                 
                 __GETW1P:
00030d 91ed      	LD   R30,X+
00030e 91fc      	LD   R31,X
00030f 9711      	SBIW R26,1
000310 9508      	RET
                 
                 __GETW1PF:
000311 9005      	LPM  R0,Z+
000312 91f4      	LPM  R31,Z
000313 2de0      	MOV  R30,R0
000314 9508      	RET
                 
                 __PUTPARD1:
000315 937a      	ST   -Y,R23
000316 936a      	ST   -Y,R22
000317 93fa      	ST   -Y,R31
000318 93ea      	ST   -Y,R30
000319 9508      	RET
                 
                 _delay_ms:
00031a 9610      	adiw r26,0
00031b f039      	breq __delay_ms1
                 __delay_ms0:
00031c 95a8      	wdr
                +
00031d ea80     +LDI R24 , LOW ( 0xFA0 )
00031e e09f     +LDI R25 , HIGH ( 0xFA0 )
                +__DELAY_USW_LOOP :
00031f 9701     +SBIW R24 , 1
000320 f7f1     +BRNE __DELAY_USW_LOOP
                 	__DELAY_USW 0xFA0
000321 9711      	sbiw r26,1
000322 f7c9      	brne __delay_ms0
                 __delay_ms1:
000323 9508      	ret
                 
                 ;END OF CODE MARKER
                 __END_OF_CODE:


RESOURCE USE INFORMATION
------------------------

Notice:
The register and instruction counts are symbol table hit counts,
and hence implicitly used resources are not counted, eg, the
'lpm' instruction without operands implicitly uses r0 and z,
none of which are counted.

x,y,z are separate entities in the symbol table and are
counted separately from r26..r31 here.

.dseg memory usage only counts static data declared with .byte

ATmega128A register use summary:
r0 :  15 r1 :   1 r2 :   0 r3 :   0 r4 :   5 r5 :   2 r6 :   3 r7 :   3 
r8 :   0 r9 :   1 r10:   0 r11:   0 r12:   0 r13:   0 r14:   0 r15:   5 
r16:  32 r17:  25 r18:  35 r19:   8 r20:  12 r21:  22 r22:  11 r23:   2 
r24:  12 r25:   3 r26:  93 r27:  36 r28:  14 r29:   1 r30: 142 r31:  68 
x  :  27 y  : 149 z  :  18 
Registers used: 27 out of 35 (77.1%)

ATmega128A instruction use summary:
.lds  :   0 .lds.l:   0 .sts  :   0 .sts.l:   0 adc   :   2 add   :   5 
adiw  :  25 and   :   0 andi  :   7 asr   :   0 bclr  :   0 bld   :   0 
brbc  :   0 brbs  :   0 brcc  :   0 brcs  :   0 break :   0 breq  :  18 
brge  :   0 brhc  :   0 brhs  :   0 brid  :   0 brie  :   0 brlo  :   8 
brlt  :   1 brmi  :   1 brne  :  24 brpl  :   1 brsh  :   2 brtc  :   0 
brts  :   1 brvc  :   0 brvs  :   0 bset  :   0 bst   :   0 call  :   0 
cbi   :   5 cbr   :   0 clc   :   0 clh   :   0 cli   :   1 cln   :   0 
clr   :  10 cls   :   0 clt   :   1 clv   :   0 clz   :   0 com   :   0 
cp    :   5 cpc   :   3 cpi   :  33 cpse  :   0 dec   :   2 des   :   0 
elpm  :   0 eor   :   0 fmul  :   0 fmuls :   0 fmulsu:   0 icall :   2 
ijmp  :   0 in    :   4 inc   :   2 jmp   :  36 ld    :  26 ldd   :  66 
ldi   :  72 lds   :   0 lpm   :  16 lsl   :   0 lsr   :   0 mov   :  19 
movw  :  23 mul   :   1 muls  :   0 mulsu :   0 neg   :   2 nop   :   0 
or    :   2 ori   :   7 out   :   9 pop   :   3 push  :   3 rcall :  58 
ret   :  26 reti  :   0 rjmp  :  60 rol   :   0 ror   :   0 sbc   :   2 
sbci  :   2 sbi   :   6 sbic  :   0 sbis  :   0 sbiw  :  17 sbr   :   0 
sbrc  :   3 sbrs  :  10 sec   :   0 seh   :   0 sei   :   0 sen   :   0 
ser   :   0 ses   :   0 set   :   1 sev   :   0 sez   :   0 sleep :   0 
spm   :   0 st    :  55 std   :  34 sts   :   1 sub   :   1 subi  :  14 
swap  :   1 tst   :   4 wdr   :   1 
Instructions used: 55 out of 117 (47.0%)

ATmega128A memory use summary [bytes]:
Segment   Begin    End      Code   Data   Used    Size   Use%
---------------------------------------------------------------
[.cseg] 0x000000 0x000648   1556     52   1608  131072   1.2%
[.dseg] 0x000100 0x000514      0     20     20    4096   0.5%
[.eseg] 0x000000 0x000000      0      0      0    4096   0.0%

Assembly complete, 0 errors, 6 warnings
