
AVRASM ver. 2.1.30  D:\2018_MAPU\201_03_054\Debug\List\201_03_054.asm Thu Nov 01 12:08:20 2018

D:\2018_MAPU\201_03_054\Debug\List\201_03_054.asm(1097): warning: Register r4 already defined by the .DEF directive
D:\2018_MAPU\201_03_054\Debug\List\201_03_054.asm(1098): warning: Register r5 already defined by the .DEF directive
D:\2018_MAPU\201_03_054\Debug\List\201_03_054.asm(1099): warning: Register r7 already defined by the .DEF directive
D:\2018_MAPU\201_03_054\Debug\List\201_03_054.asm(1100): warning: Register r6 already defined by the .DEF directive
D:\2018_MAPU\201_03_054\Debug\List\201_03_054.asm(1101): warning: Register r9 already defined by the .DEF directive
                 
                 
                 ;CodeVisionAVR C Compiler V3.32a Evaluation
                 ;(C) Copyright 1998-2017 Pavel Haiduc, HP InfoTech s.r.l.
                 ;http://www.hpinfotech.com
                 
                 ;Build configuration    : Debug
                 ;Chip type              : ATmega128A
                 ;Program type           : Application
                 ;Clock frequency        : 8.000000 MHz
                 ;Memory model           : Small
                 ;Optimize for           : Size
                 ;(s)printf features     : int, width
                 ;(s)scanf features      : int, width
                 ;External RAM size      : 0
                 ;Data Stack size        : 1024 byte(s)
                 ;Heap size              : 0 byte(s)
                 ;Promote 'char' to 'int': Yes
                 ;'char' is unsigned     : Yes
                 ;8 bit enums            : Yes
                 ;Global 'const' stored in FLASH: No
                 ;Enhanced function parameter passing: Mode 2
                 ;Enhanced core instructions: On
                 ;Automatic register allocation for global variables: On
                 ;Smart register allocation: On
                 
                 	#define _MODEL_SMALL_
                 
                 	#pragma AVRPART ADMIN PART_NAME ATmega128A
                 	#pragma AVRPART MEMORY PROG_FLASH 131072
                 	#pragma AVRPART MEMORY EEPROM 4096
                 	#pragma AVRPART MEMORY INT_SRAM SIZE 4096
                 	#pragma AVRPART MEMORY INT_SRAM START_ADDR 0x100
                 
                 	#define CALL_SUPPORTED 1
                 
                 	.LISTMAC
                 	.EQU UDRE=0x5
                 	.EQU RXC=0x7
                 	.EQU USR=0xB
                 	.EQU UDR=0xC
                 	.EQU SPSR=0xE
                 	.EQU SPDR=0xF
                 	.EQU EERE=0x0
                 	.EQU EEWE=0x1
                 	.EQU EEMWE=0x2
                 	.EQU EECR=0x1C
                 	.EQU EEDR=0x1D
                 	.EQU EEARL=0x1E
                 	.EQU EEARH=0x1F
                 	.EQU WDTCR=0x21
                 	.EQU MCUCR=0x35
                 	.EQU RAMPZ=0x3B
                 	.EQU SPL=0x3D
                 	.EQU SPH=0x3E
                 	.EQU SREG=0x3F
                 	.EQU XMCRA=0x6D
                 	.EQU XMCRB=0x6C
                 
                 	.DEF R0X0=R0
                 	.DEF R0X1=R1
                 	.DEF R0X2=R2
                 	.DEF R0X3=R3
                 	.DEF R0X4=R4
                 	.DEF R0X5=R5
                 	.DEF R0X6=R6
                 	.DEF R0X7=R7
                 	.DEF R0X8=R8
                 	.DEF R0X9=R9
                 	.DEF R0XA=R10
                 	.DEF R0XB=R11
                 	.DEF R0XC=R12
                 	.DEF R0XD=R13
                 	.DEF R0XE=R14
                 	.DEF R0XF=R15
                 	.DEF R0X10=R16
                 	.DEF R0X11=R17
                 	.DEF R0X12=R18
                 	.DEF R0X13=R19
                 	.DEF R0X14=R20
                 	.DEF R0X15=R21
                 	.DEF R0X16=R22
                 	.DEF R0X17=R23
                 	.DEF R0X18=R24
                 	.DEF R0X19=R25
                 	.DEF R0X1A=R26
                 	.DEF R0X1B=R27
                 	.DEF R0X1C=R28
                 	.DEF R0X1D=R29
                 	.DEF R0X1E=R30
                 	.DEF R0X1F=R31
                 
                 	.EQU __SRAM_START=0x0100
                 	.EQU __SRAM_END=0x10FF
                 	.EQU __DSTACK_SIZE=0x0400
                 	.EQU __HEAP_SIZE=0x0000
                 	.EQU __CLEAR_SRAM_SIZE=__SRAM_END-__SRAM_START+1
                 
                 	.MACRO __CPD1N
                 	CPI  R30,LOW(@0)
                 	LDI  R26,HIGH(@0)
                 	CPC  R31,R26
                 	LDI  R26,BYTE3(@0)
                 	CPC  R22,R26
                 	LDI  R26,BYTE4(@0)
                 	CPC  R23,R26
                 	.ENDM
                 
                 	.MACRO __CPD2N
                 	CPI  R26,LOW(@0)
                 	LDI  R30,HIGH(@0)
                 	CPC  R27,R30
                 	LDI  R30,BYTE3(@0)
                 	CPC  R24,R30
                 	LDI  R30,BYTE4(@0)
                 	CPC  R25,R30
                 	.ENDM
                 
                 	.MACRO __CPWRR
                 	CP   R@0,R@2
                 	CPC  R@1,R@3
                 	.ENDM
                 
                 	.MACRO __CPWRN
                 	CPI  R@0,LOW(@2)
                 	LDI  R30,HIGH(@2)
                 	CPC  R@1,R30
                 	.ENDM
                 
                 	.MACRO __ADDB1MN
                 	SUBI R30,LOW(-@0-(@1))
                 	.ENDM
                 
                 	.MACRO __ADDB2MN
                 	SUBI R26,LOW(-@0-(@1))
                 	.ENDM
                 
                 	.MACRO __ADDW1MN
                 	SUBI R30,LOW(-@0-(@1))
                 	SBCI R31,HIGH(-@0-(@1))
                 	.ENDM
                 
                 	.MACRO __ADDW2MN
                 	SUBI R26,LOW(-@0-(@1))
                 	SBCI R27,HIGH(-@0-(@1))
                 	.ENDM
                 
                 	.MACRO __ADDW1FN
                 	SUBI R30,LOW(-2*@0-(@1))
                 	SBCI R31,HIGH(-2*@0-(@1))
                 	.ENDM
                 
                 	.MACRO __ADDD1FN
                 	SUBI R30,LOW(-2*@0-(@1))
                 	SBCI R31,HIGH(-2*@0-(@1))
                 	SBCI R22,BYTE3(-2*@0-(@1))
                 	.ENDM
                 
                 	.MACRO __ADDD1N
                 	SUBI R30,LOW(-@0)
                 	SBCI R31,HIGH(-@0)
                 	SBCI R22,BYTE3(-@0)
                 	SBCI R23,BYTE4(-@0)
                 	.ENDM
                 
                 	.MACRO __ADDD2N
                 	SUBI R26,LOW(-@0)
                 	SBCI R27,HIGH(-@0)
                 	SBCI R24,BYTE3(-@0)
                 	SBCI R25,BYTE4(-@0)
                 	.ENDM
                 
                 	.MACRO __SUBD1N
                 	SUBI R30,LOW(@0)
                 	SBCI R31,HIGH(@0)
                 	SBCI R22,BYTE3(@0)
                 	SBCI R23,BYTE4(@0)
                 	.ENDM
                 
                 	.MACRO __SUBD2N
                 	SUBI R26,LOW(@0)
                 	SBCI R27,HIGH(@0)
                 	SBCI R24,BYTE3(@0)
                 	SBCI R25,BYTE4(@0)
                 	.ENDM
                 
                 	.MACRO __ANDBMNN
                 	LDS  R30,@0+(@1)
                 	ANDI R30,LOW(@2)
                 	STS  @0+(@1),R30
                 	.ENDM
                 
                 	.MACRO __ANDWMNN
                 	LDS  R30,@0+(@1)
                 	ANDI R30,LOW(@2)
                 	STS  @0+(@1),R30
                 	LDS  R30,@0+(@1)+1
                 	ANDI R30,HIGH(@2)
                 	STS  @0+(@1)+1,R30
                 	.ENDM
                 
                 	.MACRO __ANDD1N
                 	ANDI R30,LOW(@0)
                 	ANDI R31,HIGH(@0)
                 	ANDI R22,BYTE3(@0)
                 	ANDI R23,BYTE4(@0)
                 	.ENDM
                 
                 	.MACRO __ANDD2N
                 	ANDI R26,LOW(@0)
                 	ANDI R27,HIGH(@0)
                 	ANDI R24,BYTE3(@0)
                 	ANDI R25,BYTE4(@0)
                 	.ENDM
                 
                 	.MACRO __ORBMNN
                 	LDS  R30,@0+(@1)
                 	ORI  R30,LOW(@2)
                 	STS  @0+(@1),R30
                 	.ENDM
                 
                 	.MACRO __ORWMNN
                 	LDS  R30,@0+(@1)
                 	ORI  R30,LOW(@2)
                 	STS  @0+(@1),R30
                 	LDS  R30,@0+(@1)+1
                 	ORI  R30,HIGH(@2)
                 	STS  @0+(@1)+1,R30
                 	.ENDM
                 
                 	.MACRO __ORD1N
                 	ORI  R30,LOW(@0)
                 	ORI  R31,HIGH(@0)
                 	ORI  R22,BYTE3(@0)
                 	ORI  R23,BYTE4(@0)
                 	.ENDM
                 
                 	.MACRO __ORD2N
                 	ORI  R26,LOW(@0)
                 	ORI  R27,HIGH(@0)
                 	ORI  R24,BYTE3(@0)
                 	ORI  R25,BYTE4(@0)
                 	.ENDM
                 
                 	.MACRO __DELAY_USB
                 	LDI  R24,LOW(@0)
                 __DELAY_USB_LOOP:
                 	DEC  R24
                 	BRNE __DELAY_USB_LOOP
                 	.ENDM
                 
                 	.MACRO __DELAY_USW
                 	LDI  R24,LOW(@0)
                 	LDI  R25,HIGH(@0)
                 __DELAY_USW_LOOP:
                 	SBIW R24,1
                 	BRNE __DELAY_USW_LOOP
                 	.ENDM
                 
                 	.MACRO __GETD1S
                 	LDD  R30,Y+@0
                 	LDD  R31,Y+@0+1
                 	LDD  R22,Y+@0+2
                 	LDD  R23,Y+@0+3
                 	.ENDM
                 
                 	.MACRO __GETD2S
                 	LDD  R26,Y+@0
                 	LDD  R27,Y+@0+1
                 	LDD  R24,Y+@0+2
                 	LDD  R25,Y+@0+3
                 	.ENDM
                 
                 	.MACRO __PUTD1S
                 	STD  Y+@0,R30
                 	STD  Y+@0+1,R31
                 	STD  Y+@0+2,R22
                 	STD  Y+@0+3,R23
                 	.ENDM
                 
                 	.MACRO __PUTD2S
                 	STD  Y+@0,R26
                 	STD  Y+@0+1,R27
                 	STD  Y+@0+2,R24
                 	STD  Y+@0+3,R25
                 	.ENDM
                 
                 	.MACRO __PUTDZ2
                 	STD  Z+@0,R26
                 	STD  Z+@0+1,R27
                 	STD  Z+@0+2,R24
                 	STD  Z+@0+3,R25
                 	.ENDM
                 
                 	.MACRO __CLRD1S
                 	STD  Y+@0,R30
                 	STD  Y+@0+1,R30
                 	STD  Y+@0+2,R30
                 	STD  Y+@0+3,R30
                 	.ENDM
                 
                 	.MACRO __POINTB1MN
                 	LDI  R30,LOW(@0+(@1))
                 	.ENDM
                 
                 	.MACRO __POINTW1MN
                 	LDI  R30,LOW(@0+(@1))
                 	LDI  R31,HIGH(@0+(@1))
                 	.ENDM
                 
                 	.MACRO __POINTD1M
                 	LDI  R30,LOW(@0)
                 	LDI  R31,HIGH(@0)
                 	LDI  R22,BYTE3(@0)
                 	LDI  R23,BYTE4(@0)
                 	.ENDM
                 
                 	.MACRO __POINTW1FN
                 	LDI  R30,LOW(2*@0+(@1))
                 	LDI  R31,HIGH(2*@0+(@1))
                 	.ENDM
                 
                 	.MACRO __POINTD1FN
                 	LDI  R30,LOW(2*@0+(@1))
                 	LDI  R31,HIGH(2*@0+(@1))
                 	LDI  R22,BYTE3(2*@0+(@1))
                 	LDI  R23,BYTE4(2*@0+(@1))
                 	.ENDM
                 
                 	.MACRO __POINTB2MN
                 	LDI  R26,LOW(@0+(@1))
                 	.ENDM
                 
                 	.MACRO __POINTW2MN
                 	LDI  R26,LOW(@0+(@1))
                 	LDI  R27,HIGH(@0+(@1))
                 	.ENDM
                 
                 	.MACRO __POINTD2M
                 	LDI  R26,LOW(@0)
                 	LDI  R27,HIGH(@0)
                 	LDI  R24,BYTE3(@0)
                 	LDI  R25,BYTE4(@0)
                 	.ENDM
                 
                 	.MACRO __POINTW2FN
                 	LDI  R26,LOW(2*@0+(@1))
                 	LDI  R27,HIGH(2*@0+(@1))
                 	.ENDM
                 
                 	.MACRO __POINTD2FN
                 	LDI  R26,LOW(2*@0+(@1))
                 	LDI  R27,HIGH(2*@0+(@1))
                 	LDI  R24,BYTE3(2*@0+(@1))
                 	LDI  R25,BYTE4(2*@0+(@1))
                 	.ENDM
                 
                 	.MACRO __POINTBRM
                 	LDI  R@0,LOW(@1)
                 	.ENDM
                 
                 	.MACRO __POINTWRM
                 	LDI  R@0,LOW(@2)
                 	LDI  R@1,HIGH(@2)
                 	.ENDM
                 
                 	.MACRO __POINTBRMN
                 	LDI  R@0,LOW(@1+(@2))
                 	.ENDM
                 
                 	.MACRO __POINTWRMN
                 	LDI  R@0,LOW(@2+(@3))
                 	LDI  R@1,HIGH(@2+(@3))
                 	.ENDM
                 
                 	.MACRO __POINTWRFN
                 	LDI  R@0,LOW(@2*2+(@3))
                 	LDI  R@1,HIGH(@2*2+(@3))
                 	.ENDM
                 
                 	.MACRO __GETD1N
                 	LDI  R30,LOW(@0)
                 	LDI  R31,HIGH(@0)
                 	LDI  R22,BYTE3(@0)
                 	LDI  R23,BYTE4(@0)
                 	.ENDM
                 
                 	.MACRO __GETD2N
                 	LDI  R26,LOW(@0)
                 	LDI  R27,HIGH(@0)
                 	LDI  R24,BYTE3(@0)
                 	LDI  R25,BYTE4(@0)
                 	.ENDM
                 
                 	.MACRO __GETB1MN
                 	LDS  R30,@0+(@1)
                 	.ENDM
                 
                 	.MACRO __GETB1HMN
                 	LDS  R31,@0+(@1)
                 	.ENDM
                 
                 	.MACRO __GETW1MN
                 	LDS  R30,@0+(@1)
                 	LDS  R31,@0+(@1)+1
                 	.ENDM
                 
                 	.MACRO __GETD1MN
                 	LDS  R30,@0+(@1)
                 	LDS  R31,@0+(@1)+1
                 	LDS  R22,@0+(@1)+2
                 	LDS  R23,@0+(@1)+3
                 	.ENDM
                 
                 	.MACRO __GETBRMN
                 	LDS  R@0,@1+(@2)
                 	.ENDM
                 
                 	.MACRO __GETWRMN
                 	LDS  R@0,@2+(@3)
                 	LDS  R@1,@2+(@3)+1
                 	.ENDM
                 
                 	.MACRO __GETWRZ
                 	LDD  R@0,Z+@2
                 	LDD  R@1,Z+@2+1
                 	.ENDM
                 
                 	.MACRO __GETD2Z
                 	LDD  R26,Z+@0
                 	LDD  R27,Z+@0+1
                 	LDD  R24,Z+@0+2
                 	LDD  R25,Z+@0+3
                 	.ENDM
                 
                 	.MACRO __GETB2MN
                 	LDS  R26,@0+(@1)
                 	.ENDM
                 
                 	.MACRO __GETW2MN
                 	LDS  R26,@0+(@1)
                 	LDS  R27,@0+(@1)+1
                 	.ENDM
                 
                 	.MACRO __GETD2MN
                 	LDS  R26,@0+(@1)
                 	LDS  R27,@0+(@1)+1
                 	LDS  R24,@0+(@1)+2
                 	LDS  R25,@0+(@1)+3
                 	.ENDM
                 
                 	.MACRO __PUTB1MN
                 	STS  @0+(@1),R30
                 	.ENDM
                 
                 	.MACRO __PUTW1MN
                 	STS  @0+(@1),R30
                 	STS  @0+(@1)+1,R31
                 	.ENDM
                 
                 	.MACRO __PUTD1MN
                 	STS  @0+(@1),R30
                 	STS  @0+(@1)+1,R31
                 	STS  @0+(@1)+2,R22
                 	STS  @0+(@1)+3,R23
                 	.ENDM
                 
                 	.MACRO __PUTB1EN
                 	LDI  R26,LOW(@0+(@1))
                 	LDI  R27,HIGH(@0+(@1))
                 	CALL __EEPROMWRB
                 	.ENDM
                 
                 	.MACRO __PUTW1EN
                 	LDI  R26,LOW(@0+(@1))
                 	LDI  R27,HIGH(@0+(@1))
                 	CALL __EEPROMWRW
                 	.ENDM
                 
                 	.MACRO __PUTD1EN
                 	LDI  R26,LOW(@0+(@1))
                 	LDI  R27,HIGH(@0+(@1))
                 	CALL __EEPROMWRD
                 	.ENDM
                 
                 	.MACRO __PUTBR0MN
                 	STS  @0+(@1),R0
                 	.ENDM
                 
                 	.MACRO __PUTBMRN
                 	STS  @0+(@1),R@2
                 	.ENDM
                 
                 	.MACRO __PUTWMRN
                 	STS  @0+(@1),R@2
                 	STS  @0+(@1)+1,R@3
                 	.ENDM
                 
                 	.MACRO __PUTBZR
                 	STD  Z+@1,R@0
                 	.ENDM
                 
                 	.MACRO __PUTWZR
                 	STD  Z+@2,R@0
                 	STD  Z+@2+1,R@1
                 	.ENDM
                 
                 	.MACRO __GETW1R
                 	MOV  R30,R@0
                 	MOV  R31,R@1
                 	.ENDM
                 
                 	.MACRO __GETW2R
                 	MOV  R26,R@0
                 	MOV  R27,R@1
                 	.ENDM
                 
                 	.MACRO __GETWRN
                 	LDI  R@0,LOW(@2)
                 	LDI  R@1,HIGH(@2)
                 	.ENDM
                 
                 	.MACRO __PUTW1R
                 	MOV  R@0,R30
                 	MOV  R@1,R31
                 	.ENDM
                 
                 	.MACRO __PUTW2R
                 	MOV  R@0,R26
                 	MOV  R@1,R27
                 	.ENDM
                 
                 	.MACRO __ADDWRN
                 	SUBI R@0,LOW(-@2)
                 	SBCI R@1,HIGH(-@2)
                 	.ENDM
                 
                 	.MACRO __ADDWRR
                 	ADD  R@0,R@2
                 	ADC  R@1,R@3
                 	.ENDM
                 
                 	.MACRO __SUBWRN
                 	SUBI R@0,LOW(@2)
                 	SBCI R@1,HIGH(@2)
                 	.ENDM
                 
                 	.MACRO __SUBWRR
                 	SUB  R@0,R@2
                 	SBC  R@1,R@3
                 	.ENDM
                 
                 	.MACRO __ANDWRN
                 	ANDI R@0,LOW(@2)
                 	ANDI R@1,HIGH(@2)
                 	.ENDM
                 
                 	.MACRO __ANDWRR
                 	AND  R@0,R@2
                 	AND  R@1,R@3
                 	.ENDM
                 
                 	.MACRO __ORWRN
                 	ORI  R@0,LOW(@2)
                 	ORI  R@1,HIGH(@2)
                 	.ENDM
                 
                 	.MACRO __ORWRR
                 	OR   R@0,R@2
                 	OR   R@1,R@3
                 	.ENDM
                 
                 	.MACRO __EORWRR
                 	EOR  R@0,R@2
                 	EOR  R@1,R@3
                 	.ENDM
                 
                 	.MACRO __GETWRS
                 	LDD  R@0,Y+@2
                 	LDD  R@1,Y+@2+1
                 	.ENDM
                 
                 	.MACRO __PUTBSR
                 	STD  Y+@1,R@0
                 	.ENDM
                 
                 	.MACRO __PUTWSR
                 	STD  Y+@2,R@0
                 	STD  Y+@2+1,R@1
                 	.ENDM
                 
                 	.MACRO __MOVEWRR
                 	MOV  R@0,R@2
                 	MOV  R@1,R@3
                 	.ENDM
                 
                 	.MACRO __INWR
                 	IN   R@0,@2
                 	IN   R@1,@2+1
                 	.ENDM
                 
                 	.MACRO __OUTWR
                 	OUT  @2+1,R@1
                 	OUT  @2,R@0
                 	.ENDM
                 
                 	.MACRO __CALL1MN
                 	LDS  R30,@0+(@1)
                 	LDS  R31,@0+(@1)+1
                 	ICALL
                 	.ENDM
                 
                 	.MACRO __CALL1FN
                 	LDI  R30,LOW(2*@0+(@1))
                 	LDI  R31,HIGH(2*@0+(@1))
                 	CALL __GETW1PF
                 	ICALL
                 	.ENDM
                 
                 	.MACRO __CALL2EN
                 	PUSH R26
                 	PUSH R27
                 	LDI  R26,LOW(@0+(@1))
                 	LDI  R27,HIGH(@0+(@1))
                 	CALL __EEPROMRDW
                 	POP  R27
                 	POP  R26
                 	ICALL
                 	.ENDM
                 
                 	.MACRO __CALL2EX
                 	SUBI R26,LOW(-@0)
                 	SBCI R27,HIGH(-@0)
                 	CALL __EEPROMRDD
                 	ICALL
                 	.ENDM
                 
                 	.MACRO __GETW1STACK
                 	IN   R30,SPL
                 	IN   R31,SPH
                 	ADIW R30,@0+1
                 	LD   R0,Z+
                 	LD   R31,Z
                 	MOV  R30,R0
                 	.ENDM
                 
                 	.MACRO __GETD1STACK
                 	IN   R30,SPL
                 	IN   R31,SPH
                 	ADIW R30,@0+1
                 	LD   R0,Z+
                 	LD   R1,Z+
                 	LD   R22,Z
                 	MOVW R30,R0
                 	.ENDM
                 
                 	.MACRO __NBST
                 	BST  R@0,@1
                 	IN   R30,SREG
                 	LDI  R31,0x40
                 	EOR  R30,R31
                 	OUT  SREG,R30
                 	.ENDM
                 
                 
                 	.MACRO __PUTB1SN
                 	LDD  R26,Y+@0
                 	LDD  R27,Y+@0+1
                 	SUBI R26,LOW(-@1)
                 	SBCI R27,HIGH(-@1)
                 	ST   X,R30
                 	.ENDM
                 
                 	.MACRO __PUTW1SN
                 	LDD  R26,Y+@0
                 	LDD  R27,Y+@0+1
                 	SUBI R26,LOW(-@1)
                 	SBCI R27,HIGH(-@1)
                 	ST   X+,R30
                 	ST   X,R31
                 	.ENDM
                 
                 	.MACRO __PUTD1SN
                 	LDD  R26,Y+@0
                 	LDD  R27,Y+@0+1
                 	SUBI R26,LOW(-@1)
                 	SBCI R27,HIGH(-@1)
                 	CALL __PUTDP1
                 	.ENDM
                 
                 	.MACRO __PUTB1SNS
                 	LDD  R26,Y+@0
                 	LDD  R27,Y+@0+1
                 	ADIW R26,@1
                 	ST   X,R30
                 	.ENDM
                 
                 	.MACRO __PUTW1SNS
                 	LDD  R26,Y+@0
                 	LDD  R27,Y+@0+1
                 	ADIW R26,@1
                 	ST   X+,R30
                 	ST   X,R31
                 	.ENDM
                 
                 	.MACRO __PUTD1SNS
                 	LDD  R26,Y+@0
                 	LDD  R27,Y+@0+1
                 	ADIW R26,@1
                 	CALL __PUTDP1
                 	.ENDM
                 
                 	.MACRO __PUTB1PMN
                 	LDS  R26,@0
                 	LDS  R27,@0+1
                 	SUBI R26,LOW(-@1)
                 	SBCI R27,HIGH(-@1)
                 	ST   X,R30
                 	.ENDM
                 
                 	.MACRO __PUTW1PMN
                 	LDS  R26,@0
                 	LDS  R27,@0+1
                 	SUBI R26,LOW(-@1)
                 	SBCI R27,HIGH(-@1)
                 	ST   X+,R30
                 	ST   X,R31
                 	.ENDM
                 
                 	.MACRO __PUTD1PMN
                 	LDS  R26,@0
                 	LDS  R27,@0+1
                 	SUBI R26,LOW(-@1)
                 	SBCI R27,HIGH(-@1)
                 	CALL __PUTDP1
                 	.ENDM
                 
                 	.MACRO __PUTB1PMNS
                 	LDS  R26,@0
                 	LDS  R27,@0+1
                 	ADIW R26,@1
                 	ST   X,R30
                 	.ENDM
                 
                 	.MACRO __PUTW1PMNS
                 	LDS  R26,@0
                 	LDS  R27,@0+1
                 	ADIW R26,@1
                 	ST   X+,R30
                 	ST   X,R31
                 	.ENDM
                 
                 	.MACRO __PUTD1PMNS
                 	LDS  R26,@0
                 	LDS  R27,@0+1
                 	ADIW R26,@1
                 	CALL __PUTDP1
                 	.ENDM
                 
                 	.MACRO __PUTB1RN
                 	MOVW R26,R@0
                 	SUBI R26,LOW(-@1)
                 	SBCI R27,HIGH(-@1)
                 	ST   X,R30
                 	.ENDM
                 
                 	.MACRO __PUTW1RN
                 	MOVW R26,R@0
                 	SUBI R26,LOW(-@1)
                 	SBCI R27,HIGH(-@1)
                 	ST   X+,R30
                 	ST   X,R31
                 	.ENDM
                 
                 	.MACRO __PUTD1RN
                 	MOVW R26,R@0
                 	SUBI R26,LOW(-@1)
                 	SBCI R27,HIGH(-@1)
                 	CALL __PUTDP1
                 	.ENDM
                 
                 	.MACRO __PUTB1RNS
                 	MOVW R26,R@0
                 	ADIW R26,@1
                 	ST   X,R30
                 	.ENDM
                 
                 	.MACRO __PUTW1RNS
                 	MOVW R26,R@0
                 	ADIW R26,@1
                 	ST   X+,R30
                 	ST   X,R31
                 	.ENDM
                 
                 	.MACRO __PUTD1RNS
                 	MOVW R26,R@0
                 	ADIW R26,@1
                 	CALL __PUTDP1
                 	.ENDM
                 
                 	.MACRO __PUTB1RON
                 	MOV  R26,R@0
                 	MOV  R27,R@1
                 	SUBI R26,LOW(-@2)
                 	SBCI R27,HIGH(-@2)
                 	ST   X,R30
                 	.ENDM
                 
                 	.MACRO __PUTW1RON
                 	MOV  R26,R@0
                 	MOV  R27,R@1
                 	SUBI R26,LOW(-@2)
                 	SBCI R27,HIGH(-@2)
                 	ST   X+,R30
                 	ST   X,R31
                 	.ENDM
                 
                 	.MACRO __PUTD1RON
                 	MOV  R26,R@0
                 	MOV  R27,R@1
                 	SUBI R26,LOW(-@2)
                 	SBCI R27,HIGH(-@2)
                 	CALL __PUTDP1
                 	.ENDM
                 
                 	.MACRO __PUTB1RONS
                 	MOV  R26,R@0
                 	MOV  R27,R@1
                 	ADIW R26,@2
                 	ST   X,R30
                 	.ENDM
                 
                 	.MACRO __PUTW1RONS
                 	MOV  R26,R@0
                 	MOV  R27,R@1
                 	ADIW R26,@2
                 	ST   X+,R30
                 	ST   X,R31
                 	.ENDM
                 
                 	.MACRO __PUTD1RONS
                 	MOV  R26,R@0
                 	MOV  R27,R@1
                 	ADIW R26,@2
                 	CALL __PUTDP1
                 	.ENDM
                 
                 
                 	.MACRO __GETB1SX
                 	MOVW R30,R28
                 	SUBI R30,LOW(-@0)
                 	SBCI R31,HIGH(-@0)
                 	LD   R30,Z
                 	.ENDM
                 
                 	.MACRO __GETB1HSX
                 	MOVW R30,R28
                 	SUBI R30,LOW(-@0)
                 	SBCI R31,HIGH(-@0)
                 	LD   R31,Z
                 	.ENDM
                 
                 	.MACRO __GETW1SX
                 	MOVW R30,R28
                 	SUBI R30,LOW(-@0)
                 	SBCI R31,HIGH(-@0)
                 	LD   R0,Z+
                 	LD   R31,Z
                 	MOV  R30,R0
                 	.ENDM
                 
                 	.MACRO __GETD1SX
                 	MOVW R30,R28
                 	SUBI R30,LOW(-@0)
                 	SBCI R31,HIGH(-@0)
                 	LD   R0,Z+
                 	LD   R1,Z+
                 	LD   R22,Z+
                 	LD   R23,Z
                 	MOVW R30,R0
                 	.ENDM
                 
                 	.MACRO __GETB2SX
                 	MOVW R26,R28
                 	SUBI R26,LOW(-@0)
                 	SBCI R27,HIGH(-@0)
                 	LD   R26,X
                 	.ENDM
                 
                 	.MACRO __GETW2SX
                 	MOVW R26,R28
                 	SUBI R26,LOW(-@0)
                 	SBCI R27,HIGH(-@0)
                 	LD   R0,X+
                 	LD   R27,X
                 	MOV  R26,R0
                 	.ENDM
                 
                 	.MACRO __GETD2SX
                 	MOVW R26,R28
                 	SUBI R26,LOW(-@0)
                 	SBCI R27,HIGH(-@0)
                 	LD   R0,X+
                 	LD   R1,X+
                 	LD   R24,X+
                 	LD   R25,X
                 	MOVW R26,R0
                 	.ENDM
                 
                 	.MACRO __GETBRSX
                 	MOVW R30,R28
                 	SUBI R30,LOW(-@1)
                 	SBCI R31,HIGH(-@1)
                 	LD   R@0,Z
                 	.ENDM
                 
                 	.MACRO __GETWRSX
                 	MOVW R30,R28
                 	SUBI R30,LOW(-@2)
                 	SBCI R31,HIGH(-@2)
                 	LD   R@0,Z+
                 	LD   R@1,Z
                 	.ENDM
                 
                 	.MACRO __GETBRSX2
                 	MOVW R26,R28
                 	SUBI R26,LOW(-@1)
                 	SBCI R27,HIGH(-@1)
                 	LD   R@0,X
                 	.ENDM
                 
                 	.MACRO __GETWRSX2
                 	MOVW R26,R28
                 	SUBI R26,LOW(-@2)
                 	SBCI R27,HIGH(-@2)
                 	LD   R@0,X+
                 	LD   R@1,X
                 	.ENDM
                 
                 	.MACRO __LSLW8SX
                 	MOVW R30,R28
                 	SUBI R30,LOW(-@0)
                 	SBCI R31,HIGH(-@0)
                 	LD   R31,Z
                 	CLR  R30
                 	.ENDM
                 
                 	.MACRO __PUTB1SX
                 	MOVW R26,R28
                 	SUBI R26,LOW(-@0)
                 	SBCI R27,HIGH(-@0)
                 	ST   X,R30
                 	.ENDM
                 
                 	.MACRO __PUTW1SX
                 	MOVW R26,R28
                 	SUBI R26,LOW(-@0)
                 	SBCI R27,HIGH(-@0)
                 	ST   X+,R30
                 	ST   X,R31
                 	.ENDM
                 
                 	.MACRO __PUTD1SX
                 	MOVW R26,R28
                 	SUBI R26,LOW(-@0)
                 	SBCI R27,HIGH(-@0)
                 	ST   X+,R30
                 	ST   X+,R31
                 	ST   X+,R22
                 	ST   X,R23
                 	.ENDM
                 
                 	.MACRO __CLRW1SX
                 	MOVW R26,R28
                 	SUBI R26,LOW(-@0)
                 	SBCI R27,HIGH(-@0)
                 	ST   X+,R30
                 	ST   X,R30
                 	.ENDM
                 
                 	.MACRO __CLRD1SX
                 	MOVW R26,R28
                 	SUBI R26,LOW(-@0)
                 	SBCI R27,HIGH(-@0)
                 	ST   X+,R30
                 	ST   X+,R30
                 	ST   X+,R30
                 	ST   X,R30
                 	.ENDM
                 
                 	.MACRO __PUTB2SX
                 	MOVW R30,R28
                 	SUBI R30,LOW(-@0)
                 	SBCI R31,HIGH(-@0)
                 	ST   Z,R26
                 	.ENDM
                 
                 	.MACRO __PUTW2SX
                 	MOVW R30,R28
                 	SUBI R30,LOW(-@0)
                 	SBCI R31,HIGH(-@0)
                 	ST   Z+,R26
                 	ST   Z,R27
                 	.ENDM
                 
                 	.MACRO __PUTD2SX
                 	MOVW R30,R28
                 	SUBI R30,LOW(-@0)
                 	SBCI R31,HIGH(-@0)
                 	ST   Z+,R26
                 	ST   Z+,R27
                 	ST   Z+,R24
                 	ST   Z,R25
                 	.ENDM
                 
                 	.MACRO __PUTBSRX
                 	MOVW R30,R28
                 	SUBI R30,LOW(-@1)
                 	SBCI R31,HIGH(-@1)
                 	ST   Z,R@0
                 	.ENDM
                 
                 	.MACRO __PUTWSRX
                 	MOVW R30,R28
                 	SUBI R30,LOW(-@2)
                 	SBCI R31,HIGH(-@2)
                 	ST   Z+,R@0
                 	ST   Z,R@1
                 	.ENDM
                 
                 	.MACRO __PUTB1SNX
                 	MOVW R26,R28
                 	SUBI R26,LOW(-@0)
                 	SBCI R27,HIGH(-@0)
                 	LD   R0,X+
                 	LD   R27,X
                 	MOV  R26,R0
                 	SUBI R26,LOW(-@1)
                 	SBCI R27,HIGH(-@1)
                 	ST   X,R30
                 	.ENDM
                 
                 	.MACRO __PUTW1SNX
                 	MOVW R26,R28
                 	SUBI R26,LOW(-@0)
                 	SBCI R27,HIGH(-@0)
                 	LD   R0,X+
                 	LD   R27,X
                 	MOV  R26,R0
                 	SUBI R26,LOW(-@1)
                 	SBCI R27,HIGH(-@1)
                 	ST   X+,R30
                 	ST   X,R31
                 	.ENDM
                 
                 	.MACRO __PUTD1SNX
                 	MOVW R26,R28
                 	SUBI R26,LOW(-@0)
                 	SBCI R27,HIGH(-@0)
                 	LD   R0,X+
                 	LD   R27,X
                 	MOV  R26,R0
                 	SUBI R26,LOW(-@1)
                 	SBCI R27,HIGH(-@1)
                 	ST   X+,R30
                 	ST   X+,R31
                 	ST   X+,R22
                 	ST   X,R23
                 	.ENDM
                 
                 	.MACRO __MULBRR
                 	MULS R@0,R@1
                 	MOVW R30,R0
                 	.ENDM
                 
                 	.MACRO __MULBRRU
                 	MUL  R@0,R@1
                 	MOVW R30,R0
                 	.ENDM
                 
                 	.MACRO __MULBRR0
                 	MULS R@0,R@1
                 	.ENDM
                 
                 	.MACRO __MULBRRU0
                 	MUL  R@0,R@1
                 	.ENDM
                 
                 	.MACRO __MULBNWRU
                 	LDI  R26,@2
                 	MUL  R26,R@0
                 	MOVW R30,R0
                 	MUL  R26,R@1
                 	ADD  R31,R0
                 	.ENDM
                 
                 ;NAME DEFINITIONS FOR GLOBAL VARIABLES ALLOCATED TO REGISTERS
                 	.DEF _i=R4
                 	.DEF _i_msb=R5
                 	.DEF __lcd_x=R7
                 	.DEF __lcd_y=R6
                 	.DEF __lcd_maxx=R9
                 
                 	.CSEG
                 	.ORG 0x00
                 
                 ;START OF CODE MARKER
                 __START_OF_CODE:
                 
                 ;INTERRUPT VECTORS
000000 940c 0065 	JMP  __RESET
000002 940c 0000 	JMP  0x00
000004 940c 0000 	JMP  0x00
000006 940c 0000 	JMP  0x00
000008 940c 0000 	JMP  0x00
00000a 940c 0000 	JMP  0x00
00000c 940c 0000 	JMP  0x00
00000e 940c 0000 	JMP  0x00
000010 940c 0000 	JMP  0x00
000012 940c 0000 	JMP  0x00
000014 940c 0000 	JMP  0x00
000016 940c 0000 	JMP  0x00
000018 940c 0000 	JMP  0x00
00001a 940c 0000 	JMP  0x00
00001c 940c 0000 	JMP  0x00
00001e 940c 0000 	JMP  0x00
000020 940c 0000 	JMP  0x00
000022 940c 0000 	JMP  0x00
000024 940c 0000 	JMP  0x00
000026 940c 0000 	JMP  0x00
000028 940c 0000 	JMP  0x00
00002a 940c 0000 	JMP  0x00
00002c 940c 0000 	JMP  0x00
00002e 940c 0000 	JMP  0x00
000030 940c 0000 	JMP  0x00
000032 940c 0000 	JMP  0x00
000034 940c 0000 	JMP  0x00
000036 940c 0000 	JMP  0x00
000038 940c 0000 	JMP  0x00
00003a 940c 0000 	JMP  0x00
00003c 940c 0000 	JMP  0x00
00003e 940c 0000 	JMP  0x00
000040 940c 0000 	JMP  0x00
000042 940c 0000 	JMP  0x00
000044 940c 0000 	JMP  0x00
                 
                 _tbl10_G100:
000046 2710
000047 03e8
000048 0064
000049 000a      	.DB  0x10,0x27,0xE8,0x3,0x64,0x0,0xA,0x0
00004a 0001      	.DB  0x1,0x0
                 _tbl16_G100:
00004b 1000
00004c 0100
00004d 0010
00004e 0001      	.DB  0x0,0x10,0x0,0x1,0x10,0x0,0x1,0x0
                 
                 ;GLOBAL REGISTER VARIABLES INITIALIZATION
                 __REG_VARS:
00004f 0000      	.DB  0x0,0x0
                 
                 _0x0:
000050 7543
000051 7272
000052 6e65
000053 2074      	.DB  0x43,0x75,0x72,0x72,0x65,0x6E,0x74,0x20
000054 6156
000055 756c
000056 0065
000057 4144      	.DB  0x56,0x61,0x6C,0x75,0x65,0x0,0x44,0x41
000058 4154
000059 3d20
00005a 2520
00005b 6434      	.DB  0x54,0x41,0x20,0x3D,0x20,0x25,0x34,0x64
D:\2018_MAPU\201_03_054\Debug\List\201_03_054.asm(1160): warning: .cseg .db misalignment - padding zero byte
00005c 0000      	.DB  0x0
                 _0x2020003:
00005d c080      	.DB  0x80,0xC0
                 
                 __GLOBAL_INI_TBL:
00005e 0002      	.DW  0x02
00005f 0004      	.DW  0x04
000060 009e      	.DW  __REG_VARS*2
                 
000061 0002      	.DW  0x02
000062 0510      	.DW  __base_y_G101
000063 00ba      	.DW  _0x2020003*2
                 
                 _0xFFFFFFFF:
000064 0000      	.DW  0
                 
                 #define __GLOBAL_INI_TBL_PRESENT 1
                 
                 __RESET:
000065 94f8      	CLI
000066 27ee      	CLR  R30
000067 bbec      	OUT  EECR,R30
                 
                 ;INTERRUPT VECTORS ARE PLACED
                 ;AT THE START OF FLASH
000068 e0f1      	LDI  R31,1
000069 bff5      	OUT  MCUCR,R31
00006a bfe5      	OUT  MCUCR,R30
00006b 93e0 006c 	STS  XMCRB,R30
                 
                 ;CLEAR R2-R14
00006d e08d      	LDI  R24,(14-2)+1
00006e e0a2      	LDI  R26,2
00006f 27bb      	CLR  R27
                 __CLEAR_REG:
000070 93ed      	ST   X+,R30
000071 958a      	DEC  R24
000072 f7e9      	BRNE __CLEAR_REG
                 
                 ;CLEAR SRAM
000073 e080      	LDI  R24,LOW(__CLEAR_SRAM_SIZE)
000074 e190      	LDI  R25,HIGH(__CLEAR_SRAM_SIZE)
000075 e0a0      	LDI  R26,LOW(__SRAM_START)
000076 e0b1      	LDI  R27,HIGH(__SRAM_START)
                 __CLEAR_SRAM:
000077 93ed      	ST   X+,R30
000078 9701      	SBIW R24,1
000079 f7e9      	BRNE __CLEAR_SRAM
                 
                 ;GLOBAL VARIABLES INITIALIZATION
00007a ebec      	LDI  R30,LOW(__GLOBAL_INI_TBL*2)
00007b e0f0      	LDI  R31,HIGH(__GLOBAL_INI_TBL*2)
                 __GLOBAL_INI_NEXT:
00007c 9185      	LPM  R24,Z+
00007d 9195      	LPM  R25,Z+
00007e 9700      	SBIW R24,0
00007f f061      	BREQ __GLOBAL_INI_END
000080 91a5      	LPM  R26,Z+
000081 91b5      	LPM  R27,Z+
000082 9005      	LPM  R0,Z+
000083 9015      	LPM  R1,Z+
000084 01bf      	MOVW R22,R30
000085 01f0      	MOVW R30,R0
                 __GLOBAL_INI_LOOP:
000086 9005      	LPM  R0,Z+
000087 920d      	ST   X+,R0
000088 9701      	SBIW R24,1
000089 f7e1      	BRNE __GLOBAL_INI_LOOP
00008a 01fb      	MOVW R30,R22
00008b cff0      	RJMP __GLOBAL_INI_NEXT
                 __GLOBAL_INI_END:
                 
00008c bf8b      	OUT  RAMPZ,R24
                 
                 ;HARDWARE STACK POINTER INITIALIZATION
00008d efef      	LDI  R30,LOW(__SRAM_END-__HEAP_SIZE)
00008e bfed      	OUT  SPL,R30
00008f e1e0      	LDI  R30,HIGH(__SRAM_END-__HEAP_SIZE)
000090 bfee      	OUT  SPH,R30
                 
                 ;DATA STACK POINTER INITIALIZATION
000091 e0c0      	LDI  R28,LOW(__SRAM_START+__DSTACK_SIZE)
000092 e0d5      	LDI  R29,HIGH(__SRAM_START+__DSTACK_SIZE)
                 
000093 940c 0095 	JMP  _main
                 
                 	.ESEG
                 	.ORG 0x00
                 
                 	.DSEG
                 	.ORG 0x500
                 
                 	.CSEG
                 ;/*
                 ; * 201_03_054.c
                 ; *
                 ; * Created: 2018-11-01 ¿ÀÈÄ 12:02:12
                 ; * Author: Administrator
                 ; */
                 ;
                 ;#include <mega128a.h>
                 	#ifndef __SLEEP_DEFINED__
                 	#define __SLEEP_DEFINED__
                 	.EQU __se_bit=0x20
                 	.EQU __sm_mask=0x1C
                 	.EQU __sm_powerdown=0x10
                 	.EQU __sm_powersave=0x18
                 	.EQU __sm_standby=0x14
                 	.EQU __sm_ext_standby=0x1C
                 	.EQU __sm_adc_noise_red=0x08
                 	.SET power_ctrl_reg=mcucr
                 	#endif
                 ;#include <stdio.h>
                 ;#include <lcd.h>
                 ;#include <delay.h>
                 ;
                 ;#asm
                     .equ __lcd_port = 0x15
                 ; 0000 000F #endasm
                 ;
                 ;int i=0;
                 ;char sbuff[16];
                 ;
                 ;
                 ;void main(void)
                 ; 0000 0016 {
                 
                 	.CSEG
                 _main:
                 ; .FSTART _main
                 ; 0000 0017     lcd_init(16);
000095 e1a0      	LDI  R26,LOW(16)
000096 d24f      	RCALL _lcd_init
                 ; 0000 0018 while (1)
                 _0x3:
                 ; 0000 0019     {
                 ; 0000 001A     lcd_gotoxy(0,0);
000097 e0e0      	LDI  R30,LOW(0)
000098 93ea      	ST   -Y,R30
000099 e0a0      	LDI  R26,LOW(0)
00009a d1e5      	RCALL _lcd_gotoxy
                 ; 0000 001B     lcd_putsf("Current Value");
                +
00009b eaa0     +LDI R26 , LOW ( 2 * _0x0 + ( 0 ) )
00009c e0b0     +LDI R27 , HIGH ( 2 * _0x0 + ( 0 ) )
                 	__POINTW2FN _0x0,0
00009d d225      	RCALL _lcd_putsf
                 ; 0000 001C 
                 ; 0000 001D     for(i=0;i<=1000;i++){
00009e 2444      	CLR  R4
00009f 2455      	CLR  R5
                 _0x7:
0000a0 eee8      	LDI  R30,LOW(1000)
0000a1 e0f3      	LDI  R31,HIGH(1000)
0000a2 15e4      	CP   R30,R4
0000a3 05f5      	CPC  R31,R5
0000a4 f0e4      	BRLT _0x8
                 ; 0000 001E         sprintf(sbuff,"DATA = %4d",i);
0000a5 e0e0      	LDI  R30,LOW(_sbuff)
0000a6 e0f5      	LDI  R31,HIGH(_sbuff)
0000a7 93fa      	ST   -Y,R31
0000a8 93ea      	ST   -Y,R30
                +
0000a9 eaee     +LDI R30 , LOW ( 2 * _0x0 + ( 14 ) )
0000aa e0f0     +LDI R31 , HIGH ( 2 * _0x0 + ( 14 ) )
                 	__POINTW1FN _0x0,14
0000ab 93fa      	ST   -Y,R31
0000ac 93ea      	ST   -Y,R30
0000ad 01f2      	MOVW R30,R4
0000ae d2bf      	RCALL __CWD1
0000af d2cb      	RCALL __PUTPARD1
0000b0 e084      	LDI  R24,4
0000b1 d162      	RCALL _sprintf
0000b2 9628      	ADIW R28,8
                 ; 0000 001F 
                 ; 0000 0020         lcd_gotoxy(0,1);
0000b3 e0e0      	LDI  R30,LOW(0)
0000b4 93ea      	ST   -Y,R30
0000b5 e0a1      	LDI  R26,LOW(1)
0000b6 d1c9      	RCALL _lcd_gotoxy
                 ; 0000 0021         lcd_puts(sbuff);
0000b7 e0a0      	LDI  R26,LOW(_sbuff)
0000b8 e0b5      	LDI  R27,HIGH(_sbuff)
0000b9 d1fa      	RCALL _lcd_puts
                 ; 0000 0022         delay_ms(100);
0000ba e6a4      	LDI  R26,LOW(100)
0000bb e0b0      	LDI  R27,0
0000bc d2c3      	RCALL _delay_ms
                 ; 0000 0023     }
0000bd 01f2      	MOVW R30,R4
0000be 9631      	ADIW R30,1
0000bf 012f      	MOVW R4,R30
0000c0 cfdf      	RJMP _0x7
                 _0x8:
                 ; 0000 0024 
                 ; 0000 0025     }
0000c1 cfd5      	RJMP _0x3
                 ; 0000 0026 }
                 _0x9:
0000c2 cfff      	RJMP _0x9
                 ; .FEND
                 	#ifndef __SLEEP_DEFINED__
                 	#endif
                 
                 	.CSEG
                 _put_buff_G100:
                 ; .FSTART _put_buff_G100
0000c3 d290      	RCALL __SAVELOCR6
0000c4 019d      	MOVW R18,R26
0000c5 815e      	LDD  R21,Y+6
0000c6 9612      	ADIW R26,2
0000c7 d2ab      	RCALL __GETW1P
0000c8 9730      	SBIW R30,0
0000c9 f0e1      	BREQ _0x2000010
0000ca 01d9      	MOVW R26,R18
0000cb 9614      	ADIW R26,4
0000cc d2a6      	RCALL __GETW1P
0000cd 018f      	MOVW R16,R30
0000ce 9730      	SBIW R30,0
0000cf f059      	BREQ _0x2000012
                +
0000d0 3002     +CPI R16 , LOW ( 2 )
0000d1 e0e0     +LDI R30 , HIGH ( 2 )
0000d2 071e     +CPC R17 , R30
                 	__CPWRN 16,17,2
0000d3 f060      	BRLO _0x2000013
0000d4 01f8      	MOVW R30,R16
0000d5 9731      	SBIW R30,1
0000d6 018f      	MOVW R16,R30
                +
0000d7 01d9     +MOVW R26 , R18
0000d8 9614     +ADIW R26 , 4
0000d9 93ed     +ST X + , R30
0000da 93fc     +ST X , R31
                 	__PUTW1RNS 18,4
                 _0x2000012:
0000db 01d9      	MOVW R26,R18
0000dc 9612      	ADIW R26,2
0000dd d253      	RCALL SUBOPT_0x0
0000de 9731      	SBIW R30,1
0000df 8350      	ST   Z,R21
                 _0x2000013:
0000e0 01d9      	MOVW R26,R18
0000e1 d291      	RCALL __GETW1P
0000e2 23ff      	TST  R31
0000e3 f00a      	BRMI _0x2000014
0000e4 d24c      	RCALL SUBOPT_0x0
                 _0x2000014:
0000e5 c005      	RJMP _0x2000015
                 _0x2000010:
0000e6 01d9      	MOVW R26,R18
0000e7 efef      	LDI  R30,LOW(65535)
0000e8 efff      	LDI  R31,HIGH(65535)
0000e9 93ed      	ST   X+,R30
0000ea 93fc      	ST   X,R31
                 _0x2000015:
0000eb d26f      	RCALL __LOADLOCR6
0000ec 9627      	ADIW R28,7
0000ed 9508      	RET
                 ; .FEND
                 __print_G100:
                 ; .FSTART __print_G100
0000ee 93ba      	ST   -Y,R27
0000ef 93aa      	ST   -Y,R26
0000f0 9726      	SBIW R28,6
0000f1 d262      	RCALL __SAVELOCR6
0000f2 e010      	LDI  R17,0
0000f3 85ac      	LDD  R26,Y+12
0000f4 85bd      	LDD  R27,Y+12+1
0000f5 e0e0      	LDI  R30,LOW(0)
0000f6 e0f0      	LDI  R31,HIGH(0)
0000f7 93ed      	ST   X+,R30
0000f8 93fc      	ST   X,R31
                 _0x2000016:
0000f9 89ea      	LDD  R30,Y+18
0000fa 89fb      	LDD  R31,Y+18+1
0000fb 9631      	ADIW R30,1
0000fc 8bea      	STD  Y+18,R30
0000fd 8bfb      	STD  Y+18+1,R31
0000fe 9731      	SBIW R30,1
0000ff 91e4      	LPM  R30,Z
000100 2f2e      	MOV  R18,R30
000101 30e0      	CPI  R30,0
000102 f409      	BRNE PC+2
000103 c109      	RJMP _0x2000018
000104 2fe1      	MOV  R30,R17
000105 30e0      	CPI  R30,0
000106 f431      	BRNE _0x200001C
000107 3225      	CPI  R18,37
000108 f411      	BRNE _0x200001D
000109 e011      	LDI  R17,LOW(1)
00010a c001      	RJMP _0x200001E
                 _0x200001D:
00010b d22b      	RCALL SUBOPT_0x1
                 _0x200001E:
00010c c0ff      	RJMP _0x200001B
                 _0x200001C:
00010d 30e1      	CPI  R30,LOW(0x1)
00010e f4a1      	BRNE _0x200001F
00010f 3225      	CPI  R18,37
000110 f411      	BRNE _0x2000020
000111 d225      	RCALL SUBOPT_0x1
000112 c0f8      	RJMP _0x20000CC
                 _0x2000020:
000113 e012      	LDI  R17,LOW(2)
000114 e040      	LDI  R20,LOW(0)
000115 e000      	LDI  R16,LOW(0)
000116 322d      	CPI  R18,45
000117 f411      	BRNE _0x2000021
000118 e001      	LDI  R16,LOW(1)
000119 c0f2      	RJMP _0x200001B
                 _0x2000021:
00011a 322b      	CPI  R18,43
00011b f411      	BRNE _0x2000022
00011c e24b      	LDI  R20,LOW(43)
00011d c0ee      	RJMP _0x200001B
                 _0x2000022:
00011e 3220      	CPI  R18,32
00011f f411      	BRNE _0x2000023
000120 e240      	LDI  R20,LOW(32)
000121 c0ea      	RJMP _0x200001B
                 _0x2000023:
000122 c002      	RJMP _0x2000024
                 _0x200001F:
000123 30e2      	CPI  R30,LOW(0x2)
000124 f439      	BRNE _0x2000025
                 _0x2000024:
000125 e050      	LDI  R21,LOW(0)
000126 e013      	LDI  R17,LOW(3)
000127 3320      	CPI  R18,48
000128 f411      	BRNE _0x2000026
000129 6800      	ORI  R16,LOW(128)
00012a c0e1      	RJMP _0x200001B
                 _0x2000026:
00012b c003      	RJMP _0x2000027
                 _0x2000025:
00012c 30e3      	CPI  R30,LOW(0x3)
00012d f009      	BREQ PC+2
00012e c0dd      	RJMP _0x200001B
                 _0x2000027:
00012f 3320      	CPI  R18,48
000130 f010      	BRLO _0x200002A
000131 332a      	CPI  R18,58
000132 f008      	BRLO _0x200002B
                 _0x200002A:
000133 c007      	RJMP _0x2000029
                 _0x200002B:
000134 e0aa      	LDI  R26,LOW(10)
000135 9f5a      	MUL  R21,R26
000136 2d50      	MOV  R21,R0
000137 2fe2      	MOV  R30,R18
000138 53e0      	SUBI R30,LOW(48)
000139 0f5e      	ADD  R21,R30
00013a c0d1      	RJMP _0x200001B
                 _0x2000029:
00013b 2fe2      	MOV  R30,R18
00013c 36e3      	CPI  R30,LOW(0x63)
00013d f439      	BRNE _0x200002F
00013e d1ff      	RCALL SUBOPT_0x2
00013f 89e8      	LDD  R30,Y+16
000140 89f9      	LDD  R31,Y+16+1
000141 81a4      	LDD  R26,Z+4
000142 93aa      	ST   -Y,R26
000143 d200      	RCALL SUBOPT_0x3
000144 c0c6      	RJMP _0x2000030
                 _0x200002F:
000145 37e3      	CPI  R30,LOW(0x73)
000146 f429      	BRNE _0x2000032
000147 d1f6      	RCALL SUBOPT_0x2
000148 d201      	RCALL SUBOPT_0x4
000149 d1ce      	RCALL _strlen
00014a 2f1e      	MOV  R17,R30
00014b c007      	RJMP _0x2000033
                 _0x2000032:
00014c 37e0      	CPI  R30,LOW(0x70)
00014d f449      	BRNE _0x2000035
00014e d1ef      	RCALL SUBOPT_0x2
00014f d1fa      	RCALL SUBOPT_0x4
000150 d1d3      	RCALL _strlenf
000151 2f1e      	MOV  R17,R30
000152 6008      	ORI  R16,LOW(8)
                 _0x2000033:
000153 6002      	ORI  R16,LOW(2)
000154 770f      	ANDI R16,LOW(127)
000155 e030      	LDI  R19,LOW(0)
000156 c038      	RJMP _0x2000036
                 _0x2000035:
000157 36e4      	CPI  R30,LOW(0x64)
000158 f011      	BREQ _0x2000039
000159 36e9      	CPI  R30,LOW(0x69)
00015a f411      	BRNE _0x200003A
                 _0x2000039:
00015b 6004      	ORI  R16,LOW(4)
00015c c002      	RJMP _0x200003B
                 _0x200003A:
00015d 37e5      	CPI  R30,LOW(0x75)
00015e f431      	BRNE _0x200003C
                 _0x200003B:
00015f e8ec      	LDI  R30,LOW(_tbl10_G100*2)
000160 e0f0      	LDI  R31,HIGH(_tbl10_G100*2)
000161 83ee      	STD  Y+6,R30
000162 83ff      	STD  Y+6+1,R31
000163 e015      	LDI  R17,LOW(5)
000164 c00c      	RJMP _0x200003D
                 _0x200003C:
000165 35e8      	CPI  R30,LOW(0x58)
000166 f411      	BRNE _0x200003F
000167 6008      	ORI  R16,LOW(8)
000168 c003      	RJMP _0x2000040
                 _0x200003F:
000169 37e8      	CPI  R30,LOW(0x78)
00016a f009      	BREQ PC+2
00016b c09f      	RJMP _0x2000071
                 _0x2000040:
00016c e9e6      	LDI  R30,LOW(_tbl16_G100*2)
00016d e0f0      	LDI  R31,HIGH(_tbl16_G100*2)
00016e 83ee      	STD  Y+6,R30
00016f 83ff      	STD  Y+6+1,R31
000170 e014      	LDI  R17,LOW(4)
                 _0x200003D:
000171 ff02      	SBRS R16,2
000172 c015      	RJMP _0x2000042
000173 d1ca      	RCALL SUBOPT_0x2
000174 89a8      	LDD  R26,Y+16
000175 89b9      	LDD  R27,Y+16+1
000176 9614      	ADIW R26,4
000177 91ed      	LD   R30,X+
000178 91fd      	LD   R31,X+
000179 87ea      	STD  Y+10,R30
00017a 87fb      	STD  Y+10+1,R31
00017b 85ab      	LDD  R26,Y+11
00017c 23aa      	TST  R26
00017d f422      	BRPL _0x2000043
00017e d1eb      	RCALL __ANEGW1
00017f 87ea      	STD  Y+10,R30
000180 87fb      	STD  Y+10+1,R31
000181 e24d      	LDI  R20,LOW(45)
                 _0x2000043:
000182 3040      	CPI  R20,0
000183 f011      	BREQ _0x2000044
000184 5f1f      	SUBI R17,-LOW(1)
000185 c001      	RJMP _0x2000045
                 _0x2000044:
000186 7f0b      	ANDI R16,LOW(251)
                 _0x2000045:
000187 c007      	RJMP _0x2000046
                 _0x2000042:
000188 d1b5      	RCALL SUBOPT_0x2
000189 89a8      	LDD  R26,Y+16
00018a 89b9      	LDD  R27,Y+16+1
00018b 9614      	ADIW R26,4
00018c d1e6      	RCALL __GETW1P
00018d 87ea      	STD  Y+10,R30
00018e 87fb      	STD  Y+10+1,R31
                 _0x2000046:
                 _0x2000036:
00018f fd00      	SBRC R16,0
000190 c010      	RJMP _0x2000047
                 _0x2000048:
000191 1715      	CP   R17,R21
000192 f470      	BRSH _0x200004A
000193 ff07      	SBRS R16,7
000194 c008      	RJMP _0x200004B
000195 ff02      	SBRS R16,2
000196 c004      	RJMP _0x200004C
000197 7f0b      	ANDI R16,LOW(251)
000198 2f24      	MOV  R18,R20
000199 5011      	SUBI R17,LOW(1)
00019a c001      	RJMP _0x200004D
                 _0x200004C:
00019b e320      	LDI  R18,LOW(48)
                 _0x200004D:
00019c c001      	RJMP _0x200004E
                 _0x200004B:
00019d e220      	LDI  R18,LOW(32)
                 _0x200004E:
00019e d198      	RCALL SUBOPT_0x1
00019f 5051      	SUBI R21,LOW(1)
0001a0 cff0      	RJMP _0x2000048
                 _0x200004A:
                 _0x2000047:
0001a1 2f31      	MOV  R19,R17
0001a2 ff01      	SBRS R16,1
0001a3 c016      	RJMP _0x200004F
                 _0x2000050:
0001a4 3030      	CPI  R19,0
0001a5 f099      	BREQ _0x2000052
0001a6 ff03      	SBRS R16,3
0001a7 c006      	RJMP _0x2000053
0001a8 81ee      	LDD  R30,Y+6
0001a9 81ff      	LDD  R31,Y+6+1
0001aa 9125      	LPM  R18,Z+
0001ab 83ee      	STD  Y+6,R30
0001ac 83ff      	STD  Y+6+1,R31
0001ad c005      	RJMP _0x2000054
                 _0x2000053:
0001ae 81ae      	LDD  R26,Y+6
0001af 81bf      	LDD  R27,Y+6+1
0001b0 912d      	LD   R18,X+
0001b1 83ae      	STD  Y+6,R26
0001b2 83bf      	STD  Y+6+1,R27
                 _0x2000054:
0001b3 d183      	RCALL SUBOPT_0x1
0001b4 3050      	CPI  R21,0
0001b5 f009      	BREQ _0x2000055
0001b6 5051      	SUBI R21,LOW(1)
                 _0x2000055:
0001b7 5031      	SUBI R19,LOW(1)
0001b8 cfeb      	RJMP _0x2000050
                 _0x2000052:
0001b9 c048      	RJMP _0x2000056
                 _0x200004F:
                 _0x2000058:
0001ba e320      	LDI  R18,LOW(48)
0001bb 81ee      	LDD  R30,Y+6
0001bc 81ff      	LDD  R31,Y+6+1
0001bd d1b9      	RCALL __GETW1PF
0001be 87e8      	STD  Y+8,R30
0001bf 87f9      	STD  Y+8+1,R31
0001c0 81ee      	LDD  R30,Y+6
0001c1 81ff      	LDD  R31,Y+6+1
0001c2 9632      	ADIW R30,2
0001c3 83ee      	STD  Y+6,R30
0001c4 83ff      	STD  Y+6+1,R31
                 _0x200005A:
0001c5 85e8      	LDD  R30,Y+8
0001c6 85f9      	LDD  R31,Y+8+1
0001c7 85aa      	LDD  R26,Y+10
0001c8 85bb      	LDD  R27,Y+10+1
0001c9 17ae      	CP   R26,R30
0001ca 07bf      	CPC  R27,R31
0001cb f050      	BRLO _0x200005C
0001cc 5f2f      	SUBI R18,-LOW(1)
0001cd 85a8      	LDD  R26,Y+8
0001ce 85b9      	LDD  R27,Y+8+1
0001cf 85ea      	LDD  R30,Y+10
0001d0 85fb      	LDD  R31,Y+10+1
0001d1 1bea      	SUB  R30,R26
0001d2 0bfb      	SBC  R31,R27
0001d3 87ea      	STD  Y+10,R30
0001d4 87fb      	STD  Y+10+1,R31
0001d5 cfef      	RJMP _0x200005A
                 _0x200005C:
0001d6 332a      	CPI  R18,58
0001d7 f028      	BRLO _0x200005D
0001d8 ff03      	SBRS R16,3
0001d9 c002      	RJMP _0x200005E
0001da 5f29      	SUBI R18,-LOW(7)
0001db c001      	RJMP _0x200005F
                 _0x200005E:
0001dc 5d29      	SUBI R18,-LOW(39)
                 _0x200005F:
                 _0x200005D:
0001dd fd04      	SBRC R16,4
0001de c019      	RJMP _0x2000061
0001df 3321      	CPI  R18,49
0001e0 f420      	BRSH _0x2000063
0001e1 85a8      	LDD  R26,Y+8
0001e2 85b9      	LDD  R27,Y+8+1
0001e3 9711      	SBIW R26,1
0001e4 f409      	BRNE _0x2000062
                 _0x2000063:
0001e5 c009      	RJMP _0x20000CD
                 _0x2000062:
0001e6 1753      	CP   R21,R19
0001e7 f010      	BRLO _0x2000067
0001e8 ff00      	SBRS R16,0
0001e9 c001      	RJMP _0x2000068
                 _0x2000067:
0001ea c011      	RJMP _0x2000066
                 _0x2000068:
0001eb e220      	LDI  R18,LOW(32)
0001ec ff07      	SBRS R16,7
0001ed c00a      	RJMP _0x2000069
0001ee e320      	LDI  R18,LOW(48)
                 _0x20000CD:
0001ef 6100      	ORI  R16,LOW(16)
0001f0 ff02      	SBRS R16,2
0001f1 c006      	RJMP _0x200006A
0001f2 7f0b      	ANDI R16,LOW(251)
0001f3 934a      	ST   -Y,R20
0001f4 d14f      	RCALL SUBOPT_0x3
0001f5 3050      	CPI  R21,0
0001f6 f009      	BREQ _0x200006B
0001f7 5051      	SUBI R21,LOW(1)
                 _0x200006B:
                 _0x200006A:
                 _0x2000069:
                 _0x2000061:
0001f8 d13e      	RCALL SUBOPT_0x1
0001f9 3050      	CPI  R21,0
0001fa f009      	BREQ _0x200006C
0001fb 5051      	SUBI R21,LOW(1)
                 _0x200006C:
                 _0x2000066:
0001fc 5031      	SUBI R19,LOW(1)
0001fd 85a8      	LDD  R26,Y+8
0001fe 85b9      	LDD  R27,Y+8+1
0001ff 9712      	SBIW R26,2
000200 f008      	BRLO _0x2000059
000201 cfb8      	RJMP _0x2000058
                 _0x2000059:
                 _0x2000056:
000202 ff00      	SBRS R16,0
000203 c007      	RJMP _0x200006D
                 _0x200006E:
000204 3050      	CPI  R21,0
000205 f029      	BREQ _0x2000070
000206 5051      	SUBI R21,LOW(1)
000207 e2e0      	LDI  R30,LOW(32)
000208 93ea      	ST   -Y,R30
000209 d13a      	RCALL SUBOPT_0x3
00020a cff9      	RJMP _0x200006E
                 _0x2000070:
                 _0x200006D:
                 _0x2000071:
                 _0x2000030:
                 _0x20000CC:
00020b e010      	LDI  R17,LOW(0)
                 _0x200001B:
00020c ceec      	RJMP _0x2000016
                 _0x2000018:
00020d 85ac      	LDD  R26,Y+12
00020e 85bd      	LDD  R27,Y+12+1
00020f 91ed      	LD   R30,X+
000210 91fd      	LD   R31,X+
000211 d149      	RCALL __LOADLOCR6
000212 9664      	ADIW R28,20
000213 9508      	RET
                 ; .FEND
                 _sprintf:
                 ; .FSTART _sprintf
000214 92ff      	PUSH R15
000215 2ef8      	MOV  R15,R24
000216 9726      	SBIW R28,6
000217 d13c      	RCALL __SAVELOCR6
000218 01fe      	MOVW R30,R28
000219 d148      	RCALL __ADDW1R15
                +
00021a 8546     +LDD R20 , Z + 14
00021b 8557     +LDD R21 , Z + 14 + 1
                 	__GETWRZ 20,21,14
00021c 2e04      	MOV  R0,R20
00021d 2a05      	OR   R0,R21
00021e f419      	BRNE _0x2000072
00021f efef      	LDI  R30,LOW(65535)
000220 efff      	LDI  R31,HIGH(65535)
000221 c01f      	RJMP _0x2080003
                 _0x2000072:
000222 01de      	MOVW R26,R28
000223 9618      	ADIW R26,8
000224 d141      	RCALL __ADDW2R15
000225 018d      	MOVW R16,R26
                +
000226 8748     +STD Y + 8 , R20
000227 8759     +STD Y + 8 + 1 , R21
                 	__PUTWSR 20,21,8
000228 e0e0      	LDI  R30,LOW(0)
000229 87ea      	STD  Y+10,R30
00022a 87eb      	STD  Y+10+1,R30
00022b 01de      	MOVW R26,R28
00022c 961c      	ADIW R26,12
00022d d138      	RCALL __ADDW2R15
00022e 91ed      	LD   R30,X+
00022f 91fd      	LD   R31,X+
000230 93fa      	ST   -Y,R31
000231 93ea      	ST   -Y,R30
000232 931a      	ST   -Y,R17
000233 930a      	ST   -Y,R16
000234 ece3      	LDI  R30,LOW(_put_buff_G100)
000235 e0f0      	LDI  R31,HIGH(_put_buff_G100)
000236 93fa      	ST   -Y,R31
000237 93ea      	ST   -Y,R30
000238 01de      	MOVW R26,R28
000239 961c      	ADIW R26,12
00023a deb3      	RCALL __print_G100
00023b 019f      	MOVW R18,R30
00023c 85a8      	LDD  R26,Y+8
00023d 85b9      	LDD  R27,Y+8+1
00023e e0e0      	LDI  R30,LOW(0)
00023f 93ec      	ST   X,R30
000240 01f9      	MOVW R30,R18
                 _0x2080003:
000241 d119      	RCALL __LOADLOCR6
000242 962c      	ADIW R28,12
000243 90ff      	POP  R15
000244 9508      	RET
                 ; .FEND
                 	#ifndef __SLEEP_DEFINED__
                 	#endif
                     .equ __lcd_direction=__lcd_port-1
                     .equ __lcd_pin=__lcd_port-2
                     .equ __lcd_rs=0
                     .equ __lcd_rd=1
                     .equ __lcd_enable=2
                     .equ __lcd_busy_flag=7
                 
                 	.DSEG
                 
                 	.CSEG
                 __lcd_delay_G101:
                 ; .FSTART __lcd_delay_G101
000245 e0ff          ldi   r31,15
                 __lcd_delay0:
000246 95fa          dec   r31
000247 f7f1          brne  __lcd_delay0
000248 9508      	RET
                 ; .FEND
                 __lcd_ready:
                 ; .FSTART __lcd_ready
000249 b3a4          in    r26,__lcd_direction
00024a 70af          andi  r26,0xf                 ;set as input
00024b bba4          out   __lcd_direction,r26
00024c 9aa9          sbi   __lcd_port,__lcd_rd     ;RD=1
00024d 98a8          cbi   __lcd_port,__lcd_rs     ;RS=0
                 __lcd_busy:
00024e dff6      	RCALL __lcd_delay_G101
00024f 9aaa          sbi   __lcd_port,__lcd_enable ;EN=1
000250 dff4      	RCALL __lcd_delay_G101
000251 b3a3          in    r26,__lcd_pin
000252 98aa          cbi   __lcd_port,__lcd_enable ;EN=0
000253 dff1      	RCALL __lcd_delay_G101
000254 9aaa          sbi   __lcd_port,__lcd_enable ;EN=1
000255 dfef      	RCALL __lcd_delay_G101
000256 98aa          cbi   __lcd_port,__lcd_enable ;EN=0
000257 fda7          sbrc  r26,__lcd_busy_flag
000258 cff5          rjmp  __lcd_busy
000259 9508      	RET
                 ; .FEND
                 __lcd_write_nibble_G101:
                 ; .FSTART __lcd_write_nibble_G101
00025a 7fa0          andi  r26,0xf0
00025b 2bab          or    r26,r27
00025c bba5          out   __lcd_port,r26          ;write
00025d 9aaa          sbi   __lcd_port,__lcd_enable ;EN=1
00025e dfe6      	RCALL __lcd_delay_G101
00025f 98aa          cbi   __lcd_port,__lcd_enable ;EN=0
000260 dfe4      	RCALL __lcd_delay_G101
000261 9508      	RET
                 ; .FEND
                 __lcd_write_data:
                 ; .FSTART __lcd_write_data
000262 93aa      	ST   -Y,R26
000263 98a9          cbi  __lcd_port,__lcd_rd 	  ;RD=0
000264 b3a4          in    r26,__lcd_direction
000265 6fa7          ori   r26,0xf0 | (1<<__lcd_rs) | (1<<__lcd_rd) | (1<<__lcd_enable) ;set as output
000266 bba4          out   __lcd_direction,r26
000267 b3b5          in    r27,__lcd_port
000268 70bf          andi  r27,0xf
000269 81a8          ld    r26,y
00026a dfef      	RCALL __lcd_write_nibble_G101
00026b 81a8          ld    r26,y
00026c 95a2          swap  r26
00026d dfec      	RCALL __lcd_write_nibble_G101
00026e 9aa9          sbi   __lcd_port,__lcd_rd     ;RD=1
00026f 940c 0316 	JMP  _0x2080001
                 ; .FEND
                 __lcd_read_nibble_G101:
                 ; .FSTART __lcd_read_nibble_G101
000271 9aaa          sbi   __lcd_port,__lcd_enable ;EN=1
000272 dfd2      	RCALL __lcd_delay_G101
000273 b3e3          in    r30,__lcd_pin           ;read
000274 98aa          cbi   __lcd_port,__lcd_enable ;EN=0
000275 dfcf      	RCALL __lcd_delay_G101
000276 7fe0          andi  r30,0xf0
000277 9508      	RET
                 ; .FEND
                 _lcd_read_byte0_G101:
                 ; .FSTART _lcd_read_byte0_G101
000278 dfcc      	RCALL __lcd_delay_G101
000279 dff7      	RCALL __lcd_read_nibble_G101
00027a 2fae          mov   r26,r30
00027b dff5      	RCALL __lcd_read_nibble_G101
00027c 98a9          cbi   __lcd_port,__lcd_rd     ;RD=0
00027d 95e2          swap  r30
00027e 2bea          or    r30,r26
00027f 9508      	RET
                 ; .FEND
                 _lcd_gotoxy:
                 ; .FSTART _lcd_gotoxy
000280 93aa      	ST   -Y,R26
000281 dfc7      	RCALL __lcd_ready
000282 81e8      	LD   R30,Y
000283 e0f0      	LDI  R31,0
000284 5fe0      	SUBI R30,LOW(-__base_y_G101)
000285 4ffa      	SBCI R31,HIGH(-__base_y_G101)
000286 81e0      	LD   R30,Z
000287 81a9      	LDD  R26,Y+1
000288 0fae      	ADD  R26,R30
000289 dfd8      	RCALL __lcd_write_data
00028a 8079      	LDD  R7,Y+1
00028b 8068      	LDD  R6,Y+0
00028c 9622      	ADIW R28,2
00028d 9508      	RET
                 ; .FEND
                 _lcd_clear:
                 ; .FSTART _lcd_clear
00028e dfba      	RCALL __lcd_ready
00028f e0a2      	LDI  R26,LOW(2)
000290 dfd1      	RCALL __lcd_write_data
000291 dfb7      	RCALL __lcd_ready
000292 e0ac      	LDI  R26,LOW(12)
000293 dfce      	RCALL __lcd_write_data
000294 dfb4      	RCALL __lcd_ready
000295 e0a1      	LDI  R26,LOW(1)
000296 dfcb      	RCALL __lcd_write_data
000297 e0e0      	LDI  R30,LOW(0)
000298 2e6e      	MOV  R6,R30
000299 2e7e      	MOV  R7,R30
00029a 9508      	RET
                 ; .FEND
                 _lcd_putchar:
                 ; .FSTART _lcd_putchar
00029b 93aa      	ST   -Y,R26
00029c 93ef          push r30
00029d 93ff          push r31
00029e 81a8          ld   r26,y
00029f 9468          set
0002a0 30aa          cpi  r26,10
0002a1 f019          breq __lcd_putchar1
0002a2 94e8          clt
0002a3 1479      	CP   R7,R9
0002a4 f030      	BRLO _0x2020004
                 	__lcd_putchar1:
0002a5 9463      	INC  R6
0002a6 e0e0      	LDI  R30,LOW(0)
0002a7 93ea      	ST   -Y,R30
0002a8 2da6      	MOV  R26,R6
0002a9 dfd6      	RCALL _lcd_gotoxy
0002aa f02e      	brts __lcd_putchar0
                 _0x2020004:
0002ab 9473      	INC  R7
0002ac df9c          rcall __lcd_ready
0002ad 9aa8          sbi  __lcd_port,__lcd_rs ;RS=1
0002ae 81a8      	LD   R26,Y
0002af dfb2      	RCALL __lcd_write_data
                 __lcd_putchar0:
0002b0 91ff          pop  r31
0002b1 91ef          pop  r30
0002b2 940c 0316 	JMP  _0x2080001
                 ; .FEND
                 _lcd_puts:
                 ; .FSTART _lcd_puts
0002b4 93ba      	ST   -Y,R27
0002b5 93aa      	ST   -Y,R26
0002b6 931a      	ST   -Y,R17
                 _0x2020005:
0002b7 81a9      	LDD  R26,Y+1
0002b8 81ba      	LDD  R27,Y+1+1
0002b9 91ed      	LD   R30,X+
0002ba 83a9      	STD  Y+1,R26
0002bb 83ba      	STD  Y+1+1,R27
0002bc 2f1e      	MOV  R17,R30
0002bd 30e0      	CPI  R30,0
0002be f019      	BREQ _0x2020007
0002bf 2fa1      	MOV  R26,R17
0002c0 dfda      	RCALL _lcd_putchar
0002c1 cff5      	RJMP _0x2020005
                 _0x2020007:
0002c2 c010      	RJMP _0x2080002
                 ; .FEND
                 _lcd_putsf:
                 ; .FSTART _lcd_putsf
0002c3 93ba      	ST   -Y,R27
0002c4 93aa      	ST   -Y,R26
0002c5 931a      	ST   -Y,R17
                 _0x2020008:
0002c6 81e9      	LDD  R30,Y+1
0002c7 81fa      	LDD  R31,Y+1+1
0002c8 9631      	ADIW R30,1
0002c9 83e9      	STD  Y+1,R30
0002ca 83fa      	STD  Y+1+1,R31
0002cb 9731      	SBIW R30,1
0002cc 91e4      	LPM  R30,Z
0002cd 2f1e      	MOV  R17,R30
0002ce 30e0      	CPI  R30,0
0002cf f019      	BREQ _0x202000A
0002d0 2fa1      	MOV  R26,R17
0002d1 dfc9      	RCALL _lcd_putchar
0002d2 cff3      	RJMP _0x2020008
                 _0x202000A:
                 _0x2080002:
0002d3 8118      	LDD  R17,Y+0
0002d4 9623      	ADIW R28,3
0002d5 9508      	RET
                 ; .FEND
                 __long_delay_G101:
                 ; .FSTART __long_delay_G101
0002d6 27aa          clr   r26
0002d7 27bb          clr   r27
                 __long_delay0:
0002d8 9711          sbiw  r26,1         ;2 cycles
0002d9 f7f1          brne  __long_delay0 ;2 cycles
0002da 9508      	RET
                 ; .FEND
                 __lcd_init_write_G101:
                 ; .FSTART __lcd_init_write_G101
0002db 93aa      	ST   -Y,R26
0002dc 98a9          cbi  __lcd_port,__lcd_rd 	  ;RD=0
0002dd b3a4          in    r26,__lcd_direction
0002de 6fa7          ori   r26,0xf7                ;set as output
0002df bba4          out   __lcd_direction,r26
0002e0 b3b5          in    r27,__lcd_port
0002e1 70bf          andi  r27,0xf
0002e2 81a8          ld    r26,y
0002e3 df76      	RCALL __lcd_write_nibble_G101
0002e4 9aa9          sbi   __lcd_port,__lcd_rd     ;RD=1
0002e5 c030      	RJMP _0x2080001
                 ; .FEND
                 _lcd_init:
                 ; .FSTART _lcd_init
0002e6 93aa      	ST   -Y,R26
0002e7 98aa          cbi   __lcd_port,__lcd_enable ;EN=0
0002e8 98a8          cbi   __lcd_port,__lcd_rs     ;RS=0
0002e9 8098      	LDD  R9,Y+0
0002ea 81e8      	LD   R30,Y
0002eb 58e0      	SUBI R30,-LOW(128)
                +
0002ec 93e0 0512+STS __base_y_G101 + ( 2 ) , R30
                 	__PUTB1MN __base_y_G101,2
0002ee 81e8      	LD   R30,Y
0002ef 54e0      	SUBI R30,-LOW(192)
                +
0002f0 93e0 0513+STS __base_y_G101 + ( 3 ) , R30
                 	__PUTB1MN __base_y_G101,3
0002f2 dfe3      	RCALL __long_delay_G101
0002f3 e3a0      	LDI  R26,LOW(48)
0002f4 dfe6      	RCALL __lcd_init_write_G101
0002f5 dfe0      	RCALL __long_delay_G101
0002f6 e3a0      	LDI  R26,LOW(48)
0002f7 dfe3      	RCALL __lcd_init_write_G101
0002f8 dfdd      	RCALL __long_delay_G101
0002f9 e3a0      	LDI  R26,LOW(48)
0002fa dfe0      	RCALL __lcd_init_write_G101
0002fb dfda      	RCALL __long_delay_G101
0002fc e2a0      	LDI  R26,LOW(32)
0002fd dfdd      	RCALL __lcd_init_write_G101
0002fe dfd7      	RCALL __long_delay_G101
0002ff e2a8      	LDI  R26,LOW(40)
000300 df61      	RCALL __lcd_write_data
000301 dfd4      	RCALL __long_delay_G101
000302 e0a4      	LDI  R26,LOW(4)
000303 df5e      	RCALL __lcd_write_data
000304 dfd1      	RCALL __long_delay_G101
000305 e8a5      	LDI  R26,LOW(133)
000306 df5b      	RCALL __lcd_write_data
000307 dfce      	RCALL __long_delay_G101
000308 b3a4          in    r26,__lcd_direction
000309 70af          andi  r26,0xf                 ;set as input
00030a bba4          out   __lcd_direction,r26
00030b 9aa9          sbi   __lcd_port,__lcd_rd     ;RD=1
00030c df6b      	RCALL _lcd_read_byte0_G101
00030d 30e5      	CPI  R30,LOW(0x5)
00030e f011      	BREQ _0x202000B
00030f e0e0      	LDI  R30,LOW(0)
000310 c005      	RJMP _0x2080001
                 _0x202000B:
000311 df37      	RCALL __lcd_ready
000312 e0a6      	LDI  R26,LOW(6)
000313 df4e      	RCALL __lcd_write_data
000314 df79      	RCALL _lcd_clear
000315 e0e1      	LDI  R30,LOW(1)
                 _0x2080001:
000316 9621      	ADIW R28,1
000317 9508      	RET
                 ; .FEND
                 
                 	.CSEG
                 
                 	.CSEG
                 _strlen:
                 ; .FSTART _strlen
000318 93ba      	ST   -Y,R27
000319 93aa      	ST   -Y,R26
00031a 91a9          ld   r26,y+
00031b 91b9          ld   r27,y+
00031c 27ee          clr  r30
00031d 27ff          clr  r31
                 strlen0:
00031e 916d          ld   r22,x+
00031f 2366          tst  r22
000320 f011          breq strlen1
000321 9631          adiw r30,1
000322 cffb          rjmp strlen0
                 strlen1:
000323 9508          ret
                 ; .FEND
                 _strlenf:
                 ; .FSTART _strlenf
000324 93ba      	ST   -Y,R27
000325 93aa      	ST   -Y,R26
000326 27aa          clr  r26
000327 27bb          clr  r27
000328 91e9          ld   r30,y+
000329 91f9          ld   r31,y+
                 strlenf0:
00032a 9005      	lpm  r0,z+
00032b 2000          tst  r0
00032c f011          breq strlenf1
00032d 9611          adiw r26,1
00032e cffb          rjmp strlenf0
                 strlenf1:
00032f 01fd          movw r30,r26
000330 9508          ret
                 ; .FEND
                 
                 	.DSEG
                 _sbuff:
000500           	.BYTE 0x10
                 __base_y_G101:
000510           	.BYTE 0x4
                 
                 	.CSEG
                 ;OPTIMIZER ADDED SUBROUTINE, CALLED 2 TIMES, CODE SIZE REDUCTION:2 WORDS
                 SUBOPT_0x0:
000331 91ed      	LD   R30,X+
000332 91fd      	LD   R31,X+
000333 9631      	ADIW R30,1
000334 93fe      	ST   -X,R31
000335 93ee      	ST   -X,R30
000336 9508      	RET
                 
                 ;OPTIMIZER ADDED SUBROUTINE, CALLED 5 TIMES, CODE SIZE REDUCTION:18 WORDS
                 SUBOPT_0x1:
000337 932a      	ST   -Y,R18
000338 85ad      	LDD  R26,Y+13
000339 85be      	LDD  R27,Y+13+1
00033a 85ef      	LDD  R30,Y+15
00033b 89f8      	LDD  R31,Y+15+1
00033c 9509      	ICALL
00033d 9508      	RET
                 
                 ;OPTIMIZER ADDED SUBROUTINE, CALLED 5 TIMES, CODE SIZE REDUCTION:14 WORDS
                 SUBOPT_0x2:
00033e 89e8      	LDD  R30,Y+16
00033f 89f9      	LDD  R31,Y+16+1
000340 9734      	SBIW R30,4
000341 8be8      	STD  Y+16,R30
000342 8bf9      	STD  Y+16+1,R31
000343 9508      	RET
                 
                 ;OPTIMIZER ADDED SUBROUTINE, CALLED 3 TIMES, CODE SIZE REDUCTION:6 WORDS
                 SUBOPT_0x3:
000344 85ad      	LDD  R26,Y+13
000345 85be      	LDD  R27,Y+13+1
000346 85ef      	LDD  R30,Y+15
000347 89f8      	LDD  R31,Y+15+1
000348 9509      	ICALL
000349 9508      	RET
                 
                 ;OPTIMIZER ADDED SUBROUTINE, CALLED 2 TIMES, CODE SIZE REDUCTION:6 WORDS
                 SUBOPT_0x4:
00034a 89a8      	LDD  R26,Y+16
00034b 89b9      	LDD  R27,Y+16+1
00034c 9614      	ADIW R26,4
00034d 91ed      	LD   R30,X+
00034e 91fd      	LD   R31,X+
00034f 83ee      	STD  Y+6,R30
000350 83ff      	STD  Y+6+1,R31
000351 81ae      	LDD  R26,Y+6
000352 81bf      	LDD  R27,Y+6+1
000353 9508      	RET
                 
                 ;RUNTIME LIBRARY
                 
                 	.CSEG
                 __SAVELOCR6:
000354 935a      	ST   -Y,R21
                 __SAVELOCR5:
000355 934a      	ST   -Y,R20
                 __SAVELOCR4:
000356 933a      	ST   -Y,R19
                 __SAVELOCR3:
000357 932a      	ST   -Y,R18
                 __SAVELOCR2:
000358 931a      	ST   -Y,R17
000359 930a      	ST   -Y,R16
00035a 9508      	RET
                 
                 __LOADLOCR6:
00035b 815d      	LDD  R21,Y+5
                 __LOADLOCR5:
00035c 814c      	LDD  R20,Y+4
                 __LOADLOCR4:
00035d 813b      	LDD  R19,Y+3
                 __LOADLOCR3:
00035e 812a      	LDD  R18,Y+2
                 __LOADLOCR2:
00035f 8119      	LDD  R17,Y+1
000360 8108      	LD   R16,Y
000361 9508      	RET
                 
                 __ADDW1R15:
000362 2400      	CLR  R0
000363 0def      	ADD  R30,R15
000364 1df0      	ADC  R31,R0
000365 9508      	RET
                 
                 __ADDW2R15:
000366 2400      	CLR  R0
000367 0daf      	ADD  R26,R15
000368 1db0      	ADC  R27,R0
000369 9508      	RET
                 
                 __ANEGW1:
00036a 95f1      	NEG  R31
00036b 95e1      	NEG  R30
00036c 40f0      	SBCI R31,0
00036d 9508      	RET
                 
                 __CWD1:
00036e 2f6f      	MOV  R22,R31
00036f 0f66      	ADD  R22,R22
000370 0b66      	SBC  R22,R22
000371 2f76      	MOV  R23,R22
000372 9508      	RET
                 
                 __GETW1P:
000373 91ed      	LD   R30,X+
000374 91fc      	LD   R31,X
000375 9711      	SBIW R26,1
000376 9508      	RET
                 
                 __GETW1PF:
000377 9005      	LPM  R0,Z+
000378 91f4      	LPM  R31,Z
000379 2de0      	MOV  R30,R0
00037a 9508      	RET
                 
                 __PUTPARD1:
00037b 937a      	ST   -Y,R23
00037c 936a      	ST   -Y,R22
00037d 93fa      	ST   -Y,R31
00037e 93ea      	ST   -Y,R30
00037f 9508      	RET
                 
                 _delay_ms:
000380 9610      	adiw r26,0
000381 f039      	breq __delay_ms1
                 __delay_ms0:
000382 95a8      	wdr
                +
000383 ed80     +LDI R24 , LOW ( 0x7D0 )
000384 e097     +LDI R25 , HIGH ( 0x7D0 )
                +__DELAY_USW_LOOP :
000385 9701     +SBIW R24 , 1
000386 f7f1     +BRNE __DELAY_USW_LOOP
                 	__DELAY_USW 0x7D0
000387 9711      	sbiw r26,1
000388 f7c9      	brne __delay_ms0
                 __delay_ms1:
000389 9508      	ret
                 
                 ;END OF CODE MARKER
                 __END_OF_CODE:


RESOURCE USE INFORMATION
------------------------

Notice:
The register and instruction counts are symbol table hit counts,
and hence implicitly used resources are not counted, eg, the
'lpm' instruction without operands implicitly uses r0 and z,
none of which are counted.

x,y,z are separate entities in the symbol table and are
counted separately from r26..r31 here.

.dseg memory usage only counts static data declared with .byte

ATmega128A register use summary:
r0 :  15 r1 :   1 r2 :   0 r3 :   0 r4 :   5 r5 :   2 r6 :   4 r7 :   4 
r8 :   0 r9 :   2 r10:   0 r11:   0 r12:   0 r13:   0 r14:   0 r15:   5 
r16:  32 r17:  25 r18:  35 r19:   8 r20:  12 r21:  22 r22:  11 r23:   2 
r24:  12 r25:   3 r26: 118 r27:  39 r28:  14 r29:   1 r30: 159 r31:  68 
x  :  27 y  : 155 z  :  18 
Registers used: 27 out of 35 (77.1%)

ATmega128A instruction use summary:
.lds  :   0 .lds.l:   0 .sts  :   0 .sts.l:   0 adc   :   2 add   :   5 
adiw  :  25 and   :   0 andi  :  10 asr   :   0 bclr  :   0 bld   :   0 
brbc  :   0 brbs  :   0 brcc  :   0 brcs  :   0 break :   0 breq  :  19 
brge  :   0 brhc  :   0 brhs  :   0 brid  :   0 brie  :   0 brlo  :   8 
brlt  :   1 brmi  :   1 brne  :  25 brpl  :   1 brsh  :   2 brtc  :   0 
brts  :   1 brvc  :   0 brvs  :   0 bset  :   0 bst   :   0 call  :   0 
cbi   :  10 cbr   :   0 clc   :   0 clh   :   0 cli   :   1 cln   :   0 
clr   :  12 cls   :   0 clt   :   1 clv   :   0 clz   :   0 com   :   0 
cp    :   5 cpc   :   3 cpi   :  34 cpse  :   0 dec   :   2 des   :   0 
elpm  :   0 eor   :   0 fmul  :   0 fmuls :   0 fmulsu:   0 icall :   2 
ijmp  :   0 in    :   8 inc   :   2 jmp   :  38 ld    :  29 ldd   :  67 
ldi   :  87 lds   :   0 lpm   :  16 lsl   :   0 lsr   :   0 mov   :  22 
movw  :  23 mul   :   1 muls  :   0 mulsu :   0 neg   :   2 nop   :   0 
or    :   3 ori   :   8 out   :  11 pop   :   3 push  :   3 rcall :  90 
ret   :  30 reti  :   0 rjmp  :  61 rol   :   0 ror   :   0 sbc   :   2 
sbci  :   2 sbi   :   9 sbic  :   0 sbis  :   0 sbiw  :  18 sbr   :   0 
sbrc  :   3 sbrs  :  10 sec   :   0 seh   :   0 sei   :   0 sen   :   0 
ser   :   0 ses   :   0 set   :   1 sev   :   0 sez   :   0 sleep :   0 
spm   :   0 st    :  57 std   :  34 sts   :   3 sub   :   1 subi  :  16 
swap  :   2 tst   :   4 wdr   :   1 
Instructions used: 55 out of 117 (47.0%)

ATmega128A memory use summary [bytes]:
Segment   Begin    End      Code   Data   Used    Size   Use%
---------------------------------------------------------------
[.cseg] 0x000000 0x000714   1750     62   1812  131072   1.4%
[.dseg] 0x000100 0x000514      0     20     20    4096   0.5%
[.eseg] 0x000000 0x000000      0      0      0    4096   0.0%

Assembly complete, 0 errors, 6 warnings
