
AVRASM ver. 2.1.30  D:\2018_MAPU\201_03_063\Debug\List\201_03_063.asm Mon Mar 11 14:08:30 2019

D:\2018_MAPU\201_03_063\Debug\List\201_03_063.asm(1097): warning: Register r5 already defined by the .DEF directive
D:\2018_MAPU\201_03_063\Debug\List\201_03_063.asm(1098): warning: Register r4 already defined by the .DEF directive
D:\2018_MAPU\201_03_063\Debug\List\201_03_063.asm(1099): warning: Register r7 already defined by the .DEF directive
                 
                 
                 ;CodeVisionAVR C Compiler V3.32a Evaluation
                 ;(C) Copyright 1998-2017 Pavel Haiduc, HP InfoTech s.r.l.
                 ;http://www.hpinfotech.com
                 
                 ;Build configuration    : Debug
                 ;Chip type              : ATmega128A
                 ;Program type           : Application
                 ;Clock frequency        : 16.000000 MHz
                 ;Memory model           : Small
                 ;Optimize for           : Size
                 ;(s)printf features     : int, width
                 ;(s)scanf features      : int, width
                 ;External RAM size      : 0
                 ;Data Stack size        : 1024 byte(s)
                 ;Heap size              : 0 byte(s)
                 ;Promote 'char' to 'int': Yes
                 ;'char' is unsigned     : Yes
                 ;8 bit enums            : Yes
                 ;Global 'const' stored in FLASH: No
                 ;Enhanced function parameter passing: Mode 2
                 ;Enhanced core instructions: On
                 ;Automatic register allocation for global variables: On
                 ;Smart register allocation: On
                 
                 	#define _MODEL_SMALL_
                 
                 	#pragma AVRPART ADMIN PART_NAME ATmega128A
                 	#pragma AVRPART MEMORY PROG_FLASH 131072
                 	#pragma AVRPART MEMORY EEPROM 4096
                 	#pragma AVRPART MEMORY INT_SRAM SIZE 4096
                 	#pragma AVRPART MEMORY INT_SRAM START_ADDR 0x100
                 
                 	#define CALL_SUPPORTED 1
                 
                 	.LISTMAC
                 	.EQU UDRE=0x5
                 	.EQU RXC=0x7
                 	.EQU USR=0xB
                 	.EQU UDR=0xC
                 	.EQU SPSR=0xE
                 	.EQU SPDR=0xF
                 	.EQU EERE=0x0
                 	.EQU EEWE=0x1
                 	.EQU EEMWE=0x2
                 	.EQU EECR=0x1C
                 	.EQU EEDR=0x1D
                 	.EQU EEARL=0x1E
                 	.EQU EEARH=0x1F
                 	.EQU WDTCR=0x21
                 	.EQU MCUCR=0x35
                 	.EQU RAMPZ=0x3B
                 	.EQU SPL=0x3D
                 	.EQU SPH=0x3E
                 	.EQU SREG=0x3F
                 	.EQU XMCRA=0x6D
                 	.EQU XMCRB=0x6C
                 
                 	.DEF R0X0=R0
                 	.DEF R0X1=R1
                 	.DEF R0X2=R2
                 	.DEF R0X3=R3
                 	.DEF R0X4=R4
                 	.DEF R0X5=R5
                 	.DEF R0X6=R6
                 	.DEF R0X7=R7
                 	.DEF R0X8=R8
                 	.DEF R0X9=R9
                 	.DEF R0XA=R10
                 	.DEF R0XB=R11
                 	.DEF R0XC=R12
                 	.DEF R0XD=R13
                 	.DEF R0XE=R14
                 	.DEF R0XF=R15
                 	.DEF R0X10=R16
                 	.DEF R0X11=R17
                 	.DEF R0X12=R18
                 	.DEF R0X13=R19
                 	.DEF R0X14=R20
                 	.DEF R0X15=R21
                 	.DEF R0X16=R22
                 	.DEF R0X17=R23
                 	.DEF R0X18=R24
                 	.DEF R0X19=R25
                 	.DEF R0X1A=R26
                 	.DEF R0X1B=R27
                 	.DEF R0X1C=R28
                 	.DEF R0X1D=R29
                 	.DEF R0X1E=R30
                 	.DEF R0X1F=R31
                 
                 	.EQU __SRAM_START=0x0100
                 	.EQU __SRAM_END=0x10FF
                 	.EQU __DSTACK_SIZE=0x0400
                 	.EQU __HEAP_SIZE=0x0000
                 	.EQU __CLEAR_SRAM_SIZE=__SRAM_END-__SRAM_START+1
                 
                 	.MACRO __CPD1N
                 	CPI  R30,LOW(@0)
                 	LDI  R26,HIGH(@0)
                 	CPC  R31,R26
                 	LDI  R26,BYTE3(@0)
                 	CPC  R22,R26
                 	LDI  R26,BYTE4(@0)
                 	CPC  R23,R26
                 	.ENDM
                 
                 	.MACRO __CPD2N
                 	CPI  R26,LOW(@0)
                 	LDI  R30,HIGH(@0)
                 	CPC  R27,R30
                 	LDI  R30,BYTE3(@0)
                 	CPC  R24,R30
                 	LDI  R30,BYTE4(@0)
                 	CPC  R25,R30
                 	.ENDM
                 
                 	.MACRO __CPWRR
                 	CP   R@0,R@2
                 	CPC  R@1,R@3
                 	.ENDM
                 
                 	.MACRO __CPWRN
                 	CPI  R@0,LOW(@2)
                 	LDI  R30,HIGH(@2)
                 	CPC  R@1,R30
                 	.ENDM
                 
                 	.MACRO __ADDB1MN
                 	SUBI R30,LOW(-@0-(@1))
                 	.ENDM
                 
                 	.MACRO __ADDB2MN
                 	SUBI R26,LOW(-@0-(@1))
                 	.ENDM
                 
                 	.MACRO __ADDW1MN
                 	SUBI R30,LOW(-@0-(@1))
                 	SBCI R31,HIGH(-@0-(@1))
                 	.ENDM
                 
                 	.MACRO __ADDW2MN
                 	SUBI R26,LOW(-@0-(@1))
                 	SBCI R27,HIGH(-@0-(@1))
                 	.ENDM
                 
                 	.MACRO __ADDW1FN
                 	SUBI R30,LOW(-2*@0-(@1))
                 	SBCI R31,HIGH(-2*@0-(@1))
                 	.ENDM
                 
                 	.MACRO __ADDD1FN
                 	SUBI R30,LOW(-2*@0-(@1))
                 	SBCI R31,HIGH(-2*@0-(@1))
                 	SBCI R22,BYTE3(-2*@0-(@1))
                 	.ENDM
                 
                 	.MACRO __ADDD1N
                 	SUBI R30,LOW(-@0)
                 	SBCI R31,HIGH(-@0)
                 	SBCI R22,BYTE3(-@0)
                 	SBCI R23,BYTE4(-@0)
                 	.ENDM
                 
                 	.MACRO __ADDD2N
                 	SUBI R26,LOW(-@0)
                 	SBCI R27,HIGH(-@0)
                 	SBCI R24,BYTE3(-@0)
                 	SBCI R25,BYTE4(-@0)
                 	.ENDM
                 
                 	.MACRO __SUBD1N
                 	SUBI R30,LOW(@0)
                 	SBCI R31,HIGH(@0)
                 	SBCI R22,BYTE3(@0)
                 	SBCI R23,BYTE4(@0)
                 	.ENDM
                 
                 	.MACRO __SUBD2N
                 	SUBI R26,LOW(@0)
                 	SBCI R27,HIGH(@0)
                 	SBCI R24,BYTE3(@0)
                 	SBCI R25,BYTE4(@0)
                 	.ENDM
                 
                 	.MACRO __ANDBMNN
                 	LDS  R30,@0+(@1)
                 	ANDI R30,LOW(@2)
                 	STS  @0+(@1),R30
                 	.ENDM
                 
                 	.MACRO __ANDWMNN
                 	LDS  R30,@0+(@1)
                 	ANDI R30,LOW(@2)
                 	STS  @0+(@1),R30
                 	LDS  R30,@0+(@1)+1
                 	ANDI R30,HIGH(@2)
                 	STS  @0+(@1)+1,R30
                 	.ENDM
                 
                 	.MACRO __ANDD1N
                 	ANDI R30,LOW(@0)
                 	ANDI R31,HIGH(@0)
                 	ANDI R22,BYTE3(@0)
                 	ANDI R23,BYTE4(@0)
                 	.ENDM
                 
                 	.MACRO __ANDD2N
                 	ANDI R26,LOW(@0)
                 	ANDI R27,HIGH(@0)
                 	ANDI R24,BYTE3(@0)
                 	ANDI R25,BYTE4(@0)
                 	.ENDM
                 
                 	.MACRO __ORBMNN
                 	LDS  R30,@0+(@1)
                 	ORI  R30,LOW(@2)
                 	STS  @0+(@1),R30
                 	.ENDM
                 
                 	.MACRO __ORWMNN
                 	LDS  R30,@0+(@1)
                 	ORI  R30,LOW(@2)
                 	STS  @0+(@1),R30
                 	LDS  R30,@0+(@1)+1
                 	ORI  R30,HIGH(@2)
                 	STS  @0+(@1)+1,R30
                 	.ENDM
                 
                 	.MACRO __ORD1N
                 	ORI  R30,LOW(@0)
                 	ORI  R31,HIGH(@0)
                 	ORI  R22,BYTE3(@0)
                 	ORI  R23,BYTE4(@0)
                 	.ENDM
                 
                 	.MACRO __ORD2N
                 	ORI  R26,LOW(@0)
                 	ORI  R27,HIGH(@0)
                 	ORI  R24,BYTE3(@0)
                 	ORI  R25,BYTE4(@0)
                 	.ENDM
                 
                 	.MACRO __DELAY_USB
                 	LDI  R24,LOW(@0)
                 __DELAY_USB_LOOP:
                 	DEC  R24
                 	BRNE __DELAY_USB_LOOP
                 	.ENDM
                 
                 	.MACRO __DELAY_USW
                 	LDI  R24,LOW(@0)
                 	LDI  R25,HIGH(@0)
                 __DELAY_USW_LOOP:
                 	SBIW R24,1
                 	BRNE __DELAY_USW_LOOP
                 	.ENDM
                 
                 	.MACRO __GETD1S
                 	LDD  R30,Y+@0
                 	LDD  R31,Y+@0+1
                 	LDD  R22,Y+@0+2
                 	LDD  R23,Y+@0+3
                 	.ENDM
                 
                 	.MACRO __GETD2S
                 	LDD  R26,Y+@0
                 	LDD  R27,Y+@0+1
                 	LDD  R24,Y+@0+2
                 	LDD  R25,Y+@0+3
                 	.ENDM
                 
                 	.MACRO __PUTD1S
                 	STD  Y+@0,R30
                 	STD  Y+@0+1,R31
                 	STD  Y+@0+2,R22
                 	STD  Y+@0+3,R23
                 	.ENDM
                 
                 	.MACRO __PUTD2S
                 	STD  Y+@0,R26
                 	STD  Y+@0+1,R27
                 	STD  Y+@0+2,R24
                 	STD  Y+@0+3,R25
                 	.ENDM
                 
                 	.MACRO __PUTDZ2
                 	STD  Z+@0,R26
                 	STD  Z+@0+1,R27
                 	STD  Z+@0+2,R24
                 	STD  Z+@0+3,R25
                 	.ENDM
                 
                 	.MACRO __CLRD1S
                 	STD  Y+@0,R30
                 	STD  Y+@0+1,R30
                 	STD  Y+@0+2,R30
                 	STD  Y+@0+3,R30
                 	.ENDM
                 
                 	.MACRO __POINTB1MN
                 	LDI  R30,LOW(@0+(@1))
                 	.ENDM
                 
                 	.MACRO __POINTW1MN
                 	LDI  R30,LOW(@0+(@1))
                 	LDI  R31,HIGH(@0+(@1))
                 	.ENDM
                 
                 	.MACRO __POINTD1M
                 	LDI  R30,LOW(@0)
                 	LDI  R31,HIGH(@0)
                 	LDI  R22,BYTE3(@0)
                 	LDI  R23,BYTE4(@0)
                 	.ENDM
                 
                 	.MACRO __POINTW1FN
                 	LDI  R30,LOW(2*@0+(@1))
                 	LDI  R31,HIGH(2*@0+(@1))
                 	.ENDM
                 
                 	.MACRO __POINTD1FN
                 	LDI  R30,LOW(2*@0+(@1))
                 	LDI  R31,HIGH(2*@0+(@1))
                 	LDI  R22,BYTE3(2*@0+(@1))
                 	LDI  R23,BYTE4(2*@0+(@1))
                 	.ENDM
                 
                 	.MACRO __POINTB2MN
                 	LDI  R26,LOW(@0+(@1))
                 	.ENDM
                 
                 	.MACRO __POINTW2MN
                 	LDI  R26,LOW(@0+(@1))
                 	LDI  R27,HIGH(@0+(@1))
                 	.ENDM
                 
                 	.MACRO __POINTD2M
                 	LDI  R26,LOW(@0)
                 	LDI  R27,HIGH(@0)
                 	LDI  R24,BYTE3(@0)
                 	LDI  R25,BYTE4(@0)
                 	.ENDM
                 
                 	.MACRO __POINTW2FN
                 	LDI  R26,LOW(2*@0+(@1))
                 	LDI  R27,HIGH(2*@0+(@1))
                 	.ENDM
                 
                 	.MACRO __POINTD2FN
                 	LDI  R26,LOW(2*@0+(@1))
                 	LDI  R27,HIGH(2*@0+(@1))
                 	LDI  R24,BYTE3(2*@0+(@1))
                 	LDI  R25,BYTE4(2*@0+(@1))
                 	.ENDM
                 
                 	.MACRO __POINTBRM
                 	LDI  R@0,LOW(@1)
                 	.ENDM
                 
                 	.MACRO __POINTWRM
                 	LDI  R@0,LOW(@2)
                 	LDI  R@1,HIGH(@2)
                 	.ENDM
                 
                 	.MACRO __POINTBRMN
                 	LDI  R@0,LOW(@1+(@2))
                 	.ENDM
                 
                 	.MACRO __POINTWRMN
                 	LDI  R@0,LOW(@2+(@3))
                 	LDI  R@1,HIGH(@2+(@3))
                 	.ENDM
                 
                 	.MACRO __POINTWRFN
                 	LDI  R@0,LOW(@2*2+(@3))
                 	LDI  R@1,HIGH(@2*2+(@3))
                 	.ENDM
                 
                 	.MACRO __GETD1N
                 	LDI  R30,LOW(@0)
                 	LDI  R31,HIGH(@0)
                 	LDI  R22,BYTE3(@0)
                 	LDI  R23,BYTE4(@0)
                 	.ENDM
                 
                 	.MACRO __GETD2N
                 	LDI  R26,LOW(@0)
                 	LDI  R27,HIGH(@0)
                 	LDI  R24,BYTE3(@0)
                 	LDI  R25,BYTE4(@0)
                 	.ENDM
                 
                 	.MACRO __GETB1MN
                 	LDS  R30,@0+(@1)
                 	.ENDM
                 
                 	.MACRO __GETB1HMN
                 	LDS  R31,@0+(@1)
                 	.ENDM
                 
                 	.MACRO __GETW1MN
                 	LDS  R30,@0+(@1)
                 	LDS  R31,@0+(@1)+1
                 	.ENDM
                 
                 	.MACRO __GETD1MN
                 	LDS  R30,@0+(@1)
                 	LDS  R31,@0+(@1)+1
                 	LDS  R22,@0+(@1)+2
                 	LDS  R23,@0+(@1)+3
                 	.ENDM
                 
                 	.MACRO __GETBRMN
                 	LDS  R@0,@1+(@2)
                 	.ENDM
                 
                 	.MACRO __GETWRMN
                 	LDS  R@0,@2+(@3)
                 	LDS  R@1,@2+(@3)+1
                 	.ENDM
                 
                 	.MACRO __GETWRZ
                 	LDD  R@0,Z+@2
                 	LDD  R@1,Z+@2+1
                 	.ENDM
                 
                 	.MACRO __GETD2Z
                 	LDD  R26,Z+@0
                 	LDD  R27,Z+@0+1
                 	LDD  R24,Z+@0+2
                 	LDD  R25,Z+@0+3
                 	.ENDM
                 
                 	.MACRO __GETB2MN
                 	LDS  R26,@0+(@1)
                 	.ENDM
                 
                 	.MACRO __GETW2MN
                 	LDS  R26,@0+(@1)
                 	LDS  R27,@0+(@1)+1
                 	.ENDM
                 
                 	.MACRO __GETD2MN
                 	LDS  R26,@0+(@1)
                 	LDS  R27,@0+(@1)+1
                 	LDS  R24,@0+(@1)+2
                 	LDS  R25,@0+(@1)+3
                 	.ENDM
                 
                 	.MACRO __PUTB1MN
                 	STS  @0+(@1),R30
                 	.ENDM
                 
                 	.MACRO __PUTW1MN
                 	STS  @0+(@1),R30
                 	STS  @0+(@1)+1,R31
                 	.ENDM
                 
                 	.MACRO __PUTD1MN
                 	STS  @0+(@1),R30
                 	STS  @0+(@1)+1,R31
                 	STS  @0+(@1)+2,R22
                 	STS  @0+(@1)+3,R23
                 	.ENDM
                 
                 	.MACRO __PUTB1EN
                 	LDI  R26,LOW(@0+(@1))
                 	LDI  R27,HIGH(@0+(@1))
                 	CALL __EEPROMWRB
                 	.ENDM
                 
                 	.MACRO __PUTW1EN
                 	LDI  R26,LOW(@0+(@1))
                 	LDI  R27,HIGH(@0+(@1))
                 	CALL __EEPROMWRW
                 	.ENDM
                 
                 	.MACRO __PUTD1EN
                 	LDI  R26,LOW(@0+(@1))
                 	LDI  R27,HIGH(@0+(@1))
                 	CALL __EEPROMWRD
                 	.ENDM
                 
                 	.MACRO __PUTBR0MN
                 	STS  @0+(@1),R0
                 	.ENDM
                 
                 	.MACRO __PUTBMRN
                 	STS  @0+(@1),R@2
                 	.ENDM
                 
                 	.MACRO __PUTWMRN
                 	STS  @0+(@1),R@2
                 	STS  @0+(@1)+1,R@3
                 	.ENDM
                 
                 	.MACRO __PUTBZR
                 	STD  Z+@1,R@0
                 	.ENDM
                 
                 	.MACRO __PUTWZR
                 	STD  Z+@2,R@0
                 	STD  Z+@2+1,R@1
                 	.ENDM
                 
                 	.MACRO __GETW1R
                 	MOV  R30,R@0
                 	MOV  R31,R@1
                 	.ENDM
                 
                 	.MACRO __GETW2R
                 	MOV  R26,R@0
                 	MOV  R27,R@1
                 	.ENDM
                 
                 	.MACRO __GETWRN
                 	LDI  R@0,LOW(@2)
                 	LDI  R@1,HIGH(@2)
                 	.ENDM
                 
                 	.MACRO __PUTW1R
                 	MOV  R@0,R30
                 	MOV  R@1,R31
                 	.ENDM
                 
                 	.MACRO __PUTW2R
                 	MOV  R@0,R26
                 	MOV  R@1,R27
                 	.ENDM
                 
                 	.MACRO __ADDWRN
                 	SUBI R@0,LOW(-@2)
                 	SBCI R@1,HIGH(-@2)
                 	.ENDM
                 
                 	.MACRO __ADDWRR
                 	ADD  R@0,R@2
                 	ADC  R@1,R@3
                 	.ENDM
                 
                 	.MACRO __SUBWRN
                 	SUBI R@0,LOW(@2)
                 	SBCI R@1,HIGH(@2)
                 	.ENDM
                 
                 	.MACRO __SUBWRR
                 	SUB  R@0,R@2
                 	SBC  R@1,R@3
                 	.ENDM
                 
                 	.MACRO __ANDWRN
                 	ANDI R@0,LOW(@2)
                 	ANDI R@1,HIGH(@2)
                 	.ENDM
                 
                 	.MACRO __ANDWRR
                 	AND  R@0,R@2
                 	AND  R@1,R@3
                 	.ENDM
                 
                 	.MACRO __ORWRN
                 	ORI  R@0,LOW(@2)
                 	ORI  R@1,HIGH(@2)
                 	.ENDM
                 
                 	.MACRO __ORWRR
                 	OR   R@0,R@2
                 	OR   R@1,R@3
                 	.ENDM
                 
                 	.MACRO __EORWRR
                 	EOR  R@0,R@2
                 	EOR  R@1,R@3
                 	.ENDM
                 
                 	.MACRO __GETWRS
                 	LDD  R@0,Y+@2
                 	LDD  R@1,Y+@2+1
                 	.ENDM
                 
                 	.MACRO __PUTBSR
                 	STD  Y+@1,R@0
                 	.ENDM
                 
                 	.MACRO __PUTWSR
                 	STD  Y+@2,R@0
                 	STD  Y+@2+1,R@1
                 	.ENDM
                 
                 	.MACRO __MOVEWRR
                 	MOV  R@0,R@2
                 	MOV  R@1,R@3
                 	.ENDM
                 
                 	.MACRO __INWR
                 	IN   R@0,@2
                 	IN   R@1,@2+1
                 	.ENDM
                 
                 	.MACRO __OUTWR
                 	OUT  @2+1,R@1
                 	OUT  @2,R@0
                 	.ENDM
                 
                 	.MACRO __CALL1MN
                 	LDS  R30,@0+(@1)
                 	LDS  R31,@0+(@1)+1
                 	ICALL
                 	.ENDM
                 
                 	.MACRO __CALL1FN
                 	LDI  R30,LOW(2*@0+(@1))
                 	LDI  R31,HIGH(2*@0+(@1))
                 	CALL __GETW1PF
                 	ICALL
                 	.ENDM
                 
                 	.MACRO __CALL2EN
                 	PUSH R26
                 	PUSH R27
                 	LDI  R26,LOW(@0+(@1))
                 	LDI  R27,HIGH(@0+(@1))
                 	CALL __EEPROMRDW
                 	POP  R27
                 	POP  R26
                 	ICALL
                 	.ENDM
                 
                 	.MACRO __CALL2EX
                 	SUBI R26,LOW(-@0)
                 	SBCI R27,HIGH(-@0)
                 	CALL __EEPROMRDD
                 	ICALL
                 	.ENDM
                 
                 	.MACRO __GETW1STACK
                 	IN   R30,SPL
                 	IN   R31,SPH
                 	ADIW R30,@0+1
                 	LD   R0,Z+
                 	LD   R31,Z
                 	MOV  R30,R0
                 	.ENDM
                 
                 	.MACRO __GETD1STACK
                 	IN   R30,SPL
                 	IN   R31,SPH
                 	ADIW R30,@0+1
                 	LD   R0,Z+
                 	LD   R1,Z+
                 	LD   R22,Z
                 	MOVW R30,R0
                 	.ENDM
                 
                 	.MACRO __NBST
                 	BST  R@0,@1
                 	IN   R30,SREG
                 	LDI  R31,0x40
                 	EOR  R30,R31
                 	OUT  SREG,R30
                 	.ENDM
                 
                 
                 	.MACRO __PUTB1SN
                 	LDD  R26,Y+@0
                 	LDD  R27,Y+@0+1
                 	SUBI R26,LOW(-@1)
                 	SBCI R27,HIGH(-@1)
                 	ST   X,R30
                 	.ENDM
                 
                 	.MACRO __PUTW1SN
                 	LDD  R26,Y+@0
                 	LDD  R27,Y+@0+1
                 	SUBI R26,LOW(-@1)
                 	SBCI R27,HIGH(-@1)
                 	ST   X+,R30
                 	ST   X,R31
                 	.ENDM
                 
                 	.MACRO __PUTD1SN
                 	LDD  R26,Y+@0
                 	LDD  R27,Y+@0+1
                 	SUBI R26,LOW(-@1)
                 	SBCI R27,HIGH(-@1)
                 	CALL __PUTDP1
                 	.ENDM
                 
                 	.MACRO __PUTB1SNS
                 	LDD  R26,Y+@0
                 	LDD  R27,Y+@0+1
                 	ADIW R26,@1
                 	ST   X,R30
                 	.ENDM
                 
                 	.MACRO __PUTW1SNS
                 	LDD  R26,Y+@0
                 	LDD  R27,Y+@0+1
                 	ADIW R26,@1
                 	ST   X+,R30
                 	ST   X,R31
                 	.ENDM
                 
                 	.MACRO __PUTD1SNS
                 	LDD  R26,Y+@0
                 	LDD  R27,Y+@0+1
                 	ADIW R26,@1
                 	CALL __PUTDP1
                 	.ENDM
                 
                 	.MACRO __PUTB1PMN
                 	LDS  R26,@0
                 	LDS  R27,@0+1
                 	SUBI R26,LOW(-@1)
                 	SBCI R27,HIGH(-@1)
                 	ST   X,R30
                 	.ENDM
                 
                 	.MACRO __PUTW1PMN
                 	LDS  R26,@0
                 	LDS  R27,@0+1
                 	SUBI R26,LOW(-@1)
                 	SBCI R27,HIGH(-@1)
                 	ST   X+,R30
                 	ST   X,R31
                 	.ENDM
                 
                 	.MACRO __PUTD1PMN
                 	LDS  R26,@0
                 	LDS  R27,@0+1
                 	SUBI R26,LOW(-@1)
                 	SBCI R27,HIGH(-@1)
                 	CALL __PUTDP1
                 	.ENDM
                 
                 	.MACRO __PUTB1PMNS
                 	LDS  R26,@0
                 	LDS  R27,@0+1
                 	ADIW R26,@1
                 	ST   X,R30
                 	.ENDM
                 
                 	.MACRO __PUTW1PMNS
                 	LDS  R26,@0
                 	LDS  R27,@0+1
                 	ADIW R26,@1
                 	ST   X+,R30
                 	ST   X,R31
                 	.ENDM
                 
                 	.MACRO __PUTD1PMNS
                 	LDS  R26,@0
                 	LDS  R27,@0+1
                 	ADIW R26,@1
                 	CALL __PUTDP1
                 	.ENDM
                 
                 	.MACRO __PUTB1RN
                 	MOVW R26,R@0
                 	SUBI R26,LOW(-@1)
                 	SBCI R27,HIGH(-@1)
                 	ST   X,R30
                 	.ENDM
                 
                 	.MACRO __PUTW1RN
                 	MOVW R26,R@0
                 	SUBI R26,LOW(-@1)
                 	SBCI R27,HIGH(-@1)
                 	ST   X+,R30
                 	ST   X,R31
                 	.ENDM
                 
                 	.MACRO __PUTD1RN
                 	MOVW R26,R@0
                 	SUBI R26,LOW(-@1)
                 	SBCI R27,HIGH(-@1)
                 	CALL __PUTDP1
                 	.ENDM
                 
                 	.MACRO __PUTB1RNS
                 	MOVW R26,R@0
                 	ADIW R26,@1
                 	ST   X,R30
                 	.ENDM
                 
                 	.MACRO __PUTW1RNS
                 	MOVW R26,R@0
                 	ADIW R26,@1
                 	ST   X+,R30
                 	ST   X,R31
                 	.ENDM
                 
                 	.MACRO __PUTD1RNS
                 	MOVW R26,R@0
                 	ADIW R26,@1
                 	CALL __PUTDP1
                 	.ENDM
                 
                 	.MACRO __PUTB1RON
                 	MOV  R26,R@0
                 	MOV  R27,R@1
                 	SUBI R26,LOW(-@2)
                 	SBCI R27,HIGH(-@2)
                 	ST   X,R30
                 	.ENDM
                 
                 	.MACRO __PUTW1RON
                 	MOV  R26,R@0
                 	MOV  R27,R@1
                 	SUBI R26,LOW(-@2)
                 	SBCI R27,HIGH(-@2)
                 	ST   X+,R30
                 	ST   X,R31
                 	.ENDM
                 
                 	.MACRO __PUTD1RON
                 	MOV  R26,R@0
                 	MOV  R27,R@1
                 	SUBI R26,LOW(-@2)
                 	SBCI R27,HIGH(-@2)
                 	CALL __PUTDP1
                 	.ENDM
                 
                 	.MACRO __PUTB1RONS
                 	MOV  R26,R@0
                 	MOV  R27,R@1
                 	ADIW R26,@2
                 	ST   X,R30
                 	.ENDM
                 
                 	.MACRO __PUTW1RONS
                 	MOV  R26,R@0
                 	MOV  R27,R@1
                 	ADIW R26,@2
                 	ST   X+,R30
                 	ST   X,R31
                 	.ENDM
                 
                 	.MACRO __PUTD1RONS
                 	MOV  R26,R@0
                 	MOV  R27,R@1
                 	ADIW R26,@2
                 	CALL __PUTDP1
                 	.ENDM
                 
                 
                 	.MACRO __GETB1SX
                 	MOVW R30,R28
                 	SUBI R30,LOW(-@0)
                 	SBCI R31,HIGH(-@0)
                 	LD   R30,Z
                 	.ENDM
                 
                 	.MACRO __GETB1HSX
                 	MOVW R30,R28
                 	SUBI R30,LOW(-@0)
                 	SBCI R31,HIGH(-@0)
                 	LD   R31,Z
                 	.ENDM
                 
                 	.MACRO __GETW1SX
                 	MOVW R30,R28
                 	SUBI R30,LOW(-@0)
                 	SBCI R31,HIGH(-@0)
                 	LD   R0,Z+
                 	LD   R31,Z
                 	MOV  R30,R0
                 	.ENDM
                 
                 	.MACRO __GETD1SX
                 	MOVW R30,R28
                 	SUBI R30,LOW(-@0)
                 	SBCI R31,HIGH(-@0)
                 	LD   R0,Z+
                 	LD   R1,Z+
                 	LD   R22,Z+
                 	LD   R23,Z
                 	MOVW R30,R0
                 	.ENDM
                 
                 	.MACRO __GETB2SX
                 	MOVW R26,R28
                 	SUBI R26,LOW(-@0)
                 	SBCI R27,HIGH(-@0)
                 	LD   R26,X
                 	.ENDM
                 
                 	.MACRO __GETW2SX
                 	MOVW R26,R28
                 	SUBI R26,LOW(-@0)
                 	SBCI R27,HIGH(-@0)
                 	LD   R0,X+
                 	LD   R27,X
                 	MOV  R26,R0
                 	.ENDM
                 
                 	.MACRO __GETD2SX
                 	MOVW R26,R28
                 	SUBI R26,LOW(-@0)
                 	SBCI R27,HIGH(-@0)
                 	LD   R0,X+
                 	LD   R1,X+
                 	LD   R24,X+
                 	LD   R25,X
                 	MOVW R26,R0
                 	.ENDM
                 
                 	.MACRO __GETBRSX
                 	MOVW R30,R28
                 	SUBI R30,LOW(-@1)
                 	SBCI R31,HIGH(-@1)
                 	LD   R@0,Z
                 	.ENDM
                 
                 	.MACRO __GETWRSX
                 	MOVW R30,R28
                 	SUBI R30,LOW(-@2)
                 	SBCI R31,HIGH(-@2)
                 	LD   R@0,Z+
                 	LD   R@1,Z
                 	.ENDM
                 
                 	.MACRO __GETBRSX2
                 	MOVW R26,R28
                 	SUBI R26,LOW(-@1)
                 	SBCI R27,HIGH(-@1)
                 	LD   R@0,X
                 	.ENDM
                 
                 	.MACRO __GETWRSX2
                 	MOVW R26,R28
                 	SUBI R26,LOW(-@2)
                 	SBCI R27,HIGH(-@2)
                 	LD   R@0,X+
                 	LD   R@1,X
                 	.ENDM
                 
                 	.MACRO __LSLW8SX
                 	MOVW R30,R28
                 	SUBI R30,LOW(-@0)
                 	SBCI R31,HIGH(-@0)
                 	LD   R31,Z
                 	CLR  R30
                 	.ENDM
                 
                 	.MACRO __PUTB1SX
                 	MOVW R26,R28
                 	SUBI R26,LOW(-@0)
                 	SBCI R27,HIGH(-@0)
                 	ST   X,R30
                 	.ENDM
                 
                 	.MACRO __PUTW1SX
                 	MOVW R26,R28
                 	SUBI R26,LOW(-@0)
                 	SBCI R27,HIGH(-@0)
                 	ST   X+,R30
                 	ST   X,R31
                 	.ENDM
                 
                 	.MACRO __PUTD1SX
                 	MOVW R26,R28
                 	SUBI R26,LOW(-@0)
                 	SBCI R27,HIGH(-@0)
                 	ST   X+,R30
                 	ST   X+,R31
                 	ST   X+,R22
                 	ST   X,R23
                 	.ENDM
                 
                 	.MACRO __CLRW1SX
                 	MOVW R26,R28
                 	SUBI R26,LOW(-@0)
                 	SBCI R27,HIGH(-@0)
                 	ST   X+,R30
                 	ST   X,R30
                 	.ENDM
                 
                 	.MACRO __CLRD1SX
                 	MOVW R26,R28
                 	SUBI R26,LOW(-@0)
                 	SBCI R27,HIGH(-@0)
                 	ST   X+,R30
                 	ST   X+,R30
                 	ST   X+,R30
                 	ST   X,R30
                 	.ENDM
                 
                 	.MACRO __PUTB2SX
                 	MOVW R30,R28
                 	SUBI R30,LOW(-@0)
                 	SBCI R31,HIGH(-@0)
                 	ST   Z,R26
                 	.ENDM
                 
                 	.MACRO __PUTW2SX
                 	MOVW R30,R28
                 	SUBI R30,LOW(-@0)
                 	SBCI R31,HIGH(-@0)
                 	ST   Z+,R26
                 	ST   Z,R27
                 	.ENDM
                 
                 	.MACRO __PUTD2SX
                 	MOVW R30,R28
                 	SUBI R30,LOW(-@0)
                 	SBCI R31,HIGH(-@0)
                 	ST   Z+,R26
                 	ST   Z+,R27
                 	ST   Z+,R24
                 	ST   Z,R25
                 	.ENDM
                 
                 	.MACRO __PUTBSRX
                 	MOVW R30,R28
                 	SUBI R30,LOW(-@1)
                 	SBCI R31,HIGH(-@1)
                 	ST   Z,R@0
                 	.ENDM
                 
                 	.MACRO __PUTWSRX
                 	MOVW R30,R28
                 	SUBI R30,LOW(-@2)
                 	SBCI R31,HIGH(-@2)
                 	ST   Z+,R@0
                 	ST   Z,R@1
                 	.ENDM
                 
                 	.MACRO __PUTB1SNX
                 	MOVW R26,R28
                 	SUBI R26,LOW(-@0)
                 	SBCI R27,HIGH(-@0)
                 	LD   R0,X+
                 	LD   R27,X
                 	MOV  R26,R0
                 	SUBI R26,LOW(-@1)
                 	SBCI R27,HIGH(-@1)
                 	ST   X,R30
                 	.ENDM
                 
                 	.MACRO __PUTW1SNX
                 	MOVW R26,R28
                 	SUBI R26,LOW(-@0)
                 	SBCI R27,HIGH(-@0)
                 	LD   R0,X+
                 	LD   R27,X
                 	MOV  R26,R0
                 	SUBI R26,LOW(-@1)
                 	SBCI R27,HIGH(-@1)
                 	ST   X+,R30
                 	ST   X,R31
                 	.ENDM
                 
                 	.MACRO __PUTD1SNX
                 	MOVW R26,R28
                 	SUBI R26,LOW(-@0)
                 	SBCI R27,HIGH(-@0)
                 	LD   R0,X+
                 	LD   R27,X
                 	MOV  R26,R0
                 	SUBI R26,LOW(-@1)
                 	SBCI R27,HIGH(-@1)
                 	ST   X+,R30
                 	ST   X+,R31
                 	ST   X+,R22
                 	ST   X,R23
                 	.ENDM
                 
                 	.MACRO __MULBRR
                 	MULS R@0,R@1
                 	MOVW R30,R0
                 	.ENDM
                 
                 	.MACRO __MULBRRU
                 	MUL  R@0,R@1
                 	MOVW R30,R0
                 	.ENDM
                 
                 	.MACRO __MULBRR0
                 	MULS R@0,R@1
                 	.ENDM
                 
                 	.MACRO __MULBRRU0
                 	MUL  R@0,R@1
                 	.ENDM
                 
                 	.MACRO __MULBNWRU
                 	LDI  R26,@2
                 	MUL  R26,R@0
                 	MOVW R30,R0
                 	MUL  R26,R@1
                 	ADD  R31,R0
                 	.ENDM
                 
                 ;NAME DEFINITIONS FOR GLOBAL VARIABLES ALLOCATED TO REGISTERS
                 	.DEF __lcd_x=R5
                 	.DEF __lcd_y=R4
                 	.DEF __lcd_maxx=R7
                 
                 	.CSEG
                 	.ORG 0x00
                 
                 ;START OF CODE MARKER
                 __START_OF_CODE:
                 
                 ;INTERRUPT VECTORS
000000 940c 0060 	JMP  __RESET
000002 940c 0000 	JMP  0x00
000004 940c 0000 	JMP  0x00
000006 940c 0000 	JMP  0x00
000008 940c 0000 	JMP  0x00
00000a 940c 0000 	JMP  0x00
00000c 940c 0000 	JMP  0x00
00000e 940c 0000 	JMP  0x00
000010 940c 0000 	JMP  0x00
000012 940c 0000 	JMP  0x00
000014 940c 0000 	JMP  0x00
000016 940c 0000 	JMP  0x00
000018 940c 0000 	JMP  0x00
00001a 940c 0000 	JMP  0x00
00001c 940c 0000 	JMP  0x00
00001e 940c 0000 	JMP  0x00
000020 940c 0000 	JMP  0x00
000022 940c 0000 	JMP  0x00
000024 940c 0000 	JMP  0x00
000026 940c 0000 	JMP  0x00
000028 940c 0000 	JMP  0x00
00002a 940c 0000 	JMP  0x00
00002c 940c 0000 	JMP  0x00
00002e 940c 0000 	JMP  0x00
000030 940c 0000 	JMP  0x00
000032 940c 0000 	JMP  0x00
000034 940c 0000 	JMP  0x00
000036 940c 0000 	JMP  0x00
000038 940c 0000 	JMP  0x00
00003a 940c 0000 	JMP  0x00
00003c 940c 0000 	JMP  0x00
00003e 940c 0000 	JMP  0x00
000040 940c 0000 	JMP  0x00
000042 940c 0000 	JMP  0x00
000044 940c 0000 	JMP  0x00
                 
                 _char0:
000046 0901
000047 1515
000048 0109
000049 0101      	.DB  0x1,0x9,0x15,0x15,0x9,0x1,0x1,0x1
00004a 0b1d
00004b 1d0b
00004c 0e01
00004d 0e0a      	.DB  0x1D,0xB,0xB,0x1D,0x1,0xE,0xA,0xE
00004e 1d09
00004f 1509
000050 0915
000051 091d      	.DB  0x9,0x1D,0x9,0x15,0x15,0x9,0x1D,0x9
                 _tbl10_G101:
000052 2710
000053 03e8
000054 0064
000055 000a      	.DB  0x10,0x27,0xE8,0x3,0x64,0x0,0xA,0x0
000056 0001      	.DB  0x1,0x0
                 _tbl16_G101:
000057 1000
000058 0100
000059 0010
00005a 0001      	.DB  0x0,0x10,0x0,0x1,0x10,0x0,0x1,0x0
                 
                 _0x2000003:
00005b c080      	.DB  0x80,0xC0
                 
                 __GLOBAL_INI_TBL:
00005c 0002      	.DW  0x02
00005d 0500      	.DW  __base_y_G100
00005e 00b6      	.DW  _0x2000003*2
                 
                 _0xFFFFFFFF:
00005f 0000      	.DW  0
                 
                 #define __GLOBAL_INI_TBL_PRESENT 1
                 
                 __RESET:
000060 94f8      	CLI
000061 27ee      	CLR  R30
000062 bbec      	OUT  EECR,R30
                 
                 ;INTERRUPT VECTORS ARE PLACED
                 ;AT THE START OF FLASH
000063 e0f1      	LDI  R31,1
000064 bff5      	OUT  MCUCR,R31
000065 bfe5      	OUT  MCUCR,R30
000066 93e0 006c 	STS  XMCRB,R30
                 
                 ;CLEAR R2-R14
000068 e08d      	LDI  R24,(14-2)+1
000069 e0a2      	LDI  R26,2
00006a 27bb      	CLR  R27
                 __CLEAR_REG:
00006b 93ed      	ST   X+,R30
00006c 958a      	DEC  R24
00006d f7e9      	BRNE __CLEAR_REG
                 
                 ;CLEAR SRAM
00006e e080      	LDI  R24,LOW(__CLEAR_SRAM_SIZE)
00006f e190      	LDI  R25,HIGH(__CLEAR_SRAM_SIZE)
000070 e0a0      	LDI  R26,LOW(__SRAM_START)
000071 e0b1      	LDI  R27,HIGH(__SRAM_START)
                 __CLEAR_SRAM:
000072 93ed      	ST   X+,R30
000073 9701      	SBIW R24,1
000074 f7e9      	BRNE __CLEAR_SRAM
                 
                 ;GLOBAL VARIABLES INITIALIZATION
000075 ebe8      	LDI  R30,LOW(__GLOBAL_INI_TBL*2)
000076 e0f0      	LDI  R31,HIGH(__GLOBAL_INI_TBL*2)
                 __GLOBAL_INI_NEXT:
000077 9185      	LPM  R24,Z+
000078 9195      	LPM  R25,Z+
000079 9700      	SBIW R24,0
00007a f061      	BREQ __GLOBAL_INI_END
00007b 91a5      	LPM  R26,Z+
00007c 91b5      	LPM  R27,Z+
00007d 9005      	LPM  R0,Z+
00007e 9015      	LPM  R1,Z+
00007f 01bf      	MOVW R22,R30
000080 01f0      	MOVW R30,R0
                 __GLOBAL_INI_LOOP:
000081 9005      	LPM  R0,Z+
000082 920d      	ST   X+,R0
000083 9701      	SBIW R24,1
000084 f7e1      	BRNE __GLOBAL_INI_LOOP
000085 01fb      	MOVW R30,R22
000086 cff0      	RJMP __GLOBAL_INI_NEXT
                 __GLOBAL_INI_END:
                 
000087 bf8b      	OUT  RAMPZ,R24
                 
                 ;HARDWARE STACK POINTER INITIALIZATION
000088 efef      	LDI  R30,LOW(__SRAM_END-__HEAP_SIZE)
000089 bfed      	OUT  SPL,R30
00008a e1e0      	LDI  R30,HIGH(__SRAM_END-__HEAP_SIZE)
00008b bfee      	OUT  SPH,R30
                 
                 ;DATA STACK POINTER INITIALIZATION
00008c e0c0      	LDI  R28,LOW(__SRAM_START+__DSTACK_SIZE)
00008d e0d5      	LDI  R29,HIGH(__SRAM_START+__DSTACK_SIZE)
                 
00008e 940c 00a6 	JMP  _main
                 
                 	.ESEG
                 	.ORG 0x00
                 
                 	.DSEG
                 	.ORG 0x500
                 
                 	.CSEG
                 ;/*
                 ; * 201_03_063.c
                 ; *
                 ; * Created: 2018-12-04 ¿ÀÈÄ 5:22:27
                 ; * Author: Administrator
                 ; */
                 ;
                 ;#include <mega128a.h>
                 	#ifndef __SLEEP_DEFINED__
                 	#define __SLEEP_DEFINED__
                 	.EQU __se_bit=0x20
                 	.EQU __sm_mask=0x1C
                 	.EQU __sm_powerdown=0x10
                 	.EQU __sm_powersave=0x18
                 	.EQU __sm_standby=0x14
                 	.EQU __sm_ext_standby=0x1C
                 	.EQU __sm_adc_noise_red=0x08
                 	.SET power_ctrl_reg=mcucr
                 	#endif
                 ;#include <delay.h>
                 ;
                 ;#asm
                     .equ __lcd_port = 0x15
                 ; 0000 000D #endasm
                 ;
                 ;#include <lcd.h>
                 ;
                 ; typedef unsigned char byte;
                 ;
                 ; flash byte char0[24] =
                 ;  {0x01,0x09,0x15,0x15,0x09,0x01,0x01,0x01,
                 ;   0x1d,0x0b,0x0b,0x1d,0x01,0x0e,0x0a,0x0e,
                 ;   0x09,0x1d,0x09,0x15,0x15,0x09,0x1d,0x09};
                 ;
                 ; void define_char(byte flash *pc,byte char_code){
                 ; 0000 0018 void define_char(byte flash *pc,byte char_code){
                 
                 	.CSEG
                 _define_char:
                 ; .FSTART _define_char
                 ; 0000 0019     byte i,a;
                 ; 0000 001A     a = char_code | 0x40;
000090 d0ee      	RCALL __SAVELOCR6
000091 2f3a      	MOV  R19,R26
                +
000092 814e     +LDD R20 , Y + 6
000093 815f     +LDD R21 , Y + 6 + 1
                 	__GETWRS 20,21,6
                 ;	*pc -> R20,R21
                 ;	char_code -> R19
                 ;	i -> R17
                 ;	a -> R16
000094 2fe3      	MOV  R30,R19
000095 64e0      	ORI  R30,0x40
000096 2f0e      	MOV  R16,R30
                 ; 0000 001B     for(i=0;i<24;i++) lcd_write_byte(a++,*pc++);
000097 e010      	LDI  R17,LOW(0)
                 _0x4:
000098 3118      	CPI  R17,24
000099 f448      	BRSH _0x5
00009a 930a      	ST   -Y,R16
00009b 9503      	INC  R16
00009c 01fa      	MOVW R30,R20
                +
00009d 5f4f     +SUBI R20 , LOW ( - 1 )
00009e 4f5f     +SBCI R21 , HIGH ( - 1 )
                 	__ADDWRN 20,21,1
00009f 91a4      	LPM  R26,Z
0000a0 d050      	RCALL _lcd_write_byte
0000a1 5f1f      	SUBI R17,-1
0000a2 cff5      	RJMP _0x4
                 _0x5:
                 ; 0000 001C }
0000a3 d0e2      	RCALL __LOADLOCR6
0000a4 9628      	ADIW R28,8
0000a5 9508      	RET
                 ; .FEND
                 ;
                 ;
                 ;void main(void)
                 ; 0000 0020 {
                 _main:
                 ; .FSTART _main
                 ; 0000 0021     DDRC = 0xff;
0000a6 efef      	LDI  R30,LOW(255)
0000a7 bbe4      	OUT  0x14,R30
                 ; 0000 0022     PORTC = 0xff;
0000a8 bbe5      	OUT  0x15,R30
                 ; 0000 0023 
                 ; 0000 0024     lcd_init(16);
0000a9 e1a0      	LDI  R26,LOW(16)
0000aa d0a2      	RCALL _lcd_init
                 ; 0000 0025     define_char(char0,0);
0000ab e8ec      	LDI  R30,LOW(_char0*2)
0000ac e0f0      	LDI  R31,HIGH(_char0*2)
0000ad 93fa      	ST   -Y,R31
0000ae 93ea      	ST   -Y,R30
0000af e0a0      	LDI  R26,LOW(0)
0000b0 dfdf      	RCALL _define_char
                 ; 0000 0026     lcd_gotoxy(0,0);
0000b1 e0e0      	LDI  R30,LOW(0)
0000b2 93ea      	ST   -Y,R30
0000b3 e0a0      	LDI  R26,LOW(0)
0000b4 d054      	RCALL _lcd_gotoxy
                 ; 0000 0027     lcd_putchar(0);
0000b5 e0a0      	LDI  R26,LOW(0)
0000b6 d06d      	RCALL _lcd_putchar
                 ; 0000 0028     lcd_gotoxy(1,0);
0000b7 e0e1      	LDI  R30,LOW(1)
0000b8 93ea      	ST   -Y,R30
0000b9 e0a0      	LDI  R26,LOW(0)
0000ba d04e      	RCALL _lcd_gotoxy
                 ; 0000 0029     lcd_putchar(1);
0000bb e0a1      	LDI  R26,LOW(1)
0000bc d067      	RCALL _lcd_putchar
                 ; 0000 002A     lcd_gotoxy(2,0);
0000bd e0e2      	LDI  R30,LOW(2)
0000be 93ea      	ST   -Y,R30
0000bf e0a0      	LDI  R26,LOW(0)
0000c0 d048      	RCALL _lcd_gotoxy
                 ; 0000 002B     lcd_putchar(2);
0000c1 e0a2      	LDI  R26,LOW(2)
0000c2 d061      	RCALL _lcd_putchar
                 ; 0000 002C 
                 ; 0000 002D while (1)
                 _0x6:
                 ; 0000 002E     {
                 ; 0000 002F 
                 ; 0000 0030     }
0000c3 cfff      	RJMP _0x6
                 ; 0000 0031 }
                 _0x9:
0000c4 cfff      	RJMP _0x9
                 ; .FEND
                 	#ifndef __SLEEP_DEFINED__
                 	#endif
                     .equ __lcd_direction=__lcd_port-1
                     .equ __lcd_pin=__lcd_port-2
                     .equ __lcd_rs=0
                     .equ __lcd_rd=1
                     .equ __lcd_enable=2
                     .equ __lcd_busy_flag=7
                 
                 	.DSEG
                 
                 	.CSEG
                 __lcd_delay_G100:
                 ; .FSTART __lcd_delay_G100
0000c5 e0ff          ldi   r31,15
                 __lcd_delay0:
0000c6 95fa          dec   r31
0000c7 f7f1          brne  __lcd_delay0
0000c8 9508      	RET
                 ; .FEND
                 __lcd_ready:
                 ; .FSTART __lcd_ready
0000c9 b3a4          in    r26,__lcd_direction
0000ca 70af          andi  r26,0xf                 ;set as input
0000cb bba4          out   __lcd_direction,r26
0000cc 9aa9          sbi   __lcd_port,__lcd_rd     ;RD=1
0000cd 98a8          cbi   __lcd_port,__lcd_rs     ;RS=0
                 __lcd_busy:
0000ce dff6      	RCALL __lcd_delay_G100
0000cf 9aaa          sbi   __lcd_port,__lcd_enable ;EN=1
0000d0 dff4      	RCALL __lcd_delay_G100
0000d1 b3a3          in    r26,__lcd_pin
0000d2 98aa          cbi   __lcd_port,__lcd_enable ;EN=0
0000d3 dff1      	RCALL __lcd_delay_G100
0000d4 9aaa          sbi   __lcd_port,__lcd_enable ;EN=1
0000d5 dfef      	RCALL __lcd_delay_G100
0000d6 98aa          cbi   __lcd_port,__lcd_enable ;EN=0
0000d7 fda7          sbrc  r26,__lcd_busy_flag
0000d8 cff5          rjmp  __lcd_busy
0000d9 9508      	RET
                 ; .FEND
                 __lcd_write_nibble_G100:
                 ; .FSTART __lcd_write_nibble_G100
0000da 7fa0          andi  r26,0xf0
0000db 2bab          or    r26,r27
0000dc bba5          out   __lcd_port,r26          ;write
0000dd 9aaa          sbi   __lcd_port,__lcd_enable ;EN=1
0000de dfe6      	RCALL __lcd_delay_G100
0000df 98aa          cbi   __lcd_port,__lcd_enable ;EN=0
0000e0 dfe4      	RCALL __lcd_delay_G100
0000e1 9508      	RET
                 ; .FEND
                 __lcd_write_data:
                 ; .FSTART __lcd_write_data
0000e2 93aa      	ST   -Y,R26
0000e3 98a9          cbi  __lcd_port,__lcd_rd 	  ;RD=0
0000e4 b3a4          in    r26,__lcd_direction
0000e5 6fa7          ori   r26,0xf0 | (1<<__lcd_rs) | (1<<__lcd_rd) | (1<<__lcd_enable) ;set as output
0000e6 bba4          out   __lcd_direction,r26
0000e7 b3b5          in    r27,__lcd_port
0000e8 70bf          andi  r27,0xf
0000e9 81a8          ld    r26,y
0000ea dfef      	RCALL __lcd_write_nibble_G100
0000eb 81a8          ld    r26,y
0000ec 95a2          swap  r26
0000ed dfec      	RCALL __lcd_write_nibble_G100
0000ee 9aa9          sbi   __lcd_port,__lcd_rd     ;RD=1
0000ef 940c 017d 	JMP  _0x2080001
                 ; .FEND
                 _lcd_write_byte:
                 ; .FSTART _lcd_write_byte
0000f1 93aa      	ST   -Y,R26
0000f2 dfd6      	RCALL __lcd_ready
0000f3 81a9      	LDD  R26,Y+1
0000f4 dfed      	RCALL __lcd_write_data
0000f5 dfd3      	RCALL __lcd_ready
0000f6 9aa8          sbi   __lcd_port,__lcd_rs     ;RS=1
0000f7 81a8      	LD   R26,Y
0000f8 dfe9      	RCALL __lcd_write_data
0000f9 c01b      	RJMP _0x2080002
                 ; .FEND
                 __lcd_read_nibble_G100:
                 ; .FSTART __lcd_read_nibble_G100
0000fa 9aaa          sbi   __lcd_port,__lcd_enable ;EN=1
0000fb dfc9      	RCALL __lcd_delay_G100
0000fc b3e3          in    r30,__lcd_pin           ;read
0000fd 98aa          cbi   __lcd_port,__lcd_enable ;EN=0
0000fe dfc6      	RCALL __lcd_delay_G100
0000ff 7fe0          andi  r30,0xf0
000100 9508      	RET
                 ; .FEND
                 _lcd_read_byte0_G100:
                 ; .FSTART _lcd_read_byte0_G100
000101 dfc3      	RCALL __lcd_delay_G100
000102 dff7      	RCALL __lcd_read_nibble_G100
000103 2fae          mov   r26,r30
000104 dff5      	RCALL __lcd_read_nibble_G100
000105 98a9          cbi   __lcd_port,__lcd_rd     ;RD=0
000106 95e2          swap  r30
000107 2bea          or    r30,r26
000108 9508      	RET
                 ; .FEND
                 _lcd_gotoxy:
                 ; .FSTART _lcd_gotoxy
000109 93aa      	ST   -Y,R26
00010a dfbe      	RCALL __lcd_ready
00010b 81e8      	LD   R30,Y
00010c e0f0      	LDI  R31,0
00010d 50e0      	SUBI R30,LOW(-__base_y_G100)
00010e 4ffb      	SBCI R31,HIGH(-__base_y_G100)
00010f 81e0      	LD   R30,Z
000110 81a9      	LDD  R26,Y+1
000111 0fae      	ADD  R26,R30
000112 dfcf      	RCALL __lcd_write_data
000113 8059      	LDD  R5,Y+1
000114 8048      	LDD  R4,Y+0
                 _0x2080002:
000115 9622      	ADIW R28,2
000116 9508      	RET
                 ; .FEND
                 _lcd_clear:
                 ; .FSTART _lcd_clear
000117 dfb1      	RCALL __lcd_ready
000118 e0a2      	LDI  R26,LOW(2)
000119 dfc8      	RCALL __lcd_write_data
00011a dfae      	RCALL __lcd_ready
00011b e0ac      	LDI  R26,LOW(12)
00011c dfc5      	RCALL __lcd_write_data
00011d dfab      	RCALL __lcd_ready
00011e e0a1      	LDI  R26,LOW(1)
00011f dfc2      	RCALL __lcd_write_data
000120 e0e0      	LDI  R30,LOW(0)
000121 2e4e      	MOV  R4,R30
000122 2e5e      	MOV  R5,R30
000123 9508      	RET
                 ; .FEND
                 _lcd_putchar:
                 ; .FSTART _lcd_putchar
000124 93aa      	ST   -Y,R26
000125 93ef          push r30
000126 93ff          push r31
000127 81a8          ld   r26,y
000128 9468          set
000129 30aa          cpi  r26,10
00012a f019          breq __lcd_putchar1
00012b 94e8          clt
00012c 1457      	CP   R5,R7
00012d f030      	BRLO _0x2000004
                 	__lcd_putchar1:
00012e 9443      	INC  R4
00012f e0e0      	LDI  R30,LOW(0)
000130 93ea      	ST   -Y,R30
000131 2da4      	MOV  R26,R4
000132 dfd6      	RCALL _lcd_gotoxy
000133 f02e      	brts __lcd_putchar0
                 _0x2000004:
000134 9453      	INC  R5
000135 df93          rcall __lcd_ready
000136 9aa8          sbi  __lcd_port,__lcd_rs ;RS=1
000137 81a8      	LD   R26,Y
000138 dfa9      	RCALL __lcd_write_data
                 __lcd_putchar0:
000139 91ff          pop  r31
00013a 91ef          pop  r30
00013b 940c 017d 	JMP  _0x2080001
                 ; .FEND
                 __long_delay_G100:
                 ; .FSTART __long_delay_G100
00013d 27aa          clr   r26
00013e 27bb          clr   r27
                 __long_delay0:
00013f 9711          sbiw  r26,1         ;2 cycles
000140 f7f1          brne  __long_delay0 ;2 cycles
000141 9508      	RET
                 ; .FEND
                 __lcd_init_write_G100:
                 ; .FSTART __lcd_init_write_G100
000142 93aa      	ST   -Y,R26
000143 98a9          cbi  __lcd_port,__lcd_rd 	  ;RD=0
000144 b3a4          in    r26,__lcd_direction
000145 6fa7          ori   r26,0xf7                ;set as output
000146 bba4          out   __lcd_direction,r26
000147 b3b5          in    r27,__lcd_port
000148 70bf          andi  r27,0xf
000149 81a8          ld    r26,y
00014a df8f      	RCALL __lcd_write_nibble_G100
00014b 9aa9          sbi   __lcd_port,__lcd_rd     ;RD=1
00014c c030      	RJMP _0x2080001
                 ; .FEND
                 _lcd_init:
                 ; .FSTART _lcd_init
00014d 93aa      	ST   -Y,R26
00014e 98aa          cbi   __lcd_port,__lcd_enable ;EN=0
00014f 98a8          cbi   __lcd_port,__lcd_rs     ;RS=0
000150 8078      	LDD  R7,Y+0
000151 81e8      	LD   R30,Y
000152 58e0      	SUBI R30,-LOW(128)
                +
000153 93e0 0502+STS __base_y_G100 + ( 2 ) , R30
                 	__PUTB1MN __base_y_G100,2
000155 81e8      	LD   R30,Y
000156 54e0      	SUBI R30,-LOW(192)
                +
000157 93e0 0503+STS __base_y_G100 + ( 3 ) , R30
                 	__PUTB1MN __base_y_G100,3
000159 dfe3      	RCALL __long_delay_G100
00015a e3a0      	LDI  R26,LOW(48)
00015b dfe6      	RCALL __lcd_init_write_G100
00015c dfe0      	RCALL __long_delay_G100
00015d e3a0      	LDI  R26,LOW(48)
00015e dfe3      	RCALL __lcd_init_write_G100
00015f dfdd      	RCALL __long_delay_G100
000160 e3a0      	LDI  R26,LOW(48)
000161 dfe0      	RCALL __lcd_init_write_G100
000162 dfda      	RCALL __long_delay_G100
000163 e2a0      	LDI  R26,LOW(32)
000164 dfdd      	RCALL __lcd_init_write_G100
000165 dfd7      	RCALL __long_delay_G100
000166 e2a8      	LDI  R26,LOW(40)
000167 df7a      	RCALL __lcd_write_data
000168 dfd4      	RCALL __long_delay_G100
000169 e0a4      	LDI  R26,LOW(4)
00016a df77      	RCALL __lcd_write_data
00016b dfd1      	RCALL __long_delay_G100
00016c e8a5      	LDI  R26,LOW(133)
00016d df74      	RCALL __lcd_write_data
00016e dfce      	RCALL __long_delay_G100
00016f b3a4          in    r26,__lcd_direction
000170 70af          andi  r26,0xf                 ;set as input
000171 bba4          out   __lcd_direction,r26
000172 9aa9          sbi   __lcd_port,__lcd_rd     ;RD=1
000173 df8d      	RCALL _lcd_read_byte0_G100
000174 30e5      	CPI  R30,LOW(0x5)
000175 f011      	BREQ _0x200000B
000176 e0e0      	LDI  R30,LOW(0)
000177 c005      	RJMP _0x2080001
                 _0x200000B:
000178 df50      	RCALL __lcd_ready
000179 e0a6      	LDI  R26,LOW(6)
00017a df67      	RCALL __lcd_write_data
00017b df9b      	RCALL _lcd_clear
00017c e0e1      	LDI  R30,LOW(1)
                 _0x2080001:
00017d 9621      	ADIW R28,1
00017e 9508      	RET
                 ; .FEND
                 	#ifndef __SLEEP_DEFINED__
                 	#endif
                 
                 	.CSEG
                 
                 	.CSEG
                 
                 	.CSEG
                 
                 	.DSEG
                 __base_y_G100:
000500           	.BYTE 0x4
                 
                 	.CSEG
                 ;RUNTIME LIBRARY
                 
                 	.CSEG
                 __SAVELOCR6:
00017f 935a      	ST   -Y,R21
                 __SAVELOCR5:
000180 934a      	ST   -Y,R20
                 __SAVELOCR4:
000181 933a      	ST   -Y,R19
                 __SAVELOCR3:
000182 932a      	ST   -Y,R18
                 __SAVELOCR2:
000183 931a      	ST   -Y,R17
000184 930a      	ST   -Y,R16
000185 9508      	RET
                 
                 __LOADLOCR6:
000186 815d      	LDD  R21,Y+5
                 __LOADLOCR5:
000187 814c      	LDD  R20,Y+4
                 __LOADLOCR4:
000188 813b      	LDD  R19,Y+3
                 __LOADLOCR3:
000189 812a      	LDD  R18,Y+2
                 __LOADLOCR2:
00018a 8119      	LDD  R17,Y+1
00018b 8108      	LD   R16,Y
00018c 9508      	RET
                 
                 ;END OF CODE MARKER
                 __END_OF_CODE:


RESOURCE USE INFORMATION
------------------------

Notice:
The register and instruction counts are symbol table hit counts,
and hence implicitly used resources are not counted, eg, the
'lpm' instruction without operands implicitly uses r0 and z,
none of which are counted.

x,y,z are separate entities in the symbol table and are
counted separately from r26..r31 here.

.dseg memory usage only counts static data declared with .byte

ATmega128A register use summary:
r0 :   4 r1 :   1 r2 :   0 r3 :   0 r4 :   4 r5 :   4 r6 :   0 r7 :   2 
r8 :   0 r9 :   0 r10:   0 r11:   0 r12:   0 r13:   0 r14:   0 r15:   0 
r16:   5 r17:   5 r18:   2 r19:   4 r20:   5 r21:   4 r22:   2 r23:   0 
r24:   8 r25:   2 r26:  63 r27:   9 r28:   4 r29:   1 r30:  54 r31:  11 
x  :   3 y  :  41 z  :   9 
Registers used: 23 out of 35 (65.7%)

ATmega128A instruction use summary:
.lds  :   0 .lds.l:   0 .sts  :   0 .sts.l:   0 adc   :   0 add   :   1 
adiw  :   3 and   :   0 andi  :   6 asr   :   0 bclr  :   0 bld   :   0 
brbc  :   0 brbs  :   0 brcc  :   0 brcs  :   0 break :   0 breq  :   3 
brge  :   0 brhc  :   0 brhs  :   0 brid  :   0 brie  :   0 brlo  :   1 
brlt  :   0 brmi  :   0 brne  :   5 brpl  :   0 brsh  :   1 brtc  :   0 
brts  :   1 brvc  :   0 brvs  :   0 bset  :   0 bst   :   0 call  :   0 
cbi   :  10 cbr   :   0 clc   :   0 clh   :   0 cli   :   1 cln   :   0 
clr   :   4 cls   :   0 clt   :   1 clv   :   0 clz   :   0 com   :   0 
cp    :   1 cpc   :   0 cpi   :   3 cpse  :   0 dec   :   2 des   :   0 
elpm  :   0 eor   :   0 fmul  :   0 fmuls :   0 fmulsu:   0 icall :   0 
ijmp  :   0 in    :   8 inc   :   3 jmp   :  38 ld    :  11 ldd   :  12 
ldi   :  45 lds   :   0 lpm   :   9 lsl   :   0 lsr   :   0 mov   :   7 
movw  :   4 mul   :   0 muls  :   0 mulsu :   0 neg   :   0 nop   :   0 
or    :   2 ori   :   3 out   :  13 pop   :   2 push  :   2 rcall :  59 
ret   :  12 reti  :   0 rjmp  :   8 rol   :   0 ror   :   0 sbc   :   0 
sbci  :   2 sbi   :  10 sbic  :   0 sbis  :   0 sbiw  :   4 sbr   :   0 
sbrc  :   1 sbrs  :   0 sec   :   0 seh   :   0 sei   :   0 sen   :   0 
ser   :   0 ses   :   0 set   :   1 sev   :   0 sez   :   0 sleep :   0 
spm   :   0 st    :  22 std   :   0 sts   :   3 sub   :   0 subi  :   5 
swap  :   2 tst   :   0 wdr   :   0 
Instructions used: 41 out of 117 (35.0%)

ATmega128A memory use summary [bytes]:
Segment   Begin    End      Code   Data   Used    Size   Use%
---------------------------------------------------------------
[.cseg] 0x000000 0x00031a    742     52    794  131072   0.6%
[.dseg] 0x000100 0x000504      0      4      4    4096   0.1%
[.eseg] 0x000000 0x000000      0      0      0    4096   0.0%

Assembly complete, 0 errors, 3 warnings
