
AVRASM ver. 2.1.30  D:\2018_MAPU\201_03_fnd1\Debug\List\201_03_fnd1.asm Fri Mar 08 11:25:10 2019

D:\2018_MAPU\201_03_fnd1\Debug\List\201_03_fnd1.asm(1097): warning: Register r5 already defined by the .DEF directive
D:\2018_MAPU\201_03_fnd1\Debug\List\201_03_fnd1.asm(1098): warning: Register r4 already defined by the .DEF directive
D:\2018_MAPU\201_03_fnd1\Debug\List\201_03_fnd1.asm(1099): warning: Register r7 already defined by the .DEF directive
D:\2018_MAPU\201_03_fnd1\Debug\List\201_03_fnd1.asm(1100): warning: Register r8 already defined by the .DEF directive
D:\2018_MAPU\201_03_fnd1\Debug\List\201_03_fnd1.asm(1101): warning: Register r9 already defined by the .DEF directive
D:\2018_MAPU\201_03_fnd1\Debug\List\201_03_fnd1.asm(1102): warning: Register r6 already defined by the .DEF directive
D:\2018_MAPU\201_03_fnd1\Debug\List\201_03_fnd1.asm(1103): warning: Register r11 already defined by the .DEF directive
D:\2018_MAPU\201_03_fnd1\Debug\List\201_03_fnd1.asm(1104): warning: Register r10 already defined by the .DEF directive
                 
                 
                 ;CodeVisionAVR C Compiler V3.32a Evaluation
                 ;(C) Copyright 1998-2017 Pavel Haiduc, HP InfoTech s.r.l.
                 ;http://www.hpinfotech.com
                 
                 ;Build configuration    : Debug
                 ;Chip type              : ATmega128A
                 ;Program type           : Application
                 ;Clock frequency        : 16.000000 MHz
                 ;Memory model           : Small
                 ;Optimize for           : Size
                 ;(s)printf features     : int, width
                 ;(s)scanf features      : int, width
                 ;External RAM size      : 0
                 ;Data Stack size        : 1024 byte(s)
                 ;Heap size              : 0 byte(s)
                 ;Promote 'char' to 'int': Yes
                 ;'char' is unsigned     : Yes
                 ;8 bit enums            : Yes
                 ;Global 'const' stored in FLASH: No
                 ;Enhanced function parameter passing: Mode 2
                 ;Enhanced core instructions: On
                 ;Automatic register allocation for global variables: On
                 ;Smart register allocation: On
                 
                 	#define _MODEL_SMALL_
                 
                 	#pragma AVRPART ADMIN PART_NAME ATmega128A
                 	#pragma AVRPART MEMORY PROG_FLASH 131072
                 	#pragma AVRPART MEMORY EEPROM 4096
                 	#pragma AVRPART MEMORY INT_SRAM SIZE 4096
                 	#pragma AVRPART MEMORY INT_SRAM START_ADDR 0x100
                 
                 	#define CALL_SUPPORTED 1
                 
                 	.LISTMAC
                 	.EQU UDRE=0x5
                 	.EQU RXC=0x7
                 	.EQU USR=0xB
                 	.EQU UDR=0xC
                 	.EQU SPSR=0xE
                 	.EQU SPDR=0xF
                 	.EQU EERE=0x0
                 	.EQU EEWE=0x1
                 	.EQU EEMWE=0x2
                 	.EQU EECR=0x1C
                 	.EQU EEDR=0x1D
                 	.EQU EEARL=0x1E
                 	.EQU EEARH=0x1F
                 	.EQU WDTCR=0x21
                 	.EQU MCUCR=0x35
                 	.EQU RAMPZ=0x3B
                 	.EQU SPL=0x3D
                 	.EQU SPH=0x3E
                 	.EQU SREG=0x3F
                 	.EQU XMCRA=0x6D
                 	.EQU XMCRB=0x6C
                 
                 	.DEF R0X0=R0
                 	.DEF R0X1=R1
                 	.DEF R0X2=R2
                 	.DEF R0X3=R3
                 	.DEF R0X4=R4
                 	.DEF R0X5=R5
                 	.DEF R0X6=R6
                 	.DEF R0X7=R7
                 	.DEF R0X8=R8
                 	.DEF R0X9=R9
                 	.DEF R0XA=R10
                 	.DEF R0XB=R11
                 	.DEF R0XC=R12
                 	.DEF R0XD=R13
                 	.DEF R0XE=R14
                 	.DEF R0XF=R15
                 	.DEF R0X10=R16
                 	.DEF R0X11=R17
                 	.DEF R0X12=R18
                 	.DEF R0X13=R19
                 	.DEF R0X14=R20
                 	.DEF R0X15=R21
                 	.DEF R0X16=R22
                 	.DEF R0X17=R23
                 	.DEF R0X18=R24
                 	.DEF R0X19=R25
                 	.DEF R0X1A=R26
                 	.DEF R0X1B=R27
                 	.DEF R0X1C=R28
                 	.DEF R0X1D=R29
                 	.DEF R0X1E=R30
                 	.DEF R0X1F=R31
                 
                 	.EQU __SRAM_START=0x0100
                 	.EQU __SRAM_END=0x10FF
                 	.EQU __DSTACK_SIZE=0x0400
                 	.EQU __HEAP_SIZE=0x0000
                 	.EQU __CLEAR_SRAM_SIZE=__SRAM_END-__SRAM_START+1
                 
                 	.MACRO __CPD1N
                 	CPI  R30,LOW(@0)
                 	LDI  R26,HIGH(@0)
                 	CPC  R31,R26
                 	LDI  R26,BYTE3(@0)
                 	CPC  R22,R26
                 	LDI  R26,BYTE4(@0)
                 	CPC  R23,R26
                 	.ENDM
                 
                 	.MACRO __CPD2N
                 	CPI  R26,LOW(@0)
                 	LDI  R30,HIGH(@0)
                 	CPC  R27,R30
                 	LDI  R30,BYTE3(@0)
                 	CPC  R24,R30
                 	LDI  R30,BYTE4(@0)
                 	CPC  R25,R30
                 	.ENDM
                 
                 	.MACRO __CPWRR
                 	CP   R@0,R@2
                 	CPC  R@1,R@3
                 	.ENDM
                 
                 	.MACRO __CPWRN
                 	CPI  R@0,LOW(@2)
                 	LDI  R30,HIGH(@2)
                 	CPC  R@1,R30
                 	.ENDM
                 
                 	.MACRO __ADDB1MN
                 	SUBI R30,LOW(-@0-(@1))
                 	.ENDM
                 
                 	.MACRO __ADDB2MN
                 	SUBI R26,LOW(-@0-(@1))
                 	.ENDM
                 
                 	.MACRO __ADDW1MN
                 	SUBI R30,LOW(-@0-(@1))
                 	SBCI R31,HIGH(-@0-(@1))
                 	.ENDM
                 
                 	.MACRO __ADDW2MN
                 	SUBI R26,LOW(-@0-(@1))
                 	SBCI R27,HIGH(-@0-(@1))
                 	.ENDM
                 
                 	.MACRO __ADDW1FN
                 	SUBI R30,LOW(-2*@0-(@1))
                 	SBCI R31,HIGH(-2*@0-(@1))
                 	.ENDM
                 
                 	.MACRO __ADDD1FN
                 	SUBI R30,LOW(-2*@0-(@1))
                 	SBCI R31,HIGH(-2*@0-(@1))
                 	SBCI R22,BYTE3(-2*@0-(@1))
                 	.ENDM
                 
                 	.MACRO __ADDD1N
                 	SUBI R30,LOW(-@0)
                 	SBCI R31,HIGH(-@0)
                 	SBCI R22,BYTE3(-@0)
                 	SBCI R23,BYTE4(-@0)
                 	.ENDM
                 
                 	.MACRO __ADDD2N
                 	SUBI R26,LOW(-@0)
                 	SBCI R27,HIGH(-@0)
                 	SBCI R24,BYTE3(-@0)
                 	SBCI R25,BYTE4(-@0)
                 	.ENDM
                 
                 	.MACRO __SUBD1N
                 	SUBI R30,LOW(@0)
                 	SBCI R31,HIGH(@0)
                 	SBCI R22,BYTE3(@0)
                 	SBCI R23,BYTE4(@0)
                 	.ENDM
                 
                 	.MACRO __SUBD2N
                 	SUBI R26,LOW(@0)
                 	SBCI R27,HIGH(@0)
                 	SBCI R24,BYTE3(@0)
                 	SBCI R25,BYTE4(@0)
                 	.ENDM
                 
                 	.MACRO __ANDBMNN
                 	LDS  R30,@0+(@1)
                 	ANDI R30,LOW(@2)
                 	STS  @0+(@1),R30
                 	.ENDM
                 
                 	.MACRO __ANDWMNN
                 	LDS  R30,@0+(@1)
                 	ANDI R30,LOW(@2)
                 	STS  @0+(@1),R30
                 	LDS  R30,@0+(@1)+1
                 	ANDI R30,HIGH(@2)
                 	STS  @0+(@1)+1,R30
                 	.ENDM
                 
                 	.MACRO __ANDD1N
                 	ANDI R30,LOW(@0)
                 	ANDI R31,HIGH(@0)
                 	ANDI R22,BYTE3(@0)
                 	ANDI R23,BYTE4(@0)
                 	.ENDM
                 
                 	.MACRO __ANDD2N
                 	ANDI R26,LOW(@0)
                 	ANDI R27,HIGH(@0)
                 	ANDI R24,BYTE3(@0)
                 	ANDI R25,BYTE4(@0)
                 	.ENDM
                 
                 	.MACRO __ORBMNN
                 	LDS  R30,@0+(@1)
                 	ORI  R30,LOW(@2)
                 	STS  @0+(@1),R30
                 	.ENDM
                 
                 	.MACRO __ORWMNN
                 	LDS  R30,@0+(@1)
                 	ORI  R30,LOW(@2)
                 	STS  @0+(@1),R30
                 	LDS  R30,@0+(@1)+1
                 	ORI  R30,HIGH(@2)
                 	STS  @0+(@1)+1,R30
                 	.ENDM
                 
                 	.MACRO __ORD1N
                 	ORI  R30,LOW(@0)
                 	ORI  R31,HIGH(@0)
                 	ORI  R22,BYTE3(@0)
                 	ORI  R23,BYTE4(@0)
                 	.ENDM
                 
                 	.MACRO __ORD2N
                 	ORI  R26,LOW(@0)
                 	ORI  R27,HIGH(@0)
                 	ORI  R24,BYTE3(@0)
                 	ORI  R25,BYTE4(@0)
                 	.ENDM
                 
                 	.MACRO __DELAY_USB
                 	LDI  R24,LOW(@0)
                 __DELAY_USB_LOOP:
                 	DEC  R24
                 	BRNE __DELAY_USB_LOOP
                 	.ENDM
                 
                 	.MACRO __DELAY_USW
                 	LDI  R24,LOW(@0)
                 	LDI  R25,HIGH(@0)
                 __DELAY_USW_LOOP:
                 	SBIW R24,1
                 	BRNE __DELAY_USW_LOOP
                 	.ENDM
                 
                 	.MACRO __GETD1S
                 	LDD  R30,Y+@0
                 	LDD  R31,Y+@0+1
                 	LDD  R22,Y+@0+2
                 	LDD  R23,Y+@0+3
                 	.ENDM
                 
                 	.MACRO __GETD2S
                 	LDD  R26,Y+@0
                 	LDD  R27,Y+@0+1
                 	LDD  R24,Y+@0+2
                 	LDD  R25,Y+@0+3
                 	.ENDM
                 
                 	.MACRO __PUTD1S
                 	STD  Y+@0,R30
                 	STD  Y+@0+1,R31
                 	STD  Y+@0+2,R22
                 	STD  Y+@0+3,R23
                 	.ENDM
                 
                 	.MACRO __PUTD2S
                 	STD  Y+@0,R26
                 	STD  Y+@0+1,R27
                 	STD  Y+@0+2,R24
                 	STD  Y+@0+3,R25
                 	.ENDM
                 
                 	.MACRO __PUTDZ2
                 	STD  Z+@0,R26
                 	STD  Z+@0+1,R27
                 	STD  Z+@0+2,R24
                 	STD  Z+@0+3,R25
                 	.ENDM
                 
                 	.MACRO __CLRD1S
                 	STD  Y+@0,R30
                 	STD  Y+@0+1,R30
                 	STD  Y+@0+2,R30
                 	STD  Y+@0+3,R30
                 	.ENDM
                 
                 	.MACRO __POINTB1MN
                 	LDI  R30,LOW(@0+(@1))
                 	.ENDM
                 
                 	.MACRO __POINTW1MN
                 	LDI  R30,LOW(@0+(@1))
                 	LDI  R31,HIGH(@0+(@1))
                 	.ENDM
                 
                 	.MACRO __POINTD1M
                 	LDI  R30,LOW(@0)
                 	LDI  R31,HIGH(@0)
                 	LDI  R22,BYTE3(@0)
                 	LDI  R23,BYTE4(@0)
                 	.ENDM
                 
                 	.MACRO __POINTW1FN
                 	LDI  R30,LOW(2*@0+(@1))
                 	LDI  R31,HIGH(2*@0+(@1))
                 	.ENDM
                 
                 	.MACRO __POINTD1FN
                 	LDI  R30,LOW(2*@0+(@1))
                 	LDI  R31,HIGH(2*@0+(@1))
                 	LDI  R22,BYTE3(2*@0+(@1))
                 	LDI  R23,BYTE4(2*@0+(@1))
                 	.ENDM
                 
                 	.MACRO __POINTB2MN
                 	LDI  R26,LOW(@0+(@1))
                 	.ENDM
                 
                 	.MACRO __POINTW2MN
                 	LDI  R26,LOW(@0+(@1))
                 	LDI  R27,HIGH(@0+(@1))
                 	.ENDM
                 
                 	.MACRO __POINTD2M
                 	LDI  R26,LOW(@0)
                 	LDI  R27,HIGH(@0)
                 	LDI  R24,BYTE3(@0)
                 	LDI  R25,BYTE4(@0)
                 	.ENDM
                 
                 	.MACRO __POINTW2FN
                 	LDI  R26,LOW(2*@0+(@1))
                 	LDI  R27,HIGH(2*@0+(@1))
                 	.ENDM
                 
                 	.MACRO __POINTD2FN
                 	LDI  R26,LOW(2*@0+(@1))
                 	LDI  R27,HIGH(2*@0+(@1))
                 	LDI  R24,BYTE3(2*@0+(@1))
                 	LDI  R25,BYTE4(2*@0+(@1))
                 	.ENDM
                 
                 	.MACRO __POINTBRM
                 	LDI  R@0,LOW(@1)
                 	.ENDM
                 
                 	.MACRO __POINTWRM
                 	LDI  R@0,LOW(@2)
                 	LDI  R@1,HIGH(@2)
                 	.ENDM
                 
                 	.MACRO __POINTBRMN
                 	LDI  R@0,LOW(@1+(@2))
                 	.ENDM
                 
                 	.MACRO __POINTWRMN
                 	LDI  R@0,LOW(@2+(@3))
                 	LDI  R@1,HIGH(@2+(@3))
                 	.ENDM
                 
                 	.MACRO __POINTWRFN
                 	LDI  R@0,LOW(@2*2+(@3))
                 	LDI  R@1,HIGH(@2*2+(@3))
                 	.ENDM
                 
                 	.MACRO __GETD1N
                 	LDI  R30,LOW(@0)
                 	LDI  R31,HIGH(@0)
                 	LDI  R22,BYTE3(@0)
                 	LDI  R23,BYTE4(@0)
                 	.ENDM
                 
                 	.MACRO __GETD2N
                 	LDI  R26,LOW(@0)
                 	LDI  R27,HIGH(@0)
                 	LDI  R24,BYTE3(@0)
                 	LDI  R25,BYTE4(@0)
                 	.ENDM
                 
                 	.MACRO __GETB1MN
                 	LDS  R30,@0+(@1)
                 	.ENDM
                 
                 	.MACRO __GETB1HMN
                 	LDS  R31,@0+(@1)
                 	.ENDM
                 
                 	.MACRO __GETW1MN
                 	LDS  R30,@0+(@1)
                 	LDS  R31,@0+(@1)+1
                 	.ENDM
                 
                 	.MACRO __GETD1MN
                 	LDS  R30,@0+(@1)
                 	LDS  R31,@0+(@1)+1
                 	LDS  R22,@0+(@1)+2
                 	LDS  R23,@0+(@1)+3
                 	.ENDM
                 
                 	.MACRO __GETBRMN
                 	LDS  R@0,@1+(@2)
                 	.ENDM
                 
                 	.MACRO __GETWRMN
                 	LDS  R@0,@2+(@3)
                 	LDS  R@1,@2+(@3)+1
                 	.ENDM
                 
                 	.MACRO __GETWRZ
                 	LDD  R@0,Z+@2
                 	LDD  R@1,Z+@2+1
                 	.ENDM
                 
                 	.MACRO __GETD2Z
                 	LDD  R26,Z+@0
                 	LDD  R27,Z+@0+1
                 	LDD  R24,Z+@0+2
                 	LDD  R25,Z+@0+3
                 	.ENDM
                 
                 	.MACRO __GETB2MN
                 	LDS  R26,@0+(@1)
                 	.ENDM
                 
                 	.MACRO __GETW2MN
                 	LDS  R26,@0+(@1)
                 	LDS  R27,@0+(@1)+1
                 	.ENDM
                 
                 	.MACRO __GETD2MN
                 	LDS  R26,@0+(@1)
                 	LDS  R27,@0+(@1)+1
                 	LDS  R24,@0+(@1)+2
                 	LDS  R25,@0+(@1)+3
                 	.ENDM
                 
                 	.MACRO __PUTB1MN
                 	STS  @0+(@1),R30
                 	.ENDM
                 
                 	.MACRO __PUTW1MN
                 	STS  @0+(@1),R30
                 	STS  @0+(@1)+1,R31
                 	.ENDM
                 
                 	.MACRO __PUTD1MN
                 	STS  @0+(@1),R30
                 	STS  @0+(@1)+1,R31
                 	STS  @0+(@1)+2,R22
                 	STS  @0+(@1)+3,R23
                 	.ENDM
                 
                 	.MACRO __PUTB1EN
                 	LDI  R26,LOW(@0+(@1))
                 	LDI  R27,HIGH(@0+(@1))
                 	CALL __EEPROMWRB
                 	.ENDM
                 
                 	.MACRO __PUTW1EN
                 	LDI  R26,LOW(@0+(@1))
                 	LDI  R27,HIGH(@0+(@1))
                 	CALL __EEPROMWRW
                 	.ENDM
                 
                 	.MACRO __PUTD1EN
                 	LDI  R26,LOW(@0+(@1))
                 	LDI  R27,HIGH(@0+(@1))
                 	CALL __EEPROMWRD
                 	.ENDM
                 
                 	.MACRO __PUTBR0MN
                 	STS  @0+(@1),R0
                 	.ENDM
                 
                 	.MACRO __PUTBMRN
                 	STS  @0+(@1),R@2
                 	.ENDM
                 
                 	.MACRO __PUTWMRN
                 	STS  @0+(@1),R@2
                 	STS  @0+(@1)+1,R@3
                 	.ENDM
                 
                 	.MACRO __PUTBZR
                 	STD  Z+@1,R@0
                 	.ENDM
                 
                 	.MACRO __PUTWZR
                 	STD  Z+@2,R@0
                 	STD  Z+@2+1,R@1
                 	.ENDM
                 
                 	.MACRO __GETW1R
                 	MOV  R30,R@0
                 	MOV  R31,R@1
                 	.ENDM
                 
                 	.MACRO __GETW2R
                 	MOV  R26,R@0
                 	MOV  R27,R@1
                 	.ENDM
                 
                 	.MACRO __GETWRN
                 	LDI  R@0,LOW(@2)
                 	LDI  R@1,HIGH(@2)
                 	.ENDM
                 
                 	.MACRO __PUTW1R
                 	MOV  R@0,R30
                 	MOV  R@1,R31
                 	.ENDM
                 
                 	.MACRO __PUTW2R
                 	MOV  R@0,R26
                 	MOV  R@1,R27
                 	.ENDM
                 
                 	.MACRO __ADDWRN
                 	SUBI R@0,LOW(-@2)
                 	SBCI R@1,HIGH(-@2)
                 	.ENDM
                 
                 	.MACRO __ADDWRR
                 	ADD  R@0,R@2
                 	ADC  R@1,R@3
                 	.ENDM
                 
                 	.MACRO __SUBWRN
                 	SUBI R@0,LOW(@2)
                 	SBCI R@1,HIGH(@2)
                 	.ENDM
                 
                 	.MACRO __SUBWRR
                 	SUB  R@0,R@2
                 	SBC  R@1,R@3
                 	.ENDM
                 
                 	.MACRO __ANDWRN
                 	ANDI R@0,LOW(@2)
                 	ANDI R@1,HIGH(@2)
                 	.ENDM
                 
                 	.MACRO __ANDWRR
                 	AND  R@0,R@2
                 	AND  R@1,R@3
                 	.ENDM
                 
                 	.MACRO __ORWRN
                 	ORI  R@0,LOW(@2)
                 	ORI  R@1,HIGH(@2)
                 	.ENDM
                 
                 	.MACRO __ORWRR
                 	OR   R@0,R@2
                 	OR   R@1,R@3
                 	.ENDM
                 
                 	.MACRO __EORWRR
                 	EOR  R@0,R@2
                 	EOR  R@1,R@3
                 	.ENDM
                 
                 	.MACRO __GETWRS
                 	LDD  R@0,Y+@2
                 	LDD  R@1,Y+@2+1
                 	.ENDM
                 
                 	.MACRO __PUTBSR
                 	STD  Y+@1,R@0
                 	.ENDM
                 
                 	.MACRO __PUTWSR
                 	STD  Y+@2,R@0
                 	STD  Y+@2+1,R@1
                 	.ENDM
                 
                 	.MACRO __MOVEWRR
                 	MOV  R@0,R@2
                 	MOV  R@1,R@3
                 	.ENDM
                 
                 	.MACRO __INWR
                 	IN   R@0,@2
                 	IN   R@1,@2+1
                 	.ENDM
                 
                 	.MACRO __OUTWR
                 	OUT  @2+1,R@1
                 	OUT  @2,R@0
                 	.ENDM
                 
                 	.MACRO __CALL1MN
                 	LDS  R30,@0+(@1)
                 	LDS  R31,@0+(@1)+1
                 	ICALL
                 	.ENDM
                 
                 	.MACRO __CALL1FN
                 	LDI  R30,LOW(2*@0+(@1))
                 	LDI  R31,HIGH(2*@0+(@1))
                 	CALL __GETW1PF
                 	ICALL
                 	.ENDM
                 
                 	.MACRO __CALL2EN
                 	PUSH R26
                 	PUSH R27
                 	LDI  R26,LOW(@0+(@1))
                 	LDI  R27,HIGH(@0+(@1))
                 	CALL __EEPROMRDW
                 	POP  R27
                 	POP  R26
                 	ICALL
                 	.ENDM
                 
                 	.MACRO __CALL2EX
                 	SUBI R26,LOW(-@0)
                 	SBCI R27,HIGH(-@0)
                 	CALL __EEPROMRDD
                 	ICALL
                 	.ENDM
                 
                 	.MACRO __GETW1STACK
                 	IN   R30,SPL
                 	IN   R31,SPH
                 	ADIW R30,@0+1
                 	LD   R0,Z+
                 	LD   R31,Z
                 	MOV  R30,R0
                 	.ENDM
                 
                 	.MACRO __GETD1STACK
                 	IN   R30,SPL
                 	IN   R31,SPH
                 	ADIW R30,@0+1
                 	LD   R0,Z+
                 	LD   R1,Z+
                 	LD   R22,Z
                 	MOVW R30,R0
                 	.ENDM
                 
                 	.MACRO __NBST
                 	BST  R@0,@1
                 	IN   R30,SREG
                 	LDI  R31,0x40
                 	EOR  R30,R31
                 	OUT  SREG,R30
                 	.ENDM
                 
                 
                 	.MACRO __PUTB1SN
                 	LDD  R26,Y+@0
                 	LDD  R27,Y+@0+1
                 	SUBI R26,LOW(-@1)
                 	SBCI R27,HIGH(-@1)
                 	ST   X,R30
                 	.ENDM
                 
                 	.MACRO __PUTW1SN
                 	LDD  R26,Y+@0
                 	LDD  R27,Y+@0+1
                 	SUBI R26,LOW(-@1)
                 	SBCI R27,HIGH(-@1)
                 	ST   X+,R30
                 	ST   X,R31
                 	.ENDM
                 
                 	.MACRO __PUTD1SN
                 	LDD  R26,Y+@0
                 	LDD  R27,Y+@0+1
                 	SUBI R26,LOW(-@1)
                 	SBCI R27,HIGH(-@1)
                 	CALL __PUTDP1
                 	.ENDM
                 
                 	.MACRO __PUTB1SNS
                 	LDD  R26,Y+@0
                 	LDD  R27,Y+@0+1
                 	ADIW R26,@1
                 	ST   X,R30
                 	.ENDM
                 
                 	.MACRO __PUTW1SNS
                 	LDD  R26,Y+@0
                 	LDD  R27,Y+@0+1
                 	ADIW R26,@1
                 	ST   X+,R30
                 	ST   X,R31
                 	.ENDM
                 
                 	.MACRO __PUTD1SNS
                 	LDD  R26,Y+@0
                 	LDD  R27,Y+@0+1
                 	ADIW R26,@1
                 	CALL __PUTDP1
                 	.ENDM
                 
                 	.MACRO __PUTB1PMN
                 	LDS  R26,@0
                 	LDS  R27,@0+1
                 	SUBI R26,LOW(-@1)
                 	SBCI R27,HIGH(-@1)
                 	ST   X,R30
                 	.ENDM
                 
                 	.MACRO __PUTW1PMN
                 	LDS  R26,@0
                 	LDS  R27,@0+1
                 	SUBI R26,LOW(-@1)
                 	SBCI R27,HIGH(-@1)
                 	ST   X+,R30
                 	ST   X,R31
                 	.ENDM
                 
                 	.MACRO __PUTD1PMN
                 	LDS  R26,@0
                 	LDS  R27,@0+1
                 	SUBI R26,LOW(-@1)
                 	SBCI R27,HIGH(-@1)
                 	CALL __PUTDP1
                 	.ENDM
                 
                 	.MACRO __PUTB1PMNS
                 	LDS  R26,@0
                 	LDS  R27,@0+1
                 	ADIW R26,@1
                 	ST   X,R30
                 	.ENDM
                 
                 	.MACRO __PUTW1PMNS
                 	LDS  R26,@0
                 	LDS  R27,@0+1
                 	ADIW R26,@1
                 	ST   X+,R30
                 	ST   X,R31
                 	.ENDM
                 
                 	.MACRO __PUTD1PMNS
                 	LDS  R26,@0
                 	LDS  R27,@0+1
                 	ADIW R26,@1
                 	CALL __PUTDP1
                 	.ENDM
                 
                 	.MACRO __PUTB1RN
                 	MOVW R26,R@0
                 	SUBI R26,LOW(-@1)
                 	SBCI R27,HIGH(-@1)
                 	ST   X,R30
                 	.ENDM
                 
                 	.MACRO __PUTW1RN
                 	MOVW R26,R@0
                 	SUBI R26,LOW(-@1)
                 	SBCI R27,HIGH(-@1)
                 	ST   X+,R30
                 	ST   X,R31
                 	.ENDM
                 
                 	.MACRO __PUTD1RN
                 	MOVW R26,R@0
                 	SUBI R26,LOW(-@1)
                 	SBCI R27,HIGH(-@1)
                 	CALL __PUTDP1
                 	.ENDM
                 
                 	.MACRO __PUTB1RNS
                 	MOVW R26,R@0
                 	ADIW R26,@1
                 	ST   X,R30
                 	.ENDM
                 
                 	.MACRO __PUTW1RNS
                 	MOVW R26,R@0
                 	ADIW R26,@1
                 	ST   X+,R30
                 	ST   X,R31
                 	.ENDM
                 
                 	.MACRO __PUTD1RNS
                 	MOVW R26,R@0
                 	ADIW R26,@1
                 	CALL __PUTDP1
                 	.ENDM
                 
                 	.MACRO __PUTB1RON
                 	MOV  R26,R@0
                 	MOV  R27,R@1
                 	SUBI R26,LOW(-@2)
                 	SBCI R27,HIGH(-@2)
                 	ST   X,R30
                 	.ENDM
                 
                 	.MACRO __PUTW1RON
                 	MOV  R26,R@0
                 	MOV  R27,R@1
                 	SUBI R26,LOW(-@2)
                 	SBCI R27,HIGH(-@2)
                 	ST   X+,R30
                 	ST   X,R31
                 	.ENDM
                 
                 	.MACRO __PUTD1RON
                 	MOV  R26,R@0
                 	MOV  R27,R@1
                 	SUBI R26,LOW(-@2)
                 	SBCI R27,HIGH(-@2)
                 	CALL __PUTDP1
                 	.ENDM
                 
                 	.MACRO __PUTB1RONS
                 	MOV  R26,R@0
                 	MOV  R27,R@1
                 	ADIW R26,@2
                 	ST   X,R30
                 	.ENDM
                 
                 	.MACRO __PUTW1RONS
                 	MOV  R26,R@0
                 	MOV  R27,R@1
                 	ADIW R26,@2
                 	ST   X+,R30
                 	ST   X,R31
                 	.ENDM
                 
                 	.MACRO __PUTD1RONS
                 	MOV  R26,R@0
                 	MOV  R27,R@1
                 	ADIW R26,@2
                 	CALL __PUTDP1
                 	.ENDM
                 
                 
                 	.MACRO __GETB1SX
                 	MOVW R30,R28
                 	SUBI R30,LOW(-@0)
                 	SBCI R31,HIGH(-@0)
                 	LD   R30,Z
                 	.ENDM
                 
                 	.MACRO __GETB1HSX
                 	MOVW R30,R28
                 	SUBI R30,LOW(-@0)
                 	SBCI R31,HIGH(-@0)
                 	LD   R31,Z
                 	.ENDM
                 
                 	.MACRO __GETW1SX
                 	MOVW R30,R28
                 	SUBI R30,LOW(-@0)
                 	SBCI R31,HIGH(-@0)
                 	LD   R0,Z+
                 	LD   R31,Z
                 	MOV  R30,R0
                 	.ENDM
                 
                 	.MACRO __GETD1SX
                 	MOVW R30,R28
                 	SUBI R30,LOW(-@0)
                 	SBCI R31,HIGH(-@0)
                 	LD   R0,Z+
                 	LD   R1,Z+
                 	LD   R22,Z+
                 	LD   R23,Z
                 	MOVW R30,R0
                 	.ENDM
                 
                 	.MACRO __GETB2SX
                 	MOVW R26,R28
                 	SUBI R26,LOW(-@0)
                 	SBCI R27,HIGH(-@0)
                 	LD   R26,X
                 	.ENDM
                 
                 	.MACRO __GETW2SX
                 	MOVW R26,R28
                 	SUBI R26,LOW(-@0)
                 	SBCI R27,HIGH(-@0)
                 	LD   R0,X+
                 	LD   R27,X
                 	MOV  R26,R0
                 	.ENDM
                 
                 	.MACRO __GETD2SX
                 	MOVW R26,R28
                 	SUBI R26,LOW(-@0)
                 	SBCI R27,HIGH(-@0)
                 	LD   R0,X+
                 	LD   R1,X+
                 	LD   R24,X+
                 	LD   R25,X
                 	MOVW R26,R0
                 	.ENDM
                 
                 	.MACRO __GETBRSX
                 	MOVW R30,R28
                 	SUBI R30,LOW(-@1)
                 	SBCI R31,HIGH(-@1)
                 	LD   R@0,Z
                 	.ENDM
                 
                 	.MACRO __GETWRSX
                 	MOVW R30,R28
                 	SUBI R30,LOW(-@2)
                 	SBCI R31,HIGH(-@2)
                 	LD   R@0,Z+
                 	LD   R@1,Z
                 	.ENDM
                 
                 	.MACRO __GETBRSX2
                 	MOVW R26,R28
                 	SUBI R26,LOW(-@1)
                 	SBCI R27,HIGH(-@1)
                 	LD   R@0,X
                 	.ENDM
                 
                 	.MACRO __GETWRSX2
                 	MOVW R26,R28
                 	SUBI R26,LOW(-@2)
                 	SBCI R27,HIGH(-@2)
                 	LD   R@0,X+
                 	LD   R@1,X
                 	.ENDM
                 
                 	.MACRO __LSLW8SX
                 	MOVW R30,R28
                 	SUBI R30,LOW(-@0)
                 	SBCI R31,HIGH(-@0)
                 	LD   R31,Z
                 	CLR  R30
                 	.ENDM
                 
                 	.MACRO __PUTB1SX
                 	MOVW R26,R28
                 	SUBI R26,LOW(-@0)
                 	SBCI R27,HIGH(-@0)
                 	ST   X,R30
                 	.ENDM
                 
                 	.MACRO __PUTW1SX
                 	MOVW R26,R28
                 	SUBI R26,LOW(-@0)
                 	SBCI R27,HIGH(-@0)
                 	ST   X+,R30
                 	ST   X,R31
                 	.ENDM
                 
                 	.MACRO __PUTD1SX
                 	MOVW R26,R28
                 	SUBI R26,LOW(-@0)
                 	SBCI R27,HIGH(-@0)
                 	ST   X+,R30
                 	ST   X+,R31
                 	ST   X+,R22
                 	ST   X,R23
                 	.ENDM
                 
                 	.MACRO __CLRW1SX
                 	MOVW R26,R28
                 	SUBI R26,LOW(-@0)
                 	SBCI R27,HIGH(-@0)
                 	ST   X+,R30
                 	ST   X,R30
                 	.ENDM
                 
                 	.MACRO __CLRD1SX
                 	MOVW R26,R28
                 	SUBI R26,LOW(-@0)
                 	SBCI R27,HIGH(-@0)
                 	ST   X+,R30
                 	ST   X+,R30
                 	ST   X+,R30
                 	ST   X,R30
                 	.ENDM
                 
                 	.MACRO __PUTB2SX
                 	MOVW R30,R28
                 	SUBI R30,LOW(-@0)
                 	SBCI R31,HIGH(-@0)
                 	ST   Z,R26
                 	.ENDM
                 
                 	.MACRO __PUTW2SX
                 	MOVW R30,R28
                 	SUBI R30,LOW(-@0)
                 	SBCI R31,HIGH(-@0)
                 	ST   Z+,R26
                 	ST   Z,R27
                 	.ENDM
                 
                 	.MACRO __PUTD2SX
                 	MOVW R30,R28
                 	SUBI R30,LOW(-@0)
                 	SBCI R31,HIGH(-@0)
                 	ST   Z+,R26
                 	ST   Z+,R27
                 	ST   Z+,R24
                 	ST   Z,R25
                 	.ENDM
                 
                 	.MACRO __PUTBSRX
                 	MOVW R30,R28
                 	SUBI R30,LOW(-@1)
                 	SBCI R31,HIGH(-@1)
                 	ST   Z,R@0
                 	.ENDM
                 
                 	.MACRO __PUTWSRX
                 	MOVW R30,R28
                 	SUBI R30,LOW(-@2)
                 	SBCI R31,HIGH(-@2)
                 	ST   Z+,R@0
                 	ST   Z,R@1
                 	.ENDM
                 
                 	.MACRO __PUTB1SNX
                 	MOVW R26,R28
                 	SUBI R26,LOW(-@0)
                 	SBCI R27,HIGH(-@0)
                 	LD   R0,X+
                 	LD   R27,X
                 	MOV  R26,R0
                 	SUBI R26,LOW(-@1)
                 	SBCI R27,HIGH(-@1)
                 	ST   X,R30
                 	.ENDM
                 
                 	.MACRO __PUTW1SNX
                 	MOVW R26,R28
                 	SUBI R26,LOW(-@0)
                 	SBCI R27,HIGH(-@0)
                 	LD   R0,X+
                 	LD   R27,X
                 	MOV  R26,R0
                 	SUBI R26,LOW(-@1)
                 	SBCI R27,HIGH(-@1)
                 	ST   X+,R30
                 	ST   X,R31
                 	.ENDM
                 
                 	.MACRO __PUTD1SNX
                 	MOVW R26,R28
                 	SUBI R26,LOW(-@0)
                 	SBCI R27,HIGH(-@0)
                 	LD   R0,X+
                 	LD   R27,X
                 	MOV  R26,R0
                 	SUBI R26,LOW(-@1)
                 	SBCI R27,HIGH(-@1)
                 	ST   X+,R30
                 	ST   X+,R31
                 	ST   X+,R22
                 	ST   X,R23
                 	.ENDM
                 
                 	.MACRO __MULBRR
                 	MULS R@0,R@1
                 	MOVW R30,R0
                 	.ENDM
                 
                 	.MACRO __MULBRRU
                 	MUL  R@0,R@1
                 	MOVW R30,R0
                 	.ENDM
                 
                 	.MACRO __MULBRR0
                 	MULS R@0,R@1
                 	.ENDM
                 
                 	.MACRO __MULBRRU0
                 	MUL  R@0,R@1
                 	.ENDM
                 
                 	.MACRO __MULBNWRU
                 	LDI  R26,@2
                 	MUL  R26,R@0
                 	MOVW R30,R0
                 	MUL  R26,R@1
                 	ADD  R31,R0
                 	.ENDM
                 
                 ;NAME DEFINITIONS FOR GLOBAL VARIABLES ALLOCATED TO REGISTERS
                 	.DEF _swclk=R5
                 	.DEF _sw=R4
                 	.DEF _click=R7
                 	.DEF _cnt=R8
                 	.DEF _cnt_msb=R9
                 	.DEF __lcd_x=R6
                 	.DEF __lcd_y=R11
                 	.DEF __lcd_maxx=R10
                 
                 	.CSEG
                 	.ORG 0x00
                 
                 ;START OF CODE MARKER
                 __START_OF_CODE:
                 
                 ;INTERRUPT VECTORS
000000 940c 0098 	JMP  __RESET
000002 940c 0000 	JMP  0x00
000004 940c 0000 	JMP  0x00
000006 940c 0000 	JMP  0x00
000008 940c 0000 	JMP  0x00
00000a 940c 0000 	JMP  0x00
00000c 940c 0000 	JMP  0x00
00000e 940c 0000 	JMP  0x00
000010 940c 0000 	JMP  0x00
000012 940c 0000 	JMP  0x00
000014 940c 0000 	JMP  0x00
000016 940c 0000 	JMP  0x00
000018 940c 0000 	JMP  0x00
00001a 940c 0000 	JMP  0x00
00001c 940c 0000 	JMP  0x00
00001e 940c 0000 	JMP  0x00
000020 940c 0000 	JMP  0x00
000022 940c 0000 	JMP  0x00
000024 940c 0000 	JMP  0x00
000026 940c 0000 	JMP  0x00
000028 940c 0000 	JMP  0x00
00002a 940c 0000 	JMP  0x00
00002c 940c 0000 	JMP  0x00
00002e 940c 0000 	JMP  0x00
000030 940c 0000 	JMP  0x00
000032 940c 0000 	JMP  0x00
000034 940c 0000 	JMP  0x00
000036 940c 0000 	JMP  0x00
000038 940c 0000 	JMP  0x00
00003a 940c 0000 	JMP  0x00
00003c 940c 0000 	JMP  0x00
00003e 940c 0000 	JMP  0x00
000040 940c 0000 	JMP  0x00
000042 940c 0000 	JMP  0x00
000044 940c 0000 	JMP  0x00
                 
                 _tbl10_G101:
000046 2710
000047 03e8
000048 0064
000049 000a      	.DB  0x10,0x27,0xE8,0x3,0x64,0x0,0xA,0x0
00004a 0001      	.DB  0x1,0x0
                 _tbl16_G101:
00004b 1000
00004c 0100
00004d 0010
00004e 0001      	.DB  0x0,0x10,0x0,0x1,0x10,0x0,0x1,0x0
                 
                 ;GLOBAL REGISTER VARIABLES INITIALIZATION
                 __REG_VARS:
00004f 00fe
D:\2018_MAPU\201_03_fnd1\Debug\List\201_03_fnd1.asm(1157): warning: .cseg .db misalignment - padding zero byte
000050 0000      	.DB  0xFE,0x0,0x0
                 
                 _0x3:
000051 f9c0
000052 b0a4
000053 9299
000054 d882      	.DB  0xC0,0xF9,0xA4,0xB0,0x99,0x92,0x82,0xD8
000055 9880      	.DB  0x80,0x98
                 _0x0:
000056 4e46
000057 2c44
000058 4c20
000059 4443      	.DB  0x46,0x4E,0x44,0x2C,0x20,0x4C,0x43,0x44
00005a 7420
00005b 7365
00005c 0074
00005d 2f73      	.DB  0x20,0x74,0x65,0x73,0x74,0x0,0x73,0x2F
00005e 3077
00005f 3d20
000060 3020
000061 6678      	.DB  0x77,0x30,0x20,0x3D,0x20,0x30,0x78,0x66
000062 0065
000063 2f73
000064 3177
000065 3d20      	.DB  0x65,0x0,0x73,0x2F,0x77,0x31,0x20,0x3D
000066 3020
000067 6678
000068 0064
000069 2f73      	.DB  0x20,0x30,0x78,0x66,0x64,0x0,0x73,0x2F
00006a 3277
00006b 3d20
00006c 3020
00006d 6678      	.DB  0x77,0x32,0x20,0x3D,0x20,0x30,0x78,0x66
00006e 0062
00006f 2f73
000070 3377
000071 3d20      	.DB  0x62,0x0,0x73,0x2F,0x77,0x33,0x20,0x3D
000072 3020
000073 6678
000074 0037
000075 2f73      	.DB  0x20,0x30,0x78,0x66,0x37,0x0,0x73,0x2F
000076 3477
000077 3d20
000078 3020
000079 6578      	.DB  0x77,0x34,0x20,0x3D,0x20,0x30,0x78,0x65
00007a 0066
00007b 2f73
00007c 3577
00007d 3d20      	.DB  0x66,0x0,0x73,0x2F,0x77,0x35,0x20,0x3D
00007e 3020
00007f 6478
000080 0066
000081 2f73      	.DB  0x20,0x30,0x78,0x64,0x66,0x0,0x73,0x2F
000082 3677
000083 3d20
000084 3020
000085 6278      	.DB  0x77,0x36,0x20,0x3D,0x20,0x30,0x78,0x62
000086 0066
000087 2f73
000088 3777
000089 3d20      	.DB  0x66,0x0,0x73,0x2F,0x77,0x37,0x20,0x3D
00008a 3020
00008b 3778
00008c 0066      	.DB  0x20,0x30,0x78,0x37,0x66,0x0
                 _0x2000003:
00008d c080      	.DB  0x80,0xC0
                 
                 __GLOBAL_INI_TBL:
00008e 0003      	.DW  0x03
00008f 0007      	.DW  0x07
000090 009e      	.DW  __REG_VARS*2
                 
000091 000a      	.DW  0x0A
000092 0500      	.DW  _number
000093 00a2      	.DW  _0x3*2
                 
000094 0002      	.DW  0x02
000095 050a      	.DW  __base_y_G100
000096 011a      	.DW  _0x2000003*2
                 
                 _0xFFFFFFFF:
000097 0000      	.DW  0
                 
                 #define __GLOBAL_INI_TBL_PRESENT 1
                 
                 __RESET:
000098 94f8      	CLI
000099 27ee      	CLR  R30
00009a bbec      	OUT  EECR,R30
                 
                 ;INTERRUPT VECTORS ARE PLACED
                 ;AT THE START OF FLASH
00009b e0f1      	LDI  R31,1
00009c bff5      	OUT  MCUCR,R31
00009d bfe5      	OUT  MCUCR,R30
00009e 93e0 006c 	STS  XMCRB,R30
                 
                 ;CLEAR R2-R14
0000a0 e08d      	LDI  R24,(14-2)+1
0000a1 e0a2      	LDI  R26,2
0000a2 27bb      	CLR  R27
                 __CLEAR_REG:
0000a3 93ed      	ST   X+,R30
0000a4 958a      	DEC  R24
0000a5 f7e9      	BRNE __CLEAR_REG
                 
                 ;CLEAR SRAM
0000a6 e080      	LDI  R24,LOW(__CLEAR_SRAM_SIZE)
0000a7 e190      	LDI  R25,HIGH(__CLEAR_SRAM_SIZE)
0000a8 e0a0      	LDI  R26,LOW(__SRAM_START)
0000a9 e0b1      	LDI  R27,HIGH(__SRAM_START)
                 __CLEAR_SRAM:
0000aa 93ed      	ST   X+,R30
0000ab 9701      	SBIW R24,1
0000ac f7e9      	BRNE __CLEAR_SRAM
                 
                 ;GLOBAL VARIABLES INITIALIZATION
0000ad e1ec      	LDI  R30,LOW(__GLOBAL_INI_TBL*2)
0000ae e0f1      	LDI  R31,HIGH(__GLOBAL_INI_TBL*2)
                 __GLOBAL_INI_NEXT:
0000af 9185      	LPM  R24,Z+
0000b0 9195      	LPM  R25,Z+
0000b1 9700      	SBIW R24,0
0000b2 f061      	BREQ __GLOBAL_INI_END
0000b3 91a5      	LPM  R26,Z+
0000b4 91b5      	LPM  R27,Z+
0000b5 9005      	LPM  R0,Z+
0000b6 9015      	LPM  R1,Z+
0000b7 01bf      	MOVW R22,R30
0000b8 01f0      	MOVW R30,R0
                 __GLOBAL_INI_LOOP:
0000b9 9005      	LPM  R0,Z+
0000ba 920d      	ST   X+,R0
0000bb 9701      	SBIW R24,1
0000bc f7e1      	BRNE __GLOBAL_INI_LOOP
0000bd 01fb      	MOVW R30,R22
0000be cff0      	RJMP __GLOBAL_INI_NEXT
                 __GLOBAL_INI_END:
                 
0000bf bf8b      	OUT  RAMPZ,R24
                 
                 ;HARDWARE STACK POINTER INITIALIZATION
0000c0 efef      	LDI  R30,LOW(__SRAM_END-__HEAP_SIZE)
0000c1 bfed      	OUT  SPL,R30
0000c2 e1e0      	LDI  R30,HIGH(__SRAM_END-__HEAP_SIZE)
0000c3 bfee      	OUT  SPH,R30
                 
                 ;DATA STACK POINTER INITIALIZATION
0000c4 e0c0      	LDI  R28,LOW(__SRAM_START+__DSTACK_SIZE)
0000c5 e0d5      	LDI  R29,HIGH(__SRAM_START+__DSTACK_SIZE)
                 
0000c6 940c 00c8 	JMP  _main
                 
                 	.ESEG
                 	.ORG 0x00
                 
                 	.DSEG
                 	.ORG 0x500
                 
                 	.CSEG
                 ;/*
                 ; * 201_03_fnd1.c
                 ; *
                 ; * Created: 2018-11-29 ¿ÀÈÄ 2:17:18
                 ; * Author: Administrator
                 ; */
                 ;
                 ;#include <mega128a.h>
                 	#ifndef __SLEEP_DEFINED__
                 	#define __SLEEP_DEFINED__
                 	.EQU __se_bit=0x20
                 	.EQU __sm_mask=0x1C
                 	.EQU __sm_powerdown=0x10
                 	.EQU __sm_powersave=0x18
                 	.EQU __sm_standby=0x14
                 	.EQU __sm_ext_standby=0x1C
                 	.EQU __sm_adc_noise_red=0x08
                 	.SET power_ctrl_reg=mcucr
                 	#endif
                 ;#include <delay.h>
                 ;#include <lcd.h>
                 ;
                 ;#asm
                     .equ __lcd_port=0x1B
                 ; 0000 000E #endasm
                 ;
                 ;unsigned char number[10] = {0xc0,0xf9,0xa4,0xb0,0x99,0x92,0x82,0xd8,0x80,0x98};
                 
                 	.DSEG
                 ;unsigned char swclk;
                 ;unsigned char sw;
                 ;unsigned char click = 0xfe;
                 ;int cnt=0;
                 ;
                 ;void main(void)
                 ; 0000 0017 {
                 
                 	.CSEG
                 _main:
                 ; .FSTART _main
                 ; 0000 0018     DDRA = 0xff;
0000c8 efef      	LDI  R30,LOW(255)
0000c9 bbea      	OUT  0x1A,R30
                 ; 0000 0019     DDRC = 0xff;
0000ca bbe4      	OUT  0x14,R30
                 ; 0000 001A     DDRD = 0xff;
0000cb bbe1      	OUT  0x11,R30
                 ; 0000 001B     DDRE = 0xff;
0000cc b9e2      	OUT  0x2,R30
                 ; 0000 001C 
                 ; 0000 001D     lcd_init(16);
0000cd e1a0      	LDI  R26,LOW(16)
0000ce d10a      	RCALL _lcd_init
                 ; 0000 001E     lcd_gotoxy(0,0);
0000cf e0e0      	LDI  R30,LOW(0)
0000d0 93ea      	ST   -Y,R30
0000d1 e0a0      	LDI  R26,LOW(0)
0000d2 d0c2      	RCALL _lcd_gotoxy
                 ; 0000 001F     lcd_printf("FND, LCD test");
                +
0000d3 eaec     +LDI R30 , LOW ( 2 * _0x0 + ( 0 ) )
0000d4 e0f0     +LDI R31 , HIGH ( 2 * _0x0 + ( 0 ) )
                 	__POINTW1FN _0x0,0
0000d5 d2a5      	RCALL SUBOPT_0x0
                 ; 0000 0020 
                 ; 0000 0021 while (1)
                 _0x4:
                 ; 0000 0022     {
                 ; 0000 0023         swclk = PIND;
0000d6 b250      	IN   R5,16
                 ; 0000 0024 
                 ; 0000 0025         while(PIND != 0xff) delay_ms(1);
                 _0x7:
0000d7 b3e0      	IN   R30,0x10
0000d8 3fef      	CPI  R30,LOW(0xFF)
0000d9 f021      	BREQ _0x9
0000da e0a1      	LDI  R26,LOW(1)
0000db e0b0      	LDI  R27,0
0000dc d2e3      	RCALL _delay_ms
0000dd cff9      	RJMP _0x7
                 _0x9:
                 ; 0000 0027 switch (swclk)
0000de 2de5      	MOV  R30,R5
0000df e0f0      	LDI  R31,0
                 ; 0000 0028                {
                 ; 0000 0029                case 0xfe:
0000e0 3fee      	CPI  R30,LOW(0xFE)
0000e1 e0a0      	LDI  R26,HIGH(0xFE)
0000e2 07fa      	CPC  R31,R26
0000e3 f431      	BRNE _0xD
                 ; 0000 002A                         lcd_gotoxy(0,1);
0000e4 d29c      	RCALL SUBOPT_0x1
                 ; 0000 002B                         lcd_printf("s/w0 = 0xfe");
                +
0000e5 ebea     +LDI R30 , LOW ( 2 * _0x0 + ( 14 ) )
0000e6 e0f0     +LDI R31 , HIGH ( 2 * _0x0 + ( 14 ) )
                 	__POINTW1FN _0x0,14
0000e7 d293      	RCALL SUBOPT_0x0
                 ; 0000 002C                         sw = 0;
0000e8 2444      	CLR  R4
                 ; 0000 002D                break;
0000e9 c046      	RJMP _0xC
                 ; 0000 002E 
                 ; 0000 002F                case 0xfd:
                 _0xD:
0000ea 3fed      	CPI  R30,LOW(0xFD)
0000eb e0a0      	LDI  R26,HIGH(0xFD)
0000ec 07fa      	CPC  R31,R26
0000ed f431      	BRNE _0xE
                 ; 0000 0030                         lcd_gotoxy(0,1);
0000ee d292      	RCALL SUBOPT_0x1
                 ; 0000 0031                         lcd_printf("s/w1 = 0xfd");
                +
0000ef ece6     +LDI R30 , LOW ( 2 * _0x0 + ( 26 ) )
0000f0 e0f0     +LDI R31 , HIGH ( 2 * _0x0 + ( 26 ) )
                 	__POINTW1FN _0x0,26
0000f1 d289      	RCALL SUBOPT_0x0
                 ; 0000 0032                         sw = 1;
0000f2 e0e1      	LDI  R30,LOW(1)
0000f3 c03b      	RJMP _0x1F
                 ; 0000 0033                break;
                 ; 0000 0034                case 0xfb:
                 _0xE:
0000f4 3feb      	CPI  R30,LOW(0xFB)
0000f5 e0a0      	LDI  R26,HIGH(0xFB)
0000f6 07fa      	CPC  R31,R26
0000f7 f431      	BRNE _0xF
                 ; 0000 0035                         lcd_gotoxy(0,1);
0000f8 d288      	RCALL SUBOPT_0x1
                 ; 0000 0036                         lcd_printf("s/w2 = 0xfb");
                +
0000f9 ede2     +LDI R30 , LOW ( 2 * _0x0 + ( 38 ) )
0000fa e0f0     +LDI R31 , HIGH ( 2 * _0x0 + ( 38 ) )
                 	__POINTW1FN _0x0,38
0000fb d27f      	RCALL SUBOPT_0x0
                 ; 0000 0037                         sw = 2;
0000fc e0e2      	LDI  R30,LOW(2)
0000fd c031      	RJMP _0x1F
                 ; 0000 0038                break;
                 ; 0000 0039                case 0xf7:
                 _0xF:
0000fe 3fe7      	CPI  R30,LOW(0xF7)
0000ff e0a0      	LDI  R26,HIGH(0xF7)
000100 07fa      	CPC  R31,R26
000101 f431      	BRNE _0x10
                 ; 0000 003A                         lcd_gotoxy(0,1);
000102 d27e      	RCALL SUBOPT_0x1
                 ; 0000 003B                         lcd_printf("s/w3 = 0xf7");
                +
000103 edee     +LDI R30 , LOW ( 2 * _0x0 + ( 50 ) )
000104 e0f0     +LDI R31 , HIGH ( 2 * _0x0 + ( 50 ) )
                 	__POINTW1FN _0x0,50
000105 d275      	RCALL SUBOPT_0x0
                 ; 0000 003C                         sw = 3;
000106 e0e3      	LDI  R30,LOW(3)
000107 c027      	RJMP _0x1F
                 ; 0000 003D                break;
                 ; 0000 003E                case 0xef:
                 _0x10:
000108 3eef      	CPI  R30,LOW(0xEF)
000109 e0a0      	LDI  R26,HIGH(0xEF)
00010a 07fa      	CPC  R31,R26
00010b f431      	BRNE _0x11
                 ; 0000 003F                         lcd_gotoxy(0,1);
00010c d274      	RCALL SUBOPT_0x1
                 ; 0000 0040                         lcd_printf("s/w4 = 0xef");
                +
00010d eeea     +LDI R30 , LOW ( 2 * _0x0 + ( 62 ) )
00010e e0f0     +LDI R31 , HIGH ( 2 * _0x0 + ( 62 ) )
                 	__POINTW1FN _0x0,62
00010f d26b      	RCALL SUBOPT_0x0
                 ; 0000 0041                         sw = 4;
000110 e0e4      	LDI  R30,LOW(4)
000111 c01d      	RJMP _0x1F
                 ; 0000 0042                break;
                 ; 0000 0043                case 0xdf:
                 _0x11:
000112 3def      	CPI  R30,LOW(0xDF)
000113 e0a0      	LDI  R26,HIGH(0xDF)
000114 07fa      	CPC  R31,R26
000115 f431      	BRNE _0x12
                 ; 0000 0044                         lcd_gotoxy(0,1);
000116 d26a      	RCALL SUBOPT_0x1
                 ; 0000 0045                         lcd_printf("s/w5 = 0xdf");
                +
000117 efe6     +LDI R30 , LOW ( 2 * _0x0 + ( 74 ) )
000118 e0f0     +LDI R31 , HIGH ( 2 * _0x0 + ( 74 ) )
                 	__POINTW1FN _0x0,74
000119 d261      	RCALL SUBOPT_0x0
                 ; 0000 0046                         sw = 5;
00011a e0e5      	LDI  R30,LOW(5)
00011b c013      	RJMP _0x1F
                 ; 0000 0047                break;
                 ; 0000 0048                case 0xbf:
                 _0x12:
00011c 3bef      	CPI  R30,LOW(0xBF)
00011d e0a0      	LDI  R26,HIGH(0xBF)
00011e 07fa      	CPC  R31,R26
00011f f431      	BRNE _0x13
                 ; 0000 0049                         lcd_gotoxy(0,1);
000120 d260      	RCALL SUBOPT_0x1
                 ; 0000 004A                         lcd_printf("s/w6 = 0xbf");
                +
000121 e0e2     +LDI R30 , LOW ( 2 * _0x0 + ( 86 ) )
000122 e0f1     +LDI R31 , HIGH ( 2 * _0x0 + ( 86 ) )
                 	__POINTW1FN _0x0,86
000123 d257      	RCALL SUBOPT_0x0
                 ; 0000 004B                         sw = 6;
000124 e0e6      	LDI  R30,LOW(6)
000125 c009      	RJMP _0x1F
                 ; 0000 004C                break;
                 ; 0000 004D                case 0x7f:
                 _0x13:
000126 37ef      	CPI  R30,LOW(0x7F)
000127 e0a0      	LDI  R26,HIGH(0x7F)
000128 07fa      	CPC  R31,R26
000129 f431      	BRNE _0xC
                 ; 0000 004E                         lcd_gotoxy(0,1);
00012a d256      	RCALL SUBOPT_0x1
                 ; 0000 004F                         lcd_printf("s/w7 = 0x7f");
                +
00012b e0ee     +LDI R30 , LOW ( 2 * _0x0 + ( 98 ) )
00012c e0f1     +LDI R31 , HIGH ( 2 * _0x0 + ( 98 ) )
                 	__POINTW1FN _0x0,98
00012d d24d      	RCALL SUBOPT_0x0
                 ; 0000 0050                         sw = 7;
00012e e0e7      	LDI  R30,LOW(7)
                 _0x1F:
00012f 2e4e      	MOV  R4,R30
                 ; 0000 0051                break;
                 ; 0000 0052                }
                 _0xC:
                 ; 0000 0053 
                 ; 0000 0054                while (PINE == 0xff){
                 _0x15:
000130 b1e1      	IN   R30,0x1
000131 3fef      	CPI  R30,LOW(0xFF)
000132 f529      	BRNE _0x17
                 ; 0000 0055                     PORTE = click;
000133 b873      	OUT  0x3,R7
                 ; 0000 0056                     for(cnt=0;cnt>5;cnt++){
000134 2488      	CLR  R8
000135 2499      	CLR  R9
                 _0x19:
000136 e0e5      	LDI  R30,LOW(5)
000137 e0f0      	LDI  R31,HIGH(5)
000138 15e8      	CP   R30,R8
000139 05f9      	CPC  R31,R9
00013a f484      	BRGE _0x1A
                 ; 0000 0057                         if(sw == cnt){
00013b 01f4      	MOVW R30,R8
00013c 2da4      	MOV  R26,R4
00013d e0b0      	LDI  R27,0
00013e 17ea      	CP   R30,R26
00013f 07fb      	CPC  R31,R27
000140 f419      	BRNE _0x1B
                 ; 0000 0058                             PORTC = number[1];
                +
000141 91e0 0501+LDS R30 , _number + ( 1 )
                 	__GETB1MN _number,1
000143 c002      	RJMP _0x20
                 ; 0000 0059                         }else
                 _0x1B:
                 ; 0000 005A                             PORTC = number[9];
                +
000144 91e0 0509+LDS R30 , _number + ( 9 )
                 	__GETB1MN _number,9
                 _0x20:
000146 bbe5      	OUT  0x15,R30
                 ; 0000 005B                     }
000147 01f4      	MOVW R30,R8
000148 9631      	ADIW R30,1
000149 014f      	MOVW R8,R30
00014a cfeb      	RJMP _0x19
                 _0x1A:
                 ; 0000 005C                     if (sw==6){
00014b e0e6      	LDI  R30,LOW(6)
00014c 15e4      	CP   R30,R4
00014d f411      	BRNE _0x1D
                 ; 0000 005D                         lcd_clear;
00014e eae3      	LDI  R30,LOW(_lcd_clear)
00014f e0f1      	LDI  R31,HIGH(_lcd_clear)
                 ; 0000 005E                     }
                 ; 0000 005F                     click = (click<<1)| 0x01;
                 _0x1D:
000150 2de7      	MOV  R30,R7
000151 0fee      	LSL  R30
000152 60e1      	ORI  R30,1
000153 2e7e      	MOV  R7,R30
                 ; 0000 0060                     delay_ms(1);
000154 e0a1      	LDI  R26,LOW(1)
000155 e0b0      	LDI  R27,0
000156 d269      	RCALL _delay_ms
                 ; 0000 0061                 }
000157 cfd8      	RJMP _0x15
                 _0x17:
                 ; 0000 0062     }
000158 cf7d      	RJMP _0x4
                 ; 0000 0063 }
                 _0x1E:
000159 cfff      	RJMP _0x1E
                 ; .FEND
                 	#ifndef __SLEEP_DEFINED__
                 	#endif
                     .equ __lcd_direction=__lcd_port-1
                     .equ __lcd_pin=__lcd_port-2
                     .equ __lcd_rs=0
                     .equ __lcd_rd=1
                     .equ __lcd_enable=2
                     .equ __lcd_busy_flag=7
                 
                 	.DSEG
                 
                 	.CSEG
                 __lcd_delay_G100:
                 ; .FSTART __lcd_delay_G100
00015a e0ff          ldi   r31,15
                 __lcd_delay0:
00015b 95fa          dec   r31
00015c f7f1          brne  __lcd_delay0
00015d 9508      	RET
                 ; .FEND
                 __lcd_ready:
                 ; .FSTART __lcd_ready
00015e b3aa          in    r26,__lcd_direction
00015f 70af          andi  r26,0xf                 ;set as input
000160 bbaa          out   __lcd_direction,r26
000161 9ad9          sbi   __lcd_port,__lcd_rd     ;RD=1
000162 98d8          cbi   __lcd_port,__lcd_rs     ;RS=0
                 __lcd_busy:
000163 dff6      	RCALL __lcd_delay_G100
000164 9ada          sbi   __lcd_port,__lcd_enable ;EN=1
000165 dff4      	RCALL __lcd_delay_G100
000166 b3a9          in    r26,__lcd_pin
000167 98da          cbi   __lcd_port,__lcd_enable ;EN=0
000168 dff1      	RCALL __lcd_delay_G100
000169 9ada          sbi   __lcd_port,__lcd_enable ;EN=1
00016a dfef      	RCALL __lcd_delay_G100
00016b 98da          cbi   __lcd_port,__lcd_enable ;EN=0
00016c fda7          sbrc  r26,__lcd_busy_flag
00016d cff5          rjmp  __lcd_busy
00016e 9508      	RET
                 ; .FEND
                 __lcd_write_nibble_G100:
                 ; .FSTART __lcd_write_nibble_G100
00016f 7fa0          andi  r26,0xf0
000170 2bab          or    r26,r27
000171 bbab          out   __lcd_port,r26          ;write
000172 9ada          sbi   __lcd_port,__lcd_enable ;EN=1
000173 dfe6      	RCALL __lcd_delay_G100
000174 98da          cbi   __lcd_port,__lcd_enable ;EN=0
000175 dfe4      	RCALL __lcd_delay_G100
000176 9508      	RET
                 ; .FEND
                 __lcd_write_data:
                 ; .FSTART __lcd_write_data
000177 93aa      	ST   -Y,R26
000178 98d9          cbi  __lcd_port,__lcd_rd 	  ;RD=0
000179 b3aa          in    r26,__lcd_direction
00017a 6fa7          ori   r26,0xf0 | (1<<__lcd_rs) | (1<<__lcd_rd) | (1<<__lcd_enable) ;set as output
00017b bbaa          out   __lcd_direction,r26
00017c b3bb          in    r27,__lcd_port
00017d 70bf          andi  r27,0xf
00017e 81a8          ld    r26,y
00017f dfef      	RCALL __lcd_write_nibble_G100
000180 81a8          ld    r26,y
000181 95a2          swap  r26
000182 dfec      	RCALL __lcd_write_nibble_G100
000183 9ad9          sbi   __lcd_port,__lcd_rd     ;RD=1
000184 940c 0209 	JMP  _0x2080001
                 ; .FEND
                 __lcd_read_nibble_G100:
                 ; .FSTART __lcd_read_nibble_G100
000186 9ada          sbi   __lcd_port,__lcd_enable ;EN=1
000187 dfd2      	RCALL __lcd_delay_G100
000188 b3e9          in    r30,__lcd_pin           ;read
000189 98da          cbi   __lcd_port,__lcd_enable ;EN=0
00018a dfcf      	RCALL __lcd_delay_G100
00018b 7fe0          andi  r30,0xf0
00018c 9508      	RET
                 ; .FEND
                 _lcd_read_byte0_G100:
                 ; .FSTART _lcd_read_byte0_G100
00018d dfcc      	RCALL __lcd_delay_G100
00018e dff7      	RCALL __lcd_read_nibble_G100
00018f 2fae          mov   r26,r30
000190 dff5      	RCALL __lcd_read_nibble_G100
000191 98d9          cbi   __lcd_port,__lcd_rd     ;RD=0
000192 95e2          swap  r30
000193 2bea          or    r30,r26
000194 9508      	RET
                 ; .FEND
                 _lcd_gotoxy:
                 ; .FSTART _lcd_gotoxy
000195 93aa      	ST   -Y,R26
000196 dfc7      	RCALL __lcd_ready
000197 81e8      	LD   R30,Y
000198 e0f0      	LDI  R31,0
000199 5fe6      	SUBI R30,LOW(-__base_y_G100)
00019a 4ffa      	SBCI R31,HIGH(-__base_y_G100)
00019b 81e0      	LD   R30,Z
00019c 81a9      	LDD  R26,Y+1
00019d 0fae      	ADD  R26,R30
00019e dfd8      	RCALL __lcd_write_data
00019f 8069      	LDD  R6,Y+1
0001a0 80b8      	LDD  R11,Y+0
0001a1 9622      	ADIW R28,2
0001a2 9508      	RET
                 ; .FEND
                 _lcd_clear:
                 ; .FSTART _lcd_clear
0001a3 dfba      	RCALL __lcd_ready
0001a4 e0a2      	LDI  R26,LOW(2)
0001a5 dfd1      	RCALL __lcd_write_data
0001a6 dfb7      	RCALL __lcd_ready
0001a7 e0ac      	LDI  R26,LOW(12)
0001a8 dfce      	RCALL __lcd_write_data
0001a9 dfb4      	RCALL __lcd_ready
0001aa e0a1      	LDI  R26,LOW(1)
0001ab dfcb      	RCALL __lcd_write_data
0001ac e0e0      	LDI  R30,LOW(0)
0001ad 2ebe      	MOV  R11,R30
0001ae 2e6e      	MOV  R6,R30
0001af 9508      	RET
                 ; .FEND
                 _lcd_putchar:
                 ; .FSTART _lcd_putchar
0001b0 93aa      	ST   -Y,R26
0001b1 93ef          push r30
0001b2 93ff          push r31
0001b3 81a8          ld   r26,y
0001b4 9468          set
0001b5 30aa          cpi  r26,10
0001b6 f019          breq __lcd_putchar1
0001b7 94e8          clt
0001b8 146a      	CP   R6,R10
0001b9 f030      	BRLO _0x2000004
                 	__lcd_putchar1:
0001ba 94b3      	INC  R11
0001bb e0e0      	LDI  R30,LOW(0)
0001bc 93ea      	ST   -Y,R30
0001bd 2dab      	MOV  R26,R11
0001be dfd6      	RCALL _lcd_gotoxy
0001bf f02e      	brts __lcd_putchar0
                 _0x2000004:
0001c0 9463      	INC  R6
0001c1 df9c          rcall __lcd_ready
0001c2 9ad8          sbi  __lcd_port,__lcd_rs ;RS=1
0001c3 81a8      	LD   R26,Y
0001c4 dfb2      	RCALL __lcd_write_data
                 __lcd_putchar0:
0001c5 91ff          pop  r31
0001c6 91ef          pop  r30
0001c7 940c 0209 	JMP  _0x2080001
                 ; .FEND
                 __long_delay_G100:
                 ; .FSTART __long_delay_G100
0001c9 27aa          clr   r26
0001ca 27bb          clr   r27
                 __long_delay0:
0001cb 9711          sbiw  r26,1         ;2 cycles
0001cc f7f1          brne  __long_delay0 ;2 cycles
0001cd 9508      	RET
                 ; .FEND
                 __lcd_init_write_G100:
                 ; .FSTART __lcd_init_write_G100
0001ce 93aa      	ST   -Y,R26
0001cf 98d9          cbi  __lcd_port,__lcd_rd 	  ;RD=0
0001d0 b3aa          in    r26,__lcd_direction
0001d1 6fa7          ori   r26,0xf7                ;set as output
0001d2 bbaa          out   __lcd_direction,r26
0001d3 b3bb          in    r27,__lcd_port
0001d4 70bf          andi  r27,0xf
0001d5 81a8          ld    r26,y
0001d6 df98      	RCALL __lcd_write_nibble_G100
0001d7 9ad9          sbi   __lcd_port,__lcd_rd     ;RD=1
0001d8 c030      	RJMP _0x2080001
                 ; .FEND
                 _lcd_init:
                 ; .FSTART _lcd_init
0001d9 93aa      	ST   -Y,R26
0001da 98da          cbi   __lcd_port,__lcd_enable ;EN=0
0001db 98d8          cbi   __lcd_port,__lcd_rs     ;RS=0
0001dc 80a8      	LDD  R10,Y+0
0001dd 81e8      	LD   R30,Y
0001de 58e0      	SUBI R30,-LOW(128)
                +
0001df 93e0 050c+STS __base_y_G100 + ( 2 ) , R30
                 	__PUTB1MN __base_y_G100,2
0001e1 81e8      	LD   R30,Y
0001e2 54e0      	SUBI R30,-LOW(192)
                +
0001e3 93e0 050d+STS __base_y_G100 + ( 3 ) , R30
                 	__PUTB1MN __base_y_G100,3
0001e5 dfe3      	RCALL __long_delay_G100
0001e6 e3a0      	LDI  R26,LOW(48)
0001e7 dfe6      	RCALL __lcd_init_write_G100
0001e8 dfe0      	RCALL __long_delay_G100
0001e9 e3a0      	LDI  R26,LOW(48)
0001ea dfe3      	RCALL __lcd_init_write_G100
0001eb dfdd      	RCALL __long_delay_G100
0001ec e3a0      	LDI  R26,LOW(48)
0001ed dfe0      	RCALL __lcd_init_write_G100
0001ee dfda      	RCALL __long_delay_G100
0001ef e2a0      	LDI  R26,LOW(32)
0001f0 dfdd      	RCALL __lcd_init_write_G100
0001f1 dfd7      	RCALL __long_delay_G100
0001f2 e2a8      	LDI  R26,LOW(40)
0001f3 df83      	RCALL __lcd_write_data
0001f4 dfd4      	RCALL __long_delay_G100
0001f5 e0a4      	LDI  R26,LOW(4)
0001f6 df80      	RCALL __lcd_write_data
0001f7 dfd1      	RCALL __long_delay_G100
0001f8 e8a5      	LDI  R26,LOW(133)
0001f9 df7d      	RCALL __lcd_write_data
0001fa dfce      	RCALL __long_delay_G100
0001fb b3aa          in    r26,__lcd_direction
0001fc 70af          andi  r26,0xf                 ;set as input
0001fd bbaa          out   __lcd_direction,r26
0001fe 9ad9          sbi   __lcd_port,__lcd_rd     ;RD=1
0001ff df8d      	RCALL _lcd_read_byte0_G100
000200 30e5      	CPI  R30,LOW(0x5)
000201 f011      	BREQ _0x200000B
000202 e0e0      	LDI  R30,LOW(0)
000203 c005      	RJMP _0x2080001
                 _0x200000B:
000204 df59      	RCALL __lcd_ready
000205 e0a6      	LDI  R26,LOW(6)
000206 df70      	RCALL __lcd_write_data
000207 df9b      	RCALL _lcd_clear
000208 e0e1      	LDI  R30,LOW(1)
                 _0x2080001:
000209 9621      	ADIW R28,1
00020a 9508      	RET
                 ; .FEND
                 	#ifndef __SLEEP_DEFINED__
                 	#endif
                 
                 	.CSEG
                 __print_G101:
                 ; .FSTART __print_G101
00020b 93ba      	ST   -Y,R27
00020c 93aa      	ST   -Y,R26
00020d 9726      	SBIW R28,6
00020e d193      	RCALL __SAVELOCR6
00020f e010      	LDI  R17,0
000210 85ac      	LDD  R26,Y+12
000211 85bd      	LDD  R27,Y+12+1
000212 e0e0      	LDI  R30,LOW(0)
000213 e0f0      	LDI  R31,HIGH(0)
000214 93ed      	ST   X+,R30
000215 93fc      	ST   X,R31
                 _0x2020016:
000216 89ea      	LDD  R30,Y+18
000217 89fb      	LDD  R31,Y+18+1
000218 9631      	ADIW R30,1
000219 8bea      	STD  Y+18,R30
00021a 8bfb      	STD  Y+18+1,R31
00021b 9731      	SBIW R30,1
00021c 91e4      	LPM  R30,Z
00021d 2f2e      	MOV  R18,R30
00021e 30e0      	CPI  R30,0
00021f f409      	BRNE PC+2
000220 c109      	RJMP _0x2020018
000221 2fe1      	MOV  R30,R17
000222 30e0      	CPI  R30,0
000223 f431      	BRNE _0x202001C
000224 3225      	CPI  R18,37
000225 f411      	BRNE _0x202001D
000226 e011      	LDI  R17,LOW(1)
000227 c001      	RJMP _0x202001E
                 _0x202001D:
000228 d15c      	RCALL SUBOPT_0x2
                 _0x202001E:
000229 c0ff      	RJMP _0x202001B
                 _0x202001C:
00022a 30e1      	CPI  R30,LOW(0x1)
00022b f4a1      	BRNE _0x202001F
00022c 3225      	CPI  R18,37
00022d f411      	BRNE _0x2020020
00022e d156      	RCALL SUBOPT_0x2
00022f c0f8      	RJMP _0x20200CC
                 _0x2020020:
000230 e012      	LDI  R17,LOW(2)
000231 e040      	LDI  R20,LOW(0)
000232 e000      	LDI  R16,LOW(0)
000233 322d      	CPI  R18,45
000234 f411      	BRNE _0x2020021
000235 e001      	LDI  R16,LOW(1)
000236 c0f2      	RJMP _0x202001B
                 _0x2020021:
000237 322b      	CPI  R18,43
000238 f411      	BRNE _0x2020022
000239 e24b      	LDI  R20,LOW(43)
00023a c0ee      	RJMP _0x202001B
                 _0x2020022:
00023b 3220      	CPI  R18,32
00023c f411      	BRNE _0x2020023
00023d e240      	LDI  R20,LOW(32)
00023e c0ea      	RJMP _0x202001B
                 _0x2020023:
00023f c002      	RJMP _0x2020024
                 _0x202001F:
000240 30e2      	CPI  R30,LOW(0x2)
000241 f439      	BRNE _0x2020025
                 _0x2020024:
000242 e050      	LDI  R21,LOW(0)
000243 e013      	LDI  R17,LOW(3)
000244 3320      	CPI  R18,48
000245 f411      	BRNE _0x2020026
000246 6800      	ORI  R16,LOW(128)
000247 c0e1      	RJMP _0x202001B
                 _0x2020026:
000248 c003      	RJMP _0x2020027
                 _0x2020025:
000249 30e3      	CPI  R30,LOW(0x3)
00024a f009      	BREQ PC+2
00024b c0dd      	RJMP _0x202001B
                 _0x2020027:
00024c 3320      	CPI  R18,48
00024d f010      	BRLO _0x202002A
00024e 332a      	CPI  R18,58
00024f f008      	BRLO _0x202002B
                 _0x202002A:
000250 c007      	RJMP _0x2020029
                 _0x202002B:
000251 e0aa      	LDI  R26,LOW(10)
000252 9f5a      	MUL  R21,R26
000253 2d50      	MOV  R21,R0
000254 2fe2      	MOV  R30,R18
000255 53e0      	SUBI R30,LOW(48)
000256 0f5e      	ADD  R21,R30
000257 c0d1      	RJMP _0x202001B
                 _0x2020029:
000258 2fe2      	MOV  R30,R18
000259 36e3      	CPI  R30,LOW(0x63)
00025a f439      	BRNE _0x202002F
00025b d130      	RCALL SUBOPT_0x3
00025c 89e8      	LDD  R30,Y+16
00025d 89f9      	LDD  R31,Y+16+1
00025e 81a4      	LDD  R26,Z+4
00025f 93aa      	ST   -Y,R26
000260 d131      	RCALL SUBOPT_0x4
000261 c0c6      	RJMP _0x2020030
                 _0x202002F:
000262 37e3      	CPI  R30,LOW(0x73)
000263 f429      	BRNE _0x2020032
000264 d127      	RCALL SUBOPT_0x3
000265 d132      	RCALL SUBOPT_0x5
000266 d0fb      	RCALL _strlen
000267 2f1e      	MOV  R17,R30
000268 c007      	RJMP _0x2020033
                 _0x2020032:
000269 37e0      	CPI  R30,LOW(0x70)
00026a f449      	BRNE _0x2020035
00026b d120      	RCALL SUBOPT_0x3
00026c d12b      	RCALL SUBOPT_0x5
00026d d100      	RCALL _strlenf
00026e 2f1e      	MOV  R17,R30
00026f 6008      	ORI  R16,LOW(8)
                 _0x2020033:
000270 6002      	ORI  R16,LOW(2)
000271 770f      	ANDI R16,LOW(127)
000272 e030      	LDI  R19,LOW(0)
000273 c038      	RJMP _0x2020036
                 _0x2020035:
000274 36e4      	CPI  R30,LOW(0x64)
000275 f011      	BREQ _0x2020039
000276 36e9      	CPI  R30,LOW(0x69)
000277 f411      	BRNE _0x202003A
                 _0x2020039:
000278 6004      	ORI  R16,LOW(4)
000279 c002      	RJMP _0x202003B
                 _0x202003A:
00027a 37e5      	CPI  R30,LOW(0x75)
00027b f431      	BRNE _0x202003C
                 _0x202003B:
00027c e8ec      	LDI  R30,LOW(_tbl10_G101*2)
00027d e0f0      	LDI  R31,HIGH(_tbl10_G101*2)
00027e 83ee      	STD  Y+6,R30
00027f 83ff      	STD  Y+6+1,R31
000280 e015      	LDI  R17,LOW(5)
000281 c00c      	RJMP _0x202003D
                 _0x202003C:
000282 35e8      	CPI  R30,LOW(0x58)
000283 f411      	BRNE _0x202003F
000284 6008      	ORI  R16,LOW(8)
000285 c003      	RJMP _0x2020040
                 _0x202003F:
000286 37e8      	CPI  R30,LOW(0x78)
000287 f009      	BREQ PC+2
000288 c09f      	RJMP _0x2020071
                 _0x2020040:
000289 e9e6      	LDI  R30,LOW(_tbl16_G101*2)
00028a e0f0      	LDI  R31,HIGH(_tbl16_G101*2)
00028b 83ee      	STD  Y+6,R30
00028c 83ff      	STD  Y+6+1,R31
00028d e014      	LDI  R17,LOW(4)
                 _0x202003D:
00028e ff02      	SBRS R16,2
00028f c015      	RJMP _0x2020042
000290 d0fb      	RCALL SUBOPT_0x3
000291 89a8      	LDD  R26,Y+16
000292 89b9      	LDD  R27,Y+16+1
000293 9614      	ADIW R26,4
000294 91ed      	LD   R30,X+
000295 91fd      	LD   R31,X+
000296 87ea      	STD  Y+10,R30
000297 87fb      	STD  Y+10+1,R31
000298 85ab      	LDD  R26,Y+11
000299 23aa      	TST  R26
00029a f422      	BRPL _0x2020043
00029b d118      	RCALL __ANEGW1
00029c 87ea      	STD  Y+10,R30
00029d 87fb      	STD  Y+10+1,R31
00029e e24d      	LDI  R20,LOW(45)
                 _0x2020043:
00029f 3040      	CPI  R20,0
0002a0 f011      	BREQ _0x2020044
0002a1 5f1f      	SUBI R17,-LOW(1)
0002a2 c001      	RJMP _0x2020045
                 _0x2020044:
0002a3 7f0b      	ANDI R16,LOW(251)
                 _0x2020045:
0002a4 c007      	RJMP _0x2020046
                 _0x2020042:
0002a5 d0e6      	RCALL SUBOPT_0x3
0002a6 89a8      	LDD  R26,Y+16
0002a7 89b9      	LDD  R27,Y+16+1
0002a8 9614      	ADIW R26,4
0002a9 d10e      	RCALL __GETW1P
0002aa 87ea      	STD  Y+10,R30
0002ab 87fb      	STD  Y+10+1,R31
                 _0x2020046:
                 _0x2020036:
0002ac fd00      	SBRC R16,0
0002ad c010      	RJMP _0x2020047
                 _0x2020048:
0002ae 1715      	CP   R17,R21
0002af f470      	BRSH _0x202004A
0002b0 ff07      	SBRS R16,7
0002b1 c008      	RJMP _0x202004B
0002b2 ff02      	SBRS R16,2
0002b3 c004      	RJMP _0x202004C
0002b4 7f0b      	ANDI R16,LOW(251)
0002b5 2f24      	MOV  R18,R20
0002b6 5011      	SUBI R17,LOW(1)
0002b7 c001      	RJMP _0x202004D
                 _0x202004C:
0002b8 e320      	LDI  R18,LOW(48)
                 _0x202004D:
0002b9 c001      	RJMP _0x202004E
                 _0x202004B:
0002ba e220      	LDI  R18,LOW(32)
                 _0x202004E:
0002bb d0c9      	RCALL SUBOPT_0x2
0002bc 5051      	SUBI R21,LOW(1)
0002bd cff0      	RJMP _0x2020048
                 _0x202004A:
                 _0x2020047:
0002be 2f31      	MOV  R19,R17
0002bf ff01      	SBRS R16,1
0002c0 c016      	RJMP _0x202004F
                 _0x2020050:
0002c1 3030      	CPI  R19,0
0002c2 f099      	BREQ _0x2020052
0002c3 ff03      	SBRS R16,3
0002c4 c006      	RJMP _0x2020053
0002c5 81ee      	LDD  R30,Y+6
0002c6 81ff      	LDD  R31,Y+6+1
0002c7 9125      	LPM  R18,Z+
0002c8 83ee      	STD  Y+6,R30
0002c9 83ff      	STD  Y+6+1,R31
0002ca c005      	RJMP _0x2020054
                 _0x2020053:
0002cb 81ae      	LDD  R26,Y+6
0002cc 81bf      	LDD  R27,Y+6+1
0002cd 912d      	LD   R18,X+
0002ce 83ae      	STD  Y+6,R26
0002cf 83bf      	STD  Y+6+1,R27
                 _0x2020054:
0002d0 d0b4      	RCALL SUBOPT_0x2
0002d1 3050      	CPI  R21,0
0002d2 f009      	BREQ _0x2020055
0002d3 5051      	SUBI R21,LOW(1)
                 _0x2020055:
0002d4 5031      	SUBI R19,LOW(1)
0002d5 cfeb      	RJMP _0x2020050
                 _0x2020052:
0002d6 c048      	RJMP _0x2020056
                 _0x202004F:
                 _0x2020058:
0002d7 e320      	LDI  R18,LOW(48)
0002d8 81ee      	LDD  R30,Y+6
0002d9 81ff      	LDD  R31,Y+6+1
0002da d0e1      	RCALL __GETW1PF
0002db 87e8      	STD  Y+8,R30
0002dc 87f9      	STD  Y+8+1,R31
0002dd 81ee      	LDD  R30,Y+6
0002de 81ff      	LDD  R31,Y+6+1
0002df 9632      	ADIW R30,2
0002e0 83ee      	STD  Y+6,R30
0002e1 83ff      	STD  Y+6+1,R31
                 _0x202005A:
0002e2 85e8      	LDD  R30,Y+8
0002e3 85f9      	LDD  R31,Y+8+1
0002e4 85aa      	LDD  R26,Y+10
0002e5 85bb      	LDD  R27,Y+10+1
0002e6 17ae      	CP   R26,R30
0002e7 07bf      	CPC  R27,R31
0002e8 f050      	BRLO _0x202005C
0002e9 5f2f      	SUBI R18,-LOW(1)
0002ea 85a8      	LDD  R26,Y+8
0002eb 85b9      	LDD  R27,Y+8+1
0002ec 85ea      	LDD  R30,Y+10
0002ed 85fb      	LDD  R31,Y+10+1
0002ee 1bea      	SUB  R30,R26
0002ef 0bfb      	SBC  R31,R27
0002f0 87ea      	STD  Y+10,R30
0002f1 87fb      	STD  Y+10+1,R31
0002f2 cfef      	RJMP _0x202005A
                 _0x202005C:
0002f3 332a      	CPI  R18,58
0002f4 f028      	BRLO _0x202005D
0002f5 ff03      	SBRS R16,3
0002f6 c002      	RJMP _0x202005E
0002f7 5f29      	SUBI R18,-LOW(7)
0002f8 c001      	RJMP _0x202005F
                 _0x202005E:
0002f9 5d29      	SUBI R18,-LOW(39)
                 _0x202005F:
                 _0x202005D:
0002fa fd04      	SBRC R16,4
0002fb c019      	RJMP _0x2020061
0002fc 3321      	CPI  R18,49
0002fd f420      	BRSH _0x2020063
0002fe 85a8      	LDD  R26,Y+8
0002ff 85b9      	LDD  R27,Y+8+1
000300 9711      	SBIW R26,1
000301 f409      	BRNE _0x2020062
                 _0x2020063:
000302 c009      	RJMP _0x20200CD
                 _0x2020062:
000303 1753      	CP   R21,R19
000304 f010      	BRLO _0x2020067
000305 ff00      	SBRS R16,0
000306 c001      	RJMP _0x2020068
                 _0x2020067:
000307 c011      	RJMP _0x2020066
                 _0x2020068:
000308 e220      	LDI  R18,LOW(32)
000309 ff07      	SBRS R16,7
00030a c00a      	RJMP _0x2020069
00030b e320      	LDI  R18,LOW(48)
                 _0x20200CD:
00030c 6100      	ORI  R16,LOW(16)
00030d ff02      	SBRS R16,2
00030e c006      	RJMP _0x202006A
00030f 7f0b      	ANDI R16,LOW(251)
000310 934a      	ST   -Y,R20
000311 d080      	RCALL SUBOPT_0x4
000312 3050      	CPI  R21,0
000313 f009      	BREQ _0x202006B
000314 5051      	SUBI R21,LOW(1)
                 _0x202006B:
                 _0x202006A:
                 _0x2020069:
                 _0x2020061:
000315 d06f      	RCALL SUBOPT_0x2
000316 3050      	CPI  R21,0
000317 f009      	BREQ _0x202006C
000318 5051      	SUBI R21,LOW(1)
                 _0x202006C:
                 _0x2020066:
000319 5031      	SUBI R19,LOW(1)
00031a 85a8      	LDD  R26,Y+8
00031b 85b9      	LDD  R27,Y+8+1
00031c 9712      	SBIW R26,2
00031d f008      	BRLO _0x2020059
00031e cfb8      	RJMP _0x2020058
                 _0x2020059:
                 _0x2020056:
00031f ff00      	SBRS R16,0
000320 c007      	RJMP _0x202006D
                 _0x202006E:
000321 3050      	CPI  R21,0
000322 f029      	BREQ _0x2020070
000323 5051      	SUBI R21,LOW(1)
000324 e2e0      	LDI  R30,LOW(32)
000325 93ea      	ST   -Y,R30
000326 d06b      	RCALL SUBOPT_0x4
000327 cff9      	RJMP _0x202006E
                 _0x2020070:
                 _0x202006D:
                 _0x2020071:
                 _0x2020030:
                 _0x20200CC:
000328 e010      	LDI  R17,LOW(0)
                 _0x202001B:
000329 ceec      	RJMP _0x2020016
                 _0x2020018:
00032a 85ac      	LDD  R26,Y+12
00032b 85bd      	LDD  R27,Y+12+1
00032c 91ed      	LD   R30,X+
00032d 91fd      	LD   R31,X+
00032e d07a      	RCALL __LOADLOCR6
00032f 9664      	ADIW R28,20
000330 9508      	RET
                 ; .FEND
                 _put_lcd_G101:
                 ; .FSTART _put_lcd_G101
000331 d072      	RCALL __SAVELOCR4
000332 018d      	MOVW R16,R26
000333 813c      	LDD  R19,Y+4
000334 2fa3      	MOV  R26,R19
000335 de7a      	RCALL _lcd_putchar
000336 01d8      	MOVW R26,R16
000337 91ed      	LD   R30,X+
000338 91fd      	LD   R31,X+
000339 9631      	ADIW R30,1
00033a 93fe      	ST   -X,R31
00033b 93ee      	ST   -X,R30
00033c d06e      	RCALL __LOADLOCR4
00033d 9625      	ADIW R28,5
00033e 9508      	RET
                 ; .FEND
                 _lcd_printf:
                 ; .FSTART _lcd_printf
00033f 92ff      	PUSH R15
000340 2ef8      	MOV  R15,R24
000341 9726      	SBIW R28,6
000342 931a      	ST   -Y,R17
000343 930a      	ST   -Y,R16
000344 01de      	MOVW R26,R28
000345 9614      	ADIW R26,4
000346 d069      	RCALL __ADDW2R15
000347 018d      	MOVW R16,R26
000348 e0e0      	LDI  R30,LOW(0)
000349 83ec      	STD  Y+4,R30
00034a 83ed      	STD  Y+4+1,R30
00034b 83ee      	STD  Y+6,R30
00034c 83ef      	STD  Y+6+1,R30
00034d 01de      	MOVW R26,R28
00034e 9618      	ADIW R26,8
00034f d060      	RCALL __ADDW2R15
000350 91ed      	LD   R30,X+
000351 91fd      	LD   R31,X+
000352 93fa      	ST   -Y,R31
000353 93ea      	ST   -Y,R30
000354 931a      	ST   -Y,R17
000355 930a      	ST   -Y,R16
000356 e3e1      	LDI  R30,LOW(_put_lcd_G101)
000357 e0f3      	LDI  R31,HIGH(_put_lcd_G101)
000358 93fa      	ST   -Y,R31
000359 93ea      	ST   -Y,R30
00035a 01de      	MOVW R26,R28
00035b 9618      	ADIW R26,8
00035c deae      	RCALL __print_G101
00035d 8119      	LDD  R17,Y+1
00035e 8108      	LDD  R16,Y+0
00035f 9628      	ADIW R28,8
000360 90ff      	POP  R15
000361 9508      	RET
                 ; .FEND
                 
                 	.CSEG
                 
                 	.CSEG
                 _strlen:
                 ; .FSTART _strlen
000362 93ba      	ST   -Y,R27
000363 93aa      	ST   -Y,R26
000364 91a9          ld   r26,y+
000365 91b9          ld   r27,y+
000366 27ee          clr  r30
000367 27ff          clr  r31
                 strlen0:
000368 916d          ld   r22,x+
000369 2366          tst  r22
00036a f011          breq strlen1
00036b 9631          adiw r30,1
00036c cffb          rjmp strlen0
                 strlen1:
00036d 9508          ret
                 ; .FEND
                 _strlenf:
                 ; .FSTART _strlenf
00036e 93ba      	ST   -Y,R27
00036f 93aa      	ST   -Y,R26
000370 27aa          clr  r26
000371 27bb          clr  r27
000372 91e9          ld   r30,y+
000373 91f9          ld   r31,y+
                 strlenf0:
000374 9005      	lpm  r0,z+
000375 2000          tst  r0
000376 f011          breq strlenf1
000377 9611          adiw r26,1
000378 cffb          rjmp strlenf0
                 strlenf1:
000379 01fd          movw r30,r26
00037a 9508          ret
                 ; .FEND
                 
                 	.DSEG
                 _number:
000500           	.BYTE 0xA
                 __base_y_G100:
00050a           	.BYTE 0x4
                 
                 	.CSEG
                 ;OPTIMIZER ADDED SUBROUTINE, CALLED 9 TIMES, CODE SIZE REDUCTION:30 WORDS
                 SUBOPT_0x0:
00037b 93fa      	ST   -Y,R31
00037c 93ea      	ST   -Y,R30
00037d e080      	LDI  R24,0
00037e dfc0      	RCALL _lcd_printf
00037f 9622      	ADIW R28,2
000380 9508      	RET
                 
                 ;OPTIMIZER ADDED SUBROUTINE, CALLED 8 TIMES, CODE SIZE REDUCTION:19 WORDS
                 SUBOPT_0x1:
000381 e0e0      	LDI  R30,LOW(0)
000382 93ea      	ST   -Y,R30
000383 e0a1      	LDI  R26,LOW(1)
000384 ce10      	RJMP _lcd_gotoxy
                 
                 ;OPTIMIZER ADDED SUBROUTINE, CALLED 5 TIMES, CODE SIZE REDUCTION:18 WORDS
                 SUBOPT_0x2:
000385 932a      	ST   -Y,R18
000386 85ad      	LDD  R26,Y+13
000387 85be      	LDD  R27,Y+13+1
000388 85ef      	LDD  R30,Y+15
000389 89f8      	LDD  R31,Y+15+1
00038a 9509      	ICALL
00038b 9508      	RET
                 
                 ;OPTIMIZER ADDED SUBROUTINE, CALLED 5 TIMES, CODE SIZE REDUCTION:14 WORDS
                 SUBOPT_0x3:
00038c 89e8      	LDD  R30,Y+16
00038d 89f9      	LDD  R31,Y+16+1
00038e 9734      	SBIW R30,4
00038f 8be8      	STD  Y+16,R30
000390 8bf9      	STD  Y+16+1,R31
000391 9508      	RET
                 
                 ;OPTIMIZER ADDED SUBROUTINE, CALLED 3 TIMES, CODE SIZE REDUCTION:6 WORDS
                 SUBOPT_0x4:
000392 85ad      	LDD  R26,Y+13
000393 85be      	LDD  R27,Y+13+1
000394 85ef      	LDD  R30,Y+15
000395 89f8      	LDD  R31,Y+15+1
000396 9509      	ICALL
000397 9508      	RET
                 
                 ;OPTIMIZER ADDED SUBROUTINE, CALLED 2 TIMES, CODE SIZE REDUCTION:6 WORDS
                 SUBOPT_0x5:
000398 89a8      	LDD  R26,Y+16
000399 89b9      	LDD  R27,Y+16+1
00039a 9614      	ADIW R26,4
00039b 91ed      	LD   R30,X+
00039c 91fd      	LD   R31,X+
00039d 83ee      	STD  Y+6,R30
00039e 83ff      	STD  Y+6+1,R31
00039f 81ae      	LDD  R26,Y+6
0003a0 81bf      	LDD  R27,Y+6+1
0003a1 9508      	RET
                 
                 ;RUNTIME LIBRARY
                 
                 	.CSEG
                 __SAVELOCR6:
0003a2 935a      	ST   -Y,R21
                 __SAVELOCR5:
0003a3 934a      	ST   -Y,R20
                 __SAVELOCR4:
0003a4 933a      	ST   -Y,R19
                 __SAVELOCR3:
0003a5 932a      	ST   -Y,R18
                 __SAVELOCR2:
0003a6 931a      	ST   -Y,R17
0003a7 930a      	ST   -Y,R16
0003a8 9508      	RET
                 
                 __LOADLOCR6:
0003a9 815d      	LDD  R21,Y+5
                 __LOADLOCR5:
0003aa 814c      	LDD  R20,Y+4
                 __LOADLOCR4:
0003ab 813b      	LDD  R19,Y+3
                 __LOADLOCR3:
0003ac 812a      	LDD  R18,Y+2
                 __LOADLOCR2:
0003ad 8119      	LDD  R17,Y+1
0003ae 8108      	LD   R16,Y
0003af 9508      	RET
                 
                 __ADDW2R15:
0003b0 2400      	CLR  R0
0003b1 0daf      	ADD  R26,R15
0003b2 1db0      	ADC  R27,R0
0003b3 9508      	RET
                 
                 __ANEGW1:
0003b4 95f1      	NEG  R31
0003b5 95e1      	NEG  R30
0003b6 40f0      	SBCI R31,0
0003b7 9508      	RET
                 
                 __GETW1P:
0003b8 91ed      	LD   R30,X+
0003b9 91fc      	LD   R31,X
0003ba 9711      	SBIW R26,1
0003bb 9508      	RET
                 
                 __GETW1PF:
0003bc 9005      	LPM  R0,Z+
0003bd 91f4      	LPM  R31,Z
0003be 2de0      	MOV  R30,R0
0003bf 9508      	RET
                 
                 _delay_ms:
0003c0 9610      	adiw r26,0
0003c1 f039      	breq __delay_ms1
                 __delay_ms0:
0003c2 95a8      	wdr
                +
0003c3 ea80     +LDI R24 , LOW ( 0xFA0 )
0003c4 e09f     +LDI R25 , HIGH ( 0xFA0 )
                +__DELAY_USW_LOOP :
0003c5 9701     +SBIW R24 , 1
0003c6 f7f1     +BRNE __DELAY_USW_LOOP
                 	__DELAY_USW 0xFA0
0003c7 9711      	sbiw r26,1
0003c8 f7c9      	brne __delay_ms0
                 __delay_ms1:
0003c9 9508      	ret
                 
                 ;END OF CODE MARKER
                 __END_OF_CODE:


RESOURCE USE INFORMATION
------------------------

Notice:
The register and instruction counts are symbol table hit counts,
and hence implicitly used resources are not counted, eg, the
'lpm' instruction without operands implicitly uses r0 and z,
none of which are counted.

x,y,z are separate entities in the symbol table and are
counted separately from r26..r31 here.

.dseg memory usage only counts static data declared with .byte

ATmega128A register use summary:
r0 :  11 r1 :   1 r2 :   0 r3 :   0 r4 :   4 r5 :   2 r6 :   4 r7 :   3 
r8 :   5 r9 :   2 r10:   2 r11:   4 r12:   0 r13:   0 r14:   0 r15:   4 
r16:  32 r17:  19 r18:  27 r19:  10 r20:   9 r21:  17 r22:   4 r23:   0 
r24:  12 r25:   3 r26: 121 r27:  35 r28:  12 r29:   1 r30: 174 r31:  75 
x  :  21 y  : 136 z  :  14 
Registers used: 29 out of 35 (82.9%)

ATmega128A instruction use summary:
.lds  :   0 .lds.l:   0 .sts  :   0 .sts.l:   0 adc   :   1 add   :   3 
adiw  :  19 and   :   0 andi  :  10 asr   :   0 bclr  :   0 bld   :   0 
brbc  :   0 brbs  :   0 brcc  :   0 brcs  :   0 break :   0 breq  :  16 
brge  :   1 brhc  :   0 brhs  :   0 brid  :   0 brie  :   0 brlo  :   7 
brlt  :   0 brmi  :   0 brne  :  35 brpl  :   1 brsh  :   2 brtc  :   0 
brts  :   1 brvc  :   0 brvs  :   0 bset  :   0 bst   :   0 call  :   0 
cbi   :  10 cbr   :   0 clc   :   0 clh   :   0 cli   :   1 cln   :   0 
clr   :  12 cls   :   0 clt   :   1 clv   :   0 clz   :   0 com   :   0 
cp    :   7 cpc   :  11 cpi   :  41 cpse  :   0 dec   :   2 des   :   0 
elpm  :   0 eor   :   0 fmul  :   0 fmuls :   0 fmulsu:   0 icall :   2 
ijmp  :   0 in    :  11 inc   :   2 jmp   :  38 ld    :  28 ldd   :  60 
ldi   : 114 lds   :   2 lpm   :  14 lsl   :   1 lsr   :   0 mov   :  21 
movw  :  13 mul   :   1 muls  :   0 mulsu :   0 neg   :   2 nop   :   0 
or    :   2 ori   :   9 out   :  17 pop   :   3 push  :   3 rcall :  94 
ret   :  26 reti  :   0 rjmp  :  67 rol   :   0 ror   :   0 sbc   :   1 
sbci  :   2 sbi   :   9 sbic  :   0 sbis  :   0 sbiw  :  13 sbr   :   0 
sbrc  :   3 sbrs  :  10 sec   :   0 seh   :   0 sei   :   0 sen   :   0 
ser   :   0 ses   :   0 set   :   1 sev   :   0 sez   :   0 sleep :   0 
spm   :   0 st    :  41 std   :  30 sts   :   3 sub   :   1 subi  :  16 
swap  :   2 tst   :   3 wdr   :   1 
Instructions used: 56 out of 117 (47.9%)

ATmega128A memory use summary [bytes]:
Segment   Begin    End      Code   Data   Used    Size   Use%
---------------------------------------------------------------
[.cseg] 0x000000 0x000794   1776    164   1940  131072   1.5%
[.dseg] 0x000100 0x00050e      0     14     14    4096   0.3%
[.eseg] 0x000000 0x000000      0      0      0    4096   0.0%

Assembly complete, 0 errors, 9 warnings
